09:40:20
1957|2427|2849|3295|3862|4436|5015|5557|6052|6511|7016|7711|8380|8838|9096|9101|9007|8918|8814|8715|8607|8506|8415|8339|8295|8275|8253|8147|7885|7399|6734|6092|5675|5621|5904|6374|6915|7377|7660|7819|7894|7913|7912|7925|7949|7976|7998|8019|8027|7980|7884|7798|7755|7735|7738|7787|7850|7876|7859|7836|7819|7786|7773|7809|7894|8031|8182|8285|8289|8274|8510|9170|10033|10733|10997|10529|9323|7920|6788|5911|5124|4357|3624|2938|2312|1769|1317|959|686|501

09:40:20
4053|4663|5281|5865|6438|7007|7554|8048|8445|8758|9016|9262|9492|9643|9650|9499|9269|9053|8866|8706|8586|8510|8452|8393|8327|8220|7999|7632|7186|6776|6482|6380|6521|6838|7239|7633|7955|8181|8300|8346|8338|8303|8275|8260|8271|8294|8287|8257|8207|8139|8073|8027|7999|7988|8033|8133|8245|8331|8382|8404|8397|8389|8400|8422|8475|8571|8704|8852|8974|9061|9246|9734|10531|11383|11984|11928|10940|9425|8030|6942|6013|5167|4388|3628|2889|2215|1643|1184|834|594

09:41:02
1944|2379|2823|3372|3942|4444|4971|5482|6000|6471|6963|7627|8358|8905|9170|9162|9008|8865|8742|8651|8584|8536|8487|8421|8359|8299|8225|8095|7838|7387|6754|6130|5736|5682|5938|6374|6867|7307|7606|7792|7912|7973|7996|7993|7983|7965|7947|7952|7974|7976|7938|7887|7839|7799|7773|7768|7794|7818|7827|7848|7867|7855|7833|7838|7883|7971|8104|8224|8268|8304|8584|9264|10103|10747|10947|10436|9232|7866|6779|5934|5162|4400|3647|2934|2291|1747|1301|942|678|503

09:41:02
4156|4763|5396|5986|6564|7124|7618|8071|8474|8811|9134|9450|9685|9756|9606|9324|9042|8814|8667|8573|8515|8488|8457|8378|8219|7934|7543|7081|6651|6406|6392|6612|6990|7389|7716|7958|8097|8158|8199|8244|8285|8301|8295|8268|8224|8175|8121|8070|8039|8029|8045|8074|8091|8096|8100|8119|8149|8189|8234|8275|8309|8321|8325|8338|8370|8455|8583|8703|8811|9013|9482|10290|11204|11866|11865|11013|9653|8287|7204|6273|5383|4526|3730|2999|2316|1741|1260|887|635

09:42:13
2108|2513|2982|3527|4132|4719|5272|5784|6244|6659|7158|7849|8507|8956|9177|9165|9047|8899|8735|8598|8490|8411|8360|8344|8349|8338|8270|8068|7685|7104|6417|5859|5612|5730|6122|6627|7118|7479|7676|7778|7836|7888|7941|7988|8026|8038|8018|7974|7927|7875|7814|7775|7778|7811|7840|7849|7845|7819|7776|7756|7762|7783|7825|7898|7996|8108|8202|8228|8195|8266|8715|9559|10448|11001|10971|10117|8690|7357|6363|5558|4808|4088|3386|2702|2093|1587|1161|823|589|444

09:42:13
3809|4388|4982|5606|6203|6774|7319|7826|8287|8671|9000|9307|9558|9695|9646|9421|9130|8902|8745|8633|8567|8519|8468|8392|8267|8065|7739|7318|6892|6542|6382|6451|6709|7074|7454|7775|7987|8112|8194|8251|8279|8270|8237|8201|8163|8132|8103|8075|8053|8033|8024|8016|8013|8020|8034|8067|8108|8155|8205|8244|8261|8257|8248|8248|8278|8357|8481|8631|8758|8871|9096|9639|10518|11424|11937|11635|10505|9086|7873|6887|5964|5081|4243|3463|2752|2091|1532|1102|778|562

09:43:58
2702|3214|3720|4266|4837|5408|5967|6486|6925|7259|7517|7796|8126|8400|8559|8581|8470|8314|8169|8038|7932|7868|7818|7774|7719|7607|7375|6942|6357|5842|5572|5564|5787|6203|6653|7012|7280|7468|7568|7587|7571|7531|7501|7498|7485|7469|7441|7385|7312|7227|7157|7116|7111|7137|7181|7246|7325|7398|7439|7466|7495|7509|7509|7526|7590|7704|7850|7995|8089|8119|8252|8765|9638|10564|11179|11085|10041|8478|7151|6216|5423|4652|3917|3227|2579|1984|1487|1091|781|563

09:43:58
3825|4412|5007|5634|6259|6823|7303|7730|8095|8417|8787|9253|9776|10165|10248|10067|9789|9518|9294|9166|9132|9145|9192|9244|9245|9172|9034|8796|8401|7866|7309|6874|6704|6855|7235|7695|8111|8420|8597|8685|8750|8825|8901|8963|8988|8971|8950|8928|8889|8856|8848|8862|8890|8925|8962|8995|9018|9030|9041|9073|9110|9143|9182|9214|9245|9290|9343|9387|9394|9404|9634|10257|11044|11600|11548|10658|9306|8009|6899|5932|5065|4228|3423|2673|2008|1469|1044|731|521

09:44:46
3994|4557|5167|5777|6334|6872|7365|7810|8216|8565|8896|9258|9626|9887|9924|9758|9507|9266|9081|8975|8931|8900|8882|8875|8850|8789|8678|8506|8226|7819|7317|6842|6563|6547|6786|7192|7628|8010|8280|8421|8482|8507|8523|8539|8553|8559|8575|8607|8618|8605|8579|8551|8531|8519|8537|8586|8651|8713|8762|8796|8796|8774|8756|8752|8785|8863|8978|9104|9196|9264|9475|10045|10879|11593|11787|11187|9961|8623|7519|6600|5722|4866|4073|3316|2585|1944|1420|1019|725|528

09:48:18
2844|3359|3937|4536|5112|5762|6341|6747|7088|7326|7538|7801|8126|8405|8553|8553|8403|8178|7970|7807|7699|7656|7650|7659|7631|7507|7200|6688|6083|5590|5379|5446|5731|6193|6651|6968|7169|7289|7332|7324|7325|7336|7358|7377|7361|7322|7242|7126|7016|6934|6909|6922|6963|7016|7060|7081|7078|7089|7100|7123|7178|7241|7295|7333|7394|7475|7572|7681|7771|7865|8163|8880|9875|10818|11329|11025|9845|8316|7099|6264|5570|4878|4168|3469|2803|2183|1639|1206|869|631

09:48:18
4386|4961|5560|6180|6791|7340|7810|8208|8512|8760|9044|9393|9720|9882|9832|9624|9380|9159|8964|8823|8741|8726|8763|8809|8830|8790|8666|8383|7937|7388|6867|6538|6479|6709|7119|7571|7962|8211|8311|8335|8352|8396|8472|8556|8611|8637|8636|8592|8509|8436|8399|8408|8457|8526|8610|8677|8700|8683|8651|8639|8647|8678|8739|8816|8902|8980|9043|9078|9086|9209|9667|10536|11447|11934|11673|10635|9271|7951|6871|5961|5116|4333|3571|2840|2179|1628|1176|824|583

09:48:35
4231|4779|5360|5961|6564|7144|7653|8090|8430|8686|8947|9276|9618|9843|9852|9675|9436|9202|9012|8874|8787|8750|8761|8796|8827|8808|8696|8457|8092|7606|7055|6629|6468|6598|6957|7414|7848|8160|8311|8351|8358|8386|8443|8511|8567|8603|8622|8606|8548|8475|8428|8421|8451|8513|8588|8656|8694|8692|8673|8643|8627|8645|8696|8773|8854|8945|9035|9090|9106|9163|9456|10166|11087|11788|11877|11120|9813|8424|7291|6379|5522|4708|3917|3167|2490|1895|1376|961|672|493

10:02:18
2614|3134|3695|4288|4872|5430|5985|6509|6898|7176|7424|7704|8056|8369|8550|8571|8433|8215|8001|7838|7753|7726|7718|7715|7678|7556|7294|6845|6262|5726|5439|5442|5669|6068|6502|6841|7066|7212|7293|7330|7368|7397|7410|7407|7371|7307|7225|7131|7045|6982|6962|6975|7001|7020|7029|7037|7052|7092|7146|7216|7280|7316|7350|7367|7381|7422|7511|7649|7786|7897|8083|8608|9508|10480|11145|11165|10301|8836|7520|6608|5876|5158|4431|3710|3006|2360|1797|1341|978|706

10:02:18
4214|4763|5332|5915|6506|7073|7582|8029|8412|8725|9015|9313|9609|9801|9767|9568|9331|9120|8976|8889|8822|8764|8722|8701|8685|8644|8567|8388|8041|7563|7047|6619|6428|6529|6853|7291|7723|8064|8261|8329|8345|8343|8347|8372|8412|8459|8508|8537|8527|8479|8421|8366|8346|8371|8426|8516|8598|8642|8658|8640|8600|8570|8575|8613|8691|8813|8945|9056|9106|9171|9463|10162|11055|11693|11705|10897|9602|8372|7306|6306|5412|4574|3773|3033|2370|1804|1327|940|661

10:02:34
2908|3466|4076|4635|5200|5819|6362|6782|7106|7338|7569|7864|8194|8452|8576|8537|8364|8139|7933|7787|7704|7672|7672|7676|7632|7469|7126|6579|5969|5534|5387|5502|5829|6287|6715|7012|7194|7295|7334|7341|7348|7359|7387|7398|7368|7311|7215|7097|6997|6942|6927|6945|6992|7039|7075|7096|7118|7144|7169|7206|7253|7309|7360|7393|7442|7517|7620|7733|7824|7928|8266|9034|10046|10932|11319|10856|9559|8064|6947|6152|5448|4745|4040|3341|2669|2066|1549|1130|810|596

10:02:34
3842|4419|5004|5608|6216|6788|7273|7717|8118|8435|8735|9077|9465|9803|9935|9817|9530|9228|8983|8834|8786|8772|8782|8810|8822|8772|8660|8492|8251|7892|7376|6861|6551|6503|6698|7045|7438|7806|8078|8230|8308|8371|8431|8471|8491|8482|8462|8453|8436|8419|8415|8416|8428|8438|8445|8476|8515|8550|8579|8609|8642|8661|8672|8679|8697|8739|8810|8905|8994|9082|9317|9908|10791|11577|11842|11303|10079|8720|7598|6674|5827|4994|4192|3437|2697|2032|1507|1090|764|548

10:02:49
3051|3612|4190|4769|5308|5844|6370|6803|7147|7418|7687|8026|8330|8510|8543|8412|8208|8022|7888|7811|7768|7750|7719|7656|7536|7314|6935|6377|5831|5508|5454|5619|5963|6388|6739|6984|7168|7295|7365|7403|7420|7416|7391|7342|7280|7218|7139|7067|7025|7004|6994|6984|6985|6995|7005|7038|7102|7175|7237|7286|7324|7342|7335|7329|7382|7501|7650|7804|7925|8060|8467|9270|10229|10981|11195|10560|9185|7789|6796|6029|5289|4552|3831|3131|2479|1907|1436|1054|760

10:02:49
3904|4447|4997|5601|6222|6802|7371|7868|8233|8515|8770|9063|9407|9719|9855|9774|9550|9294|9060|8881|8770|8700|8688|8722|8760|8773|8712|8553|8260|7815|7266|6774|6484|6458|6707|7103|7521|7895|8135|8227|8248|8281|8339|8407|8479|8526|8546|8536|8483|8416|8363|8342|8366|8415|8471|8533|8592|8606|8584|8566|8555|8567|8608|8670|8748|8824|8897|8958|8993|9024|9194|9683|10535|11457|11925|11553|10392|8974|7758|6785|5912|5099|4304|3537|2821|2164|1624|1184|828|579

10:03:09
2841|3381|3960|4552|5133|5696|6242|6692|7037|7302|7541|7849|8196|8459|8579|8532|8333|8104|7919|7788|7716|7699|7703|7692|7628|7458|7125|6599|5997|5558|5402|5504|5809|6245|6665|6950|7128|7251|7312|7338|7363|7387|7405|7389|7339|7274|7186|7083|6999|6960|6954|6967|6993|7020|7040|7040|7058|7111|7169|7225|7282|7331|7352|7352|7381|7455|7568|7702|7823|7942|8248|8968|9939|10810|11244|10876|9667|8186|7044|6243|5538|4824|4097|3383|2707|2096|1585|1167|841|619

10:03:09
4309|4861|5423|6010|6604|7170|7682|8112|8456|8722|8998|9314|9615|9803|9795|9615|9380|9155|8972|8837|8743|8695|8693|8725|8748|8725|8626|8413|8042|7514|6978|6571|6408|6553|6910|7368|7793|8095|8248|8282|8290|8311|8356|8423|8484|8527|8547|8531|8472|8397|8348|8333|8353|8407|8486|8572|8627|8633|8614|8593|8581|8585|8620|8684|8771|8868|8961|9026|9046|9125|9469|10202|11123|11788|11779|10926|9563|8253|7249|6328|5447|4608|3778|3043|2382|1793|1296|918|646

10:03:26
2725|3243|3803|4388|4950|5468|6032|6537|6928|7255|7523|7806|8131|8383|8502|8491|8339|8142|7985|7876|7808|7762|7724|7679|7600|7461|7208|6775|6211|5724|5476|5482|5692|6058|6474|6812|7046|7217|7336|7398|7419|7411|7384|7345|7294|7241|7193|7133|7073|7029|7000|6979|6958|6955|6977|7008|7051|7120|7201|7261|7287|7296|7295|7285|7309|7400|7542|7712|7855|7950|8130|8669|9565|10489|11114|11077|10167|8731|7444|6526|5769|5037|4299|3580|2906|2287|1752|1308|950|690

10:03:26
4037|4550|5087|5696|6342|6945|7479|7949|8319|8587|8838|9149|9492|9765|9848|9729|9507|9269|9047|8873|8764|8700|8689|8725|8758|8751|8676|8497|8177|7697|7139|6666|6429|6477|6769|7202|7641|7989|8189|8254|8267|8291|8341|8412|8485|8533|8555|8548|8493|8427|8381|8360|8379|8431|8497|8563|8614|8630|8602|8570|8556|8564|8609|8670|8749|8846|8935|9000|9025|9058|9290|9932|10858|11660|11890|11238|9968|8629|7484|6518|5649|4827|4060|3331|2618|1978|1452|1030|716|517

10:03:54
2696|3222|3772|4317|4895|5475|6066|6584|6981|7265|7470|7709|8021|8299|8481|8534|8433|8249|8049|7876|7746|7667|7639|7635|7621|7535|7309|6870|6267|5725|5421|5402|5618|6020|6491|6869|7117|7273|7342|7343|7326|7323|7331|7351|7358|7332|7275|7165|7051|6969|6913|6896|6921|6983|7044|7080|7113|7141|7156|7164|7185|7232|7290|7333|7387|7479|7585|7694|7783|7847|8026|8592|9544|10549|11235|11216|10280|8778|7428|6483|5750|5062|4354|3658|2983|2350|1791|1322|953|684

10:03:54
3923|4463|5028|5618|6244|6823|7346|7851|8260|8554|8807|9091|9422|9714|9821|9725|9516|9289|9074|8897|8785|8709|8682|8705|8741|8755|8705|8571|8290|7851|7312|6796|6474|6428|6655|7061|7501|7881|8139|8257|8284|8294|8328|8387|8460|8514|8546|8560|8522|8442|8373|8338|8344|8386|8452|8530|8600|8635|8630|8616|8591|8573|8591|8640|8712|8808|8909|8990|9028|9044|9187|9675|10524|11431|11890|11504|10349|8931|7724|6750|5858|5025|4243|3487|2768|2141|1592|1152|817|568

10:04:19
3060|3537|4081|4643|5240|5793|6300|6774|7173|7444|7651|7923|8203|8397|8475|8421|8268|8107|7969|7845|7753|7689|7638|7589|7513|7362|7054|6536|5949|5552|5425|5515|5822|6255|6652|6954|7181|7336|7391|7385|7365|7338|7314|7291|7271|7259|7208|7123|7050|6990|6938|6905|6914|6956|7006|7061|7117|7179|7220|7225|7227|7244|7273|7303|7380|7518|7670|7800|7873|7948|8272|9037|10026|10885|11276|10809|9521|8059|6941|6108|5373|4660|3960|3280|2622|2028|1533|1124|801|588

10:04:19
4134|4699|5291|5920|6527|7090|7590|7990|8315|8579|8882|9261|9630|9883|9896|9697|9413|9134|8925|8800|8747|8741|8771|8810|8820|8763|8620|8383|8016|7534|7027|6630|6479|6602|6923|7321|7703|8009|8181|8253|8305|8369|8445|8505|8533|8528|8515|8491|8448|8412|8408|8431|8465|8494|8522|8552|8571|8578|8587|8604|8633|8671|8714|8753|8787|8833|8898|8967|9023|9123|9449|10188|11142|11809|11809|11059|9746|8392|7337|6407|5546|4721|3943|3187|2457|1852|1359|968|681|504

10:07:49
3066|3633|4199|4774|5348|5911|6395|6790|7135|7406|7670|8019|8339|8516|8551|8427|8199|7999|7861|7772|7732|7723|7718|7668|7543|7313|6925|6364|5801|5477|5433|5605|5964|6389|6742|6980|7150|7263|7328|7373|7394|7403|7395|7350|7277|7198|7122|7043|6991|6977|6982|6987|6986|6994|6998|7014|7057|7116|7195|7261|7307|7339|7348|7343|7369|7472|7619|7769|7889|8042|8474|9301|10258|10994|11183|10497|9148|7792|6780|6015|5298|4569|3848|3140|2478|1908|1435|1051|757

10:07:49
3928|4484|5034|5606|6213|6809|7367|7865|8261|8560|8808|9074|9372|9634|9739|9645|9436|9219|9009|8832|8714|8636|8604|8613|8646|8666|8633|8516|8249|7832|7298|6771|6447|6405|6633|7035|7488|7873|8111|8202|8209|8213|8242|8293|8361|8420|8459|8477|8446|8376|8301|8259|8255|8296|8377|8465|8538|8571|8561|8530|8496|8481|8500|8560|8648|8750|8854|8936|8977|9000|9158|9667|10536|11438|11864|11451|10298|8913|7713|6714|5809|4981|4189|3426|2710|2087|1558|1109|777|555

10:30:22
2714|3166|3672|4199|4751|5304|5908|6426|6796|7109|7355|7651|8050|8431|8679|8750|8652|8484|8307|8157|8050|7981|7954|7956|7950|7885|7667|7238|6633|6040|5686|5654|5915|6390|6936|7390|7697|7879|7966|7983|7964|7944|7949|7979|8007|8014|7991|7923|7823|7728|7672|7663|7688|7749|7843|7937|8008|8047|8074|8091|8100|8135|8194|8263|8343|8437|8549|8653|8660|8519|8375|8529|9056|9662|9989|9694|8590|7050|5688|4644|3761|2981|2285|1700|1233|872|617|437|315|236

10:30:22
4200|4783|5382|5996|6601|7120|7557|7959|8298|8583|8892|9257|9617|9831|9791|9555|9258|8997|8817|8714|8673|8677|8710|8738|8734|8654|8496|8271|7932|7461|6974|6602|6436|6519|6794|7173|7546|7865|8073|8178|8248|8308|8363|8399|8411|8398|8378|8377|8374|8355|8352|8362|8368|8372|8383|8411|8449|8483|8512|8551|8586|8606|8619|8628|8647|8695|8773|8865|8948|9083|9441|10165|11058|11703|11730|10880|9552|8309|7282|6392|5545|4712|3903|3139|2443|1840|1342|967|689|505

10:30:49
2677|3171|3732|4317|4889|5443|5992|6464|6843|7177|7457|7738|8079|8364|8512|8512|8364|8147|7954|7819|7749|7729|7720|7704|7648|7511|7240|6813|6262|5749|5472|5466|5666|6033|6456|6796|7032|7194|7299|7359|7397|7412|7402|7378|7332|7268|7198|7124|7062|7013|6994|6999|7000|6995|6996|7013|7035|7069|7149|7229|7272|7298|7317|7327|7329|7376|7485|7642|7788|7891|8079|8597|9469|10392|11035|11064|10206|8768|7467|6546|5804|5085|4343|3611|2927|2294|1744|1298|944|686

10:30:49
4440|5022|5615|6225|6817|7320|7762|8140|8444|8723|9024|9371|9676|9808|9712|9441|9151|8912|8752|8670|8635|8638|8660|8673|8647|8573|8437|8209|7867|7431|6974|6591|6416|6518|6805|7184|7568|7872|8059|8150|8216|8279|8327|8357|8360|8357|8363|8352|8335|8325|8330|8336|8341|8350|8360|8391|8428|8448|8465|8498|8539|8568|8583|8596|8624|8683|8769|8863|8948|9111|9524|10321|11240|11772|11588|10615|9302|8070|7030|6154|5318|4491|3703|2963|2278|1696|1229|864|612

10:31:17
3018|3554|4141|4705|5256|5890|6432|6828|7148|7367|7615|7914|8210|8439|8531|8473|8306|8091|7898|7759|7684|7657|7654|7649|7595|7423|7033|6460|5883|5497|5401|5549|5898|6366|6787|7071|7246|7344|7364|7345|7332|7337|7366|7380|7362|7322|7232|7118|7012|6948|6931|6940|6979|7035|7089|7114|7127|7152|7171|7195|7231|7283|7335|7378|7450|7540|7642|7740|7805|7925|8338|9174|10177|10990|11252|10613|9225|7762|6695|5930|5239|4532|3824|3132|2484|1905|1413|1024|733|546

10:31:17
3846|4437|5007|5593|6167|6696|7228|7696|8098|8437|8752|9090|9427|9709|9813|9678|9406|9158|8975|8858|8798|8754|8722|8710|8691|8637|8560|8444|8226|7829|7326|6860|6521|6419|6578|6920|7345|7755|8062|8226|8291|8319|8339|8352|8356|8361|8381|8419|8447|8442|8416|8381|8339|8319|8326|8368|8447|8527|8584|8615|8628|8611|8587|8581|8600|8664|8769|8902|9015|9084|9241|9688|10514|11358|11722|11334|10208|8897|7781|6811|5923|5068|4232|3449|2727|2090|1568|1131|794|571

10:31:42
4281|4829|5431|6085|6695|7227|7687|8067|8368|8633|8938|9305|9653|9837|9777|9537|9254|9002|8825|8717|8669|8678|8707|8739|8736|8667|8510|8261|7889|7390|6899|6546|6430|6595|6939|7332|7692|7963|8122|8189|8241|8305|8375|8433|8454|8447|8433|8410|8377|8345|8339|8356|8393|8433|8465|8494|8507|8510|8520|8538|8569|8608|8648|8688|8729|8785|8851|8915|8969|9097|9483|10260|11194|11792|11680|10707|9318|8065|7058|6164|5302|4505|3761|3030|2354|1761|1253|875|614

10:32:00
4202|4758|5309|5885|6441|6965|7500|7986|8373|8671|8946|9258|9547|9722|9699|9523|9312|9099|8933|8830|8755|8686|8648|8650|8646|8619|8554|8370|8027|7541|6998|6565|6375|6478|6803|7232|7661|8010|8212|8269|8270|8269|8286|8326|8371|8416|8465|8488|8463|8404|8345|8297|8279|8311|8386|8484|8570|8617|8623|8603|8571|8536|8533|8577|8662|8786|8917|9013|9050|9105|9382|10032|10939|11645|11682|10885|9594|8328|7258|6303|5416|4583|3795|3042|2369|1801|1337|965|670

10:32:47
3949|4519|5098|5693|6305|6897|7410|7807|8144|8453|8727|9068|9465|9775|9860|9708|9426|9138|8903|8752|8688|8677|8699|8730|8743|8709|8594|8412|8115|7721|7254|6781|6493|6465|6688|7060|7456|7793|8027|8162|8234|8288|8345|8401|8434|8425|8412|8408|8392|8379|8368|8370|8384|8398|8417|8440|8471|8494|8514|8544|8573|8601|8631|8653|8673|8714|8785|8869|8946|9030|9260|9868|10794|11582|11799|11234|10032|8659|7526|6619|5758|4920|4112|3357|2651|2021|1502|1073|752|546

10:33:47
2886|3403|3988|4561|5116|5664|6181|6630|6999|7286|7568|7893|8222|8454|8530|8457|8270|8058|7895|7796|7760|7747|7728|7697|7608|7425|7091|6593|6021|5593|5449|5543|5839|6255|6639|6923|7124|7262|7344|7389|7419|7418|7403|7375|7320|7256|7181|7114|7060|7023|7013|7006|7001|6998|7005|7026|7053|7109|7183|7249|7292|7319|7335|7322|7347|7429|7561|7725|7853|7965|8266|8970|9895|10712|11128|10770|9589|8154|7034|6209|5480|4748|4015|3302|2633|2043|1537|1129|817|601

10:33:47
3848|4434|5016|5607|6198|6753|7261|7705|8080|8402|8698|9047|9424|9728|9836|9695|9421|9143|8918|8788|8732|8716|8724|8737|8729|8676|8574|8409|8174|7805|7325|6862|6532|6450|6633|6980|7384|7753|8019|8171|8250|8307|8350|8376|8381|8376|8375|8383|8390|8386|8385|8385|8380|8379|8381|8398|8438|8479|8514|8553|8596|8617|8620|8623|8633|8673|8749|8851|8954|9038|9215|9705|10530|11356|11759|11426|10341|8991|7831|6885|6024|5187|4345|3528|2805|2175|1625|1176|837|595

10:34:23
2737|3229|3788|4375|4940|5473|6038|6530|6912|7207|7452|7809|8167|8402|8536|8509|8341|8138|7956|7824|7757|7737|7736|7717|7651|7490|7216|6749|6160|5689|5461|5490|5720|6108|6536|6867|7079|7225|7326|7377|7399|7408|7413|7400|7351|7283|7216|7144|7066|7013|7006|7013|7007|7004|7024|7041|7055|7087|7152|7227|7280|7309|7331|7354|7366|7409|7517|7672|7811|7910|8129|8712|9619|10521|11091|11014|10055|8601|7355|6457|5706|4983|4261|3537|2842|2225|1703|1264|910|660

10:34:23
4321|4865|5416|6012|6600|7154|7651|8081|8425|8708|8990|9273|9560|9741|9709|9500|9275|9103|8933|8801|8714|8652|8630|8637|8645|8620|8533|8345|7994|7484|6940|6523|6370|6509|6856|7300|7737|8057|8212|8250|8248|8256|8288|8339|8394|8448|8488|8489|8443|8375|8317|8282|8283|8326|8405|8503|8579|8609|8600|8570|8539|8529|8549|8600|8688|8811|8932|9010|9034|9118|9488|10263|11169|11736|11600|10649|9306|8086|7044|6090|5225|4413|3640|2922|2281|1721|1250|883|620

10:34:47
2796|3262|3762|4304|4876|5500|6034|6466|6865|7193|7513|7917|8366|8715|8878|8844|8695|8512|8348|8219|8125|8075|8067|8081|8085|8065|7991|7802|7409|6813|6191|5768|5649|5823|6226|6703|7098|7353|7498|7561|7566|7563|7578|7617|7662|7693|7705|7682|7614|7530|7468|7439|7455|7498|7552|7605|7640|7640|7612|7590|7566|7570|7624|7692|7765|7854|7954|8014|8000|8014|8297|8996|9968|10797|11023|10402|9071|7693|6659|5832|5076|4331|3620|2949|2326|1775|1314|949|677|500

10:34:47
4637|5294|5933|6523|7055|7547|7980|8336|8625|8877|9150|9425|9618|9638|9452|9134|8827|8592|8444|8376|8357|8361|8337|8266|8132|7885|7510|7039|6611|6337|6278|6462|6795|7185|7534|7793|7970|8076|8146|8185|8207|8224|8230|8217|8179|8117|8050|7996|7961|7956|7970|7976|7970|7978|8008|8057|8114|8171|8233|8287|8331|8366|8380|8391|8425|8505|8631|8775|8916|9165|9702|10526|11325|11885|11871|10853|9335|8009|6977|6119|5296|4469|3689|2953|2274|1690|1221|881|640

10:35:04
2603|3030|3505|4017|4546|5141|5719|6224|6645|6997|7301|7666|8132|8554|8821|8908|8808|8622|8440|8281|8166|8090|8069|8091|8111|8104|8063|7947|7656|7132|6487|5949|5676|5707|6008|6475|6927|7241|7433|7537|7567|7560|7575|7617|7663|7702|7725|7710|7652|7570|7499|7462|7456|7488|7550|7615|7648|7649|7631|7593|7562|7568|7614|7674|7735|7815|7914|7987|8001|7979|8091|8589|9462|10421|11018|10830|9791|8363|7130|6225|5472|4728|3998|3309|2659|2061|1545|1133|807|577

10:35:04
4033|4629|5292|5934|6527|7075|7559|7991|8338|8619|8878|9146|9415|9617|9638|9460|9175|8861|8598|8455|8386|8367|8370|8352|8287|8141|7885|7508|7040|6611|6336|6271|6452|6791|7178|7522|7786|7969|8079|8153|8197|8221|8235|8235|8222|8181|8122|8065|8015|7984|7972|7978|7983|7975|7979|8006|8058|8119|8182|8247|8299|8344|8376|8388|8395|8421|8495|8627|8779|8929|9200|9762|10596|11421|11947|11824|10790|9297|7991|6995|6133|5302|4544|3744|2937|2266|1694|1228|875|624

10:37:38
2404|2904|3443|3983|4526|5103|5635|6097|6534|6864|7155|7546|8018|8446|8698|8744|8604|8361|8130|7957|7867|7865|7913|7967|7979|7925|7806|7616|7291|6776|6180|5715|5498|5565|5890|6350|6776|7064|7224|7302|7332|7365|7425|7488|7525|7517|7467|7405|7351|7306|7299|7317|7336|7344|7344|7353|7365|7385|7398|7395|7385|7385|7427|7485|7543|7606|7672|7728|7734|7750|7973|8601|9544|10439|10839|10412|9226|7826|6724|5928|5205|4453|3702|2983|2332|1767|1299|926|631|418

10:37:38
4417|5049|5663|6221|6735|7214|7674|8100|8452|8740|8987|9195|9319|9301|9134|8883|8658|8465|8304|8198|8140|8111|8080|8015|7880|7634|7267|6829|6416|6153|6095|6240|6537|6888|7238|7553|7797|7951|8020|8016|7973|7939|7931|7944|7950|7924|7878|7825|7780|7747|7734|7721|7703|7706|7745|7829|7932|8033|8101|8104|8079|8057|8056|8099|8203|8348|8507|8636|8723|8932|9466|10313|11173|11714|11578|10494|8987|7716|6741|5890|5044|4218|3421|2671|2030|1499|1059|728|485

10:38:12
2655|3148|3696|4253|4808|5365|5869|6284|6632|6990|7396|7861|8336|8666|8757|8630|8399|8176|8010|7924|7912|7937|7969|7987|7964|7884|7734|7488|7070|6470|5894|5549|5503|5715|6121|6568|6918|7154|7305|7394|7436|7454|7446|7438|7433|7416|7396|7392|7392|7376|7358|7354|7357|7350|7334|7332|7342|7353|7371|7400|7431|7454|7486|7517|7548|7603|7685|7764|7795|7873|8246|8992|9918|10617|10661|9896|8580|7302|6354|5593|4847|4077|3328|2632|2011|1484|1060|742|519

10:38:12
4317|4926|5518|6116|6704|7267|7773|8166|8455|8657|8847|9054|9228|9291|9186|8971|8739|8531|8347|8210|8125|8059|8004|7953|7872|7696|7381|6941|6488|6160|6045|6171|6486|6890|7273|7582|7789|7901|7938|7935|7921|7910|7929|7968|8000|7992|7943|7874|7774|7676|7628|7617|7640|7706|7808|7922|8001|8040|8046|8032|8022|8028|8064|8124|8215|8332|8463|8592|8689|8874|9347|10150|11043|11702|11765|10944|9459|7979|6846|5890|5058|4277|3511|2791|2129|1564|1090|722|465

10:38:28
2512|2992|3531|4104|4703|5262|5780|6229|6563|6852|7175|7628|8137|8528|8724|8702|8531|8312|8121|7996|7938|7925|7941|7957|7940|7876|7752|7545|7170|6631|6067|5659|5537|5681|6041|6477|6842|7079|7214|7299|7347|7388|7430|7462|7489|7494|7477|7447|7409|7372|7335|7318|7330|7338|7342|7344|7352|7355|7359|7377|7403|7451|7495|7521|7548|7600|7678|7741|7768|7803|8066|8733|9653|10476|10763|10186|8939|7607|6569|5786|5070|4332|3584|2871|2220|1639|1163|801|540|369

10:38:28
4036|4667|5320|5933|6517|7084|7598|8000|8289|8515|8749|9015|9257|9390|9334|9095|8784|8498|8294|8171|8119|8126|8145|8132|8051|7867|7518|7035|6543|6163|5985|6061|6369|6770|7164|7511|7739|7854|7904|7925|7942|7958|7974|7987|7976|7927|7854|7783|7729|7704|7716|7746|7772|7797|7823|7850|7867|7880|7911|7954|8011|8081|8142|8186|8223|8283|8373|8488|8603|8767|9164|9919|10834|11568|11790|11128|9746|8278|7141|6256|5446|4637|3831|3098|2416|1782|1229|806|522|351

10:38:48
572|719|972|1309|1701|2130|2655|3186|3662|4155|4773|5604|6606|7674|8541|8977|9018|8882|8729|8622|8574|8567|8585|8597|8551|8398|8054|7466|6758|6145|5816|5888|6343|6968|7526|7907|8113|8208|8227|8219|8225|8242|8269|8285|8272|8229|8141|8021|7900|7813|7768|7762|7786|7822|7863|7888|7909|7938|7968|7999|8023|8066|8093|8084|8093|8142|8239|8342|8372|8302|8268|8599|9304|10026|10428|10175|9061|7504|6161|5202|4431|3696|2984|2316|1742|1249|852|575|383|262

10:38:48
3908|4474|5088|5728|6362|6919|7398|7806|8122|8379|8643|8975|9330|9566|9572|9365|9083|8839|8650|8525|8469|8460|8489|8518|8513|8456|8312|8076|7733|7262|6754|6368|6220|6330|6653|7055|7425|7707|7860|7934|7992|8064|8151|8228|8267|8267|8243|8202|8148|8098|8074|8079|8117|8169|8224|8277|8310|8322|8325|8339|8355|8366|8392|8430|8476|8538|8625|8713|8776|8881|9236|9965|10866|11511|11493|10652|9349|8064|7018|6114|5251|4442|3667|2897|2159|1561|1092|742|504

10:39:18
581|761|984|1260|1589|2011|2518|3057|3612|4130|4704|5480|6491|7538|8395|8902|9008|8918|8787|8677|8614|8581|8570|8562|8511|8379|8093|7578|6905|6281|5912|5914|6282|6839|7366|7751|8005|8178|8289|8354|8374|8349|8296|8224|8158|8116|8088|8053|8003|7940|7877|7815|7761|7746|7772|7839|7932|8016|8069|8075|8035|7992|7980|7986|8038|8159|8323|8467|8491|8351|8209|8418|9065|9839|10369|10328|9393|7848|6426|5347|4491|3728|3025|2390|1830|1357|950|635|418|275

10:39:18
3738|4324|4909|5468|6014|6539|7054|7548|7978|8329|8629|8937|9238|9451|9496|9366|9162|8972|8809|8690|8591|8490|8417|8389|8399|8414|8385|8267|8006|7565|7009|6510|6202|6172|6402|6799|7260|7644|7885|7995|8029|8061|8097|8126|8162|8193|8213|8235|8244|8229|8200|8152|8108|8094|8109|8164|8252|8339|8400|8428|8428|8395|8348|8329|8364|8461|8603|8754|8856|8892|9010|9460|10292|11137|11519|11157|10070|8727|7560|6560|5650|4762|3916|3159|2491|1942|1425|973|642|408

10:39:36
582|815|1088|1408|1795|2242|2711|3179|3674|4212|4853|5785|6937|8020|8776|9079|9047|8865|8680|8561|8510|8506|8533|8556|8513|8350|7983|7351|6623|6061|5808|5943|6429|7040|7551|7898|8107|8217|8267|8293|8308|8323|8325|8289|8221|8138|8041|7925|7837|7799|7809|7849|7879|7909|7925|7912|7897|7895|7917|7945|7989|8049|8093|8127|8162|8221|8315|8386|8358|8234|8250|8702|9470|10160|10441|9980|8696|7157|5945|5040|4251|3485|2761|2110|1548|1100|760|522|368|272

10:39:36
3646|4247|4849|5467|6085|6636|7110|7518|7859|8161|8446|8785|9186|9534|9663|9542|9279|8981|8725|8550|8467|8446|8451|8479|8507|8489|8405|8246|7979|7574|7062|6572|6250|6179|6364|6720|7140|7522|7807|7974|8054|8117|8164|8187|8190|8167|8151|8155|8153|8146|8154|8173|8189|8203|8210|8220|8234|8245|8266|8301|8335|8366|8403|8441|8469|8509|8582|8668|8729|8773|8950|9453|10299|11147|11560|11228|10125|8766|7609|6658|5765|4908|4080|3277|2538|1899|1365|938|640|445

10:40:05
2899|3412|3978|4539|5060|5590|6125|6587|6983|7303|7532|7728|7931|8055|8064|8003|7868|7696|7564|7483|7426|7371|7303|7242|7166|7001|6702|6247|5708|5302|5147|5219|5464|5830|6199|6472|6674|6811|6882|6924|6946|6936|6892|6846|6825|6802|6772|6738|6704|6678|6662|6656|6651|6660|6679|6705|6739|6771|6801|6821|6822|6808|6807|6831|6867|6943|7071|7223|7345|7421|7582|8088|8998|10048|10853|10956|10078|8633|7336|6384|5597|4841|4089|3356|2667|2050|1521|1083|743|505

10:40:05
4600|5177|5808|6407|6984|7512|7948|8271|8503|8715|8978|9261|9472|9492|9311|9080|8879|8684|8512|8389|8297|8239|8218|8210|8189|8138|8034|7821|7450|6942|6406|5997|5845|5971|6283|6699|7103|7415|7620|7739|7826|7915|8034|8150|8211|8226|8214|8184|8152|8111|8079|8070|8076|8099|8113|8129|8134|8117|8112|8123|8145|8187|8249|8328|8421|8535|8642|8730|8827|9093|9721|10615|11408|11769|11429|10296|8862|7642|6676|5816|4998|4209|3452|2701|2003|1433|972|639|420

10:40:22
2918|3440|3991|4534|5067|5618|6159|6605|6997|7312|7542|7753|7959|8089|8107|8048|7906|7724|7578|7475|7388|7306|7220|7153|7074|6910|6615|6160|5651|5280|5143|5225|5467|5827|6198|6476|6672|6804|6875|6911|6934|6928|6890|6862|6854|6838|6804|6752|6709|6672|6626|6583|6563|6578|6598|6631|6685|6733|6778|6813|6818|6803|6800|6825|6866|6936|7064|7217|7344|7428|7609|8149|9088|10153|10931|10970|10053|8566|7238|6283|5492|4734|3985|3274|2614|2011|1484|1055|723|483

10:40:22
4416|5018|5589|6156|6687|7203|7690|8087|8406|8653|8893|9154|9367|9425|9262|9013|8817|8683|8585|8502|8427|8347|8264|8192|8135|8084|8025|7905|7650|7218|6682|6193|5900|5882|6100|6474|6909|7310|7601|7761|7829|7849|7885|7955|8018|8068|8120|8173|8209|8205|8151|8077|8020|7997|8005|8045|8111|8162|8189|8206|8209|8203|8207|8241|8322|8452|8609|8741|8827|8975|9393|10151|10983|11534|11518|10717|9412|8148|7116|6211|5347|4515|3709|2944|2249|1670|1213|840|562|392

10:40:47
3058|3553|4099|4693|5274|5805|6286|6723|7084|7375|7626|7859|8035|8084|8051|7968|7805|7620|7467|7362|7315|7302|7269|7189|7045|6811|6450|5960|5470|5158|5089|5234|5563|5981|6320|6535|6669|6762|6852|6931|6964|6926|6864|6825|6800|6773|6732|6674|6606|6583|6614|6635|6627|6598|6579|6603|6652|6710|6759|6768|6760|6766|6809|6857|6887|6948|7067|7239|7398|7515|7773|8416|9398|10415|11007|10736|9549|8044|6870|6032|5297|4529|3744|2999|2327|1768|1309|925|618|397

10:40:47
4322|4853|5413|6027|6654|7217|7679|8055|8349|8581|8821|9067|9281|9409|9344|9159|8958|8755|8557|8399|8309|8249|8205|8170|8147|8133|8096|7987|7704|7242|6686|6175|5893|5896|6116|6470|6873|7239|7516|7677|7742|7774|7851|7991|8128|8188|8185|8153|8113|8089|8068|8041|8015|8018|8060|8124|8176|8177|8134|8098|8100|8146|8221|8292|8359|8449|8567|8684|8764|8880|9246|9984|10906|11613|11704|10958|9606|8251|7186|6278|5423|4596|3799|3049|2379|1793|1274|846|532|350

10:41:08
2694|3169|3669|4226|4804|5380|5881|6291|6595|6930|7405|7936|8393|8656|8685|8573|8451|8340|8253|8174|8097|8046|8023|8018|7996|7899|7639|7170|6513|5860|5437|5326|5528|5962|6495|6991|7356|7561|7641|7628|7608|7630|7681|7731|7750|7727|7666|7606|7583|7585|7579|7549|7526|7536|7549|7546|7522|7483|7431|7382|7381|7445|7528|7592|7645|7733|7833|7881|7932|8207|8857|9695|10416|10727|10303|9139|7761|6634|5761|5018|4333|3649|2957|2306|1719|1221|849|598|432

10:41:08
3214|3772|4386|5011|5605|6160|6689|7157|7563|7888|8152|8407|8645|8784|8745|8575|8358|8134|7931|7786|7727|7715|7687|7622|7507|7290|6952|6543|6139|5864|5807|5967|6336|6797|7200|7490|7640|7700|7722|7743|7764|7758|7745|7741|7758|7788|7787|7739|7660|7583|7548|7555|7609|7683|7734|7747|7728|7715|7720|7737|7760|7790|7840|7910|8000|8074|8111|8119|8129|8312|8948|10121|11240|11761|11591|10626|9135|7672|6530|5610|4737|3877|3101|2435|1851|1338|916|597|375|253

10:41:28
2685|3210|3736|4268|4810|5356|5844|6238|6603|6969|7422|7958|8406|8661|8701|8590|8437|8298|8197|8139|8118|8100|8068|8029|7963|7847|7627|7184|6524|5864|5428|5305|5525|5984|6522|7005|7325|7505|7603|7635|7639|7656|7690|7716|7721|7706|7670|7624|7582|7557|7555|7556|7557|7564|7559|7526|7472|7430|7415|7404|7407|7451|7512|7565|7641|7747|7839|7872|7906|8193|8878|9743|10470|10751|10283|9106|7731|6622|5789|5066|4352|3630|2952|2334|1761|1263|878|594|395

10:41:28
3280|3851|4433|5009|5574|6100|6609|7103|7518|7888|8228|8523|8744|8809|8679|8430|8211|8057|7942|7870|7816|7755|7678|7572|7423|7196|6855|6451|6115|5923|5895|6067|6382|6723|7061|7357|7566|7701|7780|7819|7802|7749|7684|7643|7644|7667|7704|7728|7726|7696|7639|7568|7520|7530|7585|7652|7713|7757|7775|7771|7752|7743|7761|7808|7885|7991|8105|8183|8243|8452|9045|10094|11114|11619|11591|10845|9434|7890|6627|5635|4718|3858|3092|2414|1811|1309|915|612|405|275

10:41:49
415|532|692|908|1176|1512|1883|2288|2742|3202|3766|4568|5636|6808|7764|8281|8420|8361|8246|8155|8104|8086|8077|8058|7996|7825|7448|6867|6229|5723|5546|5762|6264|6852|7345|7688|7905|8026|8077|8075|8040|8007|7995|8003|8015|8015|7996|7945|7865|7780|7717|7693|7688|7707|7747|7774|7770|7749|7730|7726|7750|7798|7865|7940|8004|8053|8110|8139|8057|7864|7784|8218|9073|9759|9933|9511|8363|6765|5372|4378|3586|2867|2228|1676|1220|858|585|401|273|190

10:41:49
4678|5215|5791|6373|6912|7419|7837|8151|8382|8585|8819|9082|9324|9405|9298|9101|8904|8727|8581|8487|8426|8393|8373|8350|8298|8193|7992|7642|7135|6558|6087|5862|5930|6287|6815|7335|7734|7989|8113|8152|8172|8198|8233|8263|8283|8282|8251|8205|8166|8153|8162|8184|8219|8256|8275|8274|8263|8244|8233|8230|8238|8274|8331|8400|8484|8578|8654|8701|8778|9025|9613|10477|11258|11592|11227|10140|8779|7600|6647|5803|4993|4204|3492|2801|2112|1518|1034|681|444|304

10:42:10
945|1249|1613|2032|2497|3011|3542|4044|4585|5190|5989|7012|8146|9126|9613|9693|9593|9419|9256|9170|9144|9135|9121|9069|8939|8656|8155|7474|6794|6333|6275|6645|7272|7880|8295|8542|8664|8703|8725|8760|8787|8807|8825|8835|8819|8772|8708|8649|8588|8538|8530|8555|8578|8576|8560|8543|8524|8528|8558|8603|8639|8643|8613|8571|8577|8653|8759|8819|8757|8654|8868|9578|10430|10908|10656|9569|8039|6659|5605|4734|3922|3136|2421|1816|1313|906|613|416|285

10:42:10
4780|5363|5962|6563|7137|7680|8161|8529|8784|8962|9150|9367|9544|9602|9476|9243|9011|8825|8685|8569|8484|8426|8395|8389|8389|8389|8365|8294|8125|7780|7272|6684|6155|5883|5956|6288|6762|7252|7651|7932|8092|8158|8192|8236|8282|8326|8354|8351|8298|8173|8003|7839|7717|7672|7720|7831|7965|8090|8177|8228|8272|8322|8387|8478|8598|8736|8856|8919|8919|8990|9387|10148|11008|11569|11516|10747|9520|8233|7109|6161|5308|4505|3716|2970|2279|1661|1159|780|512|349

10:42:31
819|1064|1356|1719|2139|2583|3066|3607|4141|4674|5311|6161|7256|8375|9196|9582|9633|9527|9369|9225|9140|9100|9072|9030|8951|8813|8548|8074|7414|6767|6376|6384|6781|7376|7906|8262|8490|8612|8661|8700|8733|8739|8751|8765|8763|8752|8730|8693|8636|8559|8495|8462|8457|8461|8477|8504|8526|8555|8599|8655|8679|8660|8632|8585|8525|8517|8602|8727|8767|8662|8575|8886|9686|10538|10926|10535|9334|7799|6490|5450|4543|3718|2961|2278|1703|1245|888|632|444|312

10:42:31
4490|5109|5734|6341|6876|7385|7854|8235|8534|8770|9015|9291|9551|9681|9593|9349|9062|8847|8716|8638|8602|8559|8505|8437|8361|8297|8238|8187|8110|7921|7528|6980|6431|6017|5889|6049|6432|6921|7389|7778|8045|8191|8245|8251|8247|8258|8286|8326|8343|8299|8174|7995|7798|7632|7572|7615|7737|7907|8078|8222|8327|8397|8437|8457|8497|8588|8722|8850|8919|8983|9234|9829|10668|11359|11536|11054|9943|8666|7597|6669|5790|4940|4078|3241|2491|1873|1352|915|626|436

10:42:51
1036|1298|1620|1998|2480|3016|3548|4117|4700|5328|6070|7036|8097|8945|9418|9554|9525|9434|9334|9250|9173|9097|9021|8928|8797|8570|8148|7512|6840|6392|6330|6665|7240|7808|8224|8499|8661|8727|8751|8753|8724|8696|8692|8705|8721|8717|8686|8629|8545|8473|8439|8442|8471|8519|8563|8575|8567|8561|8558|8542|8530|8536|8539|8544|8593|8696|8797|8808|8665|8500|8704|9439|10363|10914|10699|9622|8059|6648|5564|4648|3826|3082|2417|1840|1354|958|651|430|278

10:42:51
4570|5162|5786|6420|7022|7578|8054|8405|8654|8842|9060|9325|9563|9680|9571|9312|9036|8812|8669|8579|8532|8515|8496|8462|8414|8353|8284|8203|8061|7792|7355|6800|6259|5922|5920|6182|6609|7088|7536|7889|8123|8265|8321|8329|8307|8277|8254|8246|8230|8177|8081|7958|7828|7722|7679|7703|7788|7917|8056|8199|8323|8415|8478|8519|8554|8614|8708|8805|8875|8986|9340|10071|10951|11560|11618|11001|9818|8460|7312|6413|5599|4798|3991|3204|2461|1782|1228|815|536|366

10:43:12
3874|4495|5118|5700|6202|6668|7075|7387|7639|7831|8004|8189|8335|8389|8327|8157|7937|7742|7614|7555|7524|7490|7455|7407|7328|7207|7004|6656|6140|5614|5299|5253|5441|5817|6251|6612|6870|7043|7152|7227|7282|7316|7348|7373|7373|7344|7304|7259|7196|7123|7071|7046|7036|7042|7072|7126|7200|7286|7366|7419|7430|7415|7425|7491|7607|7761|7937|8080|8141|8238|8621|9362|10215|10831|10837|10015|8632|7298|6306|5499|4726|3953|3210|2549|1964|1443|1021|700|462

10:43:12
1676|2297|3186|4400|5913|7582|9169|10447|11278|11619|11661|11549|11392|11227|11081|10971|10911|10899|10884|10849|10739|10465|10012|9415|8853|8534|8540|8840|9259|9669|9985|10165|10224|10183|10121|10069|10040|10052|10098|10153|10186|10182|10138|10046|9931|9809|9675|9503|9230|8898|8576|8366|8362|8527|8772|9013|9211|9342|9398|9387|9311|9204|9095|8983|8894|8851|8846|8835|8695|8246|7391|6249|5021|3861|2850|2006|1398|1038|859|806|795|788|771|736|701|681|675|675|682

10:43:31
3787|4314|4928|5515|6015|6498|6924|7273|7559|7763|7947|8144|8317|8405|8375|8237|8029|7813|7645|7549|7507|7467|7419|7376|7324|7245|7085|6801|6366|5831|5411|5261|5358|5644|6054|6450|6742|6948|7102|7223|7309|7364|7396|7408|7393|7350|7287|7221|7167|7113|7066|7043|7037|7051|7074|7108|7179|7268|7363|7437|7457|7442|7425|7447|7512|7632|7807|7980|8103|8211|8534|9220|10072|10764|10939|10290|8976|7589|6524|5707|4954|4195|3443|2740|2113|1578|1133|790|546|377

10:43:31
1405|1848|2591|3611|4928|6514|8169|9666|10765|11388|11616|11601|11467|11324|11203|11093|11011|10957|10923|10887|10813|10653|10316|9788|9200|8728|8514|8604|8961|9403|9793|10086|10235|10258|10208|10139|10081|10055|10056|10074|10115|10152|10156|10130|10079|10000|9895|9756|9550|9227|8813|8450|8278|8322|8532|8813|9087|9304|9431|9472|9433|9326|9198|9084|8986|8908|8869|8863|8810|8552|7948|7008|5886|4730|3630|2669|1884|1322|983|810|746|721|714|710|700|696|698|704|709|709

10:44:31
3646|4105|4650|5288|5832|6294|6791|7236|7594|7819|7956|8081|8213|8294|8308|8243|8099|7945|7805|7684|7589|7504|7420|7348|7300|7240|7133|6902|6477|5926|5437|5196|5233|5494|5919|6382|6755|7000|7155|7238|7255|7269|7300|7333|7363|7385|7392|7351|7267|7170|7076|7004|6966|6982|7030|7083|7153|7225|7292|7339|7342|7337|7381|7471|7584|7727|7903|8059|8125|8141|8315|8892|9765|10590|10998|10607|9400|7943|6763|5848|5046|4290|3556|2846|2198|1646|1188|827|561|383

10:44:31
1357|1691|2289|3197|4471|6022|7724|9403|10683|11384|11605|11551|11383|11229|11134|11083|11065|11058|11030|10962|10846|10661|10352|9918|9386|8910|8681|8722|8997|9353|9677|9926|10073|10139|10164|10177|10179|10166|10136|10097|10062|10042|10040|10052|10054|10037|9987|9862|9626|9263|8832|8469|8292|8346|8594|8908|9182|9365|9424|9374|9276|9186|9109|9061|9048|9036|9013|8991|8935|8723|8212|7376|6264|5066|3946|2959|2153|1527|1094|851|762|727|714|712|713|709|694|684|669|647

10:44:56
4440|4977|5517|6043|6476|6818|7087|7272|7374|7414|7465|7567|7641|7635|7561|7406|7215|7051|6924|6843|6805|6786|6770|6748|6715|6636|6460|6119|5658|5213|4944|4922|5082|5358|5708|6022|6228|6369|6469|6531|6551|6560|6569|6550|6496|6438|6396|6336|6251|6181|6160|6167|6165|6180|6230|6278|6303|6344|6406|6453|6497|6527|6538|6538|6556|6627|6748|6916|7126|7511|8278|9370|10409|11001|10933|10152|8895|7680|6787|6113|5485|4825|4128|3427|2755|2131|1587|1147|814|580

10:44:56
3796|4378|4973|5601|6240|6856|7416|7902|8303|8656|9009|9443|9950|10418|10691|10744|10645|10481|10300|10140|10050|10011|10015|10055|10108|10141|10129|10061|9874|9484|8886|8238|7698|7450|7643|8133|8760|9323|9684|9868|9930|9961|10033|10159|10304|10414|10469|10490|10464|10401|10328|10264|10241|10275|10337|10401|10450|10474|10466|10448|10447|10447|10448|10469|10518|10587|10659|10707|10689|10633|10712|11117|11823|12420|12446|11671|10260|8762|7456|6323|5373|4526|3673|2854|2141|1540|1058|708|465|307

10:45:31
4296|4789|5292|5752|6184|6604|6978|7266|7437|7508|7517|7532|7557|7546|7503|7442|7331|7198|7080|6970|6861|6751|6672|6631|6623|6618|6538|6312|5894|5359|4953|4811|4886|5134|5513|5907|6207|6400|6502|6531|6508|6471|6458|6475|6496|6500|6490|6452|6346|6204|6104|6062|6068|6117|6199|6285|6334|6345|6352|6366|6367|6380|6408|6456|6526|6611|6724|6859|7009|7269|7876|8896|10024|10864|11101|10577|9424|8098|7039|6282|5653|5001|4318|3633|2958|2311|1733|1264|901|642

10:45:31
4110|4676|5255|5856|6456|7030|7553|8032|8487|8898|9315|9786|10253|10586|10690|10624|10503|10382|10276|10198|10137|10079|10038|10019|10013|10021|10026|9977|9778|9320|8647|7957|7490|7431|7763|8344|8999|9540|9888|10035|10049|10038|10067|10162|10292|10407|10501|10558|10541|10457|10332|10212|10158|10181|10262|10371|10464|10517|10524|10489|10428|10377|10357|10393|10497|10624|10739|10794|10751|10687|10836|11348|12033|12471|12279|11282|9816|8389|7157|6042|5027|4127|3309|2566|1906|1359|916|586|387|261

10:49:12
4140|4655|5208|5726|6176|6550|6891|7151|7323|7403|7433|7489|7571|7612|7606|7537|7368|7171|6985|6842|6773|6756|6763|6758|6720|6636|6490|6226|5843|5389|5013|4871|4922|5122|5450|5814|6098|6275|6390|6442|6453|6479|6520|6548|6539|6493|6418|6326|6239|6167|6136|6142|6143|6139|6150|6178|6209|6252|6313|6373|6406|6409|6421|6440|6471|6531|6636|6773|6917|7161|7726|8736|9913|10814|11118|10658|9560|8244|7179|6446|5832|5196|4493|3753|3051|2405|1837|1371|985|688

10:49:12
4180|4757|5351|5976|6628|7217|7720|8160|8528|8879|9317|9867|10419|10786|10870|10731|10500|10271|10113|10063|10083|10125|10160|10167|10139|10080|10006|9871|9571|9063|8432|7843|7509|7600|8035|8602|9147|9555|9794|9922|10016|10132|10258|10366|10410|10393|10388|10402|10414|10406|10370|10334|10307|10302|10320|10349|10386|10402|10414|10436|10463|10495|10517|10532|10540|10557|10595|10629|10644|10696|10953|11534|12205|12517|12134|10962|9493|8173|7000|5985|5049|4076|3185|2451|1817|1290|876|560|338

10:49:30
4534|5055|5562|6063|6503|6827|7092|7285|7388|7449|7522|7617|7646|7591|7488|7312|7130|6995|6905|6857|6821|6781|6723|6660|6587|6473|6285|5945|5484|5088|4903|4921|5073|5342|5680|5983|6206|6382|6516|6569|6562|6520|6466|6424|6389|6379|6387|6364|6284|6191|6133|6088|6058|6074|6148|6252|6322|6376|6424|6438|6413|6374|6375|6405|6477|6618|6805|6996|7206|7645|8483|9575|10541|11001|10787|9864|8573|7451|6608|5902|5216|4526|3832|3152|2533|1971|1468|1049|727

10:49:30
4185|4763|5353|5913|6483|7071|7625|8125|8563|8974|9419|9898|10352|10646|10695|10596|10472|10348|10242|10176|10128|10089|10060|10045|10044|10038|10026|9958|9728|9252|8584|7918|7508|7495|7846|8419|9024|9528|9860|10018|10080|10114|10160|10233|10309|10364|10420|10480|10504|10473|10402|10312|10246|10225|10240|10296|10382|10465|10523|10554|10542|10481|10415|10388|10419|10514|10647|10751|10775|10778|10953|11462|12091|12388|12029|10898|9460|8137|6986|5934|4931|4011|3162|2408|1756|1241|844|555|372|271

10:50:05
2496|2967|3476|4000|4601|5197|5744|6263|6719|7070|7296|7513|7745|7884|7914|7868|7716|7520|7356|7211|7090|7000|6938|6894|6844|6721|6438|5968|5435|5080|4976|5058|5318|5722|6116|6400|6596|6715|6746|6730|6705|6667|6631|6614|6623|6635|6608|6547|6486|6432|6382|6366|6412|6466|6513|6558|6586|6609|6597|6572|6579|6599|6622|6656|6743|6865|6971|7068|7133|7175|7377|7975|8958|10049|10785|10685|9598|8012|6661|5691|4870|4075|3319|2617|1986|1444|1002|677|444|287

10:50:05
3663|4260|4871|5457|6069|6667|7161|7594|7960|8273|8575|8912|9269|9555|9646|9493|9206|8923|8701|8565|8499|8475|8485|8503|8500|8453|8359|8209|7965|7605|7138|6674|6361|6283|6457|6788|7171|7528|7802|7971|8047|8086|8117|8140|8151|8147|8152|8173|8191|8199|8202|8204|8199|8185|8185|8200|8229|8276|8318|8350|8367|8375|8368|8359|8370|8405|8481|8582|8673|8755|8954|9458|10301|11153|11546|11187|10137|8839|7672|6698|5806|4948|4126|3341|2612|1964|1428|1001|678|458

10:50:21
2733|3275|3766|4331|4913|5500|6006|6426|6830|7141|7408|7689|7914|7983|7931|7780|7551|7344|7217|7136|7071|7028|6976|6899|6759|6509|6105|5586|5140|4916|4930|5119|5453|5841|6158|6372|6520|6619|6676|6721|6750|6743|6701|6652|6617|6571|6505|6464|6443|6418|6384|6375|6393|6385|6368|6375|6413|6457|6495|6546|6591|6625|6642|6668|6744|6854|6985|7121|7226|7345|7696|8462|9468|10367|10726|10172|8800|7303|6194|5331|4514|3710|2972|2305|1712|1229|858|596|413|290

10:50:21
4052|4589|5143|5760|6407|6989|7500|7919|8227|8454|8689|8984|9301|9510|9505|9336|9105|8874|8674|8525|8429|8384|8398|8449|8495|8489|8399|8200|7847|7371|6842|6410|6225|6305|6621|7045|7460|7778|7936|7976|7970|7985|8035|8102|8160|8193|8209|8192|8143|8080|8042|8051|8096|8168|8251|8328|8375|8376|8354|8329|8312|8320|8360|8418|8480|8542|8597|8623|8620|8674|8980|9712|10674|11420|11534|10763|9428|8092|7026|6130|5285|4476|3707|2989|2318|1718|1206|807|524|348

10:50:48
2886|3386|3921|4505|5111|5663|6144|6580|6906|7138|7366|7618|7810|7880|7858|7711|7477|7276|7127|7009|6941|6915|6908|6886|6781|6527|6086|5529|5090|4920|4980|5216|5607|6015|6310|6494|6597|6636|6630|6625|6626|6626|6625|6619|6594|6546|6469|6383|6323|6302|6309|6337|6384|6434|6457|6456|6459|6480|6502|6530|6575|6649|6726|6772|6827|6906|6993|7069|7133|7296|7799|8725|9802|10619|10736|9843|8297|6889|5879|5053|4266|3516|2803|2138|1559|1102|756|501|334

10:50:48
3913|4499|5083|5710|6348|6899|7357|7738|8054|8344|8639|8999|9371|9606|9600|9392|9107|8823|8606|8485|8440|8435|8456|8490|8493|8436|8314|8108|7789|7340|6840|6443|6258|6321|6594|6981|7370|7687|7891|7991|8051|8103|8151|8190|8194|8175|8163|8151|8125|8098|8091|8094|8099|8113|8133|8169|8201|8226|8263|8303|8343|8370|8398|8423|8445|8491|8551|8613|8669|8764|9091|9796|10706|11407|11510|10785|9465|8124|7062|6175|5345|4526|3717|2951|2266|1673|1167|792|528|360

10:51:08
2440|2883|3479|4049|4580|5192|5812|6350|6794|7118|7381|7676|8020|8322|8505|8538|8415|8226|8030|7864|7751|7666|7602|7573|7571|7576|7567|7496|7275|6844|6251|5725|5455|5470|5730|6165|6636|6980|7175|7290|7345|7361|7376|7394|7400|7388|7368|7341|7305|7249|7172|7108|7073|7071|7093|7128|7168|7179|7168|7159|7157|7177|7221|7279|7333|7398|7502|7620|7713|7807|8084|8807|9860|10860|11468|11321|10267|8714|7351|6391|5648|4957|4246|3528|2851|2224|1654|1182|827|577

10:51:08
3798|4398|5017|5634|6210|6756|7274|7742|8128|8446|8753|9058|9305|9394|9278|9035|8778|8571|8436|8375|8361|8347|8302|8220|8090|7868|7516|7054|6601|6295|6211|6368|6716|7115|7458|7730|7907|8013|8085|8147|8201|8218|8205|8180|8145|8098|8052|8032|8039|8058|8091|8115|8115|8107|8089|8085|8095|8113|8148|8189|8227|8256|8277|8302|8348|8442|8571|8695|8810|9048|9642|10633|11616|12067|11775|10705|9250|7930|6861|5908|4993|4136|3324|2568|1896|1357|938|631|425|298

10:51:30
2540|3062|3597|4158|4728|5311|5898|6409|6849|7205|7501|7811|8118|8344|8446|8420|8277|8117|7983|7875|7799|7721|7648|7583|7537|7514|7476|7381|7131|6658|6069|5590|5383|5456|5771|6241|6703|7042|7252|7374|7399|7371|7355|7334|7310|7297|7299|7312|7298|7245|7169|7087|7022|6996|7008|7043|7093|7135|7156|7160|7153|7161|7196|7244|7312|7416|7554|7695|7789|7873|8190|8960|9980|10894|11389|11094|9921|8417|7177|6286|5568|4854|4122|3408|2742|2121|1561|1102|754|510

10:51:30
3794|4377|4961|5554|6145|6719|7261|7734|8120|8431|8697|8956|9189|9311|9257|9088|8894|8712|8560|8439|8344|8257|8178|8109|8019|7865|7580|7164|6703|6334|6192|6294|6602|7001|7377|7708|7937|8062|8119|8141|8160|8162|8158|8160|8163|8164|8142|8096|8038|7984|7947|7935|7963|8003|8055|8130|8193|8221|8212|8195|8187|8194|8226|8273|8347|8459|8576|8674|8739|8887|9392|10339|11399|12044|11939|11061|9671|8232|7046|6041|5099|4218|3404|2646|1985|1438|993|670|445|307

10:51:48
2068|2508|3013|3528|4058|4621|5195|5715|6150|6507|6889|7377|7911|8408|8774|8909|8844|8718|8583|8461|8375|8305|8254|8221|8195|8122|7906|7485|6862|6214|5783|5687|5917|6400|6972|7457|7792|7995|8074|8066|8049|8047|8048|8040|8030|8010|7957|7867|7759|7657|7580|7555|7595|7681|7768|7817|7837|7840|7840|7831|7820|7827|7827|7823|7842|7921|8043|8144|8170|8130|8249|8776|9629|10509|10959|10539|9296|7826|6642|5767|5040|4322|3612|2935|2300|1724|1233|854|574|382

10:51:48
3590|4197|4834|5491|6134|6731|7279|7772|8216|8673|9212|9832|10505|11041|11218|11107|10878|10654|10498|10427|10413|10422|10434|10423|10380|10310|10214|10065|9757|9231|8546|7807|7249|7100|7393|7977|8678|9317|9760|10044|10221|10312|10342|10327|10287|10251|10210|10188|10192|10210|10222|10208|10180|10140|10108|10099|10097|10094|10098|10119|10138|10137|10119|10083|10071|10112|10202|10292|10305|10236|10273|10658|11279|11703|11570|10726|9339|7909|6712|5710|4794|3905|3098|2375|1700|1131|721|446|281|191

10:52:06
2156|2622|3170|3722|4249|4796|5345|5866|6305|6687|7114|7629|8154|8572|8779|8753|8625|8504|8418|8362|8319|8280|8238|8190|8125|8003|7739|7278|6654|6078|5771|5792|6092|6565|7056|7436|7712|7900|7991|8027|8040|8037|8024|8002|7975|7955|7926|7881|7816|7730|7641|7585|7574|7588|7619|7665|7705|7731|7775|7812|7814|7784|7754|7759|7816|7945|8113|8248|8275|8247|8453|9062|9898|10609|10732|9959|8574|7225|6203|5407|4686|3973|3277|2629|2050|1544|1119|789|556|392

10:52:06
3910|4529|5150|5765|6363|6937|7479|7972|8440|8906|9443|10059|10656|11017|11048|10880|10687|10542|10444|10390|10353|10323|10287|10245|10218|10199|10144|9960|9562|8921|8136|7418|7012|7078|7516|8183|8914|9504|9872|10061|10158|10194|10192|10192|10198|10216|10231|10240|10242|10206|10142|10065|9996|9970|9990|10015|10029|10038|10039|10018|9999|9973|9944|9962|10029|10150|10285|10337|10261|10171|10328|10847|11415|11623|11200|10144|8710|7335|6233|5219|4283|3424|2621|1927|1365|934|611|391|260

10:52:21
2015|2455|2885|3408|3924|4447|4989|5549|6066|6465|6848|7329|7907|8415|8739|8853|8776|8653|8559|8479|8417|8361|8298|8239|8174|8091|7920|7549|6996|6390|5933|5776|5914|6315|6825|7282|7628|7864|7998|8043|8055|8039|8021|8001|7972|7963|7953|7920|7864|7791|7711|7646|7621|7636|7678|7724|7759|7787|7816|7845|7831|7793|7765|7749|7763|7841|7996|8166|8253|8227|8281|8687|9460|10322|10843|10584|9477|8041|6842|5931|5145|4411|3696|2996|2348|1784|1306|915|621|420

10:52:21
4102|4723|5306|5905|6519|7078|7597|8077|8533|9046|9648|10308|10901|11184|11157|10966|10749|10602|10518|10463|10419|10381|10333|10274|10224|10166|10068|9845|9417|8737|7952|7326|7049|7218|7761|8495|9184|9699|10016|10180|10247|10260|10243|10210|10197|10195|10203|10222|10241|10240|10199|10134|10077|10051|10054|10072|10085|10085|10070|10049|10029|9998|9971|9985|10059|10187|10319|10365|10298|10267|10520|11087|11608|11664|11028|9726|8242|7009|5966|4956|4019|3193|2438|1791|1254|811|503|327|235

10:52:46
2205|2635|3157|3729|4245|4827|5383|5834|6278|6646|6980|7321|7660|7923|8060|8061|7925|7706|7514|7388|7324|7305|7297|7297|7277|7221|7140|7035|6872|6548|6080|5583|5237|5141|5242|5527|5932|6318|6605|6806|6943|7011|7026|7027|7013|6987|6963|6947|6923|6870|6808|6750|6699|6665|6655|6673|6715|6784|6870|6945|7007|7058|7097|7126|7153|7203|7304|7438|7543|7603|7775|8322|9233|10122|10558|10354|9529|8306|7092|6114|5311|4529|3740|2979|2293|1693|1198|838|587|409

10:52:46
4429|5074|5729|6354|6917|7427|7880|8235|8501|8709|8903|9102|9294|9391|9286|9032|8756|8520|8356|8261|8209|8177|8152|8117|8052|7963|7834|7585|7187|6711|6289|6056|6071|6295|6656|7066|7421|7687|7862|7959|8019|8063|8082|8070|8040|8010|7981|7961|7965|7983|8000|8020|8049|8070|8061|8041|8030|8048|8100|8170|8251|8316|8350|8367|8386|8435|8532|8642|8734|8898|9369|10225|11141|11697|11622|10830|9572|8302|7288|6431|5627|4832|4010|3221|2491|1830|1275|858|568|388

10:53:06
2453|2929|3491|4074|4606|5111|5650|6157|6541|6832|7140|7480|7797|8023|8094|7990|7776|7577|7436|7362|7324|7290|7251|7217|7193|7152|7081|6933|6657|6256|5780|5390|5190|5186|5374|5730|6143|6485|6739|6907|6985|7020|7045|7051|7025|6955|6887|6849|6832|6812|6775|6725|6672|6648|6662|6701|6759|6810|6847|6901|6989|7085|7146|7175|7192|7243|7356|7482|7566|7664|8030|8829|9802|10489|10566|9951|8797|7495|6418|5579|4813|4049|3276|2543|1911|1401|1009|706|477|311

10:53:06
4379|4995|5603|6181|6736|7314|7877|8320|8630|8804|8912|9046|9199|9286|9209|8981|8732|8541|8406|8308|8214|8108|8022|7985|7982|7975|7884|7636|7224|6717|6273|6018|5996|6201|6576|7015|7427|7737|7885|7901|7869|7874|7928|7995|8038|8048|8039|8025|8002|7960|7896|7836|7835|7907|8010|8096|8131|8122|8092|8078|8102|8154|8204|8257|8331|8439|8587|8713|8758|8815|9086|9809|10808|11578|11743|11060|9767|8455|7399|6510|5668|4833|4023|3247|2536|1947|1457|1006|646|416

10:53:27
3262|3767|4261|4778|5300|5808|6301|6721|6992|7135|7247|7432|7679|7862|7965|8000|7925|7821|7721|7595|7463|7342|7289|7292|7294|7197|6899|6383|5798|5407|5293|5422|5754|6191|6631|6986|7219|7328|7336|7317|7305|7320|7361|7369|7354|7332|7319|7287|7224|7165|7119|7099|7123|7202|7298|7350|7355|7350|7371|7400|7417|7446|7483|7520|7589|7720|7885|8001|8003|7919|7983|8437|9195|9986|10429|10116|9031|7686|6597|5761|4998|4258|3543|2871|2277|1734|1238|836|552|378

10:53:27
3757|4332|4929|5538|6147|6702|7189|7624|8007|8380|8750|9129|9481|9719|9767|9650|9425|9168|8943|8798|8751|8761|8766|8722|8640|8552|8461|8336|8100|7658|7107|6672|6466|6523|6844|7267|7661|8027|8323|8513|8617|8656|8634|8593|8572|8567|8552|8523|8487|8452|8428|8422|8413|8386|8355|8336|8357|8416|8479|8517|8533|8534|8535|8551|8575|8621|8712|8833|8950|9066|9315|9889|10713|11440|11762|11391|10333|8953|7680|6711|5801|4919|4087|3257|2505|1845|1315|920|635|429

10:54:09
3050|3592|4119|4639|5159|5640|6063|6463|6803|7035|7201|7389|7632|7838|7949|7974|7896|7755|7646|7564|7499|7461|7423|7379|7316|7199|6968|6532|5971|5518|5331|5420|5711|6128|6543|6853|7055|7189|7285|7336|7364|7376|7366|7329|7277|7241|7216|7182|7140|7117|7127|7129|7123|7138|7158|7177|7208|7263|7338|7410|7450|7453|7462|7490|7524|7607|7753|7921|8034|8036|8056|8345|8964|9714|10265|10242|9396|8071|6900|6016|5233|4472|3748|3041|2371|1787|1305|917|621|417

10:54:09
3757|4344|4941|5533|6079|6611|7145|7624|8031|8383|8720|9087|9441|9694|9736|9578|9339|9112|8933|8825|8773|8746|8724|8685|8627|8561|8486|8346|8059|7608|7094|6678|6481|6548|6852|7272|7710|8100|8372|8511|8563|8589|8581|8547|8512|8479|8461|8450|8441|8421|8371|8325|8287|8266|8279|8302|8333|8373|8427|8483|8519|8531|8525|8518|8534|8607|8742|8888|8991|9075|9309|9798|10625|11466|11786|11360|10202|8813|7591|6576|5676|4807|3958|3153|2420|1799|1298|879|576|385

10:54:27
3380|3914|4431|4946|5459|5963|6400|6750|7031|7219|7360|7537|7732|7863|7926|7917|7810|7696|7627|7567|7494|7418|7356|7294|7189|6999|6665|6152|5619|5309|5299|5514|5899|6345|6720|6979|7143|7244|7295|7316|7308|7291|7280|7261|7243|7247|7255|7234|7190|7161|7147|7123|7099|7105|7139|7182|7235|7317|7396|7432|7435|7438|7454|7474|7530|7651|7808|7935|7965|7937|8088|8595|9356|10076|10357|9860|8657|7355|6346|5533|4771|4017|3309|2652|2050|1540|1126|797|549|374

10:54:27
3862|4474|5077|5683|6290|6874|7386|7790|8111|8401|8703|9060|9431|9724|9805|9663|9416|9149|8909|8741|8646|8607|8607|8619|8612|8562|8464|8260|7893|7405|6903|6537|6432|6598|6971|7412|7819|8130|8309|8399|8456|8524|8585|8617|8623|8587|8528|8459|8377|8302|8259|8261|8289|8338|8392|8410|8399|8384|8372|8380|8407|8453|8499|8528|8564|8626|8721|8818|8890|9000|9349|10070|11003|11731|11845|11112|9842|8482|7285|6323|5452|4644|3865|3103|2368|1730|1212|802|515|335

10:54:58
4222|4836|5418|5948|6471|6914|7267|7557|7760|7948|8226|8605|8922|9061|9038|8864|8652|8509|8440|8429|8444|8446|8421|8353|8247|8128|7951|7625|7096|6491|6059|5932|6115|6552|7071|7514|7839|8069|8207|8256|8259|8232|8207|8187|8173|8156|8131|8095|8032|7960|7892|7861|7875|7894|7931|7983|8054|8124|8191|8260|8306|8326|8310|8304|8342|8448|8617|8765|8821|8925|9390|10196|10972|11328|10912|9678|8122|6826|5846|4985|4157|3374|2654|2019|1498|1069|730|474|301

10:54:58
4438|5022|5600|6195|6796|7361|7871|8276|8580|8792|8981|9213|9434|9552|9485|9245|8950|8683|8469|8321|8238|8197|8176|8145|8063|7873|7543|7090|6609|6266|6151|6263|6562|6944|7324|7636|7840|7970|8039|8057|8044|8023|8028|8062|8104|8129|8123|8073|7993|7911|7859|7854|7890|7963|8052|8131|8175|8159|8125|8118|8153|8234|8322|8400|8482|8563|8665|8779|8879|9073|9572|10432|11410|12169|12324|11464|9955|8529|7404|6483|5623|4802|4021|3271|2581|1947|1402|968|636|419

10:55:23
3822|4403|4957|5456|5937|6439|6897|7291|7631|7874|8075|8327|8636|8873|8966|8942|8810|8665|8582|8527|8483|8441|8398|8340|8275|8211|8129|7967|7590|6984|6390|6010|5932|6161|6615|7146|7585|7900|8130|8260|8286|8263|8227|8181|8136|8112|8118|8134|8120|8068|7993|7904|7836|7811|7840|7918|8009|8102|8186|8251|8278|8274|8279|8282|8300|8380|8526|8692|8785|8793|8919|9458|10311|11089|11373|10804|9450|7861|6586|5650|4833|4033|3278|2581|1945|1394|952|633|414|277

10:55:23
4190|4767|5373|5998|6614|7193|7702|8128|8457|8709|8913|9147|9398|9560|9533|9326|9043|8778|8556|8385|8281|8217|8172|8139|8085|7970|7725|7309|6810|6381|6150|6170|6427|6811|7216|7562|7789|7915|7979|8020|8042|8049|8071|8098|8106|8109|8091|8051|8004|7963|7944|7936|7932|7940|7973|8030|8099|8157|8172|8183|8216|8256|8302|8343|8388|8466|8586|8737|8872|9019|9373|10130|11126|11967|12348|11899|10612|9078|7812|6841|5962|5131|4320|3520|2761|2080|1508|1058|727|498

10:55:39
3882|4451|4982|5510|6031|6505|6932|7329|7636|7845|8041|8321|8660|8913|9020|8990|8850|8703|8586|8477|8406|8369|8334|8304|8278|8255|8187|7977|7554|6945|6332|5941|5891|6165|6666|7205|7629|7937|8151|8253|8273|8262|8225|8185|8155|8135|8134|8123|8084|8011|7925|7862|7829|7841|7904|7997|8081|8130|8164|8196|8197|8195|8216|8272|8356|8461|8616|8758|8803|8755|8872|9445|10325|11107|11356|10724|9310|7747|6519|5559|4708|3900|3131|2427|1817|1312|920|637|437|302

10:55:39
4370|4991|5614|6230|6841|7392|7879|8269|8557|8792|9023|9289|9518|9596|9466|9194|8898|8637|8450|8338|8281|8256|8235|8192|8095|7899|7555|7073|6575|6225|6112|6241|6569|6981|7357|7658|7848|7931|7976|8007|8033|8060|8097|8125|8125|8112|8076|8021|7969|7945|7951|7948|7940|7945|7975|8034|8093|8126|8154|8192|8247|8316|8369|8400|8422|8480|8590|8726|8858|9065|9576|10455|11464|12223|12348|11580|10062|8501|7360|6476|5666|4877|4096|3314|2616|1994|1427|960|612|409

10:55:57
3977|4491|5045|5610|6132|6616|7064|7458|7739|7899|8056|8313|8635|8894|9038|9028|8898|8727|8544|8394|8322|8325|8348|8363|8358|8299|8157|7875|7396|6771|6195|5885|5925|6282|6833|7385|7786|8018|8117|8133|8139|8174|8216|8239|8245|8217|8163|8101|8041|7970|7881|7810|7791|7849|7954|8047|8113|8133|8117|8118|8155|8235|8312|8369|8415|8470|8570|8686|8738|8736|8957|9659|10601|11331|11407|10526|8925|7339|6185|5307|4533|3781|3046|2336|1714|1232|869|595|389|251

10:55:57
4130|4779|5425|6038|6603|7114|7574|7991|8368|8698|8997|9274|9480|9571|9493|9260|8976|8739|8570|8450|8363|8288|8221|8160|8084|7931|7668|7299|6828|6417|6226|6261|6482|6794|7140|7458|7706|7889|8012|8089|8105|8086|8077|8082|8083|8067|8042|8015|8004|8008|8013|8002|7951|7888|7884|7952|8070|8171|8219|8238|8239|8255|8288|8320|8364|8438|8568|8740|8909|9087|9451|10142|11021|11821|12229|11856|10616|9085|7801|6828|5996|5188|4362|3540|2769|2088|1533|1096|763|516

10:56:21
2459|2877|3293|3723|4149|4580|5003|5406|5770|6085|6490|7042|7629|8142|8511|8686|8709|8667|8585|8474|8364|8290|8239|8219|8243|8270|8274|8250|8174|8001|7721|7381|7081|6913|6903|7055|7330|7640|7898|8063|8159|8199|8195|8190|8208|8253|8297|8334|8356|8335|8284|8231|8213|8230|8266|8325|8373|8386|8367|8323|8295|8308|8350|8423|8533|8646|8719|8678|8479|8281|8504|9406|10540|11144|10834|9641|8052|6745|5878|5198|4542|3891|3247|2614|2016|1502|1090|773|553|397

10:56:21
3417|3912|4404|4951|5537|6116|6652|7091|7452|7728|7980|8284|8635|8947|9081|9030|8893|8733|8560|8418|8337|8299|8289|8270|8240|8202|8114|7924|7599|7148|6664|6272|6079|6141|6448|6898|7346|7711|7940|8026|8031|8019|8024|8057|8102|8146|8157|8102|8003|7882|7790|7742|7756|7841|7948|8053|8116|8140|8142|8133|8142|8183|8234|8286|8357|8449|8538|8611|8686|8866|9343|10137|10943|11425|11338|10464|9019|7602|6484|5523|4631|3813|3047|2386|1810|1298|893|589|382|246

10:56:41
2588|3037|3476|3950|4434|4825|5157|5513|5845|6217|6742|7367|7936|8372|8616|8656|8609|8564|8515|8449|8379|8311|8253|8224|8221|8238|8243|8209|8090|7878|7593|7270|7007|6887|6932|7123|7414|7729|7979|8145|8233|8239|8206|8188|8201|8243|8294|8333|8333|8298|8263|8235|8239|8263|8284|8303|8315|8319|8327|8352|8370|8379|8391|8413|8481|8600|8696|8665|8464|8382|8868|9881|10830|11063|10360|8963|7450|6334|5565|4900|4254|3603|2958|2331|1762|1286|921|665|479

10:56:41
3298|3837|4381|4929|5464|5977|6495|6952|7310|7608|7915|8312|8788|9199|9371|9312|9144|8939|8754|8635|8586|8595|8636|8633|8568|8470|8324|8095|7739|7244|6726|6352|6230|6405|6797|7265|7691|8006|8194|8273|8314|8368|8431|8483|8485|8437|8353|8270|8212|8163|8138|8125|8127|8160|8209|8270|8340|8409|8452|8476|8499|8532|8582|8638|8701|8769|8817|8834|8867|9063|9592|10433|11182|11506|11240|10170|8663|7309|6253|5352|4495|3668|2902|2234|1653|1180|811|526|326|215

10:57:38
2237|2619|3092|3625|4197|4780|5349|5878|6268|6534|6826|7225|7700|8112|8370|8443|8362|8220|8057|7909|7804|7727|7687|7700|7719|7709|7662|7521|7195|6645|6006|5517|5344|5510|5925|6439|6882|7174|7341|7429|7473|7497|7544|7620|7678|7701|7694|7649|7548|7415|7313|7267|7285|7340|7412|7467|7493|7502|7498|7509|7528|7567|7646|7744|7838|7935|8051|8131|8093|7962|7972|8415|9210|9927|10204|9759|8561|7053|5743|4742|3888|3098|2394|1800|1310|906|607|403|255|164

10:57:38
4620|5168|5722|6264|6801|7297|7713|8056|8331|8566|8820|9089|9289|9316|9174|8943|8712|8521|8366|8259|8199|8166|8145|8120|8088|8030|7911|7694|7337|6876|6356|5917|5734|5833|6167|6613|7041|7392|7648|7811|7898|7950|7989|8028|8053|8050|8033|8004|7979|7971|7977|8000|8036|8076|8099|8094|8075|8053|8041|8039|8050|8079|8123|8187|8264|8353|8438|8485|8514|8679|9208|10053|10821|11197|10950|10058|8832|7696|6810|6031|5297|4556|3794|3036|2328|1721|1205|805|539

10:58:12
2129|2581|3080|3607|4119|4649|5191|5673|6073|6417|6783|7227|7733|8169|8403|8423|8295|8129|7985|7889|7837|7811|7780|7743|7694|7621|7534|7392|7115|6650|6078|5617|5433|5536|5870|6329|6760|7074|7286|7430|7514|7561|7589|7592|7587|7576|7565|7563|7541|7483|7417|7372|7348|7338|7338|7340|7361|7404|7468|7540|7593|7631|7669|7708|7755|7828|7952|8086|8129|8057|8061|8454|9178|9818|10039|9622|8508|7081|5844|4853|4000|3202|2455|1817|1288|875|571|369|240|163

10:58:12
4705|5279|5822|6352|6874|7332|7701|7982|8240|8503|8805|9133|9359|9364|9184|8911|8643|8438|8308|8249|8222|8218|8217|8187|8112|7993|7834|7582|7201|6711|6219|5876|5772|5932|6273|6696|7103|7433|7676|7846|7957|8019|8041|8038|8014|7971|7931|7911|7926|7969|8021|8069|8100|8104|8071|8023|7994|7985|8004|8044|8086|8120|8146|8182|8237|8317|8409|8478|8569|8870|9507|10333|10982|11161|10687|9633|8435|7417|6596|5844|5096|4322|3543|2803|2131|1548|1069|718|487

10:58:29
2283|2723|3193|3726|4291|4843|5381|5875|6265|6565|6908|7363|7850|8226|8411|8400|8267|8110|7972|7862|7794|7757|7735|7722|7690|7640|7560|7391|7042|6487|5892|5485|5381|5575|5991|6474|6885|7168|7344|7452|7514|7562|7593|7606|7616|7621|7608|7573|7508|7423|7356|7314|7304|7336|7362|7376|7412|7451|7495|7547|7593|7629|7671|7728|7783|7863|7989|8092|8083|7996|8106|8659|9432|9990|10050|9389|8076|6638|5486|4552|3692|2912|2212|1609|1131|775|528|352|237|171

10:58:29
4665|5197|5744|6313|6858|7346|7764|8073|8311|8545|8819|9099|9308|9347|9185|8924|8688|8479|8319|8228|8171|8145|8136|8125|8096|8023|7893|7642|7239|6733|6224|5847|5719|5887|6253|6716|7142|7442|7657|7802|7888|7952|8010|8053|8072|8062|8026|7972|7939|7935|7959|8006|8055|8088|8094|8080|8050|8019|8008|8015|8042|8093|8149|8209|8285|8368|8433|8467|8516|8768|9395|10269|10973|11203|10807|9784|8566|7565|6686|5842|5092|4342|3599|2888|2224|1638|1147|777|518

10:58:58
2450|2887|3375|3929|4485|5046|5581|6036|6410|6698|7034|7511|7980|8283|8400|8369|8250|8092|7943|7827|7744|7692|7674|7692|7698|7656|7545|7314|6867|6238|5678|5390|5419|5706|6162|6647|7003|7216|7350|7453|7517|7544|7572|7608|7629|7623|7598|7566|7485|7368|7291|7267|7279|7313|7367|7431|7477|7488|7487|7499|7528|7586|7671|7758|7850|7953|8053|8080|7986|7910|8185|8898|9676|10115|9948|9013|7547|6163|5108|4228|3410|2661|1999|1426|976|655|439|298|204|152

10:58:58
4491|5061|5627|6153|6634|7087|7508|7878|8201|8497|8814|9123|9338|9371|9195|8919|8666|8486|8382|8329|8293|8244|8184|8115|8040|7970|7885|7727|7434|6977|6444|5983|5734|5784|6076|6498|6943|7344|7643|7825|7928|7980|8002|8007|8007|7998|7984|7973|7976|7993|8014|8028|8021|8007|7992|7990|8014|8045|8081|8110|8118|8111|8089|8090|8144|8255|8399|8505|8566|8719|9182|9956|10700|11081|10909|10100|8932|7839|6941|6132|5382|4616|3823|3076|2377|1751|1237|851|584|423

10:59:17
1415|1784|2184|2633|3159|3682|4168|4686|5219|5767|6406|7178|7912|8431|8696|8682|8549|8432|8360|8304|8260|8214|8157|8102|8052|8005|7928|7756|7418|6883|6239|5677|5369|5407|5737|6227|6751|7163|7438|7635|7758|7809|7806|7779|7743|7712|7690|7681|7695|7709|7706|7687|7653|7618|7597|7600|7624|7630|7622|7608|7588|7568|7568|7600|7660|7755|7859|7905|7847|7808|8055|8674|9411|9901|9911|9289|8164|7005|6087|5329|4605|3877|3168|2498|1896|1397|993|698|492|352

10:59:17
3193|3727|4299|4880|5461|6051|6608|7105|7551|7962|8321|8702|9104|9380|9445|9324|9122|8942|8817|8730|8666|8610|8540|8446|8358|8296|8238|8135|7906|7501|7008|6573|6316|6306|6553|6967|7393|7761|8038|8203|8280|8314|8327|8321|8311|8308|8319|8343|8350|8321|8241|8142|8072|8030|8035|8085|8154|8234|8309|8357|8356|8333|8333|8360|8425|8538|8688|8836|8924|8961|9146|9702|10588|11373|11656|11250|10136|8782|7575|6462|5444|4542|3688|2881|2154|1553|1081|729|497|339

10:59:42
3523|4079|4619|5186|5765|6318|6786|7136|7386|7542|7696|7920|8169|8334|8369|8274|8082|7871|7699|7573|7501|7465|7435|7419|7392|7300|7089|6698|6162|5626|5289|5245|5435|5807|6245|6603|6833|6964|7017|7023|7042|7064|7072|7095|7129|7125|7070|6998|6943|6910|6883|6887|6921|6950|6957|6947|6943|6937|6926|6952|7017|7074|7115|7169|7254|7359|7482|7609|7711|7853|8258|9074|10066|10848|10992|10280|9013|7715|6709|5930|5204|4474|3746|3039|2376|1776|1275|893|611|419

10:59:42
2916|3457|4029|4617|5216|5828|6421|6981|7506|7968|8394|8815|9201|9470|9527|9406|9233|9064|8912|8802|8699|8601|8524|8458|8412|8364|8287|8137|7836|7393|6889|6477|6310|6424|6778|7242|7719|8107|8343|8470|8515|8514|8486|8462|8455|8462|8474|8470|8442|8389|8327|8270|8248|8285|8362|8452|8538|8611|8652|8651|8621|8595|8587|8602|8671|8791|8934|9061|9140|9220|9494|10187|11148|11909|12151|11622|10329|8769|7392|6265|5279|4355|3472|2703|2041|1486|1032|680|443|277

10:59:58
3494|4069|4644|5212|5770|6289|6728|7080|7351|7556|7747|7981|8214|8332|8307|8165|7951|7759|7634|7557|7518|7504|7485|7442|7375|7262|7061|6702|6185|5675|5359|5296|5437|5740|6130|6467|6699|6859|6959|7019|7057|7076|7070|7056|7050|7035|7016|6992|6983|6973|6936|6910|6895|6879|6856|6847|6860|6893|6938|6977|7026|7060|7066|7080|7140|7259|7421|7586|7715|7865|8255|9024|9962|10725|10916|10285|9096|7869|6869|6057|5307|4541|3774|3036|2348|1749|1256|873|590|398

10:59:58
3191|3766|4360|4956|5538|6097|6630|7140|7626|8075|8525|8997|9400|9603|9562|9367|9149|8962|8821|8721|8659|8610|8554|8483|8393|8282|8105|7808|7396|6937|6550|6346|6387|6675|7101|7538|7918|8195|8372|8474|8531|8547|8526|8486|8446|8412|8385|8369|8357|8349|8339|8323|8328|8352|8383|8426|8480|8527|8564|8588|8602|8613|8619|8639|8700|8809|8947|9075|9182|9398|9936|10830|11672|12122|11959|10929|9396|7937|6748|5719|4764|3882|3061|2313|1694|1210|819|549|366

11:01:12
3451|4018|4575|5112|5656|6170|6585|6940|7236|7468|7664|7891|8162|8327|8325|8208|8007|7807|7666|7573|7518|7482|7455|7421|7361|7266|7086|6756|6261|5720|5349|5241|5351|5637|6036|6415|6670|6840|6960|7018|7029|7010|6992|6973|6954|6958|6966|6966|6957|6952|6939|6903|6868|6837|6822|6815|6814|6842|6888|6938|6978|7002|7009|7019|7067|7172|7332|7511|7659|7803|8142|8871|9814|10636|10943|10431|9282|7996|6936|6091|5341|4584|3835|3119|2445|1848|1331|925|627|417

11:01:12
3020|3592|4188|4805|5413|5986|6548|7083|7566|8010|8455|8909|9302|9532|9533|9363|9159|8974|8829|8730|8655|8585|8518|8455|8387|8285|8130|7897|7517|7053|6637|6368|6338|6558|6941|7378|7793|8111|8313|8451|8533|8561|8537|8490|8444|8397|8366|8348|8332|8320|8308|8293|8292|8310|8342|8389|8438|8485|8538|8575|8592|8603|8613|8638|8694|8792|8915|9036|9131|9297|9768|10616|11511|12065|12039|11209|9756|8251|7042|5946|4908|3993|3149|2400|1772|1260|860|590|396|262

11:01:52
3618|4167|4715|5287|5864|6410|6861|7212|7443|7573|7721|7943|8191|8365|8414|8320|8120|7914|7748|7619|7528|7491|7492|7502|7521|7529|7471|7278|6902|6347|5781|5441|5402|5616|6001|6450|6840|7108|7272|7363|7427|7483|7526|7563|7582|7575|7542|7489|7434|7366|7302|7272|7277|7299|7317|7339|7368|7385|7390|7410|7452|7510|7588|7667|7745|7839|7949|8037|8064|8113|8442|9168|10038|10678|10721|9939|8558|7186|6149|5333|4575|3808|3075|2396|1784|1274|871|579|377|248

11:01:52
3836|4425|5000|5551|6087|6612|7112|7559|7923|8215|8450|8662|8832|8893|8780|8527|8244|8005|7816|7674|7580|7508|7451|7403|7354|7299|7208|7043|6751|6350|5960|5694|5639|5784|6077|6445|6785|7058|7250|7348|7372|7378|7391|7408|7429|7461|7490|7506|7490|7446|7387|7327|7291|7279|7316|7411|7534|7640|7705|7736|7741|7744|7762|7798|7854|7950|8099|8263|8391|8504|8787|9421|10312|11195|11688|11372|10166|8614|7317|6336|5463|4651|3893|3161|2462|1829|1322|928|633|429

11:02:22
3758|4324|4855|5413|5951|6464|6904|7232|7486|7670|7867|8097|8272|8336|8283|8106|7906|7779|7710|7663|7627|7607|7579|7535|7498|7465|7377|7156|6738|6179|5685|5424|5442|5692|6090|6530|6905|7175|7341|7409|7431|7440|7427|7415|7424|7460|7498|7508|7488|7431|7341|7242|7186|7189|7216|7273|7359|7444|7499|7527|7537|7531|7539|7576|7661|7802|7973|8109|8154|8231|8626|9353|10133|10607|10442|9521|8141|6886|5953|5159|4364|3563|2823|2164|1583|1108|752|507|347

11:02:22
4327|4897|5427|5936|6462|6966|7419|7810|8139|8415|8648|8856|8980|8922|8684|8346|8055|7852|7699|7594|7533|7495|7464|7421|7368|7287|7128|6831|6426|6017|5703|5582|5677|5957|6341|6721|7032|7252|7379|7423|7423|7418|7420|7426|7451|7484|7523|7540|7521|7490|7439|7381|7339|7339|7395|7495|7600|7675|7727|7755|7764|7778|7794|7826|7894|8019|8185|8333|8466|8730|9352|10298|11186|11685|11498|10417|8939|7572|6484|5616|4806|4017|3268|2575|1934|1401|964|638|428

11:02:40
3309|3850|4420|4951|5472|6008|6532|6984|7315|7514|7625|7772|8008|8235|8361|8345|8187|7987|7833|7721|7626|7525|7460|7452|7481|7531|7541|7435|7159|6685|6091|5605|5387|5440|5713|6144|6611|6970|7191|7299|7332|7360|7413|7469|7499|7497|7493|7488|7462|7403|7317|7237|7195|7217|7281|7343|7377|7368|7367|7396|7443|7481|7518|7585|7662|7769|7913|8034|8063|8024|8133|8647|9486|10316|10741|10439|9372|7936|6702|5770|4965|4183|3420|2741|2123|1554|1068|704|468|322

11:02:40
4065|4670|5252|5799|6343|6874|7386|7825|8135|8340|8499|8675|8841|8896|8764|8486|8194|7966|7798|7659|7545|7452|7391|7372|7379|7354|7226|6946|6524|6082|5755|5603|5656|5888|6249|6653|7000|7226|7314|7316|7303|7338|7415|7495|7551|7570|7572|7556|7504|7432|7350|7296|7303|7371|7482|7588|7654|7671|7668|7677|7695|7732|7777|7831|7929|8073|8226|8331|8383|8524|9012|9946|10960|11655|11723|10858|9391|7932|6778|5872|5031|4270|3578|2891|2235|1630|1133|761|513|370

11:02:59
3411|3910|4443|4976|5528|6091|6611|7026|7299|7454|7579|7788|8066|8284|8381|8322|8148|7962|7802|7664|7545|7470|7460|7490|7529|7541|7497|7348|7052|6587|6014|5557|5371|5454|5760|6204|6640|6949|7133|7234|7301|7379|7456|7494|7499|7473|7456|7456|7424|7358|7271|7207|7210|7255|7287|7305|7316|7309|7325|7387|7451|7487|7522|7592|7690|7782|7877|7966|8002|8001|8165|8722|9567|10355|10721|10372|9284|7854|6627|5715|4925|4155|3426|2744|2091|1496|1020|688|468|326

11:02:59
3998|4545|5110|5700|6301|6862|7340|7701|7988|8238|8456|8670|8844|8899|8791|8562|8295|8026|7776|7579|7467|7440|7450|7450|7421|7358|7229|6992|6612|6150|5764|5561|5603|5875|6263|6634|6917|7104|7222|7289|7322|7369|7423|7480|7545|7605|7618|7558|7448|7346|7306|7319|7353|7393|7443|7521|7605|7656|7667|7647|7646|7701|7800|7897|7963|8030|8123|8227|8335|8511|8960|9837|10839|11583|11812|11159|9637|8010|6828|5929|5165|4420|3655|2913|2230|1648|1175|822|559|364

11:03:36
3571|4119|4677|5196|5708|6230|6729|7133|7398|7560|7709|7903|8106|8246|8282|8209|8067|7922|7799|7701|7612|7535|7486|7463|7471|7472|7425|7286|6960|6409|5801|5420|5348|5521|5896|6384|6815|7109|7295|7383|7400|7398|7387|7393|7416|7438|7463|7473|7441|7360|7265|7210|7204|7226|7262|7323|7388|7420|7427|7419|7419|7430|7477|7556|7658|7789|7933|8049|8070|8074|8326|8986|9842|10528|10691|10057|8753|7348|6245|5369|4576|3811|3082|2409|1806|1308|914|630|426|284

11:03:36
3769|4383|5002|5589|6141|6651|7108|7520|7867|8146|8388|8642|8866|8969|8863|8581|8259|7986|7793|7664|7589|7561|7541|7514|7455|7347|7190|6950|6604|6208|5861|5653|5647|5834|6160|6506|6818|7073|7235|7328|7380|7430|7471|7492|7490|7479|7470|7452|7434|7417|7399|7397|7408|7412|7427|7478|7555|7620|7658|7689|7727|7771|7801|7812|7839|7909|8034|8194|8350|8527|8905|9668|10647|11432|11728|11268|9966|8398|7159|6228|5397|4596|3817|3065|2381|1781|1293|914|621|424

11:04:00
320|422|578|790|1036|1319|1660|2060|2485|2969|3590|4447|5542|6731|7705|8160|8195|8099|8029|8006|8005|8011|7996|7965|7938|7945|7980|7964|7805|7419|6843|6228|5791|5754|6178|6828|7414|7837|8097|8237|8288|8290|8269|8245|8248|8267|8293|8326|8337|8317|8269|8202|8144|8103|8095|8127|8179|8226|8260|8275|8273|8263|8248|8243|8254|8295|8383|8475|8444|8157|7669|7356|7430|7666|7681|7271|6378|5156|3993|3042|2263|1619|1114|763|527|356|239|162|114|93

11:04:00
6117|6758|7376|7929|8448|8900|9237|9464|9603|9693|9810|9988|10159|10197|10021|9716|9403|9132|8910|8734|8615|8550|8537|8561|8591|8613|8590|8497|8326|8087|7842|7682|7673|7823|8085|8364|8606|8787|8908|8989|9037|9086|9137|9158|9133|9058|8942|8825|8740|8689|8648|8597|8548|8501|8468|8440|8405|8366|8315|8267|8239|8225|8225|8237|8264|8337|8456|8616|8828|9169|9868|10969|12117|12813|12747|11872|10452|8995|7826|6888|6043|5213|4388|3558|2746|2040|1468|1014|675|466

11:04:41
394|502|665|899|1201|1552|1928|2348|2770|3278|4012|5022|6234|7396|8131|8316|8228|8091|7989|7942|7944|7959|7984|8017|8067|8107|8068|7906|7549|7018|6420|5938|5782|6047|6631|7219|7638|7911|8083|8210|8298|8333|8326|8314|8317|8309|8304|8297|8273|8237|8192|8178|8185|8188|8195|8193|8182|8170|8174|8210|8264|8316|8344|8343|8331|8344|8394|8408|8212|7729|7232|7111|7331|7556|7476|6827|5669|4416|3386|2582|1919|1383|961|645|420|261|172|130|117

11:04:41
6258|6849|7415|7955|8464|8901|9254|9509|9664|9777|9907|10078|10205|10149|9901|9582|9312|9112|8960|8833|8715|8608|8535|8512|8531|8563|8568|8513|8355|8111|7864|7701|7683|7818|8069|8362|8653|8909|9079|9155|9138|9081|9043|9021|9010|9003|8982|8923|8838|8734|8624|8529|8460|8432|8437|8451|8446|8418|8380|8329|8273|8223|8180|8163|8214|8344|8540|8776|9014|9372|10029|11074|12136|12723|12652|11829|10490|9061|7851|6861|5983|5136|4317|3529|2764|2071|1484|1032|700|477

11:05:02
301|406|543|733|988|1294|1626|1998|2431|2905|3456|4245|5314|6514|7569|8165|8282|8194|8090|8020|7999|7995|7994|7986|7982|7999|8022|8006|7854|7493|6966|6346|5869|5772|6082|6694|7298|7724|8020|8211|8319|8362|8350|8303|8256|8230|8227|8258|8304|8331|8323|8272|8202|8138|8099|8107|8152|8197|8228|8249|8254|8250|8249|8257|8278|8314|8381|8464|8453|8228|7797|7408|7384|7655|7850|7646|6835|5612|4444|3486|2660|1961|1394|941|613|393|252|168|127|111

11:05:02
6135|6744|7354|7945|8467|8910|9249|9485|9625|9712|9822|9989|10155|10195|10037|9745|9433|9159|8928|8737|8614|8553|8542|8571|8615|8641|8616|8525|8354|8090|7824|7656|7635|7803|8103|8428|8705|8911|9030|9062|9050|9029|9041|9073|9074|9043|8983|8893|8801|8715|8632|8557|8498|8467|8458|8454|8429|8380|8315|8259|8232|8229|8238|8253|8291|8362|8469|8612|8808|9117|9725|10775|11946|12735|12840|12126|10777|9311|8067|7012|6101|5286|4495|3720|2919|2171|1575|1096|736|497

11:05:29
385|498|655|871|1152|1481|1865|2308|2775|3309|4006|4939|6133|7301|8048|8312|8291|8189|8093|8035|8000|7986|7999|8018|8059|8115|8134|8016|7670|7136|6501|5959|5741|5971|6566|7206|7691|7985|8135|8197|8206|8217|8231|8248|8278|8310|8337|8328|8294|8254|8193|8139|8120|8144|8195|8251|8293|8297|8271|8242|8227|8245|8289|8339|8386|8430|8475|8446|8232|7824|7451|7448|7768|8034|7919|7225|6001|4715|3682|2829|2113|1529|1080|743|503|346|244|182|141

11:05:29
5727|6388|7030|7604|8111|8552|8917|9206|9429|9611|9802|10037|10238|10287|10115|9793|9440|9129|8908|8774|8701|8668|8652|8626|8596|8564|8530|8484|8403|8273|8098|7939|7861|7893|8037|8253|8514|8766|8969|9110|9170|9189|9188|9154|9086|9005|8924|8848|8799|8766|8729|8669|8584|8503|8446|8414|8403|8406|8410|8408|8404|8397|8371|8330|8305|8338|8456|8646|8887|9204|9742|10601|11670|12482|12650|12119|10946|9504|8222|7172|6227|5331|4465|3631|2833|2175|1613|1123|755|496

