16:01:10
datas[T + 1] - datas[T]的值3.5，datas[strartT] - datas[T]的值107.700000000001,datas[strartT+1] - datas[T]的值90.3000000000011

16:10:54
datas[T + 1] - datas[T]的值5，datas[strartT] - datas[T]的值90.3999999999996,datas[strartT+1] - datas[T]的值68.6000000000004

16:18:32
datas[T + 1] - datas[T]的值4，datas[strartT] - datas[T]的值95.4000000000015,datas[strartT+1] - datas[T]的值70.6000000000004

16:20:11
datas[T + 1] - datas[T]的值0.200000000000728，datas[strartT] - datas[T]的值111.300000000001,datas[strartT+1] - datas[T]的值89.8000000000011

16:22:20
datas[T + 1] - datas[T]的值3.90000000000146，datas[strartT] - datas[T]的值80.3000000000011,datas[strartT+1] - datas[T]的值60.2000000000007

16:22:53
datas[T + 1] - datas[T]的值4.10000000000036，datas[strartT] - datas[T]的值97.1000000000004,datas[strartT+1] - datas[T]的值79.6000000000004

16:24:21
datas[T + 1] - datas[T]的值2.10000000000036，datas[strartT] - datas[T]的值96.6000000000004,datas[strartT+1] - datas[T]的值76.6000000000004

16:27:12
datas[T + 1] - datas[T]的值1.39999999999964，datas[strartT] - datas[T]的值107.699999999999,datas[strartT+1] - datas[T]的值86

16:30:28
datas[T + 1] - datas[T]的值2.79999999999927，datas[strartT] - datas[T]的值91,datas[strartT+1] - datas[T]的值69.2000000000007

16:31:36
datas[T + 1] - datas[T]的值2.19999999999891，datas[strartT] - datas[T]的值103.799999999999,datas[strartT+1] - datas[T]的值81.6999999999989

16:31:36
datas[T + 1] - datas[T]的值5.69999999999982，datas[strartT] - datas[T]的值106.5,datas[strartT+1] - datas[T]的值88.3000000000002

