14:42:32
Newtonsoft.Json.JsonSerializationException: Error converting value "" to type 'DyInterfaceHelper.KjService+UserLoginEntity+Obj'. ---> System.Exception: Could not cast or convert from System.String to DyInterfaceHelper.KjService+UserLoginEntity+Obj.
   在 Newtonsoft.Json.Utilities.ConvertUtils.EnsureTypeAssignable(Object value, Type initialType, Type targetType)
   在 Newtonsoft.Json.Utilities.ConvertUtils.ConvertOrCast(Object initialValue, CultureInfo culture, Type targetType)
   在 Newtonsoft.Json.Serialization.JsonSerializerInternalReader.EnsureType(Object value, CultureInfo culture, Type targetType)
   --- 内部异常堆栈跟踪的结尾 ---
   在 Newtonsoft.Json.Serialization.JsonSerializerInternalReader.EnsureType(Object value, CultureInfo culture, Type targetType)
   在 Newtonsoft.Json.Serialization.JsonSerializerInternalReader.CreateValueInternal(JsonReader reader, Type objectType, JsonContract contract, JsonProperty member, Object existingValue)
   在 Newtonsoft.Json.Serialization.JsonSerializerInternalReader.CreateValueProperty(JsonReader reader, JsonProperty property, Object target, Boolean gottenCurrentValue, Object currentValue)
   在 Newtonsoft.Json.Serialization.JsonSerializerInternalReader.SetPropertyValue(JsonProperty property, JsonReader reader, Object target)
   在 Newtonsoft.Json.Serialization.JsonSerializerInternalReader.PopulateObject(Object newObject, JsonReader reader, JsonObjectContract contract, String id)
   在 Newtonsoft.Json.Serialization.JsonSerializerInternalReader.CreateAndPopulateObject(JsonReader reader, JsonObjectContract contract, String id)
   在 Newtonsoft.Json.Serialization.JsonSerializerInternalReader.CreateObject(JsonReader reader, Type objectType, JsonContract contract, JsonProperty member, Object existingValue)
   在 Newtonsoft.Json.Serialization.JsonSerializerInternalReader.CreateValueInternal(JsonReader reader, Type objectType, JsonContract contract, JsonProperty member, Object existingValue)
   在 Newtonsoft.Json.Serialization.JsonSerializerInternalReader.CreateValueNonProperty(JsonReader reader, Type objectType, JsonContract contract)
   在 Newtonsoft.Json.Serialization.JsonSerializerInternalReader.Deserialize(JsonReader reader, Type objectType)
   在 Newtonsoft.Json.JsonSerializer.DeserializeInternal(JsonReader reader, Type objectType)
   在 Newtonsoft.Json.JsonSerializer.Deserialize(JsonReader reader, Type objectType)
   在 Newtonsoft.Json.JsonConvert.DeserializeObject(String value, Type type, JsonSerializerSettings settings)
   在 Newtonsoft.Json.JsonConvert.DeserializeObject(String value, Type type)
   在 AIO.src.Json.JsonToEntity[T](String jsonString) 位置 e:\Projects\DY-3000(BX1)\DYitj\src\Json.cs:行号 26
   在 AIO.WorkThread.HandleMessage(Message msg) 位置 e:\Projects\DY-3000(BX1)\DYitj\src\WorkThread.cs:行号 498

14:42:54
Newtonsoft.Json.JsonSerializationException: Error converting value "" to type 'DyInterfaceHelper.KjService+UserLoginEntity+Obj'. ---> System.Exception: Could not cast or convert from System.String to DyInterfaceHelper.KjService+UserLoginEntity+Obj.
   在 Newtonsoft.Json.Utilities.ConvertUtils.EnsureTypeAssignable(Object value, Type initialType, Type targetType)
   在 Newtonsoft.Json.Utilities.ConvertUtils.ConvertOrCast(Object initialValue, CultureInfo culture, Type targetType)
   在 Newtonsoft.Json.Serialization.JsonSerializerInternalReader.EnsureType(Object value, CultureInfo culture, Type targetType)
   --- 内部异常堆栈跟踪的结尾 ---
   在 Newtonsoft.Json.Serialization.JsonSerializerInternalReader.EnsureType(Object value, CultureInfo culture, Type targetType)
   在 Newtonsoft.Json.Serialization.JsonSerializerInternalReader.CreateValueInternal(JsonReader reader, Type objectType, JsonContract contract, JsonProperty member, Object existingValue)
   在 Newtonsoft.Json.Serialization.JsonSerializerInternalReader.CreateValueProperty(JsonReader reader, JsonProperty property, Object target, Boolean gottenCurrentValue, Object currentValue)
   在 Newtonsoft.Json.Serialization.JsonSerializerInternalReader.SetPropertyValue(JsonProperty property, JsonReader reader, Object target)
   在 Newtonsoft.Json.Serialization.JsonSerializerInternalReader.PopulateObject(Object newObject, JsonReader reader, JsonObjectContract contract, String id)
   在 Newtonsoft.Json.Serialization.JsonSerializerInternalReader.CreateAndPopulateObject(JsonReader reader, JsonObjectContract contract, String id)
   在 Newtonsoft.Json.Serialization.JsonSerializerInternalReader.CreateObject(JsonReader reader, Type objectType, JsonContract contract, JsonProperty member, Object existingValue)
   在 Newtonsoft.Json.Serialization.JsonSerializerInternalReader.CreateValueInternal(JsonReader reader, Type objectType, JsonContract contract, JsonProperty member, Object existingValue)
   在 Newtonsoft.Json.Serialization.JsonSerializerInternalReader.CreateValueNonProperty(JsonReader reader, Type objectType, JsonContract contract)
   在 Newtonsoft.Json.Serialization.JsonSerializerInternalReader.Deserialize(JsonReader reader, Type objectType)
   在 Newtonsoft.Json.JsonSerializer.DeserializeInternal(JsonReader reader, Type objectType)
   在 Newtonsoft.Json.JsonSerializer.Deserialize(JsonReader reader, Type objectType)
   在 Newtonsoft.Json.JsonConvert.DeserializeObject(String value, Type type, JsonSerializerSettings settings)
   在 Newtonsoft.Json.JsonConvert.DeserializeObject(String value, Type type)
   在 AIO.src.Json.JsonToEntity[T](String jsonString) 位置 e:\Projects\DY-3000(BX1)\DYitj\src\Json.cs:行号 26
   在 AIO.WorkThread.HandleMessage(Message msg) 位置 e:\Projects\DY-3000(BX1)\DYitj\src\WorkThread.cs:行号 498

15:36:37
Newtonsoft.Json.JsonSerializationException: Cannot deserialize JSON object into type 'System.String'.
   在 Newtonsoft.Json.Serialization.JsonSerializerInternalReader.CreateObject(JsonReader reader, Type objectType, JsonContract contract, JsonProperty member, Object existingValue)
   在 Newtonsoft.Json.Serialization.JsonSerializerInternalReader.CreateValueInternal(JsonReader reader, Type objectType, JsonContract contract, JsonProperty member, Object existingValue)
   在 Newtonsoft.Json.Serialization.JsonSerializerInternalReader.CreateValueProperty(JsonReader reader, JsonProperty property, Object target, Boolean gottenCurrentValue, Object currentValue)
   在 Newtonsoft.Json.Serialization.JsonSerializerInternalReader.SetPropertyValue(JsonProperty property, JsonReader reader, Object target)
   在 Newtonsoft.Json.Serialization.JsonSerializerInternalReader.PopulateObject(Object newObject, JsonReader reader, JsonObjectContract contract, String id)
   在 Newtonsoft.Json.Serialization.JsonSerializerInternalReader.CreateAndPopulateObject(JsonReader reader, JsonObjectContract contract, String id)
   在 Newtonsoft.Json.Serialization.JsonSerializerInternalReader.CreateObject(JsonReader reader, Type objectType, JsonContract contract, JsonProperty member, Object existingValue)
   在 Newtonsoft.Json.Serialization.JsonSerializerInternalReader.CreateValueInternal(JsonReader reader, Type objectType, JsonContract contract, JsonProperty member, Object existingValue)
   在 Newtonsoft.Json.Serialization.JsonSerializerInternalReader.CreateValueNonProperty(JsonReader reader, Type objectType, JsonContract contract)
   在 Newtonsoft.Json.Serialization.JsonSerializerInternalReader.Deserialize(JsonReader reader, Type objectType)
   在 Newtonsoft.Json.JsonSerializer.DeserializeInternal(JsonReader reader, Type objectType)
   在 Newtonsoft.Json.JsonSerializer.Deserialize(JsonReader reader, Type objectType)
   在 Newtonsoft.Json.JsonConvert.DeserializeObject(String value, Type type, JsonSerializerSettings settings)
   在 Newtonsoft.Json.JsonConvert.DeserializeObject(String value, Type type)
   在 AIO.src.Json.JsonToEntity[T](String jsonString) 位置 e:\Projects\DY-3000(BX1)\DYitj\src\Json.cs:行号 26
   在 AIO.WorkThread.HandleMessage(Message msg) 位置 e:\Projects\DY-3000(BX1)\DYitj\src\WorkThread.cs:行号 498

