15:18:29
11549.6,11467.3,11360.1,11243,11100.2,10900.6,10630.9,10309.6,9971.8,9654.4,9392,9203.4,9085.2,9027,9036.5,9130.2,9306,9538.4,9790.1,10025,10213,10342,10420,10464.5,10487.3,10496.9,10502.4,10505.9,10505.6,10499.5,10487.6,10471.2,10452.8,10436.1,10425.3,10420.5,10418.6,10421,10429.8,10443,10458.4,10479.7,10514.1,10565.2,10630.3,10701,10772.8,10867

15:49:03
11447.5,11358.2,11248.4,11126.2,10972.6,10761,10484.4,10164.5,9836,9533.1,9287.4,9113.9,9006.2,8956.6,8974.9,9076.1,9254.1,9481.9,9723.3,9944.4,10118.1,10233.1,10300.8,10338.6,10357.1,10365,10370.1,10374.2,10374.8,10369.6,10357.8,10341.3,10323.9,10309.5,10301.5,10299.1,10300.9,10308.6,10322.5,10340.1,10360.5,10386.5,10423,10474,10538.5,10609.2,10682.9,10784.9

15:49:03
14900,14775.5,14632,14467.3,14292.5,14128.5,13995.9,13907.5,13864.4,13862,13897.4,13970.8,14085,14236.6,14410.4,14583.1,14732.5,14845.1,14919.1,14957.7,14962.2,14920.8,14804,14571.5,14196.1,13692.5,13124,12574.3,12119.8,11802.2,11621.2,11567.4,11637.3,11843.8,12199.9,12687.8,13244.8,13787.3,14239.9,14562.9,14762.2,14866.3,14914.1,14939.1,14961.9,14992.9,15029.7,15049.6

15:49:23
11471.9,11396.3,11291.1,11174,11033.4,10841.8,10585,10275.5,9944.7,9629.2,9363.3,9166.8,9037.8,8967.1,8960.4,9033.1,9186.8,9400.7,9641.3,9872.8,10064.5,10200.2,10283.8,10331.5,10355.7,10366.1,10371.7,10376.1,10378.3,10375.6,10367.3,10353.6,10337.1,10320.8,10309,10303.5,10301.8,10305.6,10316.5,10332.9,10351.5,10373.7,10405.7,10452.4,10513.4,10581.8,10652.7,10739.8

15:49:23
14896.6,14776.2,14638.3,14479.6,14310,14147.8,14011.1,13913.6,13859.3,13846.6,13873.3,13939.6,14048.3,14196.5,14370.7,14547.8,14705.2,14826.8,14908,14950.9,14957.2,14919.7,14811.6,14594.8,14236.3,13741.5,13171.2,12612.8,12138.4,11791.5,11585.7,11513,11569.1,11762,12106.1,12588.8,13147.3,13694.4,14160.1,14505,14723.4,14842.1,14899.8,14930.7,14956.7,14989.5,15028.6,15051.8

15:49:43
11462.5,11381.9,11276.7,11160.4,11018.5,10822.7,10558.7,10242.2,9908.8,9594.5,9332.3,9141.9,9021.2,8959.9,8962.9,9046.3,9210.1,9430.2,9670,9895.7,10081.4,10210.9,10288.9,10334.6,10360,10371.3,10375.1,10376.9,10377.1,10372.5,10361.8,10347.7,10334,10321.5,10312.2,10307.6,10306.9,10309.8,10317.8,10331.5,10349.9,10374,10408.8,10458.8,10523,10593.1,10663.5,10754.3

15:49:43
14909.2,14786.8,14645.7,14482,14308,14143.6,14009,13918.2,13873,13869.1,13903,13973.2,14083.6,14233.3,14407.2,14581.1,14732.6,14846.9,14921.9,14961.1,14965.5,14927.6,14819.7,14598.8,14235.1,13739.1,13171.3,12620.1,12159.5,11830.5,11637.6,11570.3,11627,11821,12165.3,12644.7,13199.7,13742.7,14200.3,14533.7,14744.6,14858.8,14911.8,14938.6,14961,14990.8,15028,15051.8

15:50:09
11465.4,11383.9,11276.9,11156.5,11009.3,10809.1,10543,10227.9,9898.3,9589.4,9332.2,9144.6,9025.1,8965.2,8970.1,9055.2,9220.9,9442.8,9683.7,9909.2,10093.7,10222.3,10298.1,10339.3,10361.1,10371.6,10376.8,10380.6,10383.6,10382.2,10372.2,10356.5,10340.6,10326,10315,10309.7,10310.2,10315.6,10326.1,10341.8,10361,10383.8,10415.7,10463.9,10527.2,10596.8,10668.1,10762

15:55:20
11405,11305.1,11190.7,11062.3,10895,10663,10369.1,10041.8,9715.5,9425.3,9200.4,9048.7,8959.5,8929.1,8972.2,9100.4,9298.7,9534.6,9773.4,9981.8,10135.8,10232.5,10288.8,10320.6,10335.2,10341.1,10345.8,10349.5,10347.7,10338,10324,10309.5,10295.4,10283.4,10277.9,10278.7,10282.6,10290.5,10304.6,10323.6,10344.7,10371.1,10411.4,10470,10539.9,10611.4,10689.6

15:55:20
14868.8,14739.4,14591.8,14426.5,14255.5,14100.1,13979.1,13901.2,13865.8,13868.6,13908.6,13988.1,14107.5,14262.6,14438.3,14609.5,14754,14861,14929.2,14961.9,14956.7,14901.8,14766.3,14512.4,14116.5,13596.4,13023.5,12484.5,12051.5,11753.7,11591.6,11557.1,11648.7,11879.1,12259.9,12769.5,13334.6,13867.9,14297.6,14597.9,14778.4,14868.5,14910.6,14936,14963.2,14999.4,15037.1,15047

15:56:08
11467.4,11402.8,11303.4,11191.9,11061,10882,10635.7,10332.9,10003.8,9681.4,9402.3,9193.1,9054.7,8974.5,8954.7,9011.8,9152.3,9356.7,9593.5,9829.7,10031.7,10177.5,10268.7,10323.1,10352.1,10363.2,10366.8,10370.3,10372.7,10369.6,10361.3,10349.2,10334.4,10318.2,10303.5,10294.1,10289.7,10289.8,10296.3,10310,10327.9,10349.5,10379.6,10422.7,10481.7,10550.1,10618.8,10698.9

15:58:21
11448.5,11378.5,11274.5,11156.9,11019.8,10836.1,10585.7,10278.8,9948.9,9630.9,9358,9153.4,9019.5,8945.7,8932,8995.4,9142.9,9353.9,9592.9,9824.8,10020,10159.1,10243.6,10291.4,10317.7,10329.6,10334.2,10338.7,10343.1,10342.7,10333.8,10319.2,10304.4,10290.2,10277.5,10270.8,10270.3,10273.3,10280.9,10294.7,10313.3,10335.3,10364.5,10408.9,10471.5,10543.1,10614.8,10700.4

15:58:21
14882,14760.1,14620,14458.7,14286.9,14124.6,13991.3,13899.5,13852.2,13845.8,13876.8,13946.7,14059.5,14212.7,14390.7,14568.1,14721.5,14837.5,14912.5,14950.3,14953.7,14913.2,14796.9,14561.5,14182.1,13672.9,13098.1,12548.1,12095.5,11776.3,11596.3,11543.8,11617.6,11832.3,12196.4,12690.8,13251.4,13789,14233.5,14553.2,14749.8,14853.1,14902,14928.2,14952.6,14984.4,15020.1,15037.5

15:58:40
11445.8,11373.6,11270,11154,11017.4,10834.9,10586.4,10279.1,9946.4,9626.4,9353.6,9148.6,9014.2,8942,8931.7,8997.6,9146.4,9359.4,9600.2,9830.8,10023.2,10161.8,10246.8,10294,10320.3,10334.3,10340.4,10342.8,10343.9,10342,10332.2,10315.9,10301.1,10289.9,10279.9,10273.2,10271.8,10274.9,10281.3,10292.2,10309.2,10331.8,10361.7,10406.4,10470.1,10543.6,10616.5,10702

15:58:40
14921.1,14801.7,14668,14512.4,14340.4,14171.4,14025.5,13919.7,13859.8,13842.3,13863.8,13923.4,14022.6,14162.3,14332.2,14509.4,14670.8,14798.3,14886,14937,14954.1,14930.6,14841.7,14647.3,14314.9,13843.7,13282.2,12720,12233,11870.8,11648.8,11557.6,11592.5,11760.2,12074.3,12528.5,13074.2,13624.1,14103.7,14465.6,14699.4,14829.3,14890.2,14919,14939.5,14965.3,14999.9,15027.5

15:58:59
11426.8,11340.4,11231.4,11110.5,10962.7,10758.8,10486.7,10166.5,9834.4,9525.9,9272.7,9090.6,8976.6,8923.6,8936.9,9032.2,9207.4,9434.4,9675.4,9897.2,10073.7,10194.3,10266.4,10307.1,10329,10339,10342.6,10343.6,10342.3,10335.9,10322.6,10305.8,10290.3,10276.4,10266.5,10263,10264.6,10270.2,10280.5,10295.8,10315.4,10339.9,10375.4,10428.9,10497.4,10569,10641.3,10740.6

16:33:34
11147.4,11059.9,10950.4,10830.8,10683,10480,10212.7,9899.9,9573.2,9267.3,9016.6,8837.2,8723.6,8667.8,8679.6,8772.5,8940.6,9159.2,9394.5,9612.8,9784.7,9900.3,9970.7,10010.9,10030.8,10039.7,10047.5,10054.1,10056,10052.5,10044.2,10031.2,10015.2,10002,9994.4,9991.3,9991.4,9996.7,10009.3,10026.5,10046.5,10073,10111.3,10165.4,10233.7,10309,10385,10481.7

16:33:34
14579.6,14452.8,14306.8,14142.8,13975.2,13823.6,13705.4,13628,13592.3,13597.1,13639.3,13720.1,13842.2,14002,14181.6,14356,14503.7,14614.2,14684.9,14717,14711.6,14657.1,14521.4,14265.3,13866.7,13346.8,12776.9,12244.6,11820.7,11533.3,11379.6,11350.8,11447.5,11682.9,12066.9,12575.8,13136.8,13662,14081.2,14369.8,14540.7,14625.3,14663.8,14687.5,14713.9,14749,14786.3,14796.5

16:33:51
11131.2,11036.7,10927.6,10805.2,10644.4,10419.4,10131.9,9809.3,9485.1,9194.1,8966.9,8812,8717.4,8679.8,8712.9,8829.5,9015.7,9241.3,9474.6,9682.8,9840.2,9941.9,10003.5,10037.9,10052.4,10056.5,10059.8,10063.9,10063.7,10058.4,10050.1,10038.8,10025.6,10014,10006.8,10003.3,10002.8,10008.3,10023,10044.3,10069.3,10100.9,10143.9,10201.3,10270.1,10341.9,10417.1

16:33:51
14556.9,14425.3,14273.9,14107.4,13941.3,13795,13685.2,13618,13592.4,13604.6,13654.5,13745.2,13877.5,14044,14224.8,14395.2,14534.4,14633.7,14693.5,14717.8,14704,14635.6,14476.6,14188.7,13758.7,13218.2,12647.7,12132.4,11732.5,11468.5,11339.1,11336,11461.3,11731.9,12150.2,12681.3,13243.4,13751.3,14147,14414.5,14567.9,14642,14677.6,14700.6,14727.7,14764.5,14799.1

16:34:07
11128.7,11039.1,10931.5,10811.8,10659.3,10446.6,10169.5,9851,9523.7,9224,8985,8818.6,8715.6,8668.6,8688.5,8790.6,8966.7,9188.9,9424.6,9639.3,9804.4,9914,9981,10019.5,10037.4,10043.4,10047.2,10050.3,10049.6,10045.7,10040.6,10031,10016.8,10003,9993.2,9987.4,9985.7,9990.6,10003,10020.3,10040.8,10068.9,10109.2,10164.2,10231.9,10304.1,10376.8,10476.9

16:34:07
14616.4,14496.1,14360.3,14204.8,14036.7,13872.4,13731.6,13631.8,13577.2,13564.8,13591.4,13654.8,13756.3,13896.4,14065.6,14243.3,14406.4,14534.8,14622.6,14672.7,14687.2,14660.9,14568.1,14369.2,14034.1,13561.5,13000.9,12441.3,11963.2,11613.1,11399.6,11313.5,11351.1,11521.9,11839.5,12297.5,12845.5,13396.5,13871.2,14224.1,14449.9,14572.1,14628.5,14655.7,14676.9,14706.3,14745.2,14773.7

16:34:25
11120.6,11026.2,10916.3,10789.3,10624.6,10401.3,10117.8,9796.7,9472.4,9180.9,8951.4,8792.4,8696.7,8661.7,8697.6,8813.7,9000.1,9230.3,9466.5,9674.6,9831.4,9931.9,9989.3,10019.5,10034.6,10043.5,10050,10052.8,10053,10049.2,10038.9,10024.6,10008.7,9993.4,9981.3,9974.9,9975.7,9984,9997.2,10012.9,10033.1,10061,10103.2,10164.3,10238,10311.8,10389.1

16:34:25
14515,14382.4,14228.1,14058.4,13892.8,13751.9,13649.7,13591,13572.9,13591.5,13647.9,13744.9,13883.3,14053.2,14231.4,14394.8,14527.4,14621.7,14677.4,14696.9,14675.1,14594.2,14416.9,14107,13658.7,13110.4,12542.2,12034.8,11647,11401.4,11291.4,11305.4,11448.5,11737.9,12172.2,12711.1,13272.6,13775,14160.2,14410.7,14549.3,14615.7,14649,14673.5,14702.5,14738.4,14768.6

16:34:42
11130.4,11040.6,10932.8,10811.2,10657.7,10447.8,10173.1,9854.7,9528.1,9228.5,8986.8,8815.2,8708.4,8662.9,8685.8,8789.6,8969.1,9195.7,9431.2,9643.9,9809.5,9918.9,9983.9,10021.1,10040.6,10048.6,10051.7,10054.1,10055.6,10051.3,10040.3,10027.7,10014.8,9999.9,9986.2,9979.5,9979.7,9983.9,9992.7,10008.3,10029.6,10055.4,10092.7,10150.1,10224.3,10300.2,10376,10486.2

16:34:42
14588.6,14470.9,14333.5,14172.8,13999.6,13835.9,13702.8,13611.7,13565.4,13561.6,13595.7,13666.7,13778.9,13930.8,14107.7,14285.3,14440.7,14560.4,14640,14680.6,14685,14645.8,14536.7,14313.6,13951.4,13458.2,12889.5,12340,11883.6,11561.9,11379.2,11321.9,11386,11585.5,11928.8,12403,12954.9,13492.4,13943.5,14269.9,14473.1,14582.1,14631.8,14655.6,14675.9,14705.4,14743.1,14768.1

16:34:59
11155.3,11086.6,10986.4,10872.9,10738,10557.3,10312.3,10010.9,9684.5,9370.5,9101,8896.8,8761.8,8687.2,8672.8,8732,8872.1,9076.5,9310.5,9538.1,9732.2,9874.3,9961.6,10009.6,10035.1,10046.8,10050.3,10051.4,10053.9,10055.3,10049.5,10037.2,10024,10010.2,9995.1,9983.5,9979.2,9981.2,9988.1,10001.3,10021.1,10046.2,10078.3,10125.1,10189.7,10262.2,10333.5,10418.8

16:34:59
14512.8,14383.6,14234.9,14070.4,13905.1,13757.7,13646.2,13577.9,13552.2,13566.2,13617.3,13708,13841.1,14008.1,14189.2,14360,14499,14598,14656.7,14679.3,14664.6,14597.3,14442,14162.3,13739.1,13199.7,12625.9,12102.3,11696.1,11430.5,11297.5,11288.5,11408.6,11671.5,12083.2,12612,13175.5,13689.3,14089.5,14358.1,14515.9,14596.4,14636.2,14662.4,14691.8,14728.9,14763.1

16:35:16
11117.2,11024.8,10916.9,10792.6,10630.4,10406.1,10117.5,9791.4,9466.5,9178.5,8952.3,8796.1,8703.1,8668.9,8703.1,8818.1,9005.6,9234.9,9467.4,9672.4,9829.7,9932.4,9991.4,10022.8,10039.2,10047.1,10050.4,10052.6,10053.6,10049,10036.9,10021.2,10005.1,9989.3,9976.3,9969.7,9969.1,9973,9982.7,9998.7,10021,10051.4,10096.8,10161.7,10237.1,10310.1,10386

16:35:16
14519.5,14391.6,14242.3,14074.7,13904.9,13755.2,13644.1,13579.1,13558.5,13578,13635.3,13730.7,13864.4,14030.1,14209.3,14377.4,14514.3,14611.5,14669.2,14690,14670.5,14589.8,14410.4,14102.3,13656.8,13108.7,12543.7,12045.8,11668.5,11428.5,11319.6,11336.7,11485.7,11775.1,12205.4,12740.1,13293.2,13781.6,14154.7,14402.1,14543.5,14612.1,14644.4,14665.8,14690.1,14722.1,14753

16:35:35
11149.7,11075.4,10972.6,10857.3,10719.4,10531.1,10275.5,9966,9636.6,9324.7,9063.3,8870.8,8746.4,8680,8674.5,8745.7,8897.5,9108.5,9343.3,9568.3,9755.2,9887.9,9969.2,10015.8,10040.4,10049.7,10052.6,10054.5,10055.9,10052.9,10043.9,10032,10018.7,10003.5,9989.2,9980.2,9975.5,9974.8,9980.9,9995.4,10015,10038.2,10071,10121.5,10188.6,10261.8,10334.8,10425.7

16:35:35
14513.4,14385.2,14234.8,14066,13898,13750.7,13639.5,13573.2,13550.9,13568.7,13624.5,13720.3,13858.3,14028.7,14208.5,14374.3,14508.4,14603,14660,14683.2,14668,14595.3,14428.6,14130.4,13689.2,13142.9,12574.9,12068.9,11681.8,11433.8,11320.1,11329.9,11465.5,11741.9,12163.7,12692.8,13247.2,13745.7,14132.5,14390.3,14536.4,14605.9,14637.4,14659.5,14687.2,14724.5,14758.1

16:35:53
11151.5,11059.4,10948.9,10824.6,10667.8,10453.9,10176.6,9858.4,9534.4,9240.1,9004.6,8838.1,8734.9,8690.6,8715.2,8820.7,9000.8,9228.7,9466,9679,9843.4,9952.2,10015.8,10049.5,10065.8,10073.7,10078.1,10079.8,10080.4,10077.8,10067.5,10051.4,10034.3,10019.5,10009,10002.8,10002.7,10009.7,10021.4,10037,10058.4,10087.6,10128.5,10185.5,10255.5,10329.2,10407.2,10522.3

16:35:53
14643.4,14525.3,14392.2,14239.1,14071.5,13906.7,13765.2,13662,13602.2,13584.6,13606,13664.5,13761.4,13897.8,14065.7,14243.6,14407.9,14540.8,14635.4,14691.9,14713.1,14696.5,14622.9,14456,14167.2,13734.2,13186.8,12619.4,12117,11734.4,11488.2,11374,11382.7,11517.3,11786.6,12204.6,12740.3,13299.5,13797.3,14179.7,14433.4,14575,14640.9,14671.4,14692.3,14719.6,14756.6,14787.6

16:36:11
11128.2,11030.8,10921.3,10793.8,10623.6,10389.8,10096.3,9770.6,9448,9166.6,8951.7,8805.6,8718.5,8692.2,8739.5,8866.7,9060.7,9292.4,9525.1,9725.2,9873.6,9970.1,10026.8,10055.1,10066.5,10072,10074.7,10074.6,10073.5,10070,10060.7,10047.2,10033.7,10021.7,10011.2,10004.2,10003.8,10009.9,10021.2,10038,10061.9,10094.5,10139.5,10201.2,10274.3,10346.8,10426.9

16:36:11
14539.3,14410.2,14262.1,14097,13931.2,13784.7,13674.4,13608.3,13585,13601.1,13655,13748.2,13882.8,14051.7,14233,14402,14538.3,14633.2,14687.5,14705.9,14686.2,14610.1,14438.4,14131.9,13684.3,13133.9,12563.4,12056.5,11673.6,11431.8,11321.4,11336.3,11481.1,11771.7,12205.3,12741.6,13299.1,13795.3,14173.1,14421.2,14562.8,14630.8,14664.7,14690,14719.4,14755.7,14786

16:36:29
11168.1,11092,10990.2,10878.2,10741.7,10553.9,10300.6,9993.7,9665,9350.9,9087.8,8894.3,8766.1,8696.1,8690.7,8762.9,8913.6,9123.3,9359.5,9586,9771.6,9902.8,9985.9,10033.9,10056.4,10064.2,10068,10070.3,10069.7,10066.8,10060.5,10049.1,10034.2,10020.2,10009.6,10001.5,9996.4,9997.2,10004.7,10018.1,10037.2,10064,10100.8,10151.3,10217,10290.6,10363.9,10453.6

16:36:29
14607.6,14482.8,14339.9,14177.8,14008.6,13851.2,13724.2,13637.9,13594.1,13590,13624.2,13698.4,13815.3,13971.1,14149.6,14326.3,14477.9,14591.8,14665.6,14701.6,14701.1,14655.4,14535.4,14301.4,13922.6,13412.8,12840.8,12292.7,11844,11535.7,11366.1,11318.2,11393.2,11605.1,11969.1,12466.8,13028.4,13567.5,14009.2,14316.7,14501.9,14601.4,14650.2,14678.5,14706.2,14740.8,14777.9,14791.9

16:36:46
11168.3,11091,10988.7,10874.4,10733.4,10540.2,10282.3,9972.8,9644.7,9334.9,9076.7,8886.9,8763.6,8699.4,8698.8,8775.2,8929.6,9142,9377.4,9600.7,9784.3,9913.8,9992.6,10035.7,10057.1,10066.4,10070.4,10071.5,10072.1,10071,10063.6,10051,10037.7,10024.5,10010.4,9998.3,9992.9,9995.6,10003.7,10016.7,10037.1,10064.4,10099.7,10150.4,10219.2,10295.5,10369.4,10460.3

16:36:46
14531.6,14401.1,14251.2,14084.7,13919.1,13773.4,13665.7,13604.6,13586.6,13606.4,13663.2,13759.2,13896.6,14067.5,14248.6,14415.6,14548.1,14637.1,14687.3,14704,14682.3,14601.2,14418.5,14094.7,13628.6,13069.7,12502.9,12008.2,11640.5,11414.8,11318.9,11345.4,11504,11812.8,12265.2,12810.8,13365.9,13851.7,14216.5,14450.4,14579.8,14641.8,14672.9,14696.5,14724.6,14760.4,14788.2

16:37:04
11140.1,11044.7,10936.4,10813.8,10651.8,10427.2,10140.3,9816,9489.9,9199.8,8973.8,8818.7,8724.7,8689.1,8724.7,8840.7,9026.8,9255.2,9489,9694,9848.7,9950.5,10011.6,10044.5,10059.1,10066.5,10071,10071.5,10069.8,10066.1,10058,10044.5,10029.4,10017.1,10007.3,9999.9,9997.2,10002.4,10014.6,10031.3,10054.2,10086.4,10131.3,10191.6,10263.8,10337.8,10416.3

16:37:04
14562.8,14436.9,14292.2,14128,13958.6,13805.9,13688.7,13615.2,13585.8,13597.5,13647.5,13735.1,13861.2,14021.9,14199,14368.5,14509.8,14613.5,14678.2,14705.9,14695.2,14631,14477.2,14195.5,13771.6,13236,12668.5,12153.7,11750.6,11481.9,11346.6,11336.7,11454.2,11713.9,12120.1,12640.1,13195.3,13701.9,14103.4,14380.5,14543.5,14622.9,14658.9,14680.8,14705.6,14740.7,14776.1

16:37:21
11107.2,11014.7,10906.2,10781.7,10620.6,10400.9,10118.5,9796,9470.3,9179,8948.9,8788.4,8692.1,8657.2,8692.6,8806.9,8991.1,9218.3,9451.1,9657,9815.9,9923.1,9987.1,10020.1,10034.2,10039.6,10040.9,10039.9,10039.7,10038.1,10029.9,10015.4,9999.8,9984.7,9971.8,9964,9963.6,9970.6,9981.9,9996.9,10018.4,10047.9,10089.3,10149.6,10223.8,10298.4,10373.3

16:37:21
14487.3,14352.8,14198.4,14029.1,13865.5,13726.7,13626,13567.5,13550.9,13574.3,13636.2,13737.5,13879.4,14052.1,14229.3,14387.8,14512.6,14599.8,14650.8,14667.3,14643.5,14556.5,14363.6,14028.7,13554.7,12994.6,12438,11963.1,11614,11398,11307.6,11337.2,11497.7,11809.6,12265.7,12812.9,13362.3,13834.6,14186.5,14414.5,14540.6,14601.1,14632.3,14655.7,14683.7,14718.6,14744.4

16:37:40
11113.5,11014.4,10903,10771.2,10595,10357.2,10062.4,9737.5,9419.3,9144.3,8934.9,8792.6,8709.3,8687.5,8740,8871.5,9068.2,9301,9532,9727.9,9871.6,9963.8,10016.4,10041.7,10051.4,10056.8,10060.6,10062.1,10062.3,10059.3,10049.2,10033.4,10017.3,10003.6,9993.3,9988.5,9991.8,10002.5,10018.2,10038,10063.2,10096.3,10141.9,10204.2,10278,10351.7,10432.1

16:37:40
14570.3,14442.8,14298.6,14136.5,13969,13816.3,13696.5,13619.4,13584.5,13589.2,13631.1,13711.2,13831.9,13989.3,14167.1,14341.2,14488.7,14597.8,14667.6,14700.6,14698.5,14650.2,14523.7,14284,13901.8,13388.3,12816.8,12276.1,11832.7,11518.6,11341.9,11296.1,11378.6,11595.8,11963.6,12466.4,13029.1,13562.4,14000,14313.4,14503.8,14599.6,14643.7,14669.8,14696.6,14731.9,14769.7,14783.8

16:39:03
11153.8,11077.7,10974.4,10859.7,10720.4,10529.9,10274.4,9968.5,9642.8,9331.3,9070,8878,8751.3,8681.8,8675.4,8746.2,8896,9104.7,9338.5,9562.5,9746.5,9876,9957,10002.3,10023.5,10032.1,10037.3,10041,10042.7,10042.5,10038,10027.3,10012,9997.2,9986.2,9979.4,9978.2,9984.3,9996.6,10013.7,10035,10062.2,10098.4,10148.4,10214.5,10288.7,10361.7,10448

16:39:03
14555.1,14426.7,14278.8,14113.4,13944.8,13793.6,13678,13604.8,13574.7,13585.8,13633.4,13718.4,13843.1,14002.8,14180.3,14351.5,14495.2,14602.3,14669.9,14698.7,14689.5,14626.6,14476,14206.4,13798.9,13274.2,12705.3,12176.4,11758.9,11480.2,11336.8,11322.2,11435.5,11684.2,12076.8,12589.8,13150,13672.6,14086.7,14369.1,14532.9,14610.6,14645.6,14667.1,14692.1,14727,14763

16:39:23
11126.1,11033.8,10926.3,10805,10647.7,10429.7,10148.2,9826.8,9501.1,9207.7,8976.4,8815.9,8717.1,8676.5,8704.7,8812.7,8992.5,9217.1,9449.7,9657.2,9816.6,9922.5,9986.3,10020.4,10035.4,10041.9,10045.4,10046.3,10046.2,10044.1,10037.2,10025.1,10011.8,10000.1,9990.3,9983.6,9982.5,9989,10001.4,10018.5,10041.7,10073.3,10116.6,10176.1,10248.9,10323.8,10400,10511.4

16:39:23
14567.1,14441.2,14295.4,14130.8,13961.2,13806.6,13686.4,13610.8,13579.6,13588.4,13634.1,13717.5,13841.1,14000.1,14177.3,14349.6,14495.6,14603.7,14672.2,14704,14697.4,14638.2,14491.6,14220.4,13805.7,13273,12703.7,12179.4,11761.4,11479.4,11333.8,11315.2,11423,11670.1,12065.5,12582.6,13140.4,13657.1,14072.9,14360.8,14529.6,14611.4,14648.4,14670.5,14695.3,14729.5,14765.3,14772.3

16:41:06
11146.6,11071.9,10967.2,10851.3,10713.8,10529.1,10280.9,9978.9,9652.9,9338.7,9070.8,8870.3,8737.2,8662.9,8650.5,8713.9,8856.9,9062.2,9296.9,9523.9,9712.6,9847.6,9931.2,9977.5,10000.7,10011.2,10018,10022.8,10025.1,10025.5,10020.7,10008.6,9993.1,9978.6,9967.2,9960.4,9958.9,9964.5,9976.7,9992.8,10012.8,10038.7,10072.9,10121.1,10186.2,10260.4,10334.4,10422.2

16:41:06
14607.6,14488.8,14356.1,14202,14033.5,13870.3,13733.3,13636.8,13585.6,13576.3,13604.6,13668,13769.1,13910.9,14082.9,14261.9,14424.2,14552.5,14639.8,14687.7,14700.2,14670.8,14577.7,14384,14055.7,13589.4,13032,12471.9,11987.5,11628.2,11407.6,11314.3,11343.3,11504.5,11813.3,12265.2,12811.1,13362.4,13840.5,14197.7,14425.2,14551.4,14612.3,14641.3,14663.5,14692.6,14730.5,14761.1

16:41:28
11124.2,11040.3,10933.4,10817.5,10675.4,10479.7,10219.4,9909.2,9580.1,9269.1,9011.8,8825.4,8704.4,8641.7,8645.6,8729.3,8889.4,9104.3,9341,9562.9,9740.6,9863.5,9940,9984.1,10005.8,10015.6,10022.7,10027.4,10027.3,10023.5,10016.4,10003.4,9986.8,9972.3,9963,9957,9952.7,9954.2,9963.9,9979,9997.8,10024.8,10064.7,10119.4,10188.1,10263.5,10339.6,10433.7

16:41:28
14554.5,14428.5,14283.9,14121.2,13953.3,13799.9,13677.9,13597.3,13561.3,13566.6,13610.8,13694.7,13820.9,13983.5,14164,14338,14484.8,14593.1,14659.9,14689.5,14682.5,14623.2,14475.5,14200,13780.7,13246.2,12674.7,12153,11742.5,11466.7,11326.2,11313.4,11428.8,11687.9,12093.9,12615.1,13173.3,13683,14085.8,14363.4,14525.8,14605.7,14643.8,14666.9,14691.9,14725,14757.9

16:41:49
11142.1,11063.8,10959,10843.3,10703.4,10511,10252.7,9943.4,9616.2,9305.6,9045.1,8854.1,8730,8663.1,8659.3,8733.4,8886.2,9096.1,9329.4,9553,9736.9,9866.6,9946.6,9992.3,10014.5,10021.8,10025.4,10029.4,10032.1,10030.8,10025.3,10014.7,9999.3,9983.7,9971.2,9962.8,9957.2,9957,9965,9980.2,10000.2,10026.1,10063.1,10114.5,10180.1,10253.6,10328.6,10422.6

16:41:49
14609.4,14492.8,14363.2,14212.7,14045.8,13882,13742.8,13644,13587.6,13572.4,13597.7,13661.5,13764.9,13908.9,14083.7,14264.7,14426,14550.8,14636.7,14685.6,14698.6,14668.7,14572.2,14369.2,14025.3,13540.9,12971.8,12410.3,11936.4,11592.5,11386.7,11311.1,11357.4,11535.6,11862.1,12330.3,12883.7,13431.2,13895.1,14236.1,14452.4,14569.7,14627.6,14658.9,14684.8,14716.7,14754.5,14778.8

16:42:08
11119.7,11026.9,10916.4,10793,10636.7,10422,10144.3,9825.9,9500.3,9203.5,8966.3,8800.2,8697.2,8652.7,8677.4,8783.8,8964.1,9191.3,9429.5,9644.3,9810.5,9920.6,9985.7,10020.9,10037.2,10044.9,10051.1,10055.5,10056.6,10053.4,10043.7,10027.1,10008.1,9992.6,9982.6,9976,9973.4,9978.7,9991.3,10007.8,10028.1,10057,10098.7,10154.9,10224,10298.9,10378.5,10492.6

16:46:17
14608.5,14488.1,14353,14199.6,14034.2,13873.1,13734.6,13635.1,13579.7,13566.7,13592.8,13654.7,13755.7,13897.5,14070.8,14252.8,14417.4,14544.1,14628.8,14675,14685.8,14658.6,14567.1,14366.3,14026.9,13552.1,12990.3,12428.4,11946.6,11594.4,11381.7,11297.2,11335.8,11510.1,11832.6,12295.2,12848.2,13402.5,13876.1,14223.4,14443.8,14564.2,14622.1,14652.2,14675.5,14704.8,14742.3,14769.2

16:47:39
11116.5,11046.5,10946.3,10835.9,10704.7,10526,10281.8,9981.3,9655.5,9339.2,9066.4,8860.6,8724.2,8646.6,8630.2,8687.9,8824.8,9023.8,9253.3,9479.9,9672.1,9810.4,9896.5,9947,9974,9985.4,9990.1,9993,9994.5,9993.6,9989.9,9980.9,9966.3,9951.8,9942,9936,9931.5,9930.7,9937.7,9952.9,9973.7,10000.7,10038,10088,10151.5,10224.4,10298.6,10382.4

16:47:39
14608.7,14489.6,14357.6,14205.5,14036.9,13870.8,13729.5,13630.2,13577.6,13565.3,13588.8,13650,13750.5,13889.6,14058.4,14235.2,14397.3,14526.4,14616,14667.6,14683.2,14657.8,14571.4,14386.2,14067.2,13609.3,13055.1,12491.9,12001.5,11632.7,11401.1,11301.3,11324.1,11477.7,11778.7,12221.9,12763,13317.3,13804.3,14176.1,14418.3,14549.4,14610.4,14640.4,14663.5,14693.3,14730.7,14759.7

16:47:55
11101.6,11015.3,10907.7,10789.6,10643.3,10441.1,10174.1,9860.8,9535.5,9233.9,8987.1,8808.6,8693.6,8636.3,8645.7,8735.7,8901.3,9117.9,9351.6,9569.5,9744.1,9863.1,9932.8,9969.2,9986.4,9994.7,10001,10005.3,10006.8,10005.2,9998.5,9985.7,9969.6,9955,9943.2,9935.7,9934.4,9941.1,9953.9,9969.9,9990.8,10019.7,10060.4,10114.8,10182.2,10255.9,10332,10434

16:47:55
14499.5,14368.6,14219.2,14054.3,13890.7,13747.9,13641.7,13579,13559.3,13580,13639.7,13738.3,13875.5,14044.8,14225.4,14392.4,14524.8,14614.6,14665.4,14683.3,14666.1,14592,14417.6,14106.4,13654.5,13102.7,12535.9,12035.2,11658.2,11424.6,11323.4,11344.1,11493.8,11787.8,12223,12760,13315.6,13808.1,14181,14420.8,14553.9,14619,14652.2,14675,14700,14732,14762.2

16:48:12
11101.4,11032.8,10931.4,10814.6,10674.4,10487.6,10240.4,9940.4,9614.5,9297.2,9027.8,8832,8708.2,8640.7,8630.5,8694.6,8838.5,9045.1,9281.3,9509.8,9696.4,9825.5,9906,9956.9,9986.8,9998.5,10001.1,10002.7,10005.5,10007,10004.1,9994.5,9977.7,9959.4,9947.3,9943.6,9942.9,9942.2,9946.6,9961.4,9985.5,10015.9,10054.9,10105.2,10167.3,10238.2,10313.1,10405.6

16:48:12
14485.7,14360.4,14207.7,14033.1,13862.4,13719.7,13619,13559.9,13535.4,13545.5,13595.5,13690.6,13830.6,14002,14179.6,14342.9,14479.9,14584.6,14652.1,14677.7,14657.3,14579.9,14413,14119.1,13682.6,13136.1,12563,12051.7,11668,11426.1,11313.1,11318.6,11450.2,11731.7,12165.9,12708.2,13269.9,13767.1,14144.7,14396.8,14544.9,14618.1,14651.7,14670.5,14694.7,14732.5,14771.3

