14:16:13
System.Threading.ThreadInterruptedException: 线程已从等待状态中断。
   在 System.Threading.WaitHandle.WaitOneNative(SafeHandle waitableSafeHandle, UInt32 millisecondsTimeout, Boolean hasThreadAffinity, Boolean exitContext)
   在 System.Threading.WaitHandle.InternalWaitOne(SafeHandle waitableSafeHandle, Int64 millisecondsTimeout, Boolean hasThreadAffinity, Boolean exitContext)
   在 System.Threading.WaitHandle.WaitOne(TimeSpan timeout, Boolean exitContext)
   在 System.Windows.Threading.DispatcherOperation.DispatcherOperationEvent.WaitOne()
   在 System.Windows.Threading.DispatcherOperation.Wait(TimeSpan timeout)
   在 System.Windows.Threading.Dispatcher.InvokeImpl(DispatcherPriority priority, TimeSpan timeout, Delegate method, Object args, Int32 numArgs)
   在 System.Windows.Threading.Dispatcher.Invoke(Delegate method, Object[] args)
   在 AIO.GszMeasureWindow.UpdateCAMThread.HandleMessage(Message msg) 位置 C:\Users\Administrator\Desktop\DY-3000(BX1)2.5.1\DYitj\xaml\Ganshizhi\GszMeasureWindow.xaml.cs:行号 714

14:29:42
System.Threading.ThreadInterruptedException: 线程已从等待状态中断。
   在 System.Threading.WaitHandle.WaitOneNative(SafeHandle waitableSafeHandle, UInt32 millisecondsTimeout, Boolean hasThreadAffinity, Boolean exitContext)
   在 System.Threading.WaitHandle.InternalWaitOne(SafeHandle waitableSafeHandle, Int64 millisecondsTimeout, Boolean hasThreadAffinity, Boolean exitContext)
   在 System.Threading.WaitHandle.WaitOne(TimeSpan timeout, Boolean exitContext)
   在 System.Windows.Threading.DispatcherOperation.DispatcherOperationEvent.WaitOne()
   在 System.Windows.Threading.DispatcherOperation.Wait(TimeSpan timeout)
   在 System.Windows.Threading.Dispatcher.InvokeImpl(DispatcherPriority priority, TimeSpan timeout, Delegate method, Object args, Int32 numArgs)
   在 System.Windows.Threading.Dispatcher.Invoke(Delegate method, Object[] args)
   在 AIO.GszMeasureWindow.UpdateCAMThread.HandleMessage(Message msg) 位置 C:\Users\Administrator\Desktop\DY-3000(BX1)2.5.1\DYitj\xaml\Ganshizhi\GszMeasureWindow.xaml.cs:行号 718

14:43:23
System.Threading.ThreadInterruptedException: 线程已从等待状态中断。
   在 System.Threading.WaitHandle.WaitOneNative(SafeHandle waitableSafeHandle, UInt32 millisecondsTimeout, Boolean hasThreadAffinity, Boolean exitContext)
   在 System.Threading.WaitHandle.InternalWaitOne(SafeHandle waitableSafeHandle, Int64 millisecondsTimeout, Boolean hasThreadAffinity, Boolean exitContext)
   在 System.Threading.WaitHandle.WaitOne(TimeSpan timeout, Boolean exitContext)
   在 System.Windows.Threading.DispatcherOperation.DispatcherOperationEvent.WaitOne()
   在 System.Windows.Threading.DispatcherOperation.Wait(TimeSpan timeout)
   在 System.Windows.Threading.Dispatcher.InvokeImpl(DispatcherPriority priority, TimeSpan timeout, Delegate method, Object args, Int32 numArgs)
   在 System.Windows.Threading.Dispatcher.Invoke(Delegate method, Object[] args)
   在 AIO.GszMeasureWindow.UpdateCAMThread.HandleMessage(Message msg) 位置 C:\Users\Administrator\Desktop\DY-3000(BX1)2.5.1\DYitj\xaml\Ganshizhi\GszMeasureWindow.xaml.cs:行号 718

15:54:49
System.Threading.ThreadInterruptedException: 线程已从等待状态中断。
   在 System.Threading.WaitHandle.WaitOneNative(SafeHandle waitableSafeHandle, UInt32 millisecondsTimeout, Boolean hasThreadAffinity, Boolean exitContext)
   在 System.Threading.WaitHandle.InternalWaitOne(SafeHandle waitableSafeHandle, Int64 millisecondsTimeout, Boolean hasThreadAffinity, Boolean exitContext)
   在 System.Threading.WaitHandle.WaitOne(TimeSpan timeout, Boolean exitContext)
   在 System.Windows.Threading.DispatcherOperation.DispatcherOperationEvent.WaitOne()
   在 System.Windows.Threading.DispatcherOperation.Wait(TimeSpan timeout)
   在 System.Windows.Threading.Dispatcher.InvokeImpl(DispatcherPriority priority, TimeSpan timeout, Delegate method, Object args, Int32 numArgs)
   在 System.Windows.Threading.Dispatcher.Invoke(Delegate method, Object[] args)
   在 AIO.GszMeasureWindow.UpdateCAMThread.HandleMessage(Message msg) 位置 C:\Users\Administrator\Desktop\DY-3000(BX1)2.5.1\DYitj\xaml\Ganshizhi\GszMeasureWindow.xaml.cs:行号 726

16:06:40
System.Threading.ThreadInterruptedException: 线程已从等待状态中断。
   在 System.Threading.WaitHandle.WaitOneNative(SafeHandle waitableSafeHandle, UInt32 millisecondsTimeout, Boolean hasThreadAffinity, Boolean exitContext)
   在 System.Threading.WaitHandle.InternalWaitOne(SafeHandle waitableSafeHandle, Int64 millisecondsTimeout, Boolean hasThreadAffinity, Boolean exitContext)
   在 System.Threading.WaitHandle.WaitOne(TimeSpan timeout, Boolean exitContext)
   在 System.Windows.Threading.DispatcherOperation.DispatcherOperationEvent.WaitOne()
   在 System.Windows.Threading.DispatcherOperation.Wait(TimeSpan timeout)
   在 System.Windows.Threading.Dispatcher.InvokeImpl(DispatcherPriority priority, TimeSpan timeout, Delegate method, Object args, Int32 numArgs)
   在 System.Windows.Threading.Dispatcher.Invoke(Delegate method, Object[] args)
   在 AIO.GszMeasureWindow.UpdateCAMThread.HandleMessage(Message msg) 位置 C:\Users\Administrator\Desktop\DY-3000(BX1)2.5.1\DYitj\xaml\Ganshizhi\GszMeasureWindow.xaml.cs:行号 726

16:13:15
System.Threading.ThreadInterruptedException: 线程已从等待状态中断。
   在 System.Threading.WaitHandle.WaitOneNative(SafeHandle waitableSafeHandle, UInt32 millisecondsTimeout, Boolean hasThreadAffinity, Boolean exitContext)
   在 System.Threading.WaitHandle.InternalWaitOne(SafeHandle waitableSafeHandle, Int64 millisecondsTimeout, Boolean hasThreadAffinity, Boolean exitContext)
   在 System.Threading.WaitHandle.WaitOne(TimeSpan timeout, Boolean exitContext)
   在 System.Windows.Threading.DispatcherOperation.DispatcherOperationEvent.WaitOne()
   在 System.Windows.Threading.DispatcherOperation.Wait(TimeSpan timeout)
   在 System.Windows.Threading.Dispatcher.InvokeImpl(DispatcherPriority priority, TimeSpan timeout, Delegate method, Object args, Int32 numArgs)
   在 System.Windows.Threading.Dispatcher.Invoke(Delegate method, Object[] args)
   在 AIO.GszMeasureWindow.UpdateCAMThread.HandleMessage(Message msg) 位置 C:\Users\Administrator\Desktop\DY-3000(BX1)2.5.1\DYitj\xaml\Ganshizhi\GszMeasureWindow.xaml.cs:行号 727

16:37:27
System.Threading.ThreadInterruptedException: 线程已从等待状态中断。
   在 System.Threading.WaitHandle.WaitOneNative(SafeHandle waitableSafeHandle, UInt32 millisecondsTimeout, Boolean hasThreadAffinity, Boolean exitContext)
   在 System.Threading.WaitHandle.InternalWaitOne(SafeHandle waitableSafeHandle, Int64 millisecondsTimeout, Boolean hasThreadAffinity, Boolean exitContext)
   在 System.Threading.WaitHandle.WaitOne(TimeSpan timeout, Boolean exitContext)
   在 System.Windows.Threading.DispatcherOperation.DispatcherOperationEvent.WaitOne()
   在 System.Windows.Threading.DispatcherOperation.Wait(TimeSpan timeout)
   在 System.Windows.Threading.Dispatcher.InvokeImpl(DispatcherPriority priority, TimeSpan timeout, Delegate method, Object args, Int32 numArgs)
   在 System.Windows.Threading.Dispatcher.Invoke(Delegate method, Object[] args)
   在 AIO.GszMeasureWindow.UpdateCAMThread.HandleMessage(Message msg) 位置 C:\Users\Administrator\Desktop\DY-3000(BX1)2.5.1\DYitj\xaml\Ganshizhi\GszMeasureWindow.xaml.cs:行号 728

