14:16:11
5758|46080|2239|2757|3341|4003|4709|5436|6184|6884|7517|8102|8722|9494|10385|11226|11787|11960|11841|11617|11407|11268|11201|11168|11144|11110|11041|10899|10646|10197|9502|8689|8050|7787|7914|8367|8995|9573|9948|10132|10220|10257|10256|10245|10262|10322|10374|10386|10376|10352|10313|10274|10254|10247|10221|10187|10187|10218|10233|10228|10250|10290|10318|10346|10378|10410|10450|10543|10711|10883|10971|10990|11172|11863|13025|14179|14703|14156|12556|10588|8951|7669|6565|5502|4466|3518|2679|1967|1385|941|620|402|32502

14:16:11
5758|46080|668|756|1003|1515|2414|3726|5420|7437|9705|12000|13837|14914|15370|15438|15277|15111|14998|14915|14855|14790|14713|14616|14498|14342|14103|13801|13488|13251|13214|13386|13699|14032|14328|14568|14720|14818|14896|14955|14981|14968|14930|14877|14809|14706|14458|13924|12995|11681|10272|9327|9266|10007|11194|12443|13501|14220|14591|14737|14774|14771|14759|14750|14761|14794|14837|14880|14931|15002|15096|15177|15082|14574|13444|11738|9763|7820|5994|4424|3092|1989|1252|834|667|621|615|618|628|626|614|602|32324

14:17:41
5758|46080|2508|3084|3688|4347|5068|5816|6539|7218|7863|8464|9129|9957|10825|11526|11882|11867|11673|11470|11331|11258|11203|11170|11129|11041|10915|10740|10442|9893|9123|8376|7902|7818|8096|8648|9270|9731|10007|10175|10265|10277|10256|10237|10244|10280|10320|10360|10382|10358|10318|10292|10271|10227|10177|10155|10171|10200|10226|10269|10307|10317|10313|10316|10329|10359|10452|10620|10822|10976|11020|11077|11470|12414|13623|14510|14546|13445|11569|9721|8270|7087|5989|4929|3954|3071|2293|1647|1149|786|524|352|32410

14:17:41
5758|46080|685|833|1207|1981|3187|4747|6630|8757|10991|13078|14570|15328|15580|15515|15316|15107|14931|14800|14716|14665|14627|14581|14495|14317|14011|13611|13241|13055|13137|13456|13873|14277|14587|14760|14825|14842|14848|14857|14874|14893|14918|14934|14897|14731|14313|13497|12262|10829|9627|9134|9503|10530|11828|13051|13935|14396|14587|14650|14694|14759|14838|14894|14906|14871|14814|14782|14816|14925|15078|15157|14907|14044|12548|10572|8541|6619|4883|3485|2366|1531|996|741|629|594|598|612|613|596|579|582|32334

14:17:59
5758|46080|2259|2769|3347|4010|4751|5510|6258|6976|7606|8171|8770|9513|10371|11192|11770|11972|11882|11667|11433|11251|11154|11110|11089|11068|11029|10920|10680|10226|9507|8669|8017|7749|7897|8397|9053|9643|10012|10176|10218|10207|10198|10196|10226|10302|10388|10434|10430|10391|10320|10248|10200|10187|10201|10221|10256|10293|10286|10242|10221|10230|10245|10273|10326|10393|10481|10608|10770|10915|10962|10944|11147|11919|13158|14333|14809|14131|12422|10445|8821|7551|6448|5398|4392|3464|2652|1954|1378|932|605|399|32441

14:17:59
5758|45568|736|937|1410|2281|3558|5237|7306|9610|11872|13681|14841|15394|15481|15344|15170|15042|14963|14893|14803|14705|14599|14479|14340|14131|13832|13493|13224|13162|13322|13638|13988|14298|14545|14710|14823|14909|14972|14992|14965|14914|14865|14816|14734|14504|13960|12970|11694|10363|9369|9215|9871|11041|12331|13439|14206|14596|14751|14771|14754|14755|14769|14787|14807|14828|14859|14908|14986|15079|15151|15071|14596|13495|11832|9817|7772|5921|4317|3001|1976|1269|856|676|607|591|605|623|628|612|590|32259

14:18:30
5758|46080|2417|2977|3601|4280|4988|5728|6467|7148|7773|8354|9005|9828|10707|11452|11880|11929|11770|11554|11354|11234|11170|11137|11108|11070|11005|10846|10534|9990|9227|8446|7910|7783|8051|8598|9231|9739|10035|10170|10216|10221|10227|10235|10266|10336|10402|10407|10370|10327|10286|10254|10240|10242|10237|10220|10224|10241|10238|10226|10228|10254|10288|10328|10369|10406|10470|10591|10769|10926|10984|11028|11377|12288|13526|14513|14666|13647|11787|9907|8424|7241|6168|5121|4112|3191|2399|1743|1219|824|551|377|32290

14:18:30
5758|45568|726|923|1372|2224|3454|5055|7036|9231|11502|13474|14750|15371|15553|15470|15289|15091|14922|14786|14685|14627|14597|14564|14477|14269|13926|13510|13165|13050|13193|13543|13970|14375|14679|14830|14870|14864|14850|14843|14861|14901|14937|14932|14847|14581|14022|13043|11686|10261|9300|9211|9906|11127|12410|13453|14147|14474|14615|14672|14728|14799|14858|14886|14877|14843|14808|14806|14859|14981|15122|15120|14726|13645|11957|10020|7987|6055|4431|3113|2079|1325|870|673|606|587|590|608|613|611|606|32430

14:18:48
5758|46080|2389|2925|3518|4196|4949|5700|6416|7110|7734|8291|8901|9688|10584|11382|11869|11967|11802|11573|11376|11228|11143|11120|11120|11090|11020|10892|10615|10078|9292|8492|7943|7769|7989|8531|9175|9687|9997|10160|10219|10211|10206|10224|10273|10340|10405|10437|10411|10344|10281|10249|10226|10212|10205|10209|10233|10243|10231|10204|10191|10209|10250|10310|10357|10411|10492|10616|10780|10917|10971|10999|11296|12172|13426|14478|14733|13806|11955|10025|8519|7310|6216|5183|4200|3288|2483|1812|1281|868|573|384|32496

14:18:48
5758|45568|727|918|1350|2144|3319|4917|6857|9033|11337|13381|14750|15407|15569|15424|15188|14982|14845|14774|14749|14747|14731|14659|14507|14256|13892|13476|13155|13059|13201|13543|13955|14294|14537|14676|14725|14757|14812|14886|14956|15002|15011|14960|14830|14572|14098|13205|11948|10555|9456|9200|9795|10903|12107|13163|13931|14372|14595|14718|14803|14861|14885|14866|14821|14776|14757|14788|14871|15016|15178|15198|14840|13831|12187|10137|8103|6308|4724|3367|2263|1469|965|721|638|612|605|615|622|623|614|32350

14:19:06
5758|45568|2634|3192|3805|4484|5213|5948|6680|7393|8034|8634|9322|10155|10972|11590|11874|11835|11679|11517|11378|11275|11198|11140|11068|10977|10888|10746|10417|9815|9029|8314|7878|7827|8153|8737|9346|9800|10102|10275|10321|10289|10255|10232|10236|10286|10356|10400|10395|10373|10344|10288|10216|10155|10132|10144|10194|10259|10311|10331|10305|10276|10269|10259|10271|10343|10496|10709|10921|11053|11053|11101|11578|12623|13853|14640|14469|13127|11157|9397|8011|6846|5764|4729|3783|2926|2191|1581|1102|738|475|32309

14:19:06
5758|46080|679|763|1018|1574|2533|3856|5571|7617|9866|12059|13901|15069|15474|15477|15301|15111|14967|14885|14846|14820|14770|14674|14537|14325|14027|13682|13342|13136|13163|13398|13751|14118|14424|14603|14700|14773|14835|14905|14960|14985|14974|14921|14824|14664|14361|13777|12761|11394|10064|9279|9353|10154|11357|12549|13537|14218|14558|14733|14817|14851|14847|14822|14785|14751|14742|14772|14839|14944|15082|15192|15114|14620|13478|11754|9754|7747|5930|4363|3043|2005|1269|837|664|615|605|611|624|628|617|598|32369

14:19:24
5758|45568|2595|3153|3761|4424|5155|5904|6636|7330|7985|8595|9248|10056|10884|11532|11865|11858|11696|11522|11386|11293|11203|11133|11079|11002|10897|10737|10435|9872|9086|8346|7893|7825|8112|8674|9309|9781|10061|10231|10311|10298|10247|10217|10241|10289|10330|10377|10407|10390|10347|10307|10262|10190|10124|10121|10178|10242|10277|10302|10313|10295|10277|10270|10284|10340|10466|10673|10898|11039|11047|11069|11481|12464|13703|14585|14547|13360|11443|9595|8149|6970|5867|4802|3842|2997|2256|1631|1138|763|494|32491

14:19:24
5758|46080|665|783|1104|1735|2750|4185|6016|8136|10457|12666|14307|15201|15479|15417|15235|15072|14957|14876|14827|14784|14719|14620|14472|14256|13962|13618|13308|13148|13209|13458|13800|14138|14410|14587|14692|14783|14873|14954|14999|14999|14962|14885|14774|14602|14275|13646|12593|11277|9988|9217|9376|10269|11524|12765|13724|14333|14643|14778|14813|14795|14768|14743|14741|14761|14797|14855|14930|15023|15125|15162|14977|14295|12933|11068|9035|7117|5393|3936|2736|1743|1101|783|658|610|592|592|596|607|611|609|32403

14:19:43
5758|46080|2270|2798|3372|4010|4693|5422|6174|6899|7576|8203|8819|9527|10350|11132|11666|11867|11808|11648|11484|11355|11263|11170|11082|11013|10945|10848|10668|10293|9642|8823|8137|7797|7853|8261|8883|9505|9943|10191|10303|10315|10271|10199|10168|10214|10300|10375|10425|10440|10398|10320|10237|10174|10132|10114|10155|10230|10285|10296|10284|10267|10246|10237|10263|10323|10423|10573|10775|10958|11022|10989|11118|11774|12936|14139|14745|14255|12710|10727|9000|7680|6559|5497|4467|3532|2716|2007|1425|976|650|434|32337

14:19:43
5758|46080|674|762|1011|1562|2514|3868|5593|7629|9942|12181|13911|14962|15392|15459|15342|15197|15070|14939|14816|14707|14612|14532|14450|14334|14124|13814|13463|13193|13134|13285|13604|13988|14346|14631|14803|14891|14922|14914|14889|14857|14837|14839|14830|14756|14498|13917|12850|11459|10075|9175|9230|10071|11340|12640|13662|14302|14578|14658|14677|14697|14736|14786|14832|14866|14866|14847|14842|14878|14978|15083|14992|14474|13299|11533|9503|7509|5698|4145|2874|1884|1208|826|662|602|591|599|612|615|611|602|32334

14:19:59
5758|45568|2590|3165|3807|4512|5262|6010|6728|7386|7984|8566|9255|10109|10974|11636|11944|11906|11701|11473|11291|11194|11141|11111|11095|11056|10964|10771|10405|9789|8975|8243|7833|7822|8177|8773|9393|9838|10083|10191|10226|10227|10219|10226|10276|10342|10378|10386|10370|10330|10285|10252|10229|10211|10195|10188|10218|10245|10235|10228|10246|10269|10287|10328|10375|10420|10507|10660|10843|10960|10979|11065|11570|12640|13885|14675|14502|13193|11237|9440|8054|6912|5845|4802|3832|2968|2218|1592|1098|730|477|32445

14:40:28
5758|46080|2437|2974|3569|4237|4951|5681|6409|7134|7793|8381|9025|9811|10641|11332|11722|11776|11655|11500|11353|11236|11144|11065|10989|10911|10832|10715|10453|9945|9197|8424|7894|7734|7960|8489|9113|9627|9971|10168|10237|10218|10172|10118|10097|10144|10236|10312|10344|10336|10300|10236|10154|10088|10053|10049|10087|10159|10213|10234|10232|10222|10208|10196|10212|10274|10395|10579|10793|10949|10977|10955|11215|12056|13273|14321|14633|13790|12011|10090|8534|7285|6159|5095|4111|3222|2444|1792|1267|855|554|365|32338

14:40:28
5758|46080|665|753|1023|1604|2562|3916|5682|7723|9853|11983|13787|14873|15307|15381|15270|15114|14963|14825|14710|14613|14530|14461|14382|14259|14051|13737|13377|13115|13059|13208|13525|13904|14261|14539|14708|14794|14820|14822|14806|14788|14778|14770|14748|14661|14399|13815|12783|11392|10019|9161|9187|10001|11266|12579|13619|14247|14510|14590|14601|14614|14646|14694|14740|14768|14781|14784|14787|14826|14911|14987|14888|14374|13185|11441|9525|7540|5675|4094|2818|1864|1197|817|656|600|594|609|617|614|594|577|32425

15:04:50
5758|0|32278

15:16:56
5758|45568|2538|3092|3686|4336|5056|5799|6515|7209|7860|8457|9105|9894|10711|11363|11700|11712|11566|11390|11251|11150|11050|10969|10904|10836|10746|10600|10318|9781|9010|8257|7784|7695|7977|8537|9168|9657|9952|10115|10172|10144|10086|10046|10062|10123|10197|10262|10288|10262|10206|10144|10074|10015|9979|9996|10067|10125|10161|10176|10169|10148|10137|10143|10167|10233|10369|10565|10772|10902|10909|10911|11252|12173|13422|14405|14515|13455|11538|9618|8148|6966|5885|4842|3884|3038|2291|1653|1148|775|509|32380

15:16:56
5758|46080|674|804|1141|1821|2904|4351|6109|8195|10447|12587|14211|15076|15397|15391|15222|15027|14841|14686|14583|14519|14491|14470|14401|14240|13952|13563|13192|12980|13018|13288|13687|14093|14427|14646|14740|14754|14747|14742|14754|14783|14816|14831|14787|14631|14264|13526|12368|10887|9584|9045|9385|10390|11663|12868|13754|14244|14454|14526|14574|14636|14701|14759|14785|14773|14733|14698|14714|14792|14935|15044|14880|14145|12727|10797|8733|6779|5075|3645|2465|1602|1040|752|640|608|596|589|592|587|580|576|32295

15:17:23
5758|45568|2549|3119|3750|4425|5140|5866|6564|7218|7831|8434|9125|9969|10826|11485|11783|11736|11532|11320|11160|11075|11032|11001|10973|10907|10792|10606|10249|9660|8889|8177|7766|7731|8057|8621|9221|9666|9918|10049|10104|10110|10108|10109|10136|10189|10226|10236|10220|10186|10158|10136|10116|10083|10052|10043|10050|10058|10062|10074|10095|10124|10162|10192|10216|10251|10343|10507|10696|10832|10873|10967|11447|12476|13704|14505|14376|13118|11169|9387|8040|6901|5819|4783|3831|2964|2203|1581|1106|743|484|32444

15:17:23
5758|46080|652|784|1103|1749|2769|4142|5908|7996|10302|12514|14157|15082|15437|15409|15200|14976|14791|14672|14610|14589|14582|14548|14456|14255|13931|13542|13182|12985|13041|13320|13712|14101|14416|14601|14663|14676|14688|14726|14778|14829|14864|14855|14779|14584|14171|13408|12263|10887|9678|9122|9464|10494|11723|12875|13749|14235|14459|14578|14668|14741|14790|14797|14768|14721|14673|14656|14700|14824|14998|15099|14889|14116|12678|10722|8638|6728|5094|3692|2506|1606|1020|734|629|600|592|597|606|608|607|605|32294

15:17:48
5758|46080|2448|3003|3605|4279|5016|5765|6480|7143|7760|8331|8956|9753|10625|11369|11784|11826|11646|11410|11211|11075|10990|10951|10944|10922|10852|10702|10390|9822|9026|8255|7770|7676|7962|8534|9173|9655|9933|10060|10088|10065|10050|10065|10118|10205|10277|10308|10277|10207|10146|10096|10065|10056|10059|10078|10109|10131|10129|10117|10112|10117|10151|10204|10249|10300|10386|10517|10674|10799|10840|10868|11208|12127|13384|14413|14603|13562|11644|9754|8289|7109|6040|5025|4070|3171|2383|1729|1207|806|523|346|32451

15:17:48
5758|46080|694|867|1279|2057|3204|4798|6740|8899|11288|13364|14663|15283|15410|15266|15050|14874|14769|14712|14681|14646|14585|14477|14306|14055|13727|13367|13088|13022|13182|13509|13885|14207|14429|14554|14626|14690|14771|14846|14892|14899|14867|14785|14646|14405|13945|13110|11891|10494|9425|9159|9691|10801|12083|13160|13915|14354|14574|14678|14723|14734|14719|14686|14654|14639|14656|14720|14829|14972|15101|15073|14653|13624|11957|9977|8106|6362|4736|3318|2213|1433|932|701|613|586|583|592|598|595|586|580|32408

15:18:05
5758|45568|2508|3042|3643|4316|5028|5751|6479|7186|7816|8400|9060|9866|10697|11359|11703|11717|11581|11413|11255|11141|11046|10970|10909|10844|10773|10640|10338|9769|8977|8231|7765|7687|7999|8577|9201|9683|9987|10136|10158|10113|10061|10028|10049|10123|10222|10291|10298|10262|10212|10148|10061|9996|9979|9997|10056|10128|10162|10153|10132|10113|10101|10109|10148|10229|10358|10539|10735|10850|10843|10861|11280|12290|13574|14488|14470|13274|11346|9526|8108|6926|5850|4850|3905|3039|2285|1669|1171|781|512|32484

15:18:05
5758|46080|654|810|1213|1958|3081|4542|6399|8611|10865|12904|14359|15122|15398|15345|15156|14950|14771|14637|14557|14516|14500|14474|14393|14206|13889|13492|13125|12940|13012|13305|13711|14105|14418|14611|14681|14689|14684|14690|14714|14745|14781|14789|14735|14549|14104|13294|12098|10672|9492|9066|9491|10560|11862|13037|13835|14248|14446|14524|14590|14653|14710|14750|14753|14722|14673|14648|14668|14765|14929|15015|14779|13968|12480|10497|8403|6547|4938|3479|2309|1479|966|725|635|603|591|596|594|588|581|579|32328

15:18:21
5758|46080|2247|2764|3339|3991|4711|5456|6185|6875|7508|8075|8670|9417|10283|11098|11645|11813|11704|11499|11291|11125|11018|10961|10940|10920|10876|10782|10555|10081|9350|8525|7898|7649|7796|8296|8954|9519|9869|10052|10105|10068|10027|10018|10050|10124|10219|10286|10289|10233|10157|10102|10054|10017|10017|10049|10086|10113|10127|10104|10066|10054|10080|10125|10171|10238|10338|10467|10619|10751|10799|10799|11037|11844|13093|14245|14670|13945|12190|10211|8642|7408|6317|5293|4333|3428|2601|1906|1350|915|597|391|32272

15:18:21
5758|46080|629|734|1022|1604|2575|3913|5646|7687|9953|12167|13867|14878|15278|15331|15208|15045|14891|14747|14622|14520|14446|14389|14315|14184|13956|13623|13258|13000|12969|13141|13476|13873|14222|14488|14644|14722|14746|14748|14740|14722|14717|14722|14705|14619|14348|13734|12683|11297|9927|9091|9150|9987|11239|12525|13558|14185|14442|14521|14535|14550|14587|14634|14680|14704|14708|14698|14692|14729|14829|14929|14829|14297|13113|11306|9296|7315|5543|4055|2827|1859|1154|797|660|609|595|589|590|586|572|568|32439

15:18:37
5758|46080|2140|2646|3197|3813|4495|5226|5977|6691|7366|7974|8552|9238|10058|10864|11470|11742|11715|11559|11387|11234|11109|11009|10944|10898|10846|10775|10623|10263|9624|8808|8093|7701|7709|8097|8722|9346|9789|10050|10162|10147|10083|10033|10021|10063|10161|10270|10330|10322|10272|10211|10131|10043|9991|10007|10051|10096|10144|10166|10142|10097|10071|10073|10096|10151|10256|10419|10611|10781|10859|10832|10918|11505|12642|13899|14634|14315|12857|10862|9123|7782|6633|5570|4592|3674|2830|2105|1518|1054|696|453|32345

15:18:37
5758|46080|633|722|965|1490|2426|3763|5464|7423|9614|11829|13663|14852|15374|15443|15264|15028|14816|14663|14572|14532|14522|14505|14445|14289|14017|13644|13243|12972|12946|13160|13549|13984|14339|14557|14649|14666|14666|14687|14727|14776|14818|14833|14794|14659|14336|13719|12721|11413|10075|9199|9198|9991|11228|12421|13397|14061|14355|14499|14592|14670|14736|14765|14748|14704|14647|14613|14634|14728|14887|15044|15014|14492|13252|11462|9458|7507|5689|4135|2893|1891|1205|812|647|593|570|565|573|573|575|574|32397

15:18:55
5758|46080|2353|2896|3505|4180|4894|5621|6347|7023|7633|8205|8838|9635|10516|11290|11752|11831|11663|11431|11235|11111|11045|11016|11009|10977|10895|10742|10457|9946|9201|8421|7874|7704|7911|8422|9052|9562|9871|10035|10099|10101|10095|10109|10139|10191|10250|10274|10256|10212|10175|10155|10129|10104|10088|10076|10076|10084|10087|10092|10109|10129|10165|10207|10233|10268|10340|10463|10632|10788|10862|10902|11206|12075|13304|14339|14608|13720|11935|10045|8527|7316|6236|5208|4223|3303|2497|1830|1290|874|575|383|32299

15:18:55
5758|46080|640|730|986|1528|2484|3730|5331|7438|9759|11954|13742|14872|15371|15471|15329|15110|14909|14747|14631|14564|14538|14526|14478|14353|14098|13721|13320|13020|12956|13150|13533|13962|14317|14567|14691|14719|14716|14717|14740|14782|14823|14851|14827|14713|14401|13762|12705|11361|10042|9192|9231|10046|11247|12486|13500|14115|14389|14501|14569|14645|14718|14776|14798|14779|14733|14689|14689|14754|14898|15054|15015|14543|13407|11621|9559|7534|5659|4109|2876|1874|1180|809|661|612|594|588|590|590|587|584|32264

15:19:14
5758|46080|2272|2797|3397|4059|4772|5527|6273|6961|7569|8130|8745|9518|10401|11202|11704|11824|11681|11449|11234|11083|11004|10966|10958|10947|10900|10783|10521|10016|9265|8456|7865|7658|7838|8345|8996|9545|9883|10048|10102|10084|10068|10070|10103|10178|10260|10296|10272|10213|10155|10111|10076|10058|10060|10076|10096|10112|10115|10099|10078|10077|10108|10152|10194|10245|10317|10430|10589|10739|10809|10823|11049|11826|13036|14176|14638|13918|12182|10235|8648|7424|6358|5343|4358|3423|2600|1905|1339|898|584|387|32432

15:19:14
5758|46080|623|721|1001|1601|2589|3894|5565|7577|9807|11952|13691|14805|15269|15360|15232|15047|14878|14724|14603|14522|14473|14443|14398|14286|14052|13688|13280|12987|12940|13130|13495|13907|14271|14542|14690|14744|14745|14733|14727|14725|14736|14759|14748|14648|14349|13728|12680|11304|9960|9128|9200|10028|11279|12568|13552|14149|14401|14481|14519|14571|14641|14712|14760|14768|14743|14709|14693|14727|14836|14956|14887|14364|13189|11436|9363|7325|5516|3987|2758|1788|1122|767|625|583|575|577|587|596|595|591|32343

15:19:30
5758|45568|2579|3152|3772|4432|5164|5931|6670|7328|7924|8514|9184|9997|10814|11447|11750|11737|11583|11397|11231|11102|11000|10932|10888|10847|10782|10629|10284|9660|8844|8113|7695|7685|8051|8664|9304|9772|10042|10152|10151|10090|10030|10011|10056|10161|10254|10307|10306|10258|10184|10094|10027|9996|10005|10043|10091|10145|10171|10159|10114|10074|10081|10116|10169|10263|10410|10586|10748|10835|10816|10854|11336|12402|13660|14533|14439|13112|11124|9327|7932|6773|5720|4734|3805|2947|2211|1598|1104|724|461|32478

15:19:30
5758|46080|664|780|1094|1725|2774|4200|5982|8069|10335|12533|14186|15090|15417|15390|15187|14957|14773|14647|14581|14549|14524|14492|14401|14212|13913|13526|13152|12943|12981|13247|13652|14065|14383|14566|14641|14659|14671|14704|14743|14790|14829|14830|14763|14585|14206|13471|12299|10887|9658|9078|9372|10359|11636|12810|13673|14176|14407|14522|14603|14677|14732|14751|14737|14691|14640|14618|14656|14769|14938|15060|14886|14177|12798|10887|8824|6868|5133|3681|2521|1634|1039|732|615|579|575|582|594|598|590|583|32336

15:19:49
5758|46080|2330|2868|3468|4122|4817|5546|6271|6953|7580|8182|8831|9621|10488|11241|11681|11752|11599|11394|11228|11127|11071|11027|10988|10929|10833|10680|10411|9932|9210|8439|7888|7698|7876|8355|8975|9510|9843|10028|10125|10148|10130|10107|10108|10138|10176|10206|10227|10216|10194|10176|10147|10108|10056|10028|10028|10037|10064|10104|10140|10160|10180|10206|10225|10238|10297|10437|10629|10798|10880|10909|11159|11952|13140|14205|14566|13769|12008|10088|8547|7335|6239|5189|4208|3303|2509|1837|1300|886|579|381|32465

15:19:49
5758|46080|659|745|987|1523|2464|3821|5563|7564|9819|12094|13887|14956|15363|15361|15158|14932|14756|14654|14614|14595|14577|14532|14419|14215|13907|13524|13163|12957|12992|13254|13647|14032|14322|14498|14573|14607|14652|14715|14786|14841|14863|14832|14732|14541|14180|13493|12392|11052|9829|9141|9311|10161|11334|12550|13506|14089|14383|14538|14643|14719|14765|14768|14738|14692|14651|14649|14700|14820|14984|15109|14998|14353|13020|11162|9159|7287|5516|3977|2754|1808|1164|801|661|615|604|605|605|602|593|586|32337

15:20:05
5758|46080|2240|2775|3386|4050|4739|5458|6183|6859|7477|8056|8684|9461|10346|11163|11684|11817|11676|11445|11239|11097|11021|10985|10969|10939|10872|10747|10492|10013|9295|8502|7908|7680|7837|8308|8926|9469|9813|10000|10085|10098|10094|10094|10118|10169|10221|10244|10222|10182|10152|10132|10109|10096|10089|10078|10070|10071|10077|10091|10112|10123|10148|10197|10238|10267|10322|10441|10609|10774|10864|10885|11073|11792|12972|14099|14587|13993|12354|10417|8815|7556|6459|5407|4409|3474|2641|1941|1371|932|616|406|32487

15:20:05
5758|46080|671|795|1123|1797|2840|4181|5985|8072|10345|12546|14145|15086|15424|15396|15204|14985|14790|14641|14546|14496|14475|14455|14387|14227|13937|13549|13171|12955|12991|13256|13647|14047|14376|14575|14661|14687|14688|14707|14740|14778|14817|14820|14762|14584|14175|13404|12226|10824|9615|9077|9421|10440|11712|12878|13725|14203|14416|14513|14583|14656|14730|14777|14785|14759|14716|14685|14693|14775|14924|15043|14918|14281|12927|10989|8908|6964|5229|3773|2600|1678|1068|757|631|593|582|584|594|601|604|603|32276

15:20:22
5758|46080|2491|3042|3645|4302|5015|5755|6484|7169|7806|8401|9052|9840|10661|11337|11698|11727|11589|11410|11251|11141|11034|10940|10883|10838|10775|10640|10346|9788|8989|8226|7759|7684|7986|8553|9193|9697|9997|10135|10161|10123|10057|10013|10043|10129|10218|10276|10292|10268|10203|10120|10051|10007|9987|10002|10070|10143|10170|10166|10152|10129|10113|10127|10177|10262|10390|10576|10774|10888|10882|10887|11258|12222|13486|14450|14530|13430|11525|9647|8186|7004|5933|4911|3949|3083|2334|1702|1187|795|519|344|32491

15:20:22
5758|45568|672|870|1307|2134|3280|4819|6792|8964|11256|13287|14612|15263|15431|15312|15092|14877|14715|14610|14562|14552|14543|14503|14387|14155|13801|13395|13067|12948|13095|13448|13859|14227|14495|14632|14667|14672|14687|14722|14769|14817|14849|14830|14733|14485|13973|13054|11794|10415|9359|9117|9719|10868|12111|13180|13920|14298|14477|14574|14644|14711|14762|14773|14746|14694|14652|14649|14703|14833|15000|15053|14764|13858|12286|10291|8255|6377|4724|3357|2265|1449|937|711|631|603|601|606|609|610|603|32319

15:20:42
5758|46080|2134|2636|3191|3815|4526|5279|6012|6723|7385|7968|8525|9216|10076|10922|11546|11809|11753|11557|11350|11175|11045|10957|10927|10917|10879|10793|10607|10213|9527|8685|7992|7652|7708|8131|8779|9399|9812|10028|10113|10116|10063|10025|10046|10125|10224|10284|10308|10275|10197|10119|10064|10042|10024|10028|10064|10111|10133|10104|10086|10089|10092|10112|10162|10234|10313|10421|10577|10735|10811|10792|10885|11432|12521|13811|14603|14355|12959|10926|9135|7805|6692|5638|4632|3710|2871|2124|1506|1039|692|446|32415

15:20:42
5758|46080|681|827|1189|1905|2985|4422|6211|8301|10657|12834|14339|15149|15393|15285|15059|14843|14691|14609|14580|14578|14563|14503|14377|14142|13798|13405|13080|12948|13059|13379|13783|14139|14391|14532|14589|14612|14652|14721|14786|14834|14843|14803|14698|14482|14071|13288|12129|10751|9573|9112|9499|10517|11758|12893|13719|14192|14428|14556|14642|14699|14724|14714|14676|14636|14617|14637|14717|14861|15028|15098|14826|13974|12548|10570|8461|6580|4898|3484|2365|1534|990|726|626|599|597|603|610|613|611|606|32332

15:21:02
5758|46080|2277|2811|3395|4053|4775|5519|6244|6930|7568|8126|8703|9444|10317|11137|11676|11833|11708|11478|11269|11111|11013|10972|10962|10951|10895|10777|10539|10070|9347|8522|7908|7670|7805|8290|8939|9500|9838|10009|10083|10076|10047|10044|10085|10160|10229|10273|10280|10233|10159|10110|10091|10073|10052|10060|10088|10117|10124|10108|10109|10117|10135|10179|10230|10280|10342|10456|10613|10762|10841|10853|11043|11749|12938|14129|14643|14037|12368|10366|8751|7519|6431|5377|4389|3483|2656|1941|1373|945|627|411|32293

15:21:02
5758|46080|683|798|1095|1690|2688|4081|5896|8006|10277|12482|14149|15060|15364|15331|15119|14910|14783|14715|14679|14653|14611|14529|14387|14177|13883|13525|13205|13035|13085|13334|13696|14052|14320|14495|14591|14657|14729|14804|14855|14873|14856|14795|14691|14517|14166|13494|12446|11115|9831|9147|9353|10220|11423|12630|13557|14161|14487|14639|14710|14729|14719|14687|14650|14631|14638|14686|14768|14884|15026|15101|14908|14218|12863|10977|8967|7096|5406|3945|2767|1806|1126|779|637|592|579|587|598|609|611|604|32507

15:21:18
5758|45568|2509|3046|3645|4335|5077|5832|6568|7257|7863|8404|9041|9854|10703|11392|11750|11759|11603|11409|11217|11072|10978|10933|10908|10874|10821|10685|10359|9759|8933|8166|7704|7641|7964|8575|9239|9720|9997|10122|10130|10073|10024|10019|10064|10151|10248|10307|10292|10226|10157|10097|10044|10010|10017|10052|10094|10124|10124|10094|10062|10058|10083|10127|10191|10280|10400|10547|10707|10804|10789|10813|11225|12229|13538|14513|14526|13324|11374|9524|8089|6930|5880|4871|3924|3049|2289|1654|1150|768|503|32411

15:21:18
5758|46080|638|753|1074|1696|2710|4133|5944|8033|10290|12443|14028|14920|15263|15285|15159|15004|14863|14737|14622|14522|14445|14380|14297|14156|13911|13574|13228|13002|12988|13188|13552|13936|14263|14518|14664|14727|14744|14740|14717|14700|14701|14702|14678|14581|14307|13626|12458|11044|9733|9018|9200|10122|11396|12648|13622|14203|14462|14542|14557|14577|14611|14654|14690|14711|14711|14696|14699|14745|14845|14937|14812|14207|12930|11106|9095|7138|5362|3838|2605|1681|1077|760|635|607|600|602|605|595|580|567|32298

15:24:18
5758|46080|2183|2694|3249|3895|4620|5356|6084|6790|7445|8006|8559|9288|10169|11006|11585|11788|11697|11487|11271|11096|10982|10931|10919|10902|10857|10764|10549|10094|9375|8564|7924|7635|7749|8217|8859|9429|9796|9983|10051|10035|10005|9998|10024|10092|10183|10240|10238|10197|10135|10072|10024|10008|10019|10033|10056|10081|10077|10047|10020|10026|10065|10110|10162|10225|10304|10415|10562|10708|10772|10766|10954|11676|12875|14067|14627|14073|12463|10494|8849|7570|6474|5459|4476|3546|2715|2013|1431|977|647|425|32511

15:24:18
5758|45568|685|889|1324|2199|3502|5151|7130|9311|11527|13420|14639|15206|15359|15264|15085|14903|14740|14616|14533|14479|14446|14402|14304|14097|13772|13384|13061|12944|13064|13375|13780|14174|14465|14632|14700|14705|14699|14694|14697|14708|14725|14722|14655|14438|13934|12955|11619|10220|9215|9078|9715|10903|12240|13326|14036|14364|14482|14525|14565|14620|14681|14727|14739|14724|14690|14666|14692|14786|14921|14943|14599|13577|11920|9920|7886|6016|4398|3085|2059|1314|863|679|616|601|602|607|608|599|590|32341

15:24:36
5758|45568|2517|3066|3686|4377|5113|5868|6594|7263|7842|8383|9046|9876|10733|11419|11763|11755|11572|11350|11155|11026|10950|10917|10905|10881|10810|10645|10290|9676|8867|8126|7693|7659|8002|8600|9237|9693|9935|10044|10059|10026|10001|10007|10068|10150|10218|10247|10226|10159|10087|10046|10023|10013|10008|10042|10089|10091|10073|10066|10067|10064|10095|10158|10214|10275|10367|10513|10674|10772|10785|10849|11301|12340|13635|14531|14459|13206|11251|9431|8031|6887|5842|4835|3884|3013|2247|1609|1112|742|483|32364

15:24:36
5758|46080|651|796|1161|1871|3005|4516|6237|8321|10713|12810|14264|15064|15349|15317|15157|14982|14823|14681|14572|14497|14446|14398|14326|14167|13879|13510|13156|12952|12987|13245|13632|14027|14353|14574|14683|14722|14730|14721|14712|14713|14731|14740|14704|14550|14148|13348|12136|10715|9507|9029|9423|10484|11762|12935|13818|14289|14469|14523|14554|14591|14645|14692|14721|14727|14707|14686|14690|14753|14871|14949|14763|13989|12562|10630|8553|6650|4995|3585|2417|1550|999|732|635|607|599|603|603|597|592|590|32439

15:24:52
5758|46080|2424|2962|3566|4247|4975|5726|6463|7149|7757|8297|8912|9696|10555|11301|11733|11794|11645|11430|11218|11065|10972|10928|10906|10880|10830|10703|10405|9853|9077|8294|7770|7637|7890|8454|9103|9612|9913|10051|10078|10046|10025|10027|10068|10149|10233|10279|10258|10194|10130|10076|10034|10010|10015|10037|10066|10089|10088|10070|10052|10054|10096|10154|10209|10277|10373|10509|10668|10784|10809|10834|11202|12144|13409|14425|14580|13541|11671|9789|8296|7098|6039|5037|4070|3179|2403|1751|1218|814|538|361|32427

15:24:52
5758|46080|668|755|1002|1526|2446|3748|5420|7453|9744|12015|13779|14852|15316|15335|15146|14946|14805|14722|14691|14670|14626|14548|14423|14228|13945|13610|13276|13053|13054|13275|13636|13992|14270|14462|14567|14633|14700|14777|14843|14870|14861|14815|14725|14569|14280|13715|12742|11429|10079|9222|9242|10012|11197|12422|13414|14076|14432|14603|14681|14713|14712|14691|14658|14635|14637|14668|14740|14849|14985|15093|15002|14474|13336|11622|9591|7602|5793|4236|2967|1957|1238|829|661|602|588|586|594|595|591|586|32432

15:25:31
5758|45568|2597|3156|3774|4464|5216|5969|6693|7366|7961|8517|9172|9987|10817|11465|11783|11764|11581|11368|11179|11047|10948|10897|10877|10849|10781|10619|10262|9618|8786|8064|7667|7677|8061|8683|9318|9760|9997|10094|10094|10040|9992|9995|10063|10164|10246|10287|10266|10194|10115|10050|10005|9980|9988|10036|10097|10121|10103|10080|10060|10053|10082|10144|10223|10315|10437|10596|10750|10818|10794|10890|11449|12566|13836|14610|14382|13009|11003|9207|7852|6727|5681|4672|3756|2923|2181|1567|1084|729|477|32268

15:25:31
5758|45568|691|870|1280|2057|3216|4708|6552|8735|11037|13099|14539|15257|15450|15317|15080|14864|14715|14634|14600|14587|14570|14505|14363|14130|13796|13411|13092|12968|13093|13420|13820|14177|14431|14572|14624|14645|14688|14754|14819|14860|14868|14819|14700|14475|14035|13244|12058|10639|9494|9103|9521|10577|11850|12968|13776|14243|14481|14611|14695|14744|14760|14739|14697|14650|14625|14647|14727|14874|15042|15092|14782|13866|12311|10359|8353|6496|4887|3503|2383|1563|1009|735|639|608|598|599|601|600|590|32288

15:26:41
5758|45568|673|829|1184|1898|3011|4498|6319|8459|10782|12919|14450|15228|15452|15345|15113|14884|14726|14652|14628|14621|14606|14542|14399|14151|13803|13407|13083|12971|13106|13434|13839|14206|14445|14565|14621|14653|14706|14775|14843|14890|14890|14832|14707|14459|13996|13151|11926|10558|9470|9114|9599|10713|11986|13079|13858|14295|14513|14632|14705|14752|14766|14741|14701|14663|14645|14682|14772|14916|15077|15103|14763|13783|12164|10141|8135|6322|4702|3346|2253|1440|925|694|619|602|603|613|613|606|594|32509

15:30:08
5758|46080|2446|2985|3578|4249|4953|5680|6413|7112|7760|8346|8987|9761|10578|11261|11637|11691|11567|11395|11242|11136|11051|10967|10891|10823|10748|10620|10364|9867|9118|8345|7814|7656|7885|8408|9030|9555|9899|10074|10131|10114|10059|10001|9998|10067|10162|10229|10256|10254|10216|10143|10052|9981|9943|9933|9987|10068|10114|10122|10121|10116|10095|10091|10123|10192|10313|10496|10713|10855|10864|10862|11189|12103|13364|14367|14532|13525|11681|9814|8328|7107|6001|4979|4013|3137|2377|1739|1227|824|541|361|32413

15:30:08
5758|46080|671|796|1133|1780|2794|4259|6109|8205|10466|12555|14124|15044|15385|15391|15236|15048|14873|14720|14604|14533|14493|14456|14385|14236|13956|13577|13208|12983|13006|13262|13651|14064|14409|14638|14749|14772|14762|14749|14746|14755|14778|14794|14759|14614|14246|13497|12327|10920|9663|9080|9392|10382|11646|12856|13757|14250|14466|14535|14573|14627|14694|14754|14789|14793|14765|14729|14729|14796|14926|15031|14890|14199|12825|10940|8865|6877|5157|3722|2532|1639|1063|767|651|616|610|605|603|597|587|582|32334

15:30:24
5758|46080|2163|2686|3255|3910|4631|5355|6053|6738|7381|7951|8543|9302|10198|11040|11612|11792|11669|11448|11238|11084|10999|10964|10951|10921|10862|10750|10524|10093|9411|8616|7976|7669|7756|8207|8814|9357|9739|9958|10048|10058|10055|10060|10071|10106|10169|10211|10200|10157|10130|10115|10083|10059|10047|10032|10019|10023|10031|10024|10021|10044|10089|10133|10165|10196|10249|10346|10502|10671|10770|10792|10978|11675|12853|14034|14591|14073|12504|10551|8922|7659|6546|5504|4509|3576|2731|2018|1447|997|662|437|32454

15:30:24
5758|46080|619|713|987|1542|2482|3775|5460|7460|9609|11766|13612|14803|15313|15405|15247|15027|14835|14690|14593|14540|14515|14489|14430|14285|14028|13645|13236|12973|12950|13177|13563|13977|14328|14556|14652|14667|14662|14678|14712|14762|14819|14851|14817|14683|14356|13703|12647|11294|9961|9142|9213|10050|11298|12544|13505|14091|14354|14476|14551|14623|14697|14748|14762|14745|14699|14658|14657|14723|14871|15020|14980|14510|13361|11579|9523|7500|5688|4172|2892|1879|1198|803|636|582|564|568|582|589|594|598|32420

15:30:40
5758|46080|2444|2973|3546|4210|4929|5658|6380|7093|7747|8322|8953|9725|10548|11249|11641|11694|11564|11404|11264|11148|11058|10989|10922|10838|10745|10622|10369|9872|9131|8370|7843|7672|7888|8423|9050|9552|9882|10066|10127|10096|10052|10026|10026|10073|10161|10237|10258|10234|10200|10145|10061|9989|9959|9972|10013|10070|10116|10132|10118|10092|10088|10093|10112|10180|10310|10497|10708|10855|10876|10871|11177|12074|13312|14324|14542|13576|11730|9852|8372|7157|6044|5004|4052|3174|2398|1759|1250|852|560|371|32494

15:30:40
5758|46080|685|843|1249|2023|3177|4697|6599|8810|11077|13063|14434|15145|15382|15320|15152|14973|14810|14680|14586|14522|14486|14444|14353|14172|13861|13468|13127|12971|13044|13332|13742|14146|14464|14656|14738|14748|14737|14736|14740|14754|14782|14791|14737|14554|14119|13251|11960|10503|9364|9038|9534|10606|11930|13132|13941|14338|14486|14532|14566|14615|14684|14749|14789|14792|14768|14739|14741|14811|14937|14993|14751|13914|12441|10565|8534|6582|4884|3461|2298|1443|927|694|612|593|595|608|612|605|595|586|32286

15:30:57
5758|46080|2566|3109|3719|4418|5130|5838|6547|7237|7868|8445|9130|9960|10786|11425|11717|11677|11512|11342|11203|11108|11043|11002|10942|10854|10745|10581|10260|9678|8909|8201|7769|7721|8033|8594|9182|9626|9915|10074|10122|10102|10077|10054|10053|10092|10146|10189|10199|10187|10181|10147|10079|10009|9962|9952|9976|10023|10066|10098|10116|10115|10105|10089|10100|10163|10285|10476|10693|10836|10852|10904|11359|12377|13613|14451|14373|13168|11264|9490|8105|6923|5844|4833|3886|3011|2255|1640|1144|762|497|336|32284

15:30:57
5758|46080|677|844|1253|2038|3232|4815|6687|8791|11068|13077|14417|15121|15353|15303|15143|14982|14842|14722|14622|14540|14474|14402|14298|14118|13837|13480|13162|13024|13104|13380|13760|14118|14404|14603|14715|14775|14809|14816|14800|14776|14753|14723|14661|14496|14087|13270|11997|10526|9377|9013|9510|10637|11989|13178|13978|14387|14540|14563|14561|14576|14616|14674|14721|14744|14745|14734|14743|14805|14913|14937|14660|13817|12333|10415|8409|6493|4804|3453|2351|1482|939|699|602|575|575|585|596|596|587|574|32404

15:31:14
5758|46080|2376|2906|3510|4185|4891|5598|6314|7011|7632|8212|8862|9657|10522|11264|11680|11729|11575|11376|11206|11108|11064|11033|10986|10911|10812|10662|10380|9883|9169|8413|7875|7701|7905|8395|8987|9493|9826|10013|10092|10107|10099|10078|10072|10099|10157|10190|10191|10186|10183|10170|10120|10066|10022|9988|9988|10021|10063|10082|10105|10139|10160|10159|10159|10186|10263|10414|10629|10814|10883|10908|11190|12046|13266|14274|14532|13669|11911|10046|8541|7301|6190|5162|4182|3272|2482|1828|1297|877|575|383|32307

15:31:14
5758|46080|679|809|1137|1782|2847|4279|6099|8270|10580|12678|14185|15017|15296|15266|15123|14985|14882|14785|14695|14607|14510|14412|14298|14137|13906|13592|13272|13079|13091|13305|13636|13975|14280|14523|14679|14774|14830|14849|14831|14790|14748|14715|14668|14552|14245|13574|12447|11036|9736|9065|9302|10253|11541|12806|13764|14312|14556|14629|14631|14626|14633|14657|14695|14731|14756|14775|14800|14856|14953|15002|14807|14110|12806|10952|8867|6896|5191|3753|2561|1662|1048|729|617|590|593|610|616|608|591|575|32278

15:31:37
5758|46080|2245|2769|3351|3991|4667|5376|6103|6807|7459|8072|8720|9485|10339|11111|11594|11714|11595|11406|11241|11145|11094|11047|10983|10908|10820|10680|10442|10010|9344|8577|7965|7708|7822|8249|8841|9396|9787|10003|10106|10140|10127|10089|10061|10088|10146|10183|10205|10218|10222|10196|10144|10085|10019|9978|9978|10011|10048|10070|10099|10126|10137|10131|10127|10147|10205|10342|10556|10758|10853|10864|11066|11795|12964|14075|14524|13897|12278|10360|8773|7526|6426|5361|4353|3440|2622|1929|1370|944|633|422|32471

15:31:37
5758|46080|682|812|1133|1810|2910|4379|6186|8322|10685|12852|14382|15188|15411|15291|15055|14840|14697|14629|14610|14609|14591|14522|14380|14139|13794|13409|13089|12954|13073|13381|13788|14157|14396|14527|14579|14607|14660|14736|14815|14869|14874|14825|14701|14462|14030|13255|12088|10727|9576|9094|9435|10478|11770|12876|13687|14180|14443|14587|14683|14742|14756|14733|14679|14621|14592|14614|14700|14845|15024|15108|14874|14049|12520|10599|8630|6725|5041|3624|2460|1583|1011|727|613|568|558|571|591|600|605|601|32496

15:31:59
5758|46080|2321|2866|3468|4131|4840|5574|6288|6955|7572|8153|8799|9609|10498|11262|11698|11765|11598|11372|11199|11105|11049|11012|10987|10937|10840|10672|10390|9899|9165|8394|7862|7703|7912|8417|9043|9555|9856|10005|10082|10109|10097|10077|10098|10157|10202|10220|10224|10214|10192|10161|10133|10106|10056|10020|10023|10026|10018|10037|10070|10098|10130|10163|10192|10214|10275|10407|10600|10768|10830|10864|11185|12061|13268|14275|14517|13606|11831|9959|8467|7295|6219|5165|4178|3276|2482|1804|1264|862|567|375|32421

15:31:59
5758|45568|735|960|1444|2294|3484|5164|7195|9468|11772|13643|14802|15236|15292|15156|14993|14867|14781|14715|14639|14546|14441|14315|14149|13916|13627|13316|13090|13065|13231|13539|13874|14167|14400|14544|14639|14714|14780|14820|14817|14786|14739|14671|14561|14323|13815|12894|11593|10172|9191|9105|9783|10955|12222|13287|14048|14438|14605|14666|14667|14647|14628|14624|14635|14665|14705|14751|14821|14920|15004|14911|14433|13343|11685|9732|7710|5871|4322|2998|1945|1221|804|630|574|567|576|589|602|601|596|32343

15:32:15
5758|46080|2429|2964|3565|4222|4919|5655|6398|7095|7720|8303|8933|9706|10542|11247|11654|11727|11603|11430|11271|11154|11058|10968|10904|10847|10774|10653|10389|9879|9116|8333|7801|7654|7889|8426|9084|9623|9952|10114|10163|10128|10057|10002|10018|10096|10179|10246|10288|10274|10210|10131|10067|10017|9981|9992|10052|10109|10113|10102|10096|10070|10050|10059|10112|10199|10325|10513|10723|10849|10838|10839|11194|12139|13399|14383|14534|13528|11675|9790|8293|7101|6034|5003|4042|3174|2404|1747|1224|820|532|351|32397

15:32:15
5758|46080|650|769|1085|1742|2794|4238|6089|8257|10598|12740|14264|15062|15301|15237|15051|14882|14775|14708|14656|14595|14519|14421|14280|14081|13807|13488|13196|13040|13088|13308|13650|13989|14249|14437|14558|14650|14730|14798|14834|14824|14787|14728|14633|14470|14126|13444|12360|10985|9725|9074|9300|10252|11520|12743|13668|14238|14523|14645|14681|14667|14638|14610|14601|14613|14642|14696|14767|14872|14988|15022|14810|14089|12682|10814|8849|6955|5242|3767|2534|1631|1051|725|609|582|583|599|605|601|585|571|32407

15:32:31
5758|45568|2603|3148|3759|4449|5181|5928|6658|7337|7935|8477|9129|9946|10780|11438|11765|11759|11593|11392|11207|11074|10979|10923|10888|10853|10796|10648|10312|9698|8882|8141|7707|7681|8031|8639|9272|9737|10002|10105|10107|10061|10025|10014|10059|10167|10258|10296|10276|10220|10150|10064|10008|9998|10014|10045|10095|10138|10124|10092|10078|10068|10078|10120|10193|10292|10420|10586|10752|10829|10808|10880|11417|12521|13796|14607|14416|13083|11118|9312|7913|6768|5733|4732|3794|2951|2216|1600|1111|747|495|32376

15:32:31
5758|46080|660|740|956|1461|2362|3638|5295|7311|9630|11899|13736|14898|15360|15398|15212|14987|14814|14712|14662|14639|14619|14569|14469|14294|14019|13664|13295|13032|13000|13209|13577|13963|14266|14470|14583|14632|14667|14726|14794|14849|14872|14856|14784|14631|14334|13771|12797|11472|10134|9254|9227|9966|11125|12372|13377|14016|14370|14555|14662|14730|14762|14761|14729|14681|14647|14648|14697|14797|14956|15097|15022|14505|13325|11539|9492|7504|5722|4177|2900|1897|1195|809|647|591|579|586|601|608|609|606|32341

15:32:52
5758|46080|2245|2778|3354|4005|4717|5438|6147|6840|7500|8083|8687|9465|10353|11144|11631|11738|11592|11381|11202|11088|11027|10998|10974|10916|10824|10687|10440|9983|9286|8502|7918|7695|7841|8306|8906|9434|9785|9980|10073|10098|10101|10087|10089|10127|10171|10198|10208|10204|10181|10157|10133|10103|10061|10020|10005|10027|10036|10027|10049|10090|10116|10121|10133|10168|10231|10356|10546|10741|10838|10852|11079|11834|13004|14115|14550|13885|12263|10337|8737|7500|6412|5365|4356|3429|2622|1935|1366|936|629|420|32396

15:32:52
5758|45568|678|882|1304|2105|3317|4893|6818|9024|11295|13275|14624|15269|15428|15300|15072|14851|14680|14564|14510|14498|14489|14450|14338|14103|13752|13348|13024|12922|13079|13430|13848|14226|14487|14610|14636|14624|14634|14673|14724|14779|14819|14805|14706|14452|13929|13021|11783|10400|9337|9107|9678|10767|12015|13114|13861|14239|14420|14520|14601|14680|14736|14750|14725|14677|14637|14634|14697|14834|15003|15061|14736|13758|12133|10120|8079|6162|4538|3230|2150|1369|891|684|611|589|591|600|603|601|598|32445

15:33:08
5758|46080|2244|2764|3310|3942|4658|5414|6140|6854|7527|8090|8645|9344|10185|10992|11550|11752|11680|11503|11315|11149|11025|10942|10895|10863|10825|10748|10557|10138|9437|8600|7938|7637|7736|8208|8856|9441|9834|10052|10124|10088|10031|9995|10003|10066|10169|10254|10287|10267|10198|10115|10046|10006|9998|10014|10061|10117|10134|10110|10070|10048|10042|10051|10094|10171|10286|10434|10609|10758|10796|10763|10947|11689|12914|14123|14657|14059|12429|10463|8813|7545|6463|5426|4443|3535|2722|2019|1427|974|640|412|32318

15:33:08
5758|45568|658|822|1222|1976|3109|4607|6427|8615|10891|12889|14372|15175|15427|15331|15112|14884|14705|14593|14539|14522|14512|14474|14353|14112|13762|13354|13015|12888|13021|13362|13785|14169|14443|14585|14626|14628|14642|14683|14740|14795|14831|14815|14711|14468|13979|13086|11796|10376|9329|9088|9655|10803|12088|13153|13880|14255|14416|14511|14595|14668|14719|14738|14715|14662|14620|14618|14681|14826|15009|15066|14733|13813|12270|10213|8143|6292|4661|3304|2200|1392|890|674|592|565|564|566|571|576|579|32450

15:33:24
5758|46080|2324|2850|3416|4076|4807|5564|6306|7012|7653|8198|8764|9492|10347|11139|11654|11808|11701|11492|11282|11114|10998|10933|10904|10881|10843|10751|10519|10049|9304|8474|7867|7640|7815|8327|8976|9527|9884|10058|10095|10065|10026|10008|10035|10116|10224|10293|10295|10244|10171|10101|10043|10019|10026|10051|10090|10129|10130|10084|10057|10064|10078|10114|10174|10259|10365|10497|10661|10793|10821|10801|11027|11820|13062|14227|14670|13961|12240|10245|8621|7373|6296|5281|4309|3402|2596|1911|1345|907|596|399|32319

15:33:24
5758|46080|685|817|1152|1810|2866|4288|6052|8179|10486|12607|14168|15080|15431|15364|15138|14921|14758|14656|14610|14598|14590|14548|14436|14227|13904|13521|13166|12967|13029|13308|13699|14082|14379|14554|14620|14648|14680|14738|14809|14862|14884|14854|14756|14548|14134|13410|12310|10956|9718|9122|9417|10376|11617|12773|13639|14177|14440|14571|14663|14723|14755|14748|14708|14657|14622|14632|14701|14833|15010|15118|14933|14198|12755|10852|8874|6944|5276|3908|2701|1732|1093|776|655|614|599|601|603|597|591|585|32454

15:33:48
5758|45568|2578|3111|3710|4399|5138|5887|6629|7327|7927|8464|9099|9900|10726|11381|11723|11743|11603|11415|11226|11083|10983|10919|10880|10835|10778|10647|10329|9737|8925|8170|7709|7654|7996|8607|9244|9711|9996|10121|10124|10077|10033|10009|10035|10134|10245|10305|10293|10232|10163|10082|10019|9997|10001|10027|10083|10141|10141|10109|10096|10087|10087|10119|10188|10288|10408|10567|10748|10858|10844|10854|11259|12269|13563|14505|14540|13358|11387|9533|8082|6885|5823|4822|3879|3016|2272|1654|1156|767|493|32330

15:33:48
5758|45568|728|941|1388|2239|3479|5131|7120|9279|11502|13424|14670|15204|15298|15180|15034|14922|14833|14751|14655|14560|14476|14376|14237|14025|13730|13397|13133|13055|13171|13442|13787|14124|14399|14587|14699|14770|14821|14848|14839|14796|14743|14676|14590|14402|13972|13053|11708|10292|9268|9105|9764|10948|12258|13346|14080|14468|14618|14650|14639|14624|14630|14652|14684|14711|14741|14786|14854|14951|15018|14916|14477|13416|11740|9746|7813|6066|4409|3021|1985|1266|846|656|600|599|609|617|607|588|577|32387

15:34:08
5758|46080|2263|2791|3362|4004|4717|5443|6152|6859|7512|8093|8680|9424|10297|11097|11624|11766|11635|11425|11239|11116|11054|11022|10998|10941|10852|10712|10474|10047|9371|8593|7984|7712|7816|8247|8845|9389|9759|9976|10082|10116|10108|10085|10074|10103|10158|10195|10211|10211|10190|10158|10117|10086|10048|10019|10024|10046|10059|10055|10078|10116|10131|10143|10168|10206|10268|10391|10585|10767|10854|10870|11065|11764|12924|14068|14570|13982|12389|10451|8833|7586|6482|5430|4424|3494|2672|1969|1398|966|649|434|32417

15:34:08
5758|46080|648|744|1029|1620|2597|3934|5644|7680|9926|12127|13894|14968|15392|15406|15203|14964|14768|14644|14587|14574|14568|14540|14447|14255|13959|13578|13197|12968|12984|13226|13615|14008|14325|14529|14617|14647|14668|14709|14756|14802|14839|14844|14783|14625|14274|13594|12584|11260|9897|9129|9275|10138|11364|12569|13504|14088|14367|14513|14615|14696|14755|14773|14749|14699|14643|14618|14655|14768|14945|15090|14987|14422|13193|11359|9281|7285|5565|4124|2903|1889|1174|800|650|603|594|600|606|606|596|584|32503

15:34:26
5758|46080|2242|2770|3346|3986|4686|5407|6130|6836|7491|8081|8676|9410|10263|11055|11580|11741|11625|11432|11260|11132|11062|11020|10982|10918|10832|10710|10489|10071|9410|8635|8002|7702|7792|8225|8815|9366|9756|9977|10086|10110|10104|10096|10081|10097|10153|10200|10211|10199|10189|10168|10120|10079|10050|10021|10009|10034|10065|10071|10093|10130|10153|10160|10168|10197|10260|10375|10559|10758|10869|10879|11028|11672|12808|13969|14547|14066|12522|10589|8964|7665|6525|5488|4483|3540|2707|2005|1434|981|654|437|32340

15:34:26
5758|46080|678|816|1160|1833|2903|4402|6285|8413|10681|12790|14278|15047|15302|15268|15126|14979|14856|14750|14660|14573|14487|14400|14295|14134|13872|13535|13222|13045|13080|13315|13657|14003|14310|14534|14666|14749|14804|14821|14808|14778|14738|14702|14647|14519|14193|13486|12345|10944|9669|9055|9333|10333|11614|12785|13719|14296|14540|14612|14616|14605|14613|14640|14680|14725|14755|14770|14787|14834|14918|14964|14785|14104|12747|10915|8970|7040|5293|3813|2580|1647|1044|755|641|609|614|622|619|604|586|572|32314

15:34:48
5758|46080|2377|2901|3482|4156|4899|5651|6394|7092|7703|8240|8834|9608|10473|11237|11693|11772|11628|11422|11218|11056|10954|10904|10878|10856|10818|10704|10430|9892|9103|8302|7758|7609|7863|8431|9082|9598|9914|10057|10083|10047|10015|10010|10042|10130|10230|10283|10265|10206|10141|10070|10010|9989|10007|10034|10063|10098|10097|10059|10031|10027|10051|10085|10139|10221|10329|10470|10635|10758|10778|10780|11093|12001|13290|14363|14609|13677|11821|9898|8394|7191|6117|5101|4144|3249|2459|1802|1270|856|560|368|32334

15:34:48
5758|46080|686|838|1212|1960|3110|4634|6577|8748|10950|12972|14434|15171|15338|15203|14990|14808|14691|14634|14602|14577|14527|14426|14272|14034|13711|13342|13046|12952|13084|13406|13780|14107|14352|14491|14559|14611|14676|14746|14801|14818|14796|14727|14596|14366|13904|13061|11883|10540|9437|9080|9560|10622|11869|12989|13791|14248|14479|14596|14658|14675|14666|14635|14599|14581|14587|14640|14740|14876|15016|15034|14688|13775|12292|10337|8422|6607|4904|3502|2320|1457|926|674|579|567|579|606|623|622|611|595|32409

15:35:03
5758|46080|2233|2765|3341|3978|4681|5431|6186|6890|7529|8091|8663|9378|10211|11006|11565|11772|11697|11512|11325|11159|11029|10935|10880|10841|10796|10706|10508|10079|9369|8550|7914|7646|7771|8243|8899|9488|9855|10044|10114|10082|10016|9979|10000|10071|10177|10272|10306|10276|10207|10136|10067|10004|9977|9995|10033|10064|10086|10093|10071|10051|10059|10096|10155|10220|10320|10465|10626|10760|10805|10776|10911|11584|12775|13992|14616|14135|12561|10573|8896|7598|6462|5433|4469|3546|2706|1988|1410|956|615|394|32313

15:35:03
5758|45568|723|908|1321|2123|3314|4870|6714|8914|11253|13234|14606|15264|15417|15281|15045|14835|14680|14584|14537|14516|14489|14423|14282|14031|13673|13283|12988|12910|13091|13463|13881|14235|14469|14573|14595|14591|14611|14663|14727|14788|14820|14791|14683|14417|13897|12993|11714|10315|9283|9082|9691|10838|12064|13098|13847|14243|14441|14557|14652|14726|14758|14746|14696|14633|14589|14590|14657|14802|14972|15002|14631|13617|11980|9985|7998|6140|4515|3211|2176|1397|900|676|582|551|545|549|560|568|575|32269

15:37:29
5758|46080|2431|2994|3596|4244|4943|5678|6400|7075|7711|8312|8967|9749|10575|11267|11644|11677|11524|11346|11203|11112|11042|10982|10923|10839|10728|10574|10297|9787|9049|8301|7797|7662|7885|8400|9020|9519|9827|10012|10108|10110|10075|10035|10027|10063|10121|10176|10202|10200|10178|10141|10086|10014|9960|9937|9950|9989|10042|10087|10104|10103|10111|10120|10126|10160|10260|10435|10647|10816|10875|10892|11188|12055|13262|14260|14474|13536|11735|9871|8393|7189|6094|5048|4072|3182|2406|1766|1255|864|577|384|32260

15:37:29
5758|46080|655|805|1182|1897|3007|4506|6364|8518|10787|12846|14317|15079|15323|15283|15144|14998|14852|14720|14606|14504|14425|14352|14261|14111|13854|13524|13201|13023|13075|13316|13666|14037|14361|14590|14721|14788|14806|14796|14772|14740|14717|14698|14655|14517|14154|13367|12160|10726|9492|9001|9379|10441|11757|12959|13845|14335|14536|14587|14598|14609|14640|14682|14723|14757|14769|14770|14780|14830|14924|14963|14733|13943|12482|10551|8546|6679|4980|3550|2393|1509|972|722|622|596|592|593|593|585|575|568|32265

15:37:45
5758|46080|2431|2998|3608|4270|4973|5709|6421|7075|7691|8283|8961|9778|10627|11322|11674|11668|11486|11284|11130|11045|10995|10967|10932|10865|10755|10582|10276|9732|8986|8253|7779|7686|7942|8476|9087|9553|9829|9989|10067|10067|10049|10036|10038|10071|10113|10143|10147|10128|10111|10095|10061|10009|9972|9965|9964|9976|10013|10050|10072|10089|10122|10148|10152|10173|10251|10406|10605|10768|10839|10877|11206|12100|13305|14273|14447|13490|11690|9821|8344|7152|6054|5006|4025|3129|2345|1700|1193|804|525|347|32338

15:37:45
5758|45568|697|882|1290|2069|3193|4703|6643|8836|11072|13076|14514|15227|15398|15260|15025|14812|14664|14577|14537|14522|14499|14436|14293|14048|13705|13319|13005|12902|13046|13377|13781|14162|14432|14555|14596|14621|14669|14733|14790|14833|14848|14803|14678|14424|13954|13113|11905|10512|9398|9064|9559|10658|11888|12969|13761|14193|14416|14543|14628|14687|14711|14693|14655|14610|14582|14607|14690|14841|15015|15054|14736|13829|12288|10282|8173|6277|4739|3450|2297|1453|953|706|615|581|571|575|579|579|574|32363

15:38:01
5758|46080|2242|2769|3342|3979|4686|5445|6208|6910|7546|8112|8689|9395|10222|11009|11543|11726|11638|11450|11257|11095|10972|10889|10848|10827|10791|10706|10502|10050|9324|8499|7869|7610|7746|8230|8886|9469|9833|10019|10083|10047|9985|9944|9960|10034|10138|10224|10250|10217|10146|10075|10013|9968|9960|9987|10032|10069|10094|10092|10055|10027|10028|10057|10105|10171|10275|10415|10583|10720|10762|10739|10910|11616|12801|14008|14617|14107|12511|10515|8827|7532|6423|5405|4430|3512|2691|1991|1421|965|633|412|32323

15:38:01
5758|45568|715|926|1407|2252|3470|5154|7119|9330|11610|13479|14670|15170|15251|15117|14957|14835|14739|14660|14584|14495|14400|14285|14145|13940|13648|13329|13084|13031|13182|13483|13829|14137|14381|14550|14657|14733|14790|14810|14790|14740|14686|14620|14521|14303|13790|12856|11576|10203|9219|9068|9700|10888|12194|13282|14044|14432|14593|14636|14629|14614|14608|14608|14626|14656|14690|14731|14787|14868|14938|14868|14402|13327|11695|9698|7702|5913|4350|3050|2034|1312|872|686|627|616|617|622|621|608|592|32332

16:04:39
5758|45568|2513|3068|3675|4344|5060|5775|6472|7149|7777|8379|9068|9900|10735|11368|11647|11598|11414|11240|11106|11030|10984|10943|10889|10797|10678|10504|10163|9576|8807|8116|7718|7681|7999|8563|9151|9578|9844|9996|10043|10028|10008|9990|9999|10040|10093|10133|10137|10115|10095|10068|10016|9963|9928|9917|9937|9976|10023|10064|10082|10089|10102|10107|10112|10158|10271|10452|10656|10801|10839|10888|11288|12232|13447|14350|14381|13277|11410|9585|8155|6978|5892|4849|3877|3008|2243|1614|1124|743|478|32341

16:04:39
5758|46080|648|732|973|1499|2353|3609|5369|7432|9573|11760|13679|14853|15319|15361|15165|14933|14752|14636|14584|14564|14551|14520|14430|14253|13969|13595|13218|12976|12971|13201|13587|13988|14310|14513|14598|14624|14652|14706|14769|14818|14845|14834|14757|14599|14282|13685|12698|11404|10076|9190|9174|9948|11153|12331|13296|13970|14316|14495|14599|14673|14717|14727|14704|14666|14629|14621|14667|14773|14942|15092|15025|14522|13398|11692|9637|7704|5915|4269|2965|1933|1219|815|640|578|555|553|562|561|558|553|32368

16:04:56
5758|45568|2446|3006|3621|4302|5030|5752|6451|7120|7726|8300|8966|9800|10672|11373|11722|11705|11500|11272|11091|10978|10921|10898|10885|10844|10758|10589|10237|9639|8853|8132|7704|7654|7979|8558|9167|9608|9859|9983|10012|10000|10000|10014|10056|10116|10166|10176|10142|10096|10057|10021|9998|9992|9997|9996|9998|10014|10015|10007|10018|10049|10095|10130|10164|10218|10300|10428|10595|10738|10787|10839|11236|12194|13429|14379|14471|13410|11547|9693|8237|7059|5997|4968|3986|3095|2328|1674|1151|763|496|32407

16:04:56
5758|46080|672|792|1108|1740|2784|4201|6009|8180|10524|12664|14211|15062|15309|15235|15049|14877|14762|14690|14651|14611|14546|14450|14311|14112|13832|13498|13192|13033|13088|13340|13698|14039|14308|14488|14591|14663|14736|14804|14843|14840|14803|14738|14628|14459|14140|13480|12387|10990|9723|9091|9311|10261|11510|12715|13661|14228|14514|14643|14694|14702|14691|14674|14657|14653|14671|14717|14796|14905|15021|15067|14855|14133|12787|10961|8964|7076|5353|3847|2637|1694|1058|734|605|569|564|570|581|585|579|578|32336

16:05:12
5758|46080|2310|2861|3463|4136|4859|5583|6278|6947|7568|8151|8798|9601|10480|11235|11659|11700|11522|11300|11127|11019|10966|10950|10936|10889|10799|10646|10350|9814|9064|8309|7793|7646|7869|8391|9005|9483|9776|9940|10008|10018|10019|10031|10060|10109|10166|10187|10167|10135|10108|10086|10054|10030|10012|9996|9988|9984|9999|10006|10018|10053|10095|10133|10154|10189|10261|10384|10560|10712|10781|10828|11144|11991|13187|14217|14496|13633|11846|9944|8463|7284|6193|5162|4190|3283|2471|1799|1274|862|561|368|32374

16:05:12
5758|45568|690|879|1306|2123|3321|4895|6853|9122|11469|13439|14680|15207|15299|15155|14967|14829|14750|14707|14670|14612|14525|14402|14230|13985|13663|13320|13059|12998|13159|13481|13835|14132|14369|14524|14617|14702|14784|14845|14870|14852|14799|14717|14590|14358|13905|13040|11777|10398|9356|9088|9618|10750|12019|13125|13941|14379|14593|14680|14705|14696|14668|14635|14618|14625|14648|14702|14788|14907|15026|15007|14636|13672|12094|10242|8295|6335|4668|3314|2226|1422|909|677|591|559|555|562|566|564|560|32488

16:05:28
5758|46080|2408|2972|3576|4243|4959|5692|6387|7041|7668|8268|8943|9764|10631|11333|11689|11680|11486|11275|11122|11038|10981|10950|10919|10851|10738|10561|10253|9701|8941|8214|7755|7668|7931|8474|9088|9556|9835|9989|10061|10062|10052|10047|10060|10098|10142|10175|10173|10147|10126|10112|10080|10023|9986|9977|9978|9979|9990|10010|10029|10057|10089|10109|10124|10156|10242|10394|10589|10749|10807|10868|11264|12202|13437|14370|14434|13376|11512|9669|8251|7100|6017|4973|4009|3117|2331|1690|1186|793|512|337|32354

16:05:28
5758|45568|662|845|1306|2150|3369|4998|7018|9183|11324|13261|14602|15255|15413|15289|15076|14873|14710|14601|14542|14517|14501|14455|14333|14091|13730|13329|13018|12928|13086|13439|13874|14256|14508|14625|14651|14646|14657|14685|14724|14770|14806|14788|14683|14396|13803|12808|11467|10088|9194|9173|9887|11041|12298|13356|14037|14356|14491|14561|14632|14698|14750|14768|14744|14694|14641|14631|14683|14818|14986|15002|14588|13488|11739|9670|7649|5821|4251|2974|1966|1253|846|669|607|592|588|594|596|592|588|32263

16:05:44
5758|46080|2218|2744|3311|3945|4669|5425|6149|6826|7461|8034|8610|9339|10214|11046|11602|11780|11667|11443|11237|11078|10981|10935|10923|10909|10854|10749|10519|10068|9357|8537|7911|7645|7767|8235|8875|9441|9790|9971|10041|10036|10009|10002|10034|10100|10175|10227|10225|10172|10118|10075|10040|10021|10021|10040|10051|10061|10071|10056|10039|10043|10086|10139|10185|10239|10313|10427|10574|10718|10791|10799|11000|11727|12902|14086|14629|14039|12412|10428|8780|7525|6442|5408|4412|3486|2666|1960|1381|939|619|405|32337

16:05:44
5758|46080|668|760|1032|1586|2527|3880|5567|7581|9852|12040|13779|14843|15285|15352|15224|15057|14905|14767|14649|14557|14489|14440|14376|14253|14035|13713|13350|13083|13047|13227|13569|13962|14300|14564|14723|14794|14815|14812|14797|14780|14772|14766|14740|14644|14361|13726|12641|11244|9901|9116|9232|10053|11274|12583|13625|14234|14491|14579|14600|14625|14661|14710|14761|14794|14802|14796|14794|14829|14916|15015|14934|14396|13213|11431|9383|7379|5574|4042|2778|1798|1139|778|629|589|579|575|579|576|567|565|32340

16:06:00
5758|46080|2171|2677|3227|3841|4539|5292|6043|6753|7424|8015|8567|9245|10070|10880|11481|11737|11691|11518|11328|11154|11016|10920|10866|10832|10792|10719|10548|10172|9515|8687|7991|7636|7670|8081|8732|9349|9761|9993|10089|10077|10014|9971|9976|10039|10140|10234|10292|10271|10196|10127|10062|10000|9963|9987|10044|10091|10121|10116|10085|10048|10044|10074|10119|10189|10295|10445|10620|10769|10823|10787|10908|11538|12702|13948|14629|14251|12742|10717|8985|7671|6544|5494|4513|3610|2776|2051|1468|1012|660|422|32325

16:06:00
5758|45568|714|908|1353|2207|3469|5120|7031|9164|11505|13483|14665|15190|15295|15172|15012|14887|14801|14733|14660|14573|14472|14355|14207|14002|13725|13399|13136|13064|13201|13497|13856|14178|14423|14588|14698|14779|14840|14874|14869|14832|14788|14721|14619|14405|13923|13012|11746|10352|9325|9158|9785|10955|12230|13303|14065|14470|14644|14691|14687|14669|14662|14666|14687|14721|14760|14808|14868|14957|15032|14954|14516|13463|11822|9885|7914|6062|4469|3128|2036|1275|838|655|593|584|590|599|601|597|590|32348

16:06:25
5758|46080|2168|2681|3237|3846|4533|5278|6010|6723|7408|8011|8585|9269|10083|10873|11447|11688|11641|11481|11316|11168|11047|10945|10870|10813|10752|10670|10513|10152|9501|8682|8000|7650|7673|8071|8704|9318|9744|9992|10113|10116|10049|9990|9979|10019|10101|10203|10271|10265|10213|10153|10084|10005|9952|9962|10007|10057|10108|10139|10130|10093|10070|10076|10101|10151|10253|10415|10609|10778|10845|10812|10905|11492|12614|13856|14569|14218|12755|10751|9006|7685|6543|5474|4485|3579|2755|2037|1457|1005|657|423|32335

16:06:25
5758|46080|662|780|1083|1704|2701|4099|5899|7953|10261|12534|14185|15052|15338|15308|15133|14960|14848|14779|14736|14686|14607|14505|14363|14162|13887|13562|13261|13086|13128|13356|13701|14050|14314|14500|14619|14706|14787|14855|14891|14882|14837|14770|14675|14522|14192|13531|12469|11121|9830|9132|9335|10257|11478|12678|13643|14238|14538|14669|14714|14714|14692|14668|14660|14673|14707|14764|14840|14936|15047|15100|14924|14277|12989|11158|9125|7184|5455|4000|2794|1800|1122|780|650|611|601|607|614|612|604|595|32331

16:07:24
5758|45568|2471|3031|3635|4329|5062|5777|6463|7126|7750|8325|9003|9854|10723|11421|11760|11728|11529|11314|11157|11068|11017|11003|10979|10916|10801|10619|10291|9713|8941|8217|7771|7699|7998|8571|9174|9606|9864|10009|10070|10067|10066|10078|10104|10147|10192|10213|10197|10169|10153|10142|10115|10080|10056|10044|10044|10041|10047|10053|10069|10111|10151|10179|10199|10236|10315|10453|10637|10780|10823|10904|11356|12342|13577|14445|14399|13217|11308|9497|8102|6968|5897|4870|3914|3035|2268|1635|1144|768|505|32303

16:07:24
5758|45568|732|946|1417|2269|3513|5162|7121|9330|11581|13450|14697|15257|15334|15186|15007|14881|14793|14737|14690|14624|14534|14409|14246|14007|13701|13370|13114|13070|13232|13536|13874|14187|14431|14578|14678|14761|14841|14898|14913|14883|14832|14750|14629|14398|13919|13075|11835|10410|9352|9152|9736|10872|12144|13224|14004|14423|14619|14694|14710|14698|14681|14662|14665|14693|14731|14785|14867|14980|15077|15031|14636|13626|12062|10156|8150|6266|4619|3250|2157|1378|910|699|619|595|597|606|610|601|587|32492

16:07:45
5758|46080|2190|2721|3278|3902|4593|5319|6034|6742|7430|8037|8629|9349|10188|10976|11515|11708|11629|11464|11309|11182|11095|11024|10961|10886|10793|10687|10502|10121|9471|8680|8026|7689|7730|8143|8751|9319|9729|9984|10110|10126|10089|10050|10027|10046|10110|10192|10241|10245|10229|10198|10130|10050|10000|9983|9998|10044|10093|10117|10114|10115|10119|10110|10112|10149|10240|10389|10589|10783|10869|10849|10978|11604|12740|13931|14537|14095|12564|10592|8925|7631|6499|5440|4445|3529|2710|2016|1451|1003|666|439|32484

16:07:45
5758|45568|718|904|1352|2151|3310|4932|6909|9119|11358|13245|14532|15162|15335|15252|15102|14959|14828|14704|14597|14519|14453|14391|14294|14113|13825|13470|13169|13045|13152|13444|13801|14158|14460|14653|14752|14793|14806|14793|14769|14751|14742|14732|14680|14489|14044|13179|11910|10470|9344|9055|9591|10712|11956|13088|13950|14382|14559|14605|14618|14639|14677|14727|14769|14792|14789|14784|14797|14848|14955|14991|14748|13929|12421|10423|8334|6413|4750|3357|2220|1402|906|688|615|594|592|601|610|603|594|32499

16:08:03
5758|46080|2278|2791|3350|4004|4725|5467|6193|6900|7555|8105|8678|9409|10259|11055|11589|11764|11665|11469|11269|11101|10986|10918|10885|10857|10822|10736|10521|10069|9344|8522|7895|7631|7772|8267|8909|9476|9849|10042|10093|10056|10018|10000|10017|10085|10190|10269|10273|10223|10155|10091|10026|9981|9985|10016|10060|10095|10097|10073|10037|10033|10051|10084|10146|10227|10333|10472|10636|10769|10801|10785|11000|11772|13026|14200|14650|13965|12237|10240|8638|7397|6302|5272|4307|3407|2596|1909|1350|918|600|392|32380

16:08:03
5758|46080|699|849|1238|1985|3121|4619|6422|8591|10879|12876|14371|15194|15436|15334|15107|14889|14726|14622|14572|14560|14553|14511|14398|14176|13861|13469|13110|12965|13079|13398|13809|14199|14480|14628|14677|14688|14710|14751|14802|14846|14870|14846|14746|14512|14052|13227|12036|10640|9488|9105|9582|10661|11902|13021|13829|14264|14469|14576|14659|14729|14779|14785|14754|14709|14668|14670|14731|14865|15035|15101|14842|13946|12402|10488|8489|6570|4888|3496|2356|1502|961|710|617|592|584|591|600|605|602|602|32468

16:08:20
5758|46080|2333|2856|3432|4073|4776|5515|6262|6976|7616|8194|8797|9534|10359|11105|11588|11728|11637|11464|11280|11135|11024|10932|10871|10827|10783|10689|10459|9993|9265|8456|7850|7628|7811|8316|8955|9519|9889|10069|10117|10086|10037|9990|9987|10066|10170|10245|10269|10245|10187|10105|10023|9970|9957|9971|10023|10093|10113|10094|10074|10054|10045|10061|10112|10200|10324|10490|10684|10825|10841|10812|11057|11882|13143|14262|14616|13833|12071|10112|8539|7287|6195|5167|4195|3312|2524|1860|1310|880|574|368|32356

16:08:20
5758|45568|710|934|1428|2292|3540|5167|7134|9376|11621|13505|14729|15295|15446|15322|15113|14909|14737|14615|14546|14521|14510|14474|14361|14123|13773|13373|13052|12942|13077|13434|13866|14249|14525|14664|14705|14696|14694|14711|14743|14786|14822|14820|14734|14486|13978|13033|11786|10405|9314|9132|9800|10987|12255|13306|14007|14347|14492|14564|14628|14702|14767|14797|14788|14747|14697|14678|14722|14848|15007|15032|14675|13634|11937|9901|7882|6026|4466|3203|2126|1338|877|680|613|594|590|595|597|596|597|32305

16:08:38
5758|45568|2470|3015|3633|4330|5049|5790|6490|7134|7725|8293|8980|9821|10705|11411|11747|11736|11544|11306|11118|11010|10953|10928|10915|10893|10819|10640|10279|9680|8888|8146|7711|7680|8022|8603|9209|9666|9926|10029|10048|10042|10043|10044|10083|10166|10227|10231|10185|10134|10094|10052|10022|10018|10027|10034|10042|10041|10023|10003|10000|10029|10083|10138|10191|10256|10352|10486|10643|10749|10768|10863|11372|12448|13700|14513|14370|13075|11129|9356|7990|6852|5812|4810|3858|2982|2219|1588|1096|722|466|32471

16:08:38
5758|45568|686|891|1321|2138|3378|4997|6932|9124|11381|13299|14568|15181|15361|15278|15102|14923|14755|14610|14510|14448|14407|14362|14273|14083|13770|13382|13054|12920|13026|13337|13747|14133|14431|14618|14694|14705|14698|14695|14705|14723|14741|14750|14696|14481|13983|13060|11770|10374|9300|9058|9684|10873|12171|13249|13980|14330|14459|14500|14536|14592|14655|14708|14730|14714|14681|14655|14680|14778|14912|14940|14619|13661|12060|10035|7998|6159|4520|3162|2109|1357|900|702|626|604|601|602|598|586|577|32504

16:08:56
5758|46080|2450|2980|3573|4228|4937|5664|6393|7100|7730|8320|8974|9765|10587|11263|11633|11666|11538|11377|11225|11119|11038|10959|10880|10802|10732|10612|10333|9806|9052|8293|7783|7660|7925|8469|9094|9608|9946|10118|10157|10123|10068|10019|10013|10066|10164|10238|10258|10247|10216|10145|10048|9982|9959|9965|9996|10050|10096|10100|10084|10067|10061|10063|10087|10171|10312|10498|10702|10835|10846|10857|11234|12207|13455|14392|14469|13381|11494|9648|8192|6993|5910|4899|3946|3062|2305|1679|1172|777|502|328|32343

16:08:56
5758|46080|687|821|1150|1849|2879|4294|6238|8455|10742|12846|14341|15100|15317|15216|15009|14841|14732|14675|14641|14604|14547|14445|14297|14073|13772|13425|13130|13007|13102|13395|13762|14089|14341|14496|14587|14662|14740|14817|14864|14867|14830|14754|14639|14441|14060|13337|12202|10815|9612|9103|9416|10405|11647|12809|13719|14239|14498|14625|14677|14686|14669|14638|14613|14605|14624|14676|14765|14896|15031|15050|14754|13907|12431|10496|8450|6551|4907|3519|2375|1520|980|723|624|591|583|589|597|593|582|571|32366

16:09:47
5758|46080|2303|2848|3432|4072|4770|5495|6204|6899|7554|8145|8778|9551|10399|11154|11612|11704|11562|11371|11218|11109|11045|11002|10957|10883|10777|10640|10395|9933|9234|8460|7888|7665|7811|8285|8897|9419|9764|9972|10072|10082|10065|10042|10031|10055|10109|10161|10178|10173|10168|10144|10095|10040|10000|9976|9974|10009|10052|10073|10086|10101|10118|10121|10122|10157|10245|10398|10599|10779|10856|10862|11110|11904|13099|14167|14504|13756|12061|10147|8592|7352|6255|5217|4222|3310|2515|1850|1312|896|598|398|32331

16:09:47
5758|45568|736|940|1383|2250|3537|5183|7123|9330|11546|13401|14633|15175|15296|15191|15046|14922|14812|14711|14617|14528|14448|14361|14236|14051|13769|13419|13142|13059|13186|13476|13838|14180|14446|14625|14733|14793|14826|14830|14804|14767|14735|14693|14605|14384|13898|12978|11637|10206|9227|9100|9806|11020|12297|13379|14110|14469|14605|14634|14631|14633|14653|14683|14721|14751|14776|14800|14840|14919|14997|14930|14524|13535|11920|9883|7841|6011|4428|3096|2020|1268|837|664|609|596|603|612|611|609|603|32270

16:14:58
5758|46080|2349|2886|3486|4157|4871|5602|6316|6999|7611|8171|8806|9613|10497|11258|11697|11744|11567|11344|11147|11019|10959|10938|10924|10882|10808|10657|10355|9811|9049|8294|7780|7646|7893|8427|9038|9517|9813|9959|10008|9998|9996|10012|10034|10088|10154|10184|10160|10114|10085|10061|10037|10016|10010|10016|10012|10013|10014|10019|10028|10048|10094|10144|10184|10228|10305|10433|10600|10740|10792|10834|11167|12081|13329|14327|14524|13559|11728|9859|8383|7181|6103|5083|4114|3203|2407|1755|1232|829|542|363|32314

16:14:58
5758|46080|664|775|1079|1683|2672|4019|5783|7869|10119|12280|13959|14961|15362|15409|15254|15049|14857|14696|14584|14525|14496|14470|14408|14258|13993|13625|13247|12996|12984|13211|13593|14019|14381|14617|14728|14755|14748|14747|14755|14774|14804|14827|14807|14680|14339|13637|12501|11082|9777|9099|9320|10233|11512|12778|13702|14219|14435|14519|14569|14631|14697|14748|14782|14776|14741|14704|14697|14765|14904|15035|14958|14394|13162|11356|9313|7300|5498|4008|2782|1808|1152|811|669|618|605|601|598|598|590|582|32364

16:33:40
5758|46080|2335|2860|3439|4090|4781|5499|6238|6963|7622|8206|8836|9608|10434|11152|11589|11682|11570|11410|11260|11137|11050|10979|10905|10824|10742|10635|10407|9943|9227|8452|7878|7659|7823|8315|8935|9468|9832|10037|10113|10094|10046|10000|9979|10022|10107|10184|10215|10211|10190|10131|10051|9980|9941|9942|9977|10041|10087|10100|10104|10102|10088|10076|10098|10164|10282|10457|10673|10841|10875|10856|11107|11940|13167|14235|14571|13760|12014|10120|8555|7292|6178|5143|4175|3266|2480|1830|1302|885|578|385|32491

16:33:40
5758|46080|675|837|1223|1946|3054|4538|6382|8479|10699|12802|14343|15141|15364|15249|15059|14917|14820|14759|14722|14680|14609|14504|14353|14140|13850|13502|13202|13081|13191|13481|13818|14122|14370|14534|14629|14708|14794|14865|14903|14898|14852|14779|14667|14484|14126|13421|12335|10925|9647|9110|9411|10418|11697|12870|13768|14301|14576|14693|14738|14741|14719|14695|14681|14683|14709|14765|14850|14972|15093|15105|14812|13953|12539|10640|8564|6662|5006|3607|2440|1567|1009|739|636|605|600|606|609|607|599|590|32450

16:34:02
5758|46080|2328|2872|3478|4140|4851|5581|6298|6978|7586|8160|8811|9621|10507|11269|11703|11752|11579|11356|11159|11035|10984|10966|10950|10907|10827|10671|10365|9830|9076|8321|7806|7669|7911|8435|9050|9539|9837|9984|10031|10036|10042|10049|10072|10126|10183|10203|10184|10147|10120|10092|10067|10057|10046|10030|10020|10019|10023|10030|10040|10063|10111|10157|10188|10227|10297|10422|10595|10741|10804|10847|11189|12095|13327|14333|14530|13586|11789|9916|8422|7217|6143|5126|4137|3228|2441|1782|1253|846|563|378|32480

16:34:02
5758|46080|683|802|1099|1736|2770|4187|5993|8104|10451|12638|14230|15114|15380|15313|15113|14935|14823|14757|14715|14673|14623|14533|14389|14191|13914|13575|13254|13070|13107|13336|13686|14038|14311|14495|14601|14680|14759|14834|14889|14898|14869|14809|14704|14540|14244|13680|12610|11188|9898|9188|9370|10255|11471|12689|13624|14208|14527|14680|14742|14756|14746|14720|14697|14691|14707|14754|14826|14934|15067|15132|14937|14254|12928|11081|9034|7070|5352|3905|2669|1708|1098|763|624|584|576|580|589|592|586|580|32501

16:59:45
5758|46080|2473|3009|3610|4286|5007|5718|6436|7127|7744|8329|9011|9850|10696|11364|11691|11662|11490|11317|11179|11102|11057|11014|10935|10829|10717|10560|10264|9731|8994|8268|7789|7682|7950|8495|9100|9579|9894|10065|10110|10077|10046|10027|10029|10077|10152|10200|10199|10181|10169|10143|10086|10030|9999|9984|9986|10018|10070|10110|10132|10150|10155|10146|10143|10186|10304|10497|10718|10875|10902|10934|11320|12289|13535|14422|14441|13321|11419|9593|8166|6963|5865|4847|3911|3031|2262|1642|1142|757|492|341|32282

16:59:45
5758|46080|671|758|1016|1582|2614|4037|5836|7932|10229|12412|13997|14918|15281|15313|15197|15057|14925|14801|14691|14602|14533|14462|14370|14219|13972|13652|13325|13111|13107|13300|13626|13972|14267|14496|14655|14765|14844|14885|14877|14833|14779|14735|14694|14611|14370|13807|12765|11366|9985|9139|9195|10013|11228|12477|13511|14188|14513|14622|14652|14670|14690|14710|14729|14748|14764|14789|14826|14886|14975|15044|14944|14424|13294|11594|9542|7512|5727|4185|2901|1869|1156|788|655|627|617|608|597|578|567|569|32318

17:00:01
5758|46080|2341|2896|3497|4150|4868|5609|6335|6998|7611|8194|8841|9654|10531|11289|11728|11780|11612|11385|11185|11054|10967|10932|10924|10899|10833|10686|10381|9811|9019|8246|7746|7651|7926|8490|9143|9632|9902|10031|10064|10034|10013|10023|10078|10157|10233|10271|10245|10185|10123|10085|10057|10034|10043|10073|10091|10082|10069|10056|10032|10033|10075|10136|10196|10255|10347|10479|10631|10746|10779|10823|11202|12164|13453|14445|14574|13531|11635|9739|8291|7131|6053|5029|4077|3179|2377|1721|1210|826|544|361|32276

17:00:01
5758|45568|704|891|1287|2090|3326|4940|6894|9132|11391|13295|14593|15199|15329|15223|15056|14912|14814|14733|14655|14583|14508|14414|14287|14081|13794|13466|13167|13045|13150|13431|13792|14125|14392|14581|14692|14763|14812|14836|14837|14819|14791|14743|14663|14480|14057|13265|12079|10659|9482|9090|9527|10567|11858|13030|13894|14390|14591|14650|14668|14671|14676|14688|14709|14729|14751|14787|14838|14921|15018|15020|14735|13853|12357|10452|8394|6481|4840|3419|2246|1424|922|676|590|571|579|601|609|609|594|32261

17:00:17
5758|45568|2482|3046|3662|4333|5039|5752|6455|7130|7753|8353|9056|9911|10772|11445|11758|11715|11521|11317|11158|11070|11023|11005|10978|10907|10785|10580|10217|9605|8823|8139|7756|7742|8077|8645|9223|9638|9893|10050|10115|10103|10078|10074|10100|10144|10196|10235|10229|10190|10156|10144|10121|10082|10062|10052|10038|10027|10036|10060|10091|10128|10160|10173|10176|10203|10303|10479|10682|10821|10853|10935|11427|12473|13705|14504|14350|13078|11140|9362|8023|6893|5829|4805|3836|2946|2176|1572|1109|751|495|32445

17:00:17
5758|46080|615|714|971|1495|2394|3645|5329|7329|9465|11712|13590|14754|15280|15377|15263|15087|14923|14777|14641|14532|14459|14421|14385|14299|14111|13779|13371|13038|12934|13096|13460|13896|14287|14565|14702|14734|14728|14725|14737|14760|14779|14794|14771|14685|14443|13898|12890|11490|10091|9168|9103|9839|11116|12418|13426|14079|14367|14482|14534|14596|14673|14740|14771|14770|14743|14713|14709|14752|14855|14978|14962|14575|13513|11818|9802|7757|5908|4309|2983|1948|1243|853|674|596|565|556|571|583|590|586|32467

17:00:35
5758|46080|2062|2553|3107|3701|4344|5067|5839|6591|7262|7865|8457|9146|9971|10799|11441|11731|11697|11525|11341|11201|11112|11033|10952|10880|10807|10706|10541|10211|9616|8827|8108|7698|7680|8041|8658|9304|9768|10012|10121|10127|10067|10013|10010|10065|10145|10206|10253|10272|10244|10194|10137|10070|9992|9959|9997|10062|10122|10152|10144|10103|10058|10056|10094|10161|10254|10392|10576|10752|10845|10841|10932|11471|12536|13762|14537|14341|13021|11056|9268|7897|6741|5661|4652|3747|2913|2162|1534|1054|700|459|32461

17:00:35
5758|46080|629|757|1072|1681|2673|4003|5738|7859|10193|12454|14163|15089|15375|15313|15094|14892|14775|14719|14684|14645|14590|14509|14389|14206|13928|13565|13217|13008|13034|13285|13681|14074|14349|14505|14563|14600|14678|14785|14883|14925|14899|14822|14710|14553|14253|13661|12671|11361|10000|9160|9277|10139|11384|12613|13534|14117|14430|14612|14728|14780|14775|14724|14663|14633|14642|14694|14776|14882|15008|15094|14968|14393|13164|11330|9272|7296|5527|4056|2841|1842|1150|767|606|567|576|604|615|599|575|557|32466

17:18:33
5758|46080|2254|2765|3324|3954|4664|5411|6138|6840|7510|8112|8727|9467|10301|11059|11563|11735|11657|11500|11344|11211|11100|11005|10939|10881|10815|10713|10509|10094|9414|8617|7990|7697|7782|8219|8841|9419|9823|10065|10163|10144|10080|10021|10012|10067|10160|10236|10274|10277|10246|10199|10131|10051|9991|9973|10014|10096|10158|10171|10155|10136|10124|10125|10155|10215|10316|10470|10670|10850|10917|10893|11059|11742|12925|14112|14638|14077|12470|10466|8801|7527|6395|5340|4354|3451|2630|1932|1380|951|637|422|32347

17:18:33
5758|45568|686|844|1234|1988|3142|4699|6614|8788|11037|12962|14354|15132|15367|15329|15173|14998|14835|14705|14615|14545|14485|14418|14320|14154|13884|13539|13211|13024|13062|13329|13732|14141|14463|14665|14756|14782|14790|14798|14795|14781|14772|14756|14714|14565|14164|13343|12086|10623|9447|9076|9571|10672|11950|13121|13959|14370|14542|14600|14620|14642|14677|14724|14776|14809|14805|14780|14770|14823|14944|15017|14811|14008|12532|10611|8580|6713|5045|3584|2396|1495|937|702|634|618|608|593|576|576|588|32482

17:19:13
5758|46080|2180|2686|3238|3864|4563|5292|6018|6713|7398|8035|8648|9354|10163|10950|11518|11749|11696|11524|11348|11216|11124|11042|10967|10892|10809|10714|10548|10175|9518|8700|8028|7709|7772|8178|8780|9367|9791|10048|10164|10159|10096|10035|10018|10072|10158|10230|10274|10290|10273|10222|10144|10058|10001|9993|10035|10098|10141|10155|10156|10155|10145|10136|10143|10192|10302|10465|10667|10841|10906|10881|11000|11621|12770|13979|14611|14215|12721|10722|9009|7683|6539|5479|4484|3574|2733|2013|1445|1006|675|435|32467

17:19:13
5758|45568|687|911|1381|2204|3378|4986|7019|9263|11474|13328|14553|15176|15379|15301|15132|14953|14802|14691|14604|14532|14459|14385|14294|14115|13814|13449|13128|13005|13142|13477|13879|14229|14501|14687|14788|14823|14816|14781|14758|14772|14797|14785|14699|14469|13958|13014|11711|10272|9233|9111|9807|11028|12330|13395|14107|14451|14585|14622|14629|14644|14693|14758|14807|14815|14789|14763|14789|14893|15012|14982|14579|13547|11924|9924|7886|6010|4376|3054|2035|1320|871|664|594|592|611|617|595|570|565|32359

17:19:30
5758|46080|2343|2868|3447|4104|4817|5551|6273|6961|7637|8244|8876|9636|10455|11183|11635|11750|11646|11470|11307|11185|11088|11016|10955|10883|10792|10666|10443|9993|9281|8483|7890|7670|7842|8364|9008|9542|9884|10071|10155|10145|10101|10051|10035|10084|10174|10272|10317|10297|10240|10178|10114|10040|10002|10011|10048|10095|10141|10183|10187|10151|10120|10123|10168|10242|10360|10530|10723|10870|10911|10906|11159|11966|13199|14292|14627|13820|12038|10073|8514|7293|6180|5126|4154|3262|2462|1802|1293|890|576|365|32419

17:19:30
5758|46080|677|767|1058|1670|2692|4078|5868|7996|10256|12409|14095|15065|15368|15300|15094|14923|14829|14774|14729|14670|14590|14500|14385|14202|13918|13569|13244|13061|13114|13345|13663|14000|14274|14468|14609|14708|14781|14837|14871|14885|14877|14830|14722|14533|14189|13589|12585|11253|9961|9190|9305|10166|11416|12682|13641|14218|14514|14662|14738|14757|14730|14682|14658|14673|14709|14755|14809|14893|15023|15109|14956|14322|13010|11138|9083|7138|5493|4027|2721|1749|1111|789|656|597|567|573|600|621|612|582|32284

17:19:46
5758|46080|2403|2952|3534|4190|4927|5680|6382|7047|7664|8240|8888|9722|10626|11372|11776|11792|11601|11386|11226|11129|11060|11015|11001|10960|10864|10687|10369|9817|9045|8299|7834|7738|7991|8530|9147|9616|9901|10053|10110|10098|10078|10091|10143|10205|10243|10256|10247|10212|10181|10170|10152|10110|10067|10063|10083|10097|10103|10106|10115|10136|10191|10246|10269|10290|10354|10497|10689|10842|10898|10946|11314|12247|13469|14423|14558|13536|11650|9758|8321|7173|6089|5030|4053|3163|2383|1737|1229|834|538|349|32444

17:19:46
5758|46080|685|821|1175|1877|2998|4497|6364|8517|10760|12829|14340|15164|15453|15412|15217|14985|14785|14660|14598|14565|14539|14500|14416|14256|13977|13587|13194|12962|13009|13306|13734|14162|14475|14647|14707|14720|14736|14760|14783|14801|14822|14839|14805|14636|14216|13377|12152|10781|9622|9131|9480|10492|11765|12962|13835|14294|14487|14558|14611|14681|14769|14828|14828|14783|14713|14681|14724|14838|14997|15086|14870|14099|12664|10708|8671|6706|4935|3518|2406|1577|1027|737|610|585|590|609|612|587|568|569|32397

17:20:06
5758|46080|2294|2814|3367|3989|4702|5456|6190|6902|7572|8161|8760|9503|10356|11125|11614|11758|11656|11485|11344|11235|11132|11031|10953|10880|10802|10707|10518|10101|9385|8564|7947|7688|7818|8296|8933|9491|9858|10070|10175|10175|10119|10062|10050|10095|10173|10266|10329|10328|10276|10205|10127|10053|10012|10023|10072|10137|10176|10187|10193|10177|10155|10147|10161|10206|10310|10493|10718|10893|10936|10894|11063|11778|12967|14156|14662|14020|12331|10336|8717|7468|6352|5282|4292|3395|2589|1899|1353|940|624|398|32474

17:20:06
5758|46080|646|749|1047|1737|2853|4314|6134|8203|10395|12503|14116|15031|15379|15365|15205|15026|14872|14745|14638|14550|14480|14424|14358|14234|13995|13640|13266|13021|13024|13270|13645|14056|14402|14620|14726|14764|14779|14785|14786|14783|14778|14779|14760|14654|14325|13613|12472|11009|9693|9055|9276|10226|11548|12845|13781|14284|14498|14574|14613|14655|14697|14735|14772|14798|14797|14778|14768|14799|14897|14993|14884|14252|12925|11026|8917|6955|5255|3803|2604|1685|1075|755|623|593|601|613|611|593|567|559|32426

17:20:23
5758|46080|2137|2631|3175|3808|4526|5274|5996|6709|7405|8002|8556|9232|10063|10887|11520|11820|11786|11604|11403|11224|11094|11009|10966|10923|10863|10797|10656|10299|9636|8786|8068|7695|7725|8143|8786|9399|9817|10051|10162|10155|10083|10031|10034|10106|10214|10318|10369|10328|10243|10173|10116|10061|10028|10040|10089|10157|10193|10190|10163|10114|10092|10115|10175|10253|10352|10489|10654|10811|10884|10859|10959|11543|12685|13963|14696|14374|12891|10843|9082|7757|6629|5575|4583|3661|2818|2093|1510|1055|699|441|32434

17:20:23
5758|46080|642|737|973|1461|2354|3660|5300|7304|9571|11769|13606|14814|15359|15469|15309|15075|14869|14718|14625|14575|14544|14515|14465|14346|14111|13742|13315|13002|12954|13170|13559|13982|14334|14572|14695|14739|14743|14742|14747|14770|14820|14872|14859|14734|14422|13826|12824|11494|10138|9228|9180|9952|11216|12503|13489|14088|14364|14494|14589|14679|14755|14799|14796|14773|14746|14722|14719|14764|14881|15038|15064|14666|13633|11921|9805|7737|5862|4278|2989|1949|1228|829|669|624|611|593|575|570|584|601|32258

17:20:44
5758|46080|2273|2792|3368|4044|4785|5528|6227|6892|7546|8120|8721|9492|10373|11189|11717|11863|11725|11486|11264|11113|11035|11012|11006|10972|10899|10775|10536|10056|9309|8489|7899|7688|7868|8379|9005|9524|9857|10040|10112|10096|10070|10073|10120|10201|10277|10313|10285|10228|10189|10166|10135|10096|10086|10109|10133|10139|10130|10114|10107|10128|10176|10228|10259|10292|10371|10500|10657|10790|10844|10864|11112|11897|13131|14265|14665|13944|12210|10237|8665|7434|6336|5305|4341|3431|2590|1885|1342|926|613|397|32443

17:20:44
5758|45568|718|895|1348|2215|3483|5120|7067|9229|11453|13305|14558|15209|15354|15252|15097|14971|14866|14751|14625|14515|14442|14388|14295|14098|13791|13436|13150|13051|13157|13437|13788|14138|14448|14666|14777|14802|14807|14808|14805|14791|14767|14739|14688|14542|14140|13282|11992|10540|9407|9078|9582|10713|12040|13187|14015|14455|14601|14606|14601|14630|14688|14739|14765|14773|14781|14800|14828|14883|14961|14955|14638|13702|12132|10160|8175|6300|4610|3256|2186|1375|876|689|636|614|592|579|585|598|602|32424

17:21:01
5758|46080|2180|2708|3268|3887|4558|5265|6004|6739|7425|8029|8621|9343|10190|10991|11553|11758|11674|11503|11357|11247|11166|11086|11006|10922|10837|10744|10572|10196|9546|8748|8085|7751|7794|8180|8762|9338|9765|10033|10171|10198|10155|10095|10061|10092|10175|10251|10295|10298|10273|10240|10184|10120|10066|10030|10026|10070|10143|10193|10216|10212|10184|10160|10162|10208|10298|10443|10639|10830|10933|10931|11033|11621|12728|13910|14579|14223|12751|10800|9108|7759|6589|5525|4541|3614|2765|2046|1469|1015|679|458|32443

17:21:01
5758|45568|748|1006|1525|2418|3696|5380|7367|9597|11844|13652|14813|15353|15461|15296|15039|14816|14667|14602|14601|14612|14590|14496|14313|14037|13684|13308|13034|12985|13176|13560|13985|14341|14569|14648|14648|14656|14713|14796|14868|14897|14882|14812|14672|14392|13800|12748|11388|10051|9202|9248|10056|11276|12525|13484|14064|14382|14566|14668|14732|14763|14776|14766|14737|14699|14669|14682|14767|14940|15114|15083|14585|13389|11604|9587|7623|5816|4241|2974|1982|1254|839|678|625|597|572|570|583|601|614|32474

18:03:10
5758|45568|2520|3077|3698|4360|5074|5818|6558|7245|7869|8473|9156|9975|10789|11423|11726|11712|11566|11406|11268|11177|11104|11026|10946|10864|10765|10603|10281|9712|8946|8227|7793|7743|8054|8617|9233|9706|9991|10133|10173|10146|10101|10063|10080|10155|10235|10290|10316|10306|10258|10187|10121|10057|10011|10018|10078|10149|10190|10214|10214|10194|10180|10171|10188|10261|10396|10595|10817|10944|10940|10988|11460|12485|13701|14521|14413|13155|11224|9430|8020|6851|5778|4742|3775|2919|2186|1567|1081|721|474|32260

18:03:10
5758|46080|622|707|956|1489|2444|3768|5401|7473|9766|11911|13688|14806|15278|15374|15273|15124|14983|14854|14737|14633|14552|14490|14415|14301|14095|13778|13405|13118|13055|13210|13544|13948|14315|14592|14746|14818|14839|14834|14822|14802|14796|14807|14800|14731|14494|13942|12930|11547|10141|9212|9170|9952|11192|12443|13487|14209|14540|14633|14648|14657|14681|14722|14774|14815|14833|14836|14836|14864|14948|15049|14998|14541|13499|11838|9823|7789|5880|4283|2994|1960|1247|843|668|604|580|579|585|590|596|598|32322

18:03:27
5758|45568|2492|3038|3640|4293|4991|5737|6479|7193|7835|8419|9079|9883|10716|11387|11739|11750|11602|11427|11290|11204|11116|11027|10948|10877|10794|10655|10372|9823|9045|8289|7809|7725|8005|8550|9180|9689|9995|10152|10213|10183|10108|10048|10074|10157|10233|10290|10322|10324|10278|10208|10143|10084|10026|10018|10095|10172|10200|10207|10208|10193|10175|10179|10210|10277|10399|10597|10819|10953|10948|10956|11357|12342|13593|14503|14498|13337|11442|9597|8139|6952|5872|4822|3843|2996|2265|1639|1129|751|493|32433

18:03:27
5758|46080|672|774|1072|1680|2682|4093|5839|7893|10142|12352|14073|15064|15454|15412|15191|14966|14814|14727|14688|14669|14639|14584|14480|14281|13972|13591|13225|13021|13081|13373|13778|14149|14426|14594|14664|14704|14751|14805|14858|14908|14936|14915|14820|14615|14239|13559|12483|11136|9869|9196|9393|10313|11572|12768|13667|14209|14491|14646|14746|14810|14829|14802|14760|14725|14708|14724|14786|14907|15068|15180|15026|14361|13034|11120|9030|7099|5430|3964|2684|1719|1093|774|654|607|585|577|588|605|607|599|32367

18:03:44
5758|46080|2079|2605|3179|3823|4524|5252|5973|6662|7332|7937|8530|9253|10123|10984|11608|11853|11775|11559|11333|11168|11087|11062|11055|11031|10963|10834|10609|10207|9577|8781|8096|7748|7786|8194|8814|9403|9800|10011|10099|10121|10131|10140|10149|10189|10249|10285|10290|10275|10248|10221|10185|10152|10130|10116|10122|10137|10152|10146|10138|10167|10217|10263|10283|10295|10334|10423|10587|10779|10901|10921|11040|11621|12714|13924|14623|14287|12846|10880|9137|7794|6685|5648|4621|3650|2790|2061|1465|1012|686|456|32431

18:03:44
5758|45568|697|844|1205|1935|3083|4649|6547|8667|10818|12794|14291|15103|15396|15373|15231|15071|14915|14792|14691|14601|14526|14448|14362|14223|13978|13641|13296|13078|13090|13337|13711|14101|14435|14654|14770|14827|14851|14860|14846|14819|14797|14786|14759|14627|14258|13474|12218|10736|9540|9101|9532|10633|11955|13142|13985|14427|14615|14670|14677|14679|14703|14749|14805|14847|14857|14843|14837|14881|14985|15034|14788|13957|12463|10498|8381|6410|4763|3416|2308|1471|940|691|621|618|620|613|595|572|565|32471

18:04:11
5758|46080|2210|2744|3322|3972|4670|5387|6119|6821|7475|8057|8664|9445|10340|11164|11703|11841|11706|11484|11286|11160|11099|11080|11066|11020|10930|10781|10526|10069|9383|8605|8000|7749|7871|8326|8933|9472|9834|10034|10128|10150|10144|10142|10155|10204|10261|10289|10292|10267|10233|10209|10193|10177|10146|10116|10109|10118|10126|10137|10176|10225|10258|10274|10287|10308|10346|10447|10623|10813|10925|10948|11110|11749|12880|14046|14608|14138|12595|10631|8991|7704|6564|5485|4467|3528|2687|1978|1408|966|640|414|32429

18:04:11
5758|45568|711|925|1400|2281|3535|5055|7019|9331|11578|13465|14688|15257|15417|15338|15186|15023|14862|14721|14614|14541|14496|14454|14368|14171|13845|13459|13145|13036|13161|13483|13896|14281|14567|14736|14811|14839|14844|14828|14813|14810|14816|14808|14751|14543|14027|13032|11674|10267|9271|9150|9851|11084|12395|13471|14182|14490|14586|14616|14649|14702|14765|14818|14846|14842|14815|14801|14820|14904|15033|15041|14688|13717|12100|10055|7990|6105|4516|3202|2111|1353|891|680|612|601|603|608|602|592|578|32325

18:04:29
5758|46080|2201|2713|3282|3932|4638|5376|6128|6830|7473|8044|8639|9406|10296|11137|11705|11876|11762|11548|11329|11162|11061|11006|10982|10960|10915|10802|10553|10079|9355|8542|7917|7675|7837|8330|8985|9567|9918|10086|10146|10131|10106|10099|10129|10208|10293|10332|10321|10277|10210|10146|10112|10101|10095|10100|10137|10172|10163|10145|10146|10158|10183|10216|10270|10335|10412|10516|10661|10809|10867|10853|11032|11745|12937|14125|14669|14096|12452|10446|8781|7497|6416|5398|4395|3471|2661|1962|1377|934|621|411|32373

18:04:30
5758|46080|633|801|1186|1940|3118|4641|6487|8675|10940|13001|14503|15247|15466|15360|15135|14910|14736|14618|14555|14535|14521|14480|14374|14157|13834|13439|13092|12963|13092|13430|13864|14263|14536|14671|14707|14705|14713|14740|14779|14818|14841|14823|14726|14485|14024|13176|11920|10518|9429|9114|9632|10751|12034|13142|13910|14320|14514|14610|14681|14743|14786|14788|14758|14703|14652|14645|14702|14833|15001|15074|14803|13904|12359|10369|8411|6512|4764|3385|2255|1448|952|716|622|587|572|570|566|561|551|547|32478

18:04:46
5758|46080|2325|2838|3419|4078|4777|5504|6256|6992|7657|8238|8851|9615|10459|11208|11682|11803|11704|11536|11360|11214|11107|11026|10961|10905|10854|10759|10528|10046|9306|8506|7915|7705|7883|8387|9036|9597|9964|10146|10202|10175|10118|10069|10074|10160|10269|10340|10370|10358|10306|10219|10140|10096|10073|10079|10126|10198|10233|10224|10212|10187|10164|10175|10218|10292|10409|10581|10778|10925|10951|10912|11119|11900|13124|14261|14686|13956|12220|10267|8661|7384|6279|5247|4268|3365|2568|1885|1328|901|597|393|32454

18:04:46
5758|46080|692|858|1253|1992|3129|4651|6523|8637|10810|12824|14311|15121|15420|15389|15237|15057|14881|14741|14635|14562|14523|14489|14416|14254|13973|13594|13223|13016|13057|13313|13719|14144|14478|14693|14794|14824|14817|14805|14801|14812|14839|14854|14820|14663|14266|13491|12307|10857|9605|9084|9456|10525|11863|13092|13946|14384|14557|14616|14649|14692|14750|14804|14838|14832|14798|14765|14768|14848|14983|15062|14865|14076|12581|10644|8603|6652|4969|3542|2348|1511|996|725|623|592|584|584|584|584|580|586|32398

18:05:11
5758|46080|2214|2732|3319|3971|4656|5366|6098|6815|7494|8107|8740|9515|10369|11137|11635|11769|11665|11496|11337|11225|11140|11068|11001|10923|10838|10715|10493|10056|9369|8594|7978|7719|7849|8305|8925|9495|9885|10103|10210|10223|10185|10137|10116|10150|10216|10273|10305|10311|10286|10237|10178|10116|10068|10042|10064|10123|10167|10194|10216|10215|10194|10187|10205|10242|10327|10485|10697|10889|10964|10945|11102|11790|12962|14111|14605|14007|12381|10426|8804|7530|6398|5320|4311|3402|2596|1906|1348|925|616|406|32274

18:05:11
5758|45568|641|816|1206|2015|3236|4778|6693|8966|11277|13237|14552|15170|15339|15245|15092|14961|14856|14764|14672|14581|14480|14370|14240|14038|13756|13431|13145|13028|13131|13416|13768|14107|14388|14581|14711|14796|14849|14871|14859|14823|14777|14732|14654|14464|14024|13175|11922|10481|9367|9070|9597|10697|11975|13130|13962|14404|14590|14640|14645|14640|14649|14676|14713|14755|14793|14829|14870|14944|15029|15007|14658|13720|12183|10213|8199|6359|4687|3282|2187|1383|883|656|571|549|552|566|571|570|567|32495

18:05:32
5758|45568|2442|2990|3607|4296|5027|5762|6477|7147|7741|8296|8956|9802|10697|11434|11827|11849|11669|11446|11253|11116|11023|10980|10970|10946|10878|10725|10400|9813|9005|8247|7789|7718|8028|8613|9251|9728|9986|10096|10128|10119|10108|10122|10188|10285|10354|10369|10328|10250|10179|10136|10115|10109|10122|10157|10205|10222|10189|10166|10158|10146|10163|10208|10263|10321|10412|10558|10728|10851|10875|10914|11297|12268|13560|14516|14549|13392|11453|9586|8165|7026|5963|4938|3981|3108|2318|1647|1133|748|478|32416

18:05:32
5758|46080|667|789|1094|1741|2793|4198|5986|7991|10225|12491|14196|15147|15455|15392|15171|14936|14758|14643|14584|14566|14547|14511|14418|14223|13914|13522|13162|12977|13044|13335|13738|14119|14396|14554|14619|14646|14689|14752|14814|14869|14896|14867|14762|14543|14115|13340|12207|10828|9626|9127|9449|10474|11775|12905|13723|14209|14443|14556|14638|14712|14762|14779|14759|14720|14687|14685|14745|14866|15020|15100|14868|14090|12686|10740|8646|6722|5048|3640|2477|1589|1003|711|592|550|542|553|575|590|595|599|32360

18:05:49
5758|46080|2457|3006|3630|4316|5058|5815|6535|7199|7798|8360|9008|9836|10717|11443|11832|11854|11677|11447|11252|11124|11045|11012|11004|10982|10911|10749|10421|9848|9044|8271|7802|7726|8024|8596|9237|9722|9991|10110|10148|10139|10123|10131|10186|10266|10320|10341|10320|10264|10204|10164|10151|10146|10140|10148|10183|10206|10181|10161|10167|10177|10211|10262|10317|10368|10443|10572|10736|10863|10893|10935|11320|12297|13572|14523|14577|13442|11515|9648|8213|7061|5994|4946|3974|3098|2318|1665|1161|786|517|344|32471

18:05:49
5758|45568|712|914|1376|2215|3425|5034|6992|9101|11245|13238|14594|15199|15373|15299|15157|15018|14890|14774|14676|14586|14502|14425|14319|14131|13859|13521|13214|13084|13175|13452|13804|14159|14461|14668|14790|14851|14882|14880|14854|14820|14793|14768|14711|14530|14086|13242|11929|10439|9362|9118|9704|10867|12211|13365|14138|14523|14655|14675|14671|14671|14694|14733|14776|14813|14838|14858|14882|14944|15026|14985|14613|13596|11949|9993|7993|6090|4498|3181|2079|1322|869|684|624|608|605|598|589|582|572|32451

18:06:07
5758|45568|2473|3028|3630|4283|4999|5725|6447|7153|7787|8376|9043|9872|10737|11431|11785|11782|11601|11392|11222|11113|11052|11032|11016|10962|10860|10681|10331|9730|8939|8222|7803|7752|8066|8636|9222|9650|9915|10076|10159|10172|10172|10175|10184|10204|10236|10272|10269|10243|10237|10226|10185|10121|10087|10090|10106|10130|10148|10171|10170|10158|10182|10208|10230|10273|10376|10548|10729|10854|10888|10955|11388|12391|13629|14492|14466|13282|11355|9556|8179|7050|5998|4967|4006|3088|2282|1640|1152|794|528|32292

18:06:07
5758|46080|645|759|1023|1568|2509|3811|5519|7571|9855|12112|13867|14918|15346|15385|15231|15054|14896|14749|14636|14549|14492|14463|14412|14293|14060|13705|13310|13014|12957|13158|13545|13992|14380|14636|14747|14758|14730|14717|14737|14780|14836|14874|14847|14705|14355|13662|12578|11231|9920|9155|9276|10136|11378|12624|13600|14191|14457|14568|14626|14668|14712|14758|14788|14796|14779|14753|14749|14791|14906|15030|14956|14438|13224|11415|9360|7332|5484|3929|2709|1785|1176|827|674|609|570|558|567|585|602|604|32297

18:06:27
5758|45568|2545|3113|3720|4386|5126|5861|6560|7250|7896|8491|9152|9983|10820|11456|11763|11737|11562|11391|11264|11176|11101|11044|10984|10892|10779|10618|10314|9752|8974|8250|7811|7738|8030|8606|9229|9680|9967|10144|10215|10195|10148|10116|10123|10157|10211|10271|10295|10284|10264|10231|10173|10097|10048|10045|10075|10116|10151|10183|10191|10195|10206|10208|10221|10262|10377|10571|10785|10923|10939|11002|11469|12467|13681|14511|14418|13180|11227|9428|8045|6887|5788|4746|3812|2956|2204|1588|1113|753|485|32266

18:06:27
5758|46080|654|749|1009|1517|2391|3695|5373|7332|9584|11856|13690|14815|15282|15373|15258|15109|14981|14873|14772|14668|14573|14487|14397|14272|14054|13750|13427|13179|13118|13263|13565|13926|14259|14521|14693|14803|14873|14909|14905|14871|14827|14785|14739|14647|14409|13848|12834|11438|10041|9198|9234|10058|11321|12616|13641|14289|14599|14707|14726|14716|14710|14719|14742|14773|14805|14836|14869|14918|15007|15076|14957|14427|13255|11501|9468|7468|5661|4091|2825|1845|1173|814|668|627|615|611|607|599|591|581|32301

18:06:44
5758|46080|2252|2800|3387|4042|4763|5491|6210|6907|7535|8137|8783|9555|10448|11238|11704|11799|11652|11434|11258|11149|11095|11058|11029|10984|10888|10734|10467|9989|9274|8497|7930|7721|7885|8372|8998|9526|9852|10038|10134|10154|10141|10128|10155|10198|10239|10272|10286|10271|10236|10214|10196|10168|10125|10093|10105|10124|10130|10141|10157|10174|10204|10239|10254|10267|10331|10468|10657|10828|10904|10935|11200|12004|13187|14245|14583|13787|12050|10128|8592|7380|6285|5220|4227|3326|2520|1840|1297|891|593|392|32366

18:06:44
5758|45568|703|860|1235|1968|3073|4587|6517|8705|10907|12981|14500|15206|15400|15286|15083|14908|14788|14722|14692|14660|14600|14507|14356|14139|13832|13456|13161|13060|13185|13496|13869|14211|14462|14610|14690|14753|14828|14896|14940|14946|14916|14841|14711|14481|14041|13214|11991|10583|9483|9189|9687|10797|12086|13181|13964|14396|14614|14720|14768|14779|14769|14741|14716|14709|14726|14782|14875|15012|15149|15140|14770|13797|12197|10221|8269|6446|4818|3441|2280|1440|943|719|632|607|604|612|615|613|606|32452

