16:48:03
7E,02,00,03,01,10,14,2A,7E

16:48:03
7E,02,00,03,01,10,15,2B,7E

16:48:14
7E,12,00,00,12,7E

16:48:17
7E,14,00,01,01,16,7E

16:48:17
7E,14,00,01,01,16,7E

16:48:17
7E,12,00,00,12,7E

16:48:25
7E,16,00,B4,22,04,37,05,7C,06,01,08,CE,09,C6,0B,F2,0D,3B,10,84,12,AC,14,D1,16,54,19,79,1C,27,20,72,23,8C,25,83,26,A3,26,40,26,B3,25,26,25,B9,24,7F,24,73,24,8E,24,C6,24,0E,25,4B,25,70,25,84,25,8E,25,91,25,A1,25,CF,25,12,26,5E,26,A3,26,DD,26,00,27,FE,26,E8,26,DF,26,EB,26,09,27,3F,27,80,27,B3,27,C8,27,BE,27,9F,27,79,27,57,27,48,27,5D,27,83,27,A4,27,BD,27,C2,27,A8,27,74,27,4A,27,40,27,4F,27,77,27,CC,27,52,28,E4,28,2D,29,C7,28,8E,27,6B,26,DE,26,D9,28,EB,2A,94,2B,AE,29,EE,24,F8,1E,D9,19,DC,15,70,12,3F,0F,4F,0C,AC,09,5F,07,75,05,F0,03,CF,02,FD,01,69,01,23,7E

16:57:43
7E,14,00,01,01,16,7E

16:57:43
7E,12,00,00,12,7E

16:57:43
7E,14,00,01,01,16,7E

16:57:43
7E,12,00,00,12,7E

16:58:25
7E,02,00,03,01,10,14,2A,7E

16:58:25
7E,02,00,03,01,10,15,2B,7E

16:58:37
7E,12,00,00,12,7E

16:58:37
7E,12,00,00,12,7E

16:58:41
7E,14,00,01,01,16,7E

16:58:41
7E,14,00,01,01,16,7E

16:58:42
7E,14,00,01,01,16,7E

16:58:42
7E,12,00,00,12,7E

16:58:42
7E,14,00,01,01,16,7E

16:58:42
7E,12,00,00,12,7E

16:58:50
7E,16,00,B2,B7,04,ED,05,4A,07,E8,08,D6,0A,F0,0C,21,0F,75,11,BE,13,EA,15,4B,18,4D,1B,EA,1E,64,22,E4,24,38,26,A5,26,72,26,03,26,8A,25,15,25,C7,24,A1,24,96,24,B1,24,F2,24,3E,25,7E,25,AD,25,CB,25,D9,25,D8,25,DF,25,05,26,48,26,8F,26,D7,26,1B,27,3C,27,31,27,15,27,0E,27,1B,27,36,27,65,27,A5,27,E0,27,F6,27,E9,27,D0,27,A6,27,76,27,62,27,7B,27,A7,27,C9,27,E1,27,ED,27,D9,27,A8,27,78,27,6D,27,82,27,B6,27,24,28,C8,28,59,29,3D,29,29,28,C8,26,9E,26,38,28,68,2A,84,2B,52,2A,41,26,71,20,15,1B,E1,16,50,13,FE,0F,EB,0C,31,0A,D6,07,DD,05,45,04,0C,03,2C,02,8B,01,10,7E

16:58:50
7E,16,00,B2,FF,10,40,13,81,15,AC,17,A6,19,5E,1B,DE,1C,1B,1E,23,1F,34,20,86,21,F6,22,F0,23,D6,23,EA,22,D4,21,F0,20,51,20,EB,1F,B5,1F,8B,1F,6C,1F,50,1F,20,1F,D8,1E,80,1E,12,1E,5A,1D,35,1C,9D,1A,E4,18,8D,17,F6,16,3E,17,2E,18,80,19,DC,1A,01,1C,DB,1C,6D,1D,C7,1D,13,1E,63,1E,A0,1E,AF,1E,98,1E,90,1E,A3,1E,C1,1E,D1,1E,D2,1E,C8,1E,AC,1E,8A,1E,72,1E,7A,1E,9D,1E,C6,1E,F8,1E,26,1F,39,1F,38,1F,39,1F,4E,1F,85,1F,E6,1F,60,20,D2,20,3B,21,28,22,5D,24,88,27,19,2A,CF,2A,06,29,CD,24,E0,1F,91,1B,F7,17,CC,14,CF,11,ED,0E,15,0C,71,09,0A,07,0B,05,90,03,81,02,C8,01,97,7E

16:59:47
7E,12,00,00,12,7E

16:59:47
7E,12,00,00,12,7E

16:59:49
7E,14,00,01,01,16,7E

16:59:49
7E,12,00,00,12,7E

16:59:49
7E,14,00,01,01,16,7E

16:59:49
7E,12,00,00,12,7E

17:02:42
7E,02,00,03,01,10,14,2A,7E

17:02:42
7E,02,00,03,01,10,15,2B,7E

17:02:52
7E,12,00,00,12,7E

17:02:52
7E,12,00,00,12,7E

17:02:57
7E,14,00,01,01,16,7E

17:02:57
7E,14,00,01,01,16,7E

17:02:57
7E,14,00,01,01,16,7E

17:02:57
7E,12,00,00,12,7E

17:02:57
7E,14,00,01,01,16,7E

17:02:57
7E,12,00,00,12,7E

17:03:04
7E,16,00,B2,EE,04,3B,06,AF,07,62,09,43,0B,4A,0D,7A,0F,B2,11,EA,13,2E,16,C5,18,FC,1B,BD,1F,2C,23,57,25,47,26,6A,26,12,26,A8,25,61,25,31,25,12,25,F7,24,D9,24,CD,24,D7,24,F2,24,2D,25,7D,25,C9,25,07,26,30,26,43,26,42,26,42,26,58,26,8C,26,C8,26,05,27,40,27,65,27,6D,27,63,27,59,27,53,27,5C,27,7C,27,AD,27,DA,27,EB,27,E7,27,D2,27,AD,27,83,27,6C,27,78,27,93,27,B3,27,D1,27,E1,27,D4,27,B8,27,AD,27,BC,27,FB,27,88,28,1A,29,0F,29,19,28,F5,26,1E,27,D1,28,B9,2A,4E,2B,8F,29,22,25,66,1F,5C,1A,61,16,F4,12,B4,0F,98,0C,CB,09,6F,07,85,05,FE,03,D9,02,07,02,71,01,40,7E

17:03:05
7E,16,00,B4,22,10,46,12,72,14,8D,16,8F,18,77,1A,14,1C,74,1D,A0,1E,9F,1F,C3,20,23,22,63,23,EC,23,61,23,52,22,59,21,9E,20,20,20,DA,1F,AA,1F,70,1F,3D,1F,11,1F,DC,1E,9A,1E,4C,1E,DC,1D,05,1D,A9,1B,F3,19,4F,18,29,17,D3,16,63,17,97,18,0B,1A,69,1B,79,1C,30,1D,A0,1D,E5,1D,27,1E,65,1E,81,1E,7B,1E,7D,1E,97,1E,B3,1E,C7,1E,C5,1E,AB,1E,8B,1E,6A,1E,56,1E,5B,1E,7B,1E,AA,1E,DF,1E,17,1F,36,1F,30,1F,1A,1F,16,1F,46,1F,A9,1F,2C,20,A9,20,08,21,94,21,0A,23,DD,25,E8,28,9B,2A,2A,2A,1E,27,59,22,90,1D,95,19,3C,16,18,13,0C,10,20,0D,5B,0A,E1,07,DB,05,37,04,F0,02,13,02,86,01,CB,7E

17:03:52
7E,12,00,00,12,7E

17:03:52
7E,12,00,00,12,7E

17:03:54
7E,14,00,01,01,16,7E

17:03:54
7E,12,00,00,12,7E

17:03:54
7E,14,00,01,01,16,7E

17:03:54
7E,12,00,00,12,7E

17:04:29
7E,12,00,00,12,7E

17:04:36
7E,14,00,01,01,16,7E

17:04:36
7E,14,00,01,01,16,7E

17:04:36
7E,12,00,00,12,7E

17:04:43
7E,16,00,B4,7B,04,AB,05,0F,07,AA,08,92,0A,B6,0C,EF,0E,20,11,3A,13,57,15,9A,17,67,1A,07,1E,E4,21,D8,24,6B,26,E4,26,89,26,DD,25,45,25,D3,24,9E,24,A8,24,D4,24,03,25,2D,25,4C,25,54,25,53,25,5A,25,76,25,AD,25,F9,25,4B,26,92,26,C2,26,D7,26,D7,26,CA,26,C9,26,E0,26,0D,27,4C,27,90,27,BF,27,CF,27,BF,27,A2,27,86,27,78,27,79,27,8F,27,BC,27,DE,27,E5,27,D5,27,B6,27,8D,27,63,27,5A,27,70,27,9B,27,CD,27,02,28,4D,28,AA,28,FB,28,E4,28,19,28,DF,26,8F,26,13,28,65,2A,D8,2B,21,2B,81,27,C9,21,15,1C,AA,17,26,14,F0,10,DB,0D,10,0B,98,08,63,06,A2,04,49,03,55,02,A8,01,35,01,71,7E

17:04:49
7E,12,00,00,12,7E

17:04:58
7E,14,00,01,01,16,7E

17:04:58
7E,14,00,01,01,16,7E

17:04:58
7E,12,00,00,12,7E

17:05:06
7E,16,00,B2,D8,04,25,06,97,07,3E,09,27,0B,31,0D,5A,0F,8F,11,C0,13,04,16,8F,18,B2,1B,6B,1F,E4,22,2D,25,33,26,64,26,10,26,A3,25,5A,25,27,25,0A,25,EF,24,D9,24,C8,24,C1,24,DD,24,18,25,63,25,B2,25,F5,25,21,26,35,26,37,26,3B,26,4C,26,75,26,B4,26,FB,26,3C,27,67,27,75,27,6D,27,5D,27,4E,27,56,27,74,27,9A,27,C5,27,E9,27,F2,27,D6,27,AB,27,85,27,69,27,69,27,82,27,A5,27,C2,27,D3,27,D9,27,C7,27,A9,27,9E,27,D8,27,60,28,ED,28,FD,28,34,28,15,27,14,27,A9,28,9B,2A,63,2B,FD,29,E6,25,31,20,F8,1A,F7,16,8D,13,3D,10,0D,0D,3B,0A,D8,07,CF,05,30,04,01,03,2B,02,8E,01,15,7E

17:05:10
7E,12,00,00,12,7E

17:05:15
7E,14,00,01,01,16,7E

17:05:15
7E,14,00,01,01,16,7E

17:05:15
7E,12,00,00,12,7E

17:05:23
7E,16,00,B4,42,04,65,05,A9,06,2C,08,FE,09,FA,0B,0A,0E,52,10,AE,12,E8,14,2C,17,D5,19,15,1D,B8,20,D3,23,AC,25,78,26,80,26,27,26,C0,25,60,25,0B,25,CF,24,AB,24,9C,24,B7,24,F1,24,36,25,7F,25,BA,25,E6,25,F3,25,F4,25,01,26,1A,26,4B,26,90,26,DF,26,1C,27,3D,27,48,27,3C,27,2C,27,25,27,39,27,69,27,9D,27,D0,27,F2,27,FA,27,DC,27,AB,27,89,27,76,27,79,27,8F,27,BC,27,E5,27,E7,27,D1,27,B0,27,96,27,7D,27,7F,27,CA,27,57,28,03,29,5B,29,ED,28,AB,27,AD,26,66,27,67,29,23,2B,45,2B,BB,28,A1,23,DA,1D,1E,19,59,15,E1,11,9A,0E,AF,0B,1C,09,E5,06,15,05,AC,03,A3,02,DF,01,5A,01,38,7E

17:05:30
7E,12,00,00,12,7E

17:05:47
7E,14,00,01,01,16,7E

17:05:47
7E,12,00,00,12,7E

17:05:47
7E,14,00,01,01,16,7E

17:05:47
7E,12,00,00,12,7E

17:07:32
7E,02,00,03,01,10,15,2B,7E

17:07:32
7E,12,00,00,12,7E

17:07:33
7E,14,00,01,01,16,7E

17:07:33
7E,12,00,00,12,7E

17:10:00
7E,02,00,03,01,10,15,2B,7E

17:10:00
7E,02,00,03,01,10,15,2B,7E

17:10:31
7E,12,00,00,12,7E

17:10:31
7E,12,00,00,12,7E

17:10:36
7E,14,00,01,01,16,7E

17:10:36
7E,14,00,01,01,16,7E

17:10:36
7E,14,00,01,01,16,7E

17:10:36
7E,12,00,00,12,7E

17:10:36
7E,14,00,01,01,16,7E

17:10:36
7E,12,00,00,12,7E

17:10:44
7E,16,00,B2,30,05,77,06,FF,07,D0,09,D5,0B,E8,0D,F8,0F,23,12,49,14,76,16,07,19,3B,1C,0C,20,6C,23,68,25,29,26,0E,26,7E,25,FC,24,AF,24,8D,24,96,24,A5,24,A8,24,9B,24,8F,24,8D,24,A2,24,D7,24,23,25,7A,25,C8,25,FE,25,15,26,14,26,0B,26,10,26,33,26,68,26,A8,26,EB,26,23,27,3B,27,31,27,1C,27,04,27,FA,26,08,27,2E,27,60,27,82,27,8A,27,78,27,51,27,20,27,FC,26,F3,26,04,27,26,27,4E,27,70,27,82,27,7A,27,76,27,9C,27,00,28,67,28,50,28,7A,27,9B,26,1B,27,09,29,EC,2A,4F,2B,48,29,9B,24,CF,1E,EE,19,34,16,E0,12,A3,0F,9C,0C,E8,09,8B,07,8E,05,02,04,E1,02,13,02,83,01,4D,7E

17:10:44
7E,16,00,B4,90,0F,C1,11,F6,13,3A,16,68,18,58,1A,FD,1B,60,1D,74,1E,65,1F,79,20,CD,21,2A,23,07,24,D1,23,CC,22,AE,21,CA,20,26,20,C0,1F,8A,1F,67,1F,50,1F,44,1F,23,1F,DE,1E,7E,1E,FC,1D,2A,1D,CF,1B,16,1A,77,18,59,17,02,17,80,17,90,18,EC,19,3B,1B,46,1C,00,1D,7D,1D,DD,1D,38,1E,95,1E,C6,1E,BF,1E,9E,1E,8D,1E,9C,1E,B1,1E,BC,1E,C0,1E,C1,1E,B4,1E,96,1E,89,1E,93,1E,A5,1E,C4,1E,F3,1E,27,1F,45,1F,50,1F,5A,1F,73,1F,B0,1F,0E,20,7A,20,DC,20,4F,21,97,22,2D,25,64,28,AD,2A,AC,2A,20,28,6D,23,79,1E,7C,1A,26,17,16,14,12,11,2A,0E,54,0B,B8,08,7D,06,B5,04,55,03,5D,02,BF,01,F3,7E

17:12:25
7E,12,00,00,12,7E

17:12:25
7E,12,00,00,12,7E

17:12:32
7E,14,00,01,01,16,7E

17:12:32
7E,12,00,00,12,7E

17:12:32
7E,14,00,01,01,16,7E

17:12:32
7E,12,00,00,12,7E

17:26:49
7E,02,00,03,01,10,15,2B,7E

17:26:49
7E,02,00,03,01,10,15,2B,7E

17:27:09
7E,12,00,00,12,7E

17:27:09
7E,12,00,00,12,7E

17:27:15
7E,14,00,01,01,16,7E

17:27:15
7E,14,00,01,01,16,7E

17:27:15
7E,14,00,01,01,16,7E

17:27:15
7E,12,00,00,12,7E

17:27:15
7E,14,00,01,01,16,7E

17:27:15
7E,12,00,00,12,7E

17:27:23
7E,16,00,B2,4B,05,8A,06,16,08,06,0A,0D,0C,0F,0E,3A,10,64,12,6C,14,85,16,21,19,79,1C,59,20,A4,23,8C,25,49,26,25,26,8C,25,F1,24,94,24,6F,24,78,24,91,24,A6,24,B8,24,B1,24,A2,24,AC,24,D5,24,12,25,59,25,AD,25,F8,25,1E,26,24,26,1F,26,22,26,2B,26,46,26,7E,26,C8,26,05,27,25,27,37,27,33,27,0E,27,F1,26,F5,26,09,27,27,27,51,27,73,27,78,27,5F,27,30,27,08,27,F3,26,E9,26,F8,26,20,27,47,27,62,27,76,27,89,27,B7,27,10,28,62,28,35,28,4C,27,72,26,0A,27,0D,29,00,2B,62,2B,39,29,72,24,9D,1E,BA,19,FD,15,B4,12,94,0F,8F,0C,D7,09,82,07,8B,05,04,04,DF,02,11,02,85,01,BC,7E

17:27:24
7E,16,00,B2,75,11,82,13,A0,15,B6,17,A9,19,7C,1B,28,1D,80,1E,94,1F,8D,20,A9,21,D8,22,90,23,4F,23,73,22,9C,21,00,21,93,20,39,20,E1,1F,7E,1F,23,1F,E1,1E,B5,1E,97,1E,76,1E,36,1E,98,1D,63,1C,99,1A,B2,18,48,17,B7,16,18,17,2F,18,B7,19,44,1B,7C,1C,3C,1D,90,1D,AE,1D,CD,1D,0F,1E,56,1E,88,1E,AD,1E,D7,1E,FB,1E,FE,1E,D4,1E,92,1E,5B,1E,3C,1E,42,1E,71,1E,B6,1E,F2,1E,14,1F,1B,1F,09,1F,E8,1E,D3,1E,DE,1E,26,1F,AB,1F,4A,20,D6,20,28,21,64,21,37,22,67,24,75,27,EC,29,AE,2A,D9,28,8A,24,AB,1F,6D,1B,CE,17,83,14,58,11,62,0E,AC,0B,3F,09,0B,07,23,05,9F,03,9A,02,EC,01,FC,7E

17:28:28
7E,12,00,00,12,7E

17:28:29
7E,12,00,00,12,7E

17:29:01
7E,14,00,01,01,16,7E

17:29:01
7E,14,00,01,01,16,7E

17:29:01
7E,14,00,01,01,16,7E

17:29:01
7E,12,00,00,12,7E

17:29:01
7E,14,00,01,01,16,7E

17:29:01
7E,12,00,00,12,7E

17:29:09
7E,16,00,B2,6C,05,9A,06,25,08,25,0A,3C,0C,3C,0E,51,10,7B,12,9B,14,AF,16,27,19,6E,1C,50,20,A1,23,98,25,55,26,28,26,88,25,EA,24,7E,24,4B,24,5B,24,82,24,A2,24,B5,24,B9,24,B5,24,B1,24,C3,24,F9,24,40,25,96,25,E8,25,21,26,38,26,33,26,2D,26,2F,26,43,26,6D,26,AE,26,F3,26,26,27,48,27,45,27,1F,27,FC,26,ED,26,F6,26,12,27,3B,27,67,27,79,27,6D,27,4A,27,22,27,FD,26,E0,26,E6,26,0C,27,3B,27,63,27,7F,27,9C,27,CE,27,23,28,64,28,23,28,31,27,5B,26,0B,27,2B,29,2A,2B,8A,2B,4A,29,6E,24,9C,1E,B6,19,F4,15,AC,12,8F,0F,9D,0C,EA,09,8C,07,91,05,06,04,E3,02,12,02,82,01,D9,7E

17:29:09
7E,16,00,B4,93,0F,AD,11,D3,13,0B,16,4C,18,59,1A,1E,1C,91,1D,95,1E,63,1F,58,20,9B,21,F0,22,D6,23,B3,23,D8,22,E0,21,FD,20,45,20,B9,1F,5B,1F,25,1F,0F,1F,15,1F,1C,1F,FB,1E,AC,1E,2E,1E,40,1D,C2,1B,EE,19,3D,18,27,17,F2,16,8D,17,B2,18,1B,1A,63,1B,4E,1C,E2,1C,42,1D,95,1D,01,1E,80,1E,D7,1E,EC,1E,D2,1E,B1,1E,98,1E,88,1E,81,1E,85,1E,97,1E,AA,1E,AF,1E,B1,1E,B2,1E,B2,1E,B2,1E,C3,1E,E9,1E,11,1F,38,1F,64,1F,9E,1F,E8,1F,35,20,7F,20,BC,20,12,21,34,22,DB,24,4D,28,C6,2A,21,2B,C4,28,E1,23,A6,1E,76,1A,06,17,FF,13,05,11,1F,0E,5F,0B,D2,08,9F,06,CD,04,61,03,61,02,BD,01,E5,7E

17:29:29
7E,12,00,00,12,7E

17:29:29
7E,12,00,00,12,7E

17:29:30
7E,14,00,01,01,16,7E

17:29:30
7E,12,00,00,12,7E

17:29:30
7E,14,00,01,01,16,7E

17:29:30
7E,12,00,00,12,7E

