09:40:20
1957,2427,2849,3295,3862,4436,5015,5557,6052,4196.1,4702,5230.4,5783.5,6337.8,6861.2,7327.7,7726.9,8063,8339.2,8559.6,8718.7,8798.2,8801.7,8751.8,8671.7,8589.1,8513.7,8436.6,8343.7,8212.1,8024.8,7783.4,7509.4,7237.6,6998.5,6808.4,6674.6,6597.6,6575.1,6617.1,6733.1,6915.2,7138.9,7369.3,7573.8,7734,7842.3,7906.5,7943.2,7959.3,7958.3,7946.8,7931.1,7912.1,7891,7872.1,7857.3,7843,7826.2,7811.8,7805.3,7804.1,7805.9,7813.3,7828.9,7853.3,7886.5,7927.4,7970.4,8014.2,8083.3,8221.7,8447.7,8740.1,9050.4,9300.2,9414.3,9377.8,9227.7,8991.4,8652.8,8171.5,7530.6,6751.1,5882.6,5006.6,4206,3509.9,2899.7,2358.7

09:40:20
4053,4663,5281,5865,6438,7007,7554,8048,8445,6611.2,7107.5,7567.4,7988.5,8366.3,8687.5,8936.7,9108.2,9208.7,9250.8,9245.6,9202.6,9127.4,9023.4,8898.4,8766.1,8638.2,8511.2,8369.1,8201.1,8008.1,7797.7,7584.7,7391.6,7236.1,7127.3,7068.6,7064.2,7119.1,7230.5,7387.5,7573.1,7765.4,7940.8,8083,8186.2,8252.3,8285.5,8293.1,8283.8,8263.1,8236.6,8209,8181.4,8154.2,8130.4,8114.3,8110.1,8117.5,8135,8161.5,8193.9,8230.1,8270.2,8313.6,8357.8,8401.6,8447.5,8499.6,8558.8,8624.5,8709.4,8843.9,9057,9353.1,9704,10039.7,10263.3,10320.6,10226.2,10014.3,9691,9234.3,8620,7844.5,6935,5963.7,5034,4209.9,3490.3,2855.5

09:41:02
1944,2379,2823,3372,3942,4444,4971,5482,6000,4182.8,4684.7,5209.5,5763,6316.3,6839.1,7310.9,7714.6,8052.9,8327.1,8545.1,8707.2,8798.1,8811,8762.6,8681.5,8595.2,8516.9,8439.9,8349.5,8223.1,8040.1,7799.5,7524.4,7250.5,7008.4,6815.9,6680.1,6601.3,6578.1,6618.6,6734.4,6918.7,7144.7,7375.8,7580.3,7739.4,7847.4,7911.9,7948.7,7967.1,7969.7,7961.1,7945.4,7926,7905,7885.3,7870,7856.6,7841.9,7829.1,7822,7818.8,7818.2,7822.1,7833.1,7853.4,7884.4,7925,7969.1,8014.7,8086.4,8227.3,8454.3,8745.2,9051.6,9298.1,9410.9,9375.1,9226.2,8989.2,8647,8160.6,7515,6733.7,5868.1,4999.2,4206.1,3513.7,2903.6,2360.5

09:41:02
4156,4763,5396,5986,6564,7124,7618,8071,8474,6696.3,7194.1,7662.8,8091.7,8468.7,8772.9,8992.9,9135.3,9209.6,9228.9,9205.1,9143.2,9047,8924.2,8786.4,8647.7,8508.7,8358.8,8185.5,7983.9,7767.2,7554.9,7367.3,7220.6,7121.7,7071.4,7073.8,7129.2,7236.9,7391.7,7575.5,7764.8,7933.7,8064.2,8152.1,8202.9,8224.6,8227,8218.2,8202.2,8180.7,8156.7,8134,8113.6,8096.4,8084,8078.4,8081.2,8093.1,8112.6,8137.2,8163.6,8188.3,8211.7,8235.9,8262.9,8296.5,8339.9,8391.3,8449,8522.8,8640.1,8837,9124.9,9477.7,9827.2,10083,10190,10148.4,9987.7,9713.7,9303.8,8727.4,7980,7093.3,6138.4,5211.2,4371.9,3631.9,2975

09:42:13
2108,2513,2982,3527,4132,4719,5272,5784,6244,4394,4899,5432.6,5985.1,6528,7032.5,7477.1,7854.6,8166.1,8415.2,8609.1,8742.3,8798.5,8783.8,8722.6,8639.8,8557.1,8479.4,8396.3,8291.3,8141.9,7934.6,7679.4,7404.6,7143.2,6920.5,6749.4,6634.2,6575.3,6574.4,6641.8,6783.7,6986.6,7219.5,7445.3,7635.7,7776.8,7866.8,7916.3,7941.4,7951.1,7948.9,7937.6,7921.3,7903.6,7885,7866.1,7848.8,7833.3,7818.2,7806.3,7801.1,7801.9,7806.6,7815.3,7830.9,7856.8,7892.5,7933.4,7975.3,8026.3,8121.6,8299.2,8561.5,8871.8,9169.3,9370.2,9419,9331.9,9148.7,8877.9,8487.2,7940.1,7233.9,6404,5516.2,4663.2,3910.3,3256.9,2679.5,2168.1

09:42:13
3809,4388,4982,5606,6203,6774,7319,7826,8287,6386.5,6905.6,7397.5,7855.1,8264,8608.3,8873,9054.1,9161.7,9207.5,9203.7,9160.4,9081.6,8972.6,8842.3,8704.4,8568.8,8429.7,8271.3,8086,7876.9,7658.4,7451.6,7275.7,7143.9,7062.6,7033.6,7058.4,7137.8,7268,7438.9,7628.6,7810.5,7963.3,8076,8146.9,8182.6,8194.2,8190.5,8176.4,8154.6,8129.1,8103.7,8081.3,8063.2,8050.3,8043.8,8044.3,8052.3,8067.5,8088.6,8112.3,8136.4,8159.9,8182.7,8207.1,8236.1,8273.4,8321,8376.3,8439,8522.5,8660.7,8887.7,9205.3,9571.2,9899,10101.4,10146.9,10058.4,9860,9546.8,9091,8463.5,7667.4,6748.9,5794.5,4897.2,4098.8,3389.3,2756.8

09:43:58
2702,3214,3720,4266,4837,5408,5967,6486,6925,5078.4,5559.9,6018.1,6458.7,6872.1,7244.3,7561.6,7811.9,7994.7,8119.1,8197,8238.5,8245.7,8214.9,8152.3,8068.3,7970.9,7861.4,7724.2,7543,7323.4,7087.4,6857,6653.9,6496.8,6390.2,6330.7,6321.2,6373.8,6494.9,6669.4,6869.3,7066,7237.4,7366.9,7450.1,7495.8,7511.9,7503.6,7478,7442,7400.6,7359.1,7320.1,7284,7253.6,7231.3,7219.7,7221,7233.7,7257.6,7291.4,7330.7,7370.5,7409.4,7450.3,7496.1,7548.6,7608.3,7673.3,7738.6,7814.3,7939.9,8152.8,8456.6,8815.5,9153.6,9372.7,9421,9327.2,9136.9,8854,8442.7,7870.6,7136.9,6276.9,5366.8,4511.4,3772.7,3135.7,2570.4

09:43:58
3825,4412,5007,5634,6259,6823,7303,7730,8095,6350.5,6846.7,7330.8,7807.7,8260.8,8659.7,8984.1,9232.7,9411.5,9531.4,9606.3,9640.8,9630,9571.6,9479.5,9379.2,9289.7,9214.2,9142,9052.7,8922.7,8740.4,8513.3,8264.5,8025.6,7824.6,7676.9,7584.6,7547,7566.6,7648.5,7792.6,7987.7,8207.4,8418.2,8593.5,8721.1,8805,8855.8,8885,8902.1,8911.9,8915.6,8914.5,8910.7,8908.1,8910.5,8917.3,8927.5,8942.7,8964.4,8990.6,9018.7,9047.9,9076.8,9105.1,9134.6,9167.1,9202.8,9238.1,9271.2,9323.6,9435,9621.2,9859.8,10090.1,10226.9,10223.2,10085.4,9835.9,9488.7,9031.8,8428.9,7666.8,6774.1,5820.1,4901.2,4075,3347.2,2709.4

09:44:46
3994,4557,5167,5777,6334,6872,7365,7810,8216,6465.7,6955.9,7426,7871.9,8282.9,8641.9,8930.5,9144.7,9290.3,9376.8,9417.8,9421.3,9385.5,9311.1,9209.9,9102.5,9005.6,8922.7,8846.7,8761.2,8645.6,8484.2,8278.4,8046.5,7813.7,7607.3,7447.6,7342.6,7293,7298.4,7358.6,7475.1,7641.6,7837.6,8036.8,8213.5,8350.2,8444.9,8504.6,8538.4,8556.8,8566.5,8570.9,8571.7,8569.7,8568.1,8570.8,8578.4,8589,8603.4,8622.5,8644.2,8666.5,8689,8712.3,8737.1,8764.8,8797.5,8836.6,8880,8926.8,8994.7,9121.8,9334.1,9618.2,9918.4,10150.8,10249.1,10201,10033.3,9766.9,9391.6,8873.7,8193.1,7365.4,6445.2,5520.9,4666.8,3906.4,3227,2619.8

09:48:18
2844,3359,3937,4536,5112,5762,6341,6747,7088,5305.2,5774.6,6218.8,6637.7,7024.6,7368.7,7647.8,7854,7997.1,8085.3,8133.4,8149.5,8135,8087.4,8012.8,7920.6,7816,7695.7,7546.7,7358,7136.3,6904.3,6683.3,6491.4,6344.8,6246.8,6192.9,6189.8,6249.9,6374.8,6548.2,6742.8,6931.8,7094.5,7212.9,7283.9,7319.3,7326.6,7310.3,7278.7,7239.7,7198.1,7156.7,7117.2,7081.1,7051,7026.9,7010.5,7006.8,7015.2,7034.1,7061,7092.9,7126.1,7157.8,7191.2,7230.6,7280,7339.2,7406.3,7480.5,7579,7742.9,8000.9,8349.4,8742.9,9097.9,9325.2,9388.7,9321.5,9161.4,8902.1,8501.9,7931.2,7196.3,6343.7,5459.5,4638.9,3927.9,3304.9,2741.6

09:48:18
4386,4961,5560,6180,6791,7340,7810,8208,8512,6850.8,7316.6,7759.8,8175.8,8546,8850.1,9078.5,9235.5,9330.6,9375.8,9382.1,9351.8,9285.1,9189.4,9082.1,8981.9,8898.5,8827.1,8749.5,8646.8,8503.3,8315.9,8097.1,7868.7,7658.7,7487.6,7365.7,7295.3,7278.1,7315.5,7410.2,7558.7,7744.5,7943.8,8128.5,8277.7,8384.3,8451.7,8489.8,8509.6,8519.7,8524.4,8525.6,8524.1,8521.1,8521,8525,8531.4,8540.5,8554.7,8575,8599.8,8626.8,8655,8684,8713.2,8743.5,8777.8,8817.3,8860.8,8917.8,9019.8,9205.6,9476.4,9788.2,10065.3,10230.8,10253.6,10140.9,9919.4,9594.6,9139.5,8519.2,7731.6,6822.2,5872.8,4972.1,4162.6,3449.9,2821.1

09:48:35
4231,4779,5360,5961,6564,7144,7653,8090,8430,6689.8,7161.4,7611.1,8036.9,8425.1,8753.9,9007,9185.3,9296.5,9354.7,9373.5,9357.5,9304.9,9219.2,9114.5,9012,8925.3,8851.3,8776.8,8684.8,8558,8384.8,8172.7,7943.4,7723.6,7536.6,7397.2,7312.4,7282.7,7304.6,7379.1,7509.4,7685.1,7882.6,8073.9,8234.9,8353.8,8431.2,8475.8,8499.5,8511.9,8518.9,8522.4,8523.2,8523.4,8525.5,8530.8,8538,8546.6,8559.1,8575.9,8595.8,8618.2,8642.7,8668.7,8695.3,8724.2,8758.3,8798.1,8841.4,8893.4,8976.3,9128.4,9367.5,9669,9971.3,10188.8,10266.6,10200,10018.5,9740.1,9346.7,8800.9,8083.9,7221.8,6283.1,5360.6,4516.9,3770.6,3108.7,2520.1

10:02:18
2614,3134,3695,4288,4872,5430,5985,6509,6898,5060.1,5541.1,5998.1,6434.2,6842.3,7210.1,7524.2,7769,7939.6,8049.9,8116.1,8149,8151.2,8117.4,8052,7964.8,7863.3,7749.4,7612.4,7438.5,7227.3,6995.9,6767.5,6562.6,6397.9,6280.3,6208.8,6186,6222.7,6325.8,6486.2,6679.1,6874.6,7048.7,7182.6,7269.5,7316.1,7332,7323.9,7299.1,7264.3,7223.7,7181.5,7140.6,7101.9,7067.7,7040.7,7023.4,7019.5,7029.6,7053,7084.8,7118.9,7153.8,7188.5,7223.7,7262.2,7308.1,7363.8,7427.8,7495.9,7576.2,7705.4,7921.2,8232.5,8608.9,8983.2,9262.2,9380.9,9354.3,9225.4,9004.7,8659.7,8152,7475,6661.1,5780.6,4930.2,4180.7,3526.5,2936.3

10:02:18
4214,4763,5332,5915,6506,7073,7582,8029,8412,6655.1,7135.2,7590.2,8017.9,8406.5,8732.6,8982.1,9157,9266.1,9322.5,9338.9,9319.6,9264.7,9176,9066,8957.8,8865.4,8789,8715.8,8622.3,8489.7,8312.2,8097.7,7868.3,7651.1,7467.9,7332.6,7248.2,7215.8,7237.8,7314.4,7444.2,7616.6,7808.5,7992.8,8148.7,8265.5,8344,8391.3,8417.9,8432.9,8440.5,8442.8,8442.7,8442.6,8444,8449.7,8458.7,8469.2,8482.3,8498.4,8516.3,8536.7,8559.6,8583.8,8610.3,8640,8674.7,8716.1,8760.9,8814,8900.3,9059.5,9307.5,9615.5,9916.9,10125.3,10191,10122.6,9942.6,9656.1,9251,8692.2,7964,7098,6164.5,5255.2,4427.7,3684.5,3020

10:02:34
2908,3466,4076,4635,5200,5819,6362,6782,7106,5369.2,5835.3,6275.1,6686.9,7068.6,7406.2,7678,7878.2,8013.9,8096.6,8141.5,8155,8135.8,8083.6,8006,7911.6,7804.8,7681,7525,7328.6,7103.3,6871.6,6654.6,6470.3,6331.4,6239.7,6194,6200.8,6272.4,6408.9,6589.6,6785.7,6971.4,7127.2,7238.3,7303.6,7333.5,7335.6,7315.8,7282.1,7242.2,7200.1,7158.7,7119.2,7083.3,7054,7032.5,7022.8,7027.5,7044.7,7071.1,7103.7,7140.1,7176.9,7212.3,7249,7291.1,7341.3,7400.2,7465.7,7537.9,7639.2,7811.7,8080.3,8434.2,8821.9,9155.8,9349.7,9382.8,9295.1,9117.5,8835.7,8406.8,7806.2,7047.1,6182.1,5303.1,4502.1,3808.7,3195,2639.4

10:02:34
3842,4419,5004,5608,6216,6788,7273,7717,8118,6342,6831.3,7297.1,7743.2,8162.7,8534.6,8837.5,9063.2,9214.3,9300.8,9340.7,9345.8,9315.3,9247,9147.7,9036.4,8931.9,8844.9,8771.3,8698.1,8603.9,8462.9,8271.8,8048.7,7818,7605.6,7432.9,7310.7,7242.1,7224.8,7258.6,7351.8,7502.8,7690.8,7887.6,8066.9,8210.6,8313,8377.7,8413.5,8432.4,8443.1,8447.6,8447.3,8444,8439.4,8438.8,8444.1,8453.8,8468.1,8487.1,8509.8,8534.3,8558.7,8582.8,8608,8634.3,8663.8,8699.3,8740.8,8788.1,8855.6,8980.3,9192.2,9482,9796.5,10052.9,10179.8,10161.3,10021.7,9780.9,9431.9,8940.5,8280.6,7466.6,6552.1,5625,4767.8,4004.8,3321.4,2708.8

10:02:49
3051,3612,4190,4769,5308,5844,6370,6803,7147,5451.2,5914.8,6356.2,6770.2,7144.3,7467.8,7724.6,7908.4,8030.3,8104.4,8143.7,8151.8,8124.2,8063.1,7977.7,7877,7767.2,7639.9,7475.4,7269.7,7039.4,6808,6594.9,6419.3,6292.5,6212.8,6179.8,6203.1,6294.9,6448.3,6637.8,6834.4,7014.1,7156.9,7252.3,7306.4,7329.8,7326.9,7304.1,7270.1,7230.2,7187.6,7144.4,7103.8,7069.1,7041.6,7023.6,7019.9,7030.7,7051.9,7080.1,7113.1,7148.9,7183.9,7217.3,7255,7301.3,7356.1,7419,7487.8,7565.2,7679.5,7872.3,8161.7,8526.9,8908.2,9214.1,9367.6,9366.1,9253.2,9050.1,8732.3,8260.5,7620.7,6835.7,5964.1,5098.8,4323.9,3650.4,3046.8

10:02:49
3904,4447,4997,5601,6222,6802,7371,7868,8233,6396,6882.6,7344.2,7785.2,8197,8560.3,8857.5,9075.4,9218,9300.7,9337.3,9337.3,9301,9229.1,9129.4,9019.9,8919.8,8836,8761.9,8681.9,8575.3,8424.9,8232.3,8011.9,7785.5,7580.2,7413.2,7294.1,7228.3,7215.8,7257,7355.2,7505.9,7691.4,7886.3,8063.5,8205.8,8308.3,8372.4,8407.2,8426.1,8437.6,8443.7,8446.4,8447.2,8446.4,8447.1,8451.7,8458.7,8468.8,8483.8,8503,8525.5,8549.7,8575.2,8602.9,8632,8662.5,8697.7,8738.6,8784.4,8848.3,8959.9,9152.6,9431.3,9749,10021.9,10171.4,10173,10049.5,9825.6,9497.4,9039,8415.9,7623.9,6713.5,5774.6,4897.8,4118.8,3425.8,2805.2

10:03:09
2841,3381,3960,4552,5133,5696,6242,6692,7037,5283.6,5753.6,6200.4,6624,7014.7,7359.3,7642.9,7852,7993.2,8081.4,8130,8147.5,8132.5,8083.2,8006.5,7911.4,7804,7683.2,7532.7,7340.5,7117.5,6886.1,6666.6,6477.2,6332.5,6236.2,6185.4,6185.7,6250.9,6382.4,6560.4,6756.5,6944.8,7104.4,7218.8,7286.2,7318.6,7324.4,7307.6,7276.3,7238.5,7197.6,7155.6,7114.4,7077.5,7047.6,7024.2,7011.4,7014.2,7031.2,7057.7,7090.5,7126.9,7162.8,7196,7230.1,7271.6,7322.6,7381.7,7447.1,7518.8,7615.4,7779.1,8037.8,8383.6,8769.9,9112,9321.9,9370.3,9292.4,9122.5,8851.5,8437.1,7852.9,7110.2,6256.5,5378.5,4570.3,3868.4,3248.1,2685.7

10:03:09
4309,4861,5423,6010,6604,7170,7682,8112,8456,6734.9,7203.8,7649.1,8068.3,8447.6,8766.7,9011.2,9181,9285.3,9336.9,9348.4,9322.9,9261,9168.8,9061,8956.3,8867.3,8791.9,8717.7,8624.7,8492.4,8315.9,8103.5,7875,7657.8,7474,7338.3,7255,7223.2,7243.8,7320.6,7451.8,7625.8,7820.6,8007.6,8165,8280.9,8356.3,8399.9,8422.3,8433.8,8439.6,8441.8,8441.5,8439.9,8440.1,8444.6,8452.6,8462.8,8477,8496.6,8519.9,8545.1,8571.8,8599.5,8628,8657.6,8691,8730.3,8773.5,8826.7,8915.5,9077.2,9327.5,9637.9,9938.7,10144.5,10204.7,10127.4,9947.7,9668,9265.8,8706.4,7971.9,7097.4,6157.7,5244.4,4417.7,3684.2,3023.9

10:03:26
2725,3243,3803,4388,4950,5468,6032,6537,6928,5132.9,5612.7,6069,6501.8,6901.3,7256.5,7558.8,7789.5,7950,8055.7,8117.8,8146.3,8141.9,8101.2,8030.8,7940.6,7837.6,7724.5,7587.8,7410.4,7195.2,6962,6734,6530.8,6368.7,6256.1,6191.2,6175,6219.2,6331.7,6499.1,6693.4,6886.3,7055.5,7184.2,7266.2,7309.1,7323.8,7315.4,7289.1,7252.2,7210.3,7167.1,7124.5,7085.5,7053.8,7030.5,7016.3,7015,7027.8,7051,7079.7,7111.4,7145.1,7178.1,7211.3,7250.5,7299.6,7358.8,7424.2,7493.1,7577.4,7714.7,7941.7,8262.1,8642.6,9010.3,9272.8,9374.7,9333.6,9191.2,8955.1,8591.9,8065.3,7374.4,6553.6,5674.6,4833.1,4090.8,3441.4,2857.8

10:03:26
4037,4550,5087,5696,6342,6945,7479,7949,8319,6499.1,6979.2,7439.1,7879.6,8286.5,8637.1,8915.5,9118.3,9250.3,9323.1,9351.7,9344.3,9299.4,9219.1,9115.1,9006.1,8908.3,8825.2,8748,8661,8543.4,8380.9,8177.5,7951.5,7726.7,7527.8,7372.9,7269.4,7218.6,7219.8,7275.5,7388.3,7550.8,7742,7935.5,8107.1,8240.2,8331.6,8387.5,8417.9,8435.2,8446.6,8453.5,8457.3,8459.2,8460.4,8463.4,8469.3,8477.5,8488.4,8502.7,8520.2,8540.6,8563.6,8587.5,8612.7,8641,8673.1,8710.1,8752.4,8801.2,8874.6,9011.4,9236.3,9535.3,9849.4,10088.6,10191.9,10154.8,10000.7,9746.7,9382.6,8872.1,8192.3,7359.4,6432.2,5506.2,4654.6,3894.7,3217.9,2617.8

10:03:54
2696,3222,3772,4317,4895,5475,6066,6584,6981,5127.3,5604.7,6053.4,6478.3,6876.5,7235.1,7541,7777.7,7944.2,8051,8112.1,8139.7,8135.5,8097.3,8030.9,7944.9,7845,7732.6,7594.7,7416.5,7201.4,6968.9,6742.4,6540.3,6378.8,6265.8,6199.2,6180,6220.3,6327.8,6489.6,6680.1,6872.2,7043.5,7176.6,7263.3,7309.6,7325.4,7314.6,7285.5,7248.1,7206.8,7164.1,7123.1,7086.3,7054.9,7029.7,7013.5,7011.1,7021.6,7041.1,7068.3,7101.9,7138.8,7173.8,7208.1,7248,7295.2,7350.5,7413.2,7481.5,7565.6,7701.6,7927,8248.6,8633.4,9007.1,9276.6,9385,9349.5,9213.1,8985.5,8632.5,8113.5,7424.4,6599.2,5712.6,4863.7,4118.1,3470.6,2890.7

10:03:54
3923,4463,5028,5618,6244,6823,7346,7851,8260,6411,6899.4,7362.2,7801.6,8211.2,8568.9,8859.1,9076.1,9219.9,9301.3,9335.6,9333.4,9295.2,9221.2,9120.3,9012.3,8915.3,8834.2,8762.4,8684,8579.4,8432.1,8240.8,8020,7792.3,7583.7,7414.3,7293.9,7224.9,7209.8,7250.4,7347.6,7497.4,7682.8,7878.7,8059.2,8204.5,8309,8376.9,8415.2,8433.7,8442.6,8447,8448.6,8448.5,8447.7,8449.3,8454.7,8462.2,8473,8490.4,8512.2,8535.7,8560.4,8585.8,8611.8,8639.6,8670.5,8706,8745.8,8788.6,8848.2,8958.4,9151.7,9430.8,9748.6,10018.2,10162.2,10156.3,10025.9,9796.5,9463.6,8998.6,8370.5,7576.1,6663.9,5727.6,4851.9,4074,3383.3,2765.1

10:04:19
3060,3537,4081,4643,5240,5793,6300,6774,7173,5404.5,5863.6,6302.2,6714.4,7089.8,7413.3,7676.1,7872.9,8006.2,8085.8,8125.9,8136.1,8112.7,8056.2,7975.4,7879.2,7773.3,7651.9,7494.8,7292.8,7063.5,6830.7,6613.3,6431.7,6298.3,6212.2,6171.4,6184.1,6264.1,6408.3,6591.6,6785.6,6967.9,7117.1,7220.7,7282.6,7313.1,7315.8,7294.5,7260.4,7220.9,7178.2,7134.9,7094.9,7061.4,7034.9,7015.1,7006,7011.6,7028.6,7052.1,7081,7114.9,7150.8,7185.5,7222.9,7268.6,7323.9,7386,7451.3,7523.6,7628.1,7807.4,8082.7,8440.9,8830.5,9159.6,9344.7,9370.6,9277.4,9093.4,8803.5,8365.8,7759.2,6998.7,6133.3,5255.2,4456.4,3762.9,3148.9,2596.9

10:04:19
4134,4699,5291,5920,6527,7090,7590,7990,8315,6613.5,7088.3,7544.5,7978.4,8374.7,8711.6,8972.3,9154.6,9269,9330,9352.1,9338.6,9286.6,9200.7,9093.4,8985.8,8892.4,8813.1,8738,8647.1,8520.5,8348.5,8137.4,7908.2,7687.4,7497.7,7353.5,7261.8,7224.4,7240.9,7312.8,7440.6,7614.5,7811.1,8001.4,8162.4,8283.1,8364.3,8412.5,8439.2,8455.1,8465.4,8471.6,8473.6,8472.5,8471.4,8473.8,8479.4,8488.1,8502,8521.2,8543.7,8567.7,8592.6,8618.5,8645,8673.1,8705.8,8744.7,8788.3,8840.2,8921.8,9073.5,9316.3,9621.9,9924.1,10146.7,10231.5,10174,10005.4,9733.8,9343.5,8796.8,8076.9,7214.7,6279.5,5358.8,4520.1,3777.7,3112.1,2521.8

10:07:49
3066,3633,4199,4774,5348,5911,6395,6790,7135,5465.7,5926.1,6364.7,6778.7,7152.9,7473.2,7724.8,7905.2,8026.1,8098.7,8135.3,8141.5,8111.9,8049.8,7965,7864.2,7752.8,7625.4,7461.9,7255.9,7026.4,6796.5,6584.7,6409.3,6281.4,6201.3,6168,6190.5,6280.4,6433.1,6622.7,6818.8,6998.6,7141.7,7237.8,7291.3,7313.1,7310.3,7288.3,7254.6,7215,7173.8,7132.2,7091.3,7055.7,7027.8,7009.4,7002.9,7010.2,7030.6,7059,7091.5,7126.7,7162.9,7197.8,7234.9,7280.7,7336.9,7402.2,7471.6,7549.7,7666.4,7862.6,8153.6,8518.7,8900.1,9202.6,9355.5,9357.8,9246.9,9044.2,8726.6,8253.4,7612.4,6827,5956.5,5097.6,4326.3,3652.2,3049.9

10:07:49
3928,4484,5034,5606,6213,6809,7367,7865,8261,6412.7,6900.7,7359.7,7793.5,8196.3,8548.9,8832.5,9039.4,9174.8,9249.6,9276.8,9267.4,9223.6,9146.8,9044.7,8935.4,8837.5,8757.2,8686.9,8610.9,8510.9,8369.3,8182.8,7967.1,7746.3,7545,7381.9,7267.4,7203.1,7189.3,7226.3,7317.4,7461.6,7641.1,7829.9,8002.7,8141.2,8238.3,8298.7,8332.2,8349.6,8358.8,8363.4,8364.7,8365,8366.6,8371.1,8379,8388.4,8399.9,8415.3,8434.8,8457,8481.5,8507.9,8535,8563.5,8595.1,8631.6,8673.2,8720.2,8786.4,8905,9108.6,9396.4,9718,9988.1,10132.5,10130.2,10003.8,9775.2,9440.3,8971.7,8337,7535.8,6620.4,5684,4810,4029.6,3336,2720.1

10:30:22
2714,3166,3672,4199,4751,5304,5908,6426,6796,5004.5,5468.6,5917.1,6354.9,6778.1,7170.9,7515.5,7789.9,7995.7,8146.8,8251.6,8321.1,8354.1,8344.5,8297,8224.1,8137.6,8039.1,7914.5,7747.1,7535.4,7299,7066.3,6862.4,6705.8,6604.4,6554.9,6557.9,6622,6755.3,6949.6,7177.4,7406.4,7609.8,7768.7,7875.8,7938.2,7967.6,7972,7957.7,7932.2,7903,7874.9,7848.8,7825.8,7809.4,7801.7,7803.4,7815.8,7840.9,7877.2,7920,7967.2,8017.8,8069.2,8119.2,8169.2,8223.3,8283.9,8342.5,8385.3,8412.8,8452.2,8538.4,8678.3,8842.9,8968.6,8972.7,8812.4,8515.2,8127.7,7666.3,7111.5,6434.4,5638.2,4762.6,3880.4,3083.1,2421.8,1884.5,1443.7

10:30:22
4200,4783,5382,5996,6601,7120,7557,7959,8298,6647.9,7117.1,7564.5,7988,8371.5,8690.5,8934,9104.1,9207.9,9259.8,9272.9,9251,9193,9102.3,8993,8887.3,8797.2,8721,8648.4,8559.9,8434.6,8264.7,8057.2,7829.8,7607.9,7413.9,7265.8,7170.8,7130.2,7144.3,7216,7343.4,7514,7706.7,7894.7,8056.4,8178.9,8262.1,8313.3,8343.4,8361.1,8371.5,8376.9,8377.4,8374.7,8371.9,8373.2,8380.3,8390.9,8404.7,8424.3,8447.7,8472.1,8497.2,8522.8,8549.2,8577.6,8610,8648.2,8691.8,8745,8830.5,8986.4,9230.3,9537.8,9846.1,10064.6,10142.5,10086.9,9920.3,9651.2,9261.6,8716.3,8000.8,7144.4,6215.7,5311.7,4490.7,3756.5,3097.2,2508.5

10:30:49
2677,3171,3732,4317,4889,5443,5992,6464,6843,5070.5,5548.5,6005.2,6439.9,6844.6,7206.9,7513.8,7751,7919.3,8030.4,8094.6,8123.8,8122.9,8087,8021,7934.6,7834.5,7722.1,7588.7,7419.5,7212.5,6984.8,6758.5,6553.1,6386,6266.8,6195.3,6174.5,6212.6,6316.3,6477.3,6669.8,6864.4,7038,7172.5,7260.1,7307.3,7323.9,7316.9,7293.2,7258.6,7218.3,7177,7136.8,7098.5,7064.9,7039.4,7023.1,7017.6,7026.3,7047.9,7075.7,7105.6,7137.3,7170.5,7203.8,7240.1,7285.1,7342.4,7406.3,7472.5,7553.2,7683.1,7898.3,8204.8,8575.4,8944.2,9216.3,9328.9,9296.8,9162.3,8934.8,8583.6,8071,7392.9,6582.1,5705.1,4858.9,4111.9,3459.6,2873.6

10:30:49
4440,5022,5615,6225,6817,7320,7762,8140,8444,6850.8,7309.2,7744.1,8150.2,8508.5,8798,9010.1,9149,9226.2,9257,9251.7,9212.8,9139.5,9037.9,8924.4,8817.9,8731.1,8659.7,8589.4,8500.9,8377,8210.9,8006.2,7781.8,7566.3,7382.1,7243.2,7156.3,7122.6,7141.8,7213.7,7337.9,7506.7,7697.8,7881.7,8037.2,8154.5,8234,8282,8309.6,8327.1,8338.5,8344.2,8345.6,8344.9,8344.9,8348.3,8354.8,8364.4,8377.4,8394.7,8415.6,8438.8,8463,8487.6,8514,8543.2,8577.3,8618.8,8667.1,8728.4,8826.9,9002.2,9267.9,9585.5,9881.9,10075.1,10128.4,10049.1,9857.3,9561.6,9141,8558,7804.3,6923.4,5992.4,5100.5,4293.2,3572.6,2930.8

10:31:17
3018,3554,4141,4705,5256,5890,6432,6828,7148,5433.9,5893.6,6329.6,6736.5,7109.9,7437.4,7695.7,7883.1,8009.4,8084.4,8123.6,8130.5,8104.8,8049.2,7970.2,7876.6,7771.6,7644.3,7481.2,7279.7,7053.5,6825.2,6614.4,6438.8,6310.5,6229.7,6194.5,6215.8,6304.2,6452.3,6637.1,6830.2,7009,7155.8,7257.2,7314.7,7339.8,7338.4,7315.8,7280.6,7240.9,7200.8,7161.1,7122.4,7087.9,7060.6,7039.8,7029.3,7032.7,7048.6,7073.3,7103.3,7137.6,7173.2,7207.5,7243.6,7286.2,7337.7,7396.5,7459.9,7532.9,7643.6,7832.7,8116.9,8478.1,8858.3,9165.6,9323.9,9326.1,9215.1,9015.6,8705.7,8241.5,7606.2,6820.4,5943.6,5072.8,4291.6,3617.8,3021.6,2483.2

10:31:17
3846,4437,5007,5593,6167,6696,7228,7696,8098,6320.5,6811.1,7276.4,7718.4,8130,8494.6,8792.8,9010.6,9156.8,9244.5,9286.6,9291.2,9257.6,9187.1,9087.2,8975,8870.9,8786.3,8714.9,8640,8537.1,8389.9,8200.5,7980.4,7751.3,7540,7368.3,7246.8,7177.9,7161.5,7201.2,7297.7,7443.6,7625.4,7818.7,7996.5,8140.6,8244.2,8310.6,8349.1,8370.7,8383.2,8389.4,8389.4,8386.1,8383.1,8383.8,8390.4,8401.2,8414.9,8432.2,8453.4,8476.4,8501.2,8527.4,8554.8,8584.4,8616.6,8654.1,8697.2,8744.1,8805.4,8913.1,9105.8,9383.5,9695.7,9962.7,10106.6,10106.1,9982.7,9755.4,9423.6,8961.6,8333.4,7542.5,6643,5718.6,4854.6,4078,3379.3,2755.3

10:31:42
4281,4829,5431,6085,6695,7227,7687,8067,8368,6730.3,7196,7643.6,8065.8,8441,8749.2,8980.2,9136.9,9230.4,9276.1,9284.5,9257.6,9194.9,9100.3,8990.5,8886.4,8799.4,8725,8650.9,8557.3,8424.6,8247.6,8034.4,7806.7,7592.3,7412.6,7279.1,7197.3,7167.5,7190.8,7270.7,7404.9,7580.8,7775.3,7959.1,8110.6,8222.1,8296.2,8340.9,8366.4,8382,8391.8,8396.9,8398.7,8398.7,8399.8,8404.5,8411.9,8421.9,8436.2,8455.5,8478.5,8503.7,8529.2,8554.7,8581.1,8610.2,8644.6,8685.1,8730,8785.9,8877.3,9042.5,9297.1,9607.5,9902.6,10094.8,10141.5,10056.5,9865.4,9572.1,9154,8578.5,7835.2,6959,6026.4,5131.8,4325.3,3606.3,2961.9

10:32:00
4202,4758,5309,5885,6441,6965,7500,7986,8373,6609,7083.4,7533.4,7957.2,8340.9,8666.7,8922.5,9103.7,9215,9271,9286.9,9267.8,9210.6,9120.7,9013.5,8908.2,8817.8,8742,8669.1,8578.5,8449.6,8273.9,8061.8,7834.5,7617.3,7433,7294.3,7205,7169,7187.5,7260.3,7387.5,7557.9,7749,7933.8,8090.6,8209,8289.4,8337.2,8362.3,8375.8,8383.3,8386.1,8385.4,8383.9,8385.4,8392.2,8402.7,8415.6,8431.6,8451.5,8474.1,8498,8523.4,8550,8577.6,8607.8,8642.5,8682.1,8724.8,8775,8856.1,9005.7,9246.3,9553.1,9855.1,10065,10132.7,10064.2,9885,9604.8,9208.2,8663.3,7948.9,7088.6,6157.3,5248.9,4423.2,3686.9,3028.1

10:32:47
3949,4519,5098,5693,6305,6897,7410,7807,8144,6427.5,6905.3,7360.2,7796.9,8205.1,8560.6,8841.7,9043.3,9176.4,9252.3,9282.2,9278.3,9239.2,9162.6,9058.1,8946.4,8846.5,8763.3,8690.7,8611.9,8508.8,8365.4,8175.8,7955.2,7728.7,7523.2,7358.3,7244.5,7182.6,7173.8,7217.9,7315.9,7466.6,7651.8,7845.4,8020,8156.5,8252.1,8313.6,8350.1,8371.8,8385.2,8393.4,8397.3,8397,8395.3,8396.8,8402.7,8411.3,8423.5,8440,8460.5,8483.6,8508.3,8533.8,8559.4,8586.8,8618.2,8655.7,8698.9,8747.5,8816.2,8942.9,9159.2,9452.1,9764.7,10016.7,10141.4,10120.4,9978.4,9737.3,9387.1,8892.3,8224.1,7401.6,6486.8,5565.5,4712.5,3953.9,3276.5,2669.2

10:33:47
2886,3403,3988,4561,5116,5664,6181,6630,6999,5271.4,5739.6,6188.6,6612,7001.3,7342.7,7622,7830.9,7973.7,8063.3,8114.3,8133.5,8118.9,8069.5,7993.8,7901.6,7798.4,7680.5,7534,7346.6,7126.3,6895.2,6674.8,6485.9,6341.7,6244.8,6194.6,6197.9,6264.8,6397.1,6576.7,6773.7,6961.2,7117.6,7229.6,7297.7,7331,7336.7,7321.9,7293.5,7256.9,7216.3,7175.1,7134.9,7097.2,7065.7,7042.7,7029.9,7029.4,7041.7,7064.3,7092.2,7123.5,7156.9,7189.3,7223.5,7263.8,7314.6,7376.2,7443.2,7514.8,7612.2,7777.3,8033.3,8372.3,8750.4,9084.5,9287.3,9330.2,9248.3,9072.7,8794.1,8371.9,7783.9,7042.9,6193.4,5320.7,4515.5,3813,3191.3,2630.5

10:33:47
3848,4434,5016,5607,6198,6753,7261,7705,8080,6330.4,6815.4,7276.7,7717.5,8129.6,8493.4,8787.6,9003.6,9147.4,9231.2,9269.8,9273.2,9240.1,9170.1,9071,8960.3,8858.4,8773.7,8700.3,8625.9,8527.6,8386.9,8201.5,7982.3,7753.6,7544,7374.4,7255.4,7189.8,7174.3,7210.9,7303.4,7447.9,7629.7,7822.3,7997.1,8136.7,8235.8,8298.8,8335.9,8357.4,8370.9,8378.7,8381.7,8382,8382,8384.2,8390.5,8400.1,8412.5,8429.2,8450.3,8473.5,8497.5,8521.9,8547.1,8574.6,8605.7,8642.9,8686.9,8735.4,8797.3,8906.1,9097.1,9370.4,9683,9958.3,10117.5,10131.5,10019.2,9803.9,9484.8,9033,8414.5,7631.7,6736.3,5811.2,4939.6,4158.1,3458.7,2829.7

10:34:23
2737,3229,3788,4375,4940,5473,6038,6530,6912,5122.9,5594.4,6052.4,6490.3,6893,7252.6,7556.2,7786.5,7947.3,8051.7,8113.4,8143.9,8136.7,8093.6,8025.1,7936.6,7834.7,7722.2,7583.3,7403.7,7190.2,6960.6,6735.9,6534.3,6373.4,6261.9,6199.6,6185.9,6233.5,6350.1,6518.9,6712.7,6904.5,7073.8,7203,7284.5,7326.1,7339.8,7331.7,7305.7,7269.3,7230,7190.5,7149.9,7110.3,7077.6,7053.4,7037.3,7031.6,7040.2,7061.6,7089,7118.6,7151,7186,7220.2,7257,7303.2,7361.7,7427.6,7495.9,7580.8,7721.1,7949.9,8266.6,8639.1,8999.6,9253.4,9346.3,9300.7,9155.4,8913.1,8540.2,8004.4,7306,6481.1,5602.2,4767,4033.3,3388.8,2809.1

10:34:23
4321,4865,5416,6012,6600,7154,7651,8081,8425,6723.3,7190.2,7631,8045.4,8418.3,8729.2,8963.8,9126.2,9228.4,9279.2,9288.5,9260.9,9198.8,9105.8,8995.4,8889,8801,8726.8,8651,8557.1,8425.4,8248,8035.1,7809.1,7596.3,7417.4,7285.4,7205.8,7177,7198.8,7275.4,7406.2,7579.5,7771.3,7954.3,8108.1,8222.9,8298,8341.2,8364.3,8376.8,8383.7,8386.3,8385.8,8384.5,8385.6,8391.1,8400.2,8412.2,8427.9,8447.4,8469.6,8494.3,8520.9,8548.3,8576.6,8607.4,8642.7,8682.8,8726.2,8781,8875.9,9049.3,9311.3,9624.9,9916.1,10099.9,10137.3,10044.9,9845.9,9543.1,9116.8,8531.8,7778.9,6897.5,5965.6,5072.8,4267.2,3546.9,2904.5

10:34:47
2796,3262,3762,4304,4876,5500,6034,6466,6865,5105.8,5577.5,6043,6503.4,6944.5,7344.7,7679.1,7945.2,8149.8,8298.1,8400.7,8461.9,8477.7,8447.8,8384.4,8305.1,8227.2,8156.8,8085.8,7991.9,7851.3,7657.9,7427.2,7185.4,6959.6,6773.7,6637.5,6548.2,6503.3,6512.2,6587,6724.5,6904,7096.9,7276.3,7419.9,7518.9,7579.6,7612.5,7624.1,7621,7611.2,7598.8,7586.5,7574.6,7563.6,7554.8,7548.3,7544.1,7543.9,7549.9,7559.7,7572.8,7589.7,7609.1,7630.4,7655.3,7686.7,7724.1,7762.9,7805.3,7878.4,8021,8255.4,8565.9,8891.7,9146.5,9258.2,9226.1,9092,8873.8,8551.7,8085.2,7450.4,6665.6,5795.9,4933.2,4157.5,3483.1,2884.9,2351.7

10:34:47
4637,5294,5933,6523,7055,7547,7980,8336,8625,7080.7,7532,7945.1,8313.6,8625.1,8864.8,9023.5,9108.2,9133.8,9115.7,9065.6,8986.3,8879.9,8751.8,8614.6,8482.6,8357.7,8226,8070.7,7887.4,7683.5,7475.6,7285.7,7131.5,7023.4,6963.6,6954.4,7000.4,7104.1,7257.6,7442.4,7635.3,7811.5,7955,8058.2,8122.7,8155.1,8163.1,8155.1,8136.6,8113.7,8090,8065.2,8039.2,8015.3,7998.2,7992.2,7998.6,8016.1,8043.3,8076.4,8112.5,8151.5,8192.5,8233.8,8275.5,8320.3,8372,8432.4,8500.7,8588.5,8725.6,8941.6,9236.1,9585.5,9930.1,10164.9,10235.3,10158.7,9964.8,9660.2,9219.6,8613.9,7850.3,6957.1,5997.4,5081.1,4269.7,3556.9,2923.2

10:35:04
2603,3030,3505,4017,4546,5141,5719,6224,6645,4842.7,5312.5,5776.1,6238.8,6692.5,7120,7496.7,7805.6,8045.4,8224.9,8353.3,8439.8,8482.2,8475.9,8429.6,8358.6,8278.2,8203.7,8136.2,8057.8,7942.9,7775,7560.9,7321.6,7083.2,6872.9,6710,6596.4,6525.8,6503.5,6544,6652,6813.1,7003,7194,7359.5,7482.2,7562,7608.9,7630.8,7634.1,7627.3,7617.5,7605.6,7592.7,7581.4,7572.7,7565,7558.9,7556.8,7559.1,7565.4,7576,7591.8,7610.4,7628.9,7648.9,7675.5,7709.3,7746.3,7784.9,7837.8,7939.9,8124.7,8399.4,8727.7,9029.2,9216.9,9254.5,9167.4,8992,8730.1,8344,7797.6,7086.4,6250.5,5373.6,4549,3826,3193.7,2628.9

10:35:04
4033,4629,5292,5934,6527,7075,7559,7991,8338,6599.7,7084.2,7535.9,7948.2,8316.5,8627.6,8866.1,9027.7,9114.7,9140.7,9124.3,9075.1,8997.2,8892.7,8766.2,8631.1,8499.2,8370.2,8234.9,8079.1,7894.7,7689.7,7480.1,7288.3,7132.2,7021.3,6959.4,6949.5,6995.6,7099.5,7253.7,7439.8,7634.8,7813.1,7957.5,8061.9,8127.8,8161.4,8171,8164.6,8147.7,8125.2,8100.9,8075.7,8049.7,8025.4,8007.9,8001.5,8006.9,8023.6,8049.9,8082.6,8119.2,8158.5,8199.8,8241.4,8282.9,8326.6,8377.4,8437.1,8505.3,8595.4,8737.2,8959.2,9262.5,9617.7,9958,10187.5,10254.5,10175.7,9982.3,9675.6,9229.6,8624.4,7856.7,6955.7,5999.9,5090.3,4283.4,3571.8,2934.7

10:37:38
2404,2904,3443,3983,4526,5103,5635,6097,6534,4749.3,5224.4,5688.6,6146.1,6592.4,7009.6,7373.7,7670.6,7897,8056.6,8165.9,8237.1,8269,8258.5,8210.6,8138.7,8056.8,7977,7902.5,7818.6,7700.5,7531.8,7316.8,7075.3,6835.1,6626.2,6468.7,6365.7,6310.5,6303.8,6356.4,6471.6,6636.6,6829.3,7021.6,7185.1,7301.8,7370.9,7405,7417.7,7418.1,7414.8,7410,7401.1,7386.7,7368.6,7352.2,7342,7340,7344.7,7353.6,7362.2,7369,7378.1,7392.2,7412.1,7437.4,7468.1,7502.4,7536,7571.5,7630.3,7751.9,7963.6,8259,8588.6,8869.2,9024.6,9034.4,8933.4,8751.2,8474.4,8059.6,7475.4,6729.8,5879.1,5014.6,4221.9,3531.9,2922.6,2371.6

10:37:38
4417,5049,5663,6221,6735,7214,7674,8100,8452,6826.5,7283.5,7698.1,8063.7,8371.7,8611.6,8778.5,8876.9,8913.4,8898.6,8844.4,8759.7,8651.3,8527.4,8398.8,8273.4,8148.5,8009.4,7845.8,7657,7452.5,7248,7060.9,6906.6,6793.9,6729.7,6721.6,6774.6,6886.8,7047.2,7233.5,7421.3,7591.2,7730.6,7836.2,7907.4,7944.5,7952.6,7940,7916,7889.1,7865.2,7843.4,7820.6,7796.8,7776.3,7766.8,7772.2,7793,7825.1,7860.8,7895.3,7928.9,7964.2,8003.5,8049.3,8101.2,8158.7,8219,8281.2,8364,8502.7,8728.3,9040,9401.5,9739,9953.6,10001.6,9909.6,9711.4,9407.2,8965,8355.5,7580.3,6676,5721.2,4821.7,4028.9,3330.1,2704.5

10:38:12
2655,3148,3696,4253,4808,5365,5869,6284,6632,4970,5444.1,5915.4,6379.4,6820.7,7215.6,7542.1,7795.1,7984.3,8122.1,8215.5,8267.1,8274.7,8238,8170.1,8090.8,8016.2,7949.7,7880.9,7786.9,7641.5,7439.7,7200.9,6954.3,6727.1,6542.8,6411.2,6329.6,6296.2,6319.7,6412.1,6566.3,6756.8,6951.1,7123.4,7254.6,7339.4,7387.2,7411,7419.7,7417.9,7410.1,7400.1,7391.2,7382.4,7372.5,7364.1,7358.7,7354.8,7352.7,7355.1,7362.4,7372.4,7385.3,7402,7423.4,7450.5,7484.8,7525.9,7568.3,7615.6,7697.1,7850.9,8094.1,8404.1,8715.4,8944.7,9034.2,8988,8843.9,8615.9,8276,7784.5,7125.5,6327,5462,4620.8,3868.8,3212.8,2629.3

10:38:12
4317,4926,5518,6116,6704,7267,7773,8166,8455,6789.9,7242.9,7655.7,8026.7,8344.2,8592.4,8762.8,8859.4,8895.9,8885.1,8840.4,8768.2,8668.7,8546.3,8412.5,8281.1,8153.6,8017.8,7858.8,7672.9,7467.9,7259.9,7071.1,6919.3,6813,6753.1,6741.7,6782.5,6878.5,7023.5,7201,7388.6,7562.5,7706.8,7814.6,7887.3,7928.3,7943.7,7941,7924.6,7898.7,7869.4,7840.1,7811.2,7785,7765.8,7758.8,7764.6,7781.2,7808.4,7844,7883.4,7924.5,7966.9,8008.7,8049.4,8090.4,8136.6,8191.8,8256.1,8340.3,8472.8,8685,8982.9,9340.7,9695.7,9956.9,10056.5,9995.2,9810.9,9512.5,9083.6,8496.3,7743.1,6852,5888.4,4950.4,4113.5,3387.8,2749.7

10:38:28
2512,2992,3531,4104,4703,5262,5780,6229,6563,4852.8,5319.1,5782.7,6243.3,6685.7,7087.8,7431.8,7706.9,7915.2,8071,8185.4,8261.7,8291.4,8271.8,8214.7,8136.3,8053.7,7975.8,7899.1,7804,7667.5,7480.4,7253.8,7013.4,6785.8,6595.9,6456,6365,6318.4,6322.8,6389.6,6517.6,6690.5,6879.8,7057.9,7202.7,7304.4,7367.9,7404.7,7424.2,7431.5,7430.3,7423.3,7413.3,7400.9,7386.2,7371.2,7358.7,7349.5,7344.5,7345,7351.8,7365.1,7381.6,7399.9,7420.5,7446.1,7478.7,7517.3,7558.2,7600.8,7667.1,7795.3,8011.1,8306.6,8628.1,8886.7,9012.8,8999.4,8879.5,8677.8,8378.2,7938.1,7331.2,6570.7,5716.4,4861.7,4084.1,3403.5,2800.6,2258.9

10:38:28
4036,4667,5320,5933,6517,7084,7598,8000,8289,6595.9,7067.2,7502,7895.7,8241.4,8523.1,8724.2,8842.8,8892.6,8893.1,8858.7,8795.7,8706.8,8595.6,8469.8,8341.5,8218.7,8092.1,7945.8,7770.7,7569.9,7356.5,7150,6972.4,6836.2,6747.5,6711.9,6734,6815.9,6952,7128.2,7323.9,7513.6,7674.1,7795.8,7877,7918.6,7930.1,7923,7905.5,7883.4,7860.8,7839.6,7819.4,7800.4,7785.1,7777.4,7778.7,7788.4,7806.6,7831.6,7861.1,7894.6,7931.6,7970.5,8010.5,8053.8,8104.4,8165.2,8234.4,8315.7,8431,8614.8,8884,9222.2,9578.9,9863.4,10000.7,9979.7,9833.5,9582.4,9210.6,8682.4,7982.1,7135.1,6197.7,5263.1,4411.4,3664.2,3002.3,2411.8

10:38:48
572,719,972,1309,1701,2130,2655,3186,3662,2106.1,2526.2,3014.7,3578.1,4214.6,4898.6,5583.3,6219.6,6789.2,7295.9,7742.6,8122.7,8419,8616.9,8709.2,8710.2,8652.3,8555.9,8414.3,8217.2,7969.5,7693.7,7425.8,7201.6,7038.7,6936.2,6887.1,6893,6967.2,7114.1,7321.5,7562.4,7797.8,7990.4,8122.1,8196.7,8228.9,8231.7,8213,8180.3,8139.7,8094,8046,7997.7,7951.4,7910.5,7876.4,7853.2,7844.9,7851.7,7870.3,7895.8,7926.2,7956.9,7983.1,8006.1,8031.5,8064.5,8104.9,8145.3,8175.6,8200.1,8253.4,8374.5,8568.7,8802.2,9005.5,9087.7,9003.9,8782.8,8472.8,8089.1,7598.8,6966.8,6195.8,5327.2,4434.6,3613.7,2920.8,2343,1849

10:38:48
3908,4474,5088,5728,6362,6919,7398,7806,8122,6418.4,6891.9,7342,7766.2,8150,8471,8715.6,8884.1,8987.4,9040.2,9054.8,9037.4,8985.9,8901.8,8797,8691.1,8600.2,8523.1,8446.8,8355.1,8228.8,8057.3,7848.1,7621.2,7402.4,7216.4,7076.3,6987.6,6950.7,6963.4,7030.6,7154.4,7324,7517.1,7706.9,7868.3,7989.5,8071.3,8120.8,8149.6,8166,8174.2,8175.7,8172.3,8166.4,8162.1,8163.1,8169.8,8181.8,8199.5,8223.6,8251.7,8280.4,8307.9,8334,8359.2,8385.3,8416.8,8455.9,8501,8555.2,8643.3,8803.2,9050.6,9358.7,9660.4,9871.8,9944.2,9879.3,9703.5,9426.8,9028.3,8476,7756.1,6894.7,5961.3,5052.2,4226.5,3494.3,2842.9

10:39:18
581,761,984,1260,1589,2011,2518,3057,3612,2050.3,2462.6,2934.5,3485.2,4113,4793.6,5482.7,6131.7,6717.8,7235.3,7690,8081,8391.1,8599,8701.4,8713,8660.7,8569.2,8435.2,8247,8007.4,7737.2,7470.5,7241.7,7069.4,6954.9,6892.1,6883.3,6943.3,7081.7,7289,7535.2,7778.7,7980.1,8118.6,8197.8,8234.3,8242.6,8230.1,8201.5,8160.1,8110.4,8057,8003.5,7955.7,7917.1,7889.4,7873.8,7870.1,7876.7,7890.2,7906,7923.7,7945.6,7969.6,7996.2,8028.2,8067.3,8112.4,8154.6,8182.2,8199.6,8242.2,8350.7,8536,8769.1,8986,9093,9031.1,8824.6,8524.2,8152.4,7683.4,7079.4,6334.5,5480.6,4583.5,3739.2,3017.9,2417.1,1909.9

10:39:18
3738,4324,4909,5468,6014,6539,7054,7548,7978,6190.1,6679.2,7140.5,7573.4,7971.7,8319.9,8602.6,8813.4,8955.8,9038.9,9075,9071.2,9026.5,8944.4,8838.2,8728.5,8633.3,8555.6,8485.1,8404.8,8292.3,8134.1,7936.1,7714.6,7492.9,7293.2,7131.7,7019.2,6956.9,6944.8,6987.8,7089.8,7244.9,7434.4,7629.8,7805.8,7945.2,8040.5,8099.6,8135.5,8158.9,8176,8185.1,8186.2,8183,8177.7,8174.8,8178.7,8189.1,8204.7,8224.6,8247.4,8271.7,8295.7,8319.2,8344.7,8374.4,8409.5,8451,8496.6,8543,8601.2,8707.7,8902.1,9182.9,9498.4,9768,9914.7,9912,9782.4,9549.2,9213.2,8743.4,8105.8,7308,6405.2,5483.7,4619.2,3843.8,3152,2536.8

10:39:36
582,815,1088,1408,1795,2242,2711,3179,3674,2170.6,2597.7,3094.7,3679.6,4340.8,5038.9,5722.6,6356.2,6924.8,7425.4,7860.3,8226,8498.1,8657.7,8711.3,8685,8612.1,8505.7,8354.3,8148.6,7898.6,7628.4,7372.1,7161.7,7010.1,6913.9,6868.7,6881.1,6967.7,7132.1,7355.3,7605.3,7843.3,8032.9,8157.8,8224.8,8248.8,8242.2,8213,8170,8120.6,8070.7,8023.3,7978.7,7940.7,7911.1,7888.5,7874.1,7871.1,7879.1,7893.7,7911.7,7931.7,7953.1,7974.9,7998.6,8029.5,8071.3,8120.4,8164.5,8193.4,8219.5,8284.8,8422.5,8625.8,8853.7,9029.6,9067.7,8944.8,8703.5,8384.1,7984.2,7462.5,6791.6,5986.6,5097.3,4209.3,3415.7,2752.2,2194.5,1717.7

10:39:36
3646,4247,4849,5467,6085,6636,7110,7518,7859,6157.8,6637.8,7091.6,7525.3,7932,8289.8,8580.4,8797.3,8943.6,9030.2,9069.1,9071.2,9037.3,8963.8,8858.3,8742.7,8637.4,8550,8476.5,8401.9,8304.3,8163.8,7976.4,7756.3,7526.3,7312,7135.1,7008.6,6936.2,6919,6959,7058.2,7212.7,7404.1,7604.9,7787.5,7932.2,8033.3,8096.6,8131.2,8148.4,8158.4,8164,8166.5,8168.1,8170.1,8175.4,8183.7,8192.7,8204,8219.5,8237.6,8256.9,8278.3,8302.1,8328,8356.9,8391.7,8434,8480.3,8527.5,8589,8697.7,8887.3,9157.9,9467,9738.9,9893.2,9903,9791,9579.5,9261,8806.5,8184.6,7397.6,6495.4,5562.5,4686.5,3903.7,3206.8,2585.5

10:40:05
2899,3412,3978,4539,5060,5590,6125,6587,6983,5247.6,5710.9,6142.5,6537.8,6889.4,7189.8,7431.1,7605.4,7716.3,7774.4,7792.4,7781.8,7746.1,7683.3,7602,7512.2,7412,7295.4,7150.5,6964.9,6746.8,6518.9,6303.7,6119.8,5978.6,5881.9,5829,5826.2,5882.6,6000,6162.2,6342.1,6513.8,6656.6,6758.2,6820.8,6853.8,6863.6,6856.3,6838.5,6813.9,6785.5,6757.5,6733.4,6714.8,6700.2,6690.5,6687.2,6690.5,6700.2,6714.5,6730.5,6745.7,6761.3,6778.4,6797.2,6821,6854.2,6899.4,6953.8,7013.8,7089.8,7217.8,7436.9,7758.6,8157.2,8558.5,8859.2,9000.2,8999.3,8895.6,8697.1,8372.4,7881.5,7212.3,6393.7,5503.1,4647.4,3892.4,3233.1,2645.2

10:40:05
4600,5177,5808,6407,6984,7512,7948,8271,8503,6992.5,7430.3,7838.7,8205.1,8513.6,8746.3,8903.1,8996.2,9037.5,9038.4,9005.8,8937.7,8835.5,8710.1,8581.9,8469.7,8375.5,8291,8204.7,8098.5,7953.8,7764.7,7540.5,7303.2,7079.3,6888.7,6744.8,6651.7,6611.1,6628.1,6707.8,6849.8,7041.6,7260.5,7478.4,7671.2,7823.9,7935,8011.9,8065.1,8102.3,8127.6,8143.1,8147.3,8142.2,8132.4,8122.7,8114.7,8108,8104,8105.2,8111.8,8123.5,8140.8,8163.7,8194.5,8235.1,8285.9,8347.2,8418.7,8515.7,8673.3,8916.1,9232,9576.1,9876.9,10053,10075,9966.2,9751.1,9423.4,8951.1,8310.5,7514.9,6608.1,5665.5,4779.2,3990.2,3289.9,2664.3

10:40:22
2918,3440,3991,4534,5067,5618,6159,6605,6997,5264.1,5726.5,6157.8,6554.6,6910.1,7214.1,7457.1,7631.8,7743.7,7801.8,7818.1,7802.7,7758,7684.1,7590.5,7487.2,7373.4,7244.3,7087.9,6895.2,6675.7,6451.2,6243.1,6067.8,5935.2,5847.6,5804.2,5809.9,5874.3,5996.7,6159.8,6338.9,6509.2,6651.5,6755,6820.6,6856.8,6870,6864.8,6848.2,6824.3,6793.5,6759,6726.3,6697.9,6672.3,6651.6,6639.7,6637.8,6644.7,6658.8,6678,6700,6723.7,6748.4,6775.2,6805.7,6843.6,6892,6948.6,7010.1,7089.2,7223.8,7452.6,7785.4,8191.9,8595.3,8894.2,9029.1,9018.5,8904,8692.3,8350.8,7840.5,7152.6,6320.9,5425,4568.1,3817,3165.5,2585.5

10:40:22
4416,5018,5589,6156,6687,7203,7690,8087,8406,6790.5,7238.2,7651.8,8029.6,8356.5,8614,8795,8907.7,8967.3,8985.2,8970.1,8923.5,8842.8,8732.5,8609.2,8496.5,8403.6,8324.4,8246.6,8153.1,8024.7,7850.2,7634.8,7398.4,7167.4,6963.9,6802.9,6691.3,6631.8,6626.9,6681.2,6795.9,6961.5,7160,7367.3,7559.1,7718.5,7839.6,7925.9,7986.7,8031.1,8063.3,8086.1,8099.6,8103.8,8102.5,8100.2,8099.3,8098.2,8096.2,8096.3,8102.1,8114.7,8133.4,8157.8,8189.5,8230.2,8280,8337.9,8401.7,8478.6,8597,8791.8,9069.4,9398.7,9718.3,9944.8,10025.1,9965.8,9794.7,9518.3,9113.7,8550.1,7822.7,6963.7,6036.8,5132.1,4312.2,3581.4,2926,2344.1

10:40:47
3058,3553,4099,4693,5274,5805,6286,6723,7084,5395,5851.8,6282.4,6676,7015.1,7292.8,7509.1,7661,7750.7,7789,7787.7,7756.6,7700.9,7624.3,7534.8,7434.2,7318.5,7183,7017,6817.3,6596.9,6374.3,6167.5,5996.9,5876.1,5803.6,5776,5797.9,5878.1,6016.3,6193.6,6381.1,6550.3,6680.4,6764.8,6812.8,6836.6,6842.9,6834.1,6809.5,6774.7,6739.7,6710.6,6686.9,6664.2,6642.1,6625.1,6617.1,6620.7,6636,6654.5,6669.1,6682.2,6700.4,6726.3,6757.1,6791.6,6833.1,6886,6949.9,7024.6,7125.9,7290.9,7549.8,7905.6,8317.6,8696.4,8944.6,9025.1,8972.3,8824,8576.4,8187.7,7622.3,6880.7,6012.7,5115.9,4291.9,3580,2954.8,2391.3

10:40:47
4322,4853,5413,6027,6654,7217,7679,8055,8349,6715,7164.9,7586.3,7973.1,8311.3,8580.3,8774.5,8902.4,8972.4,8993.2,8975,8923.8,8842,8734.4,8610.5,8490.8,8388.2,8302,8225.2,8139.9,8024.2,7861.9,7654.5,7423.3,7195.9,6992.8,6826.5,6704.2,6629.4,6610.6,6654.1,6759.7,6919.6,7115.4,7324.9,7526.1,7697.9,7829.1,7920.5,7980.2,8021.4,8054,8080.7,8097.1,8099.8,8093,8086.6,8085.7,8088.1,8090.2,8091.1,8094.3,8104.8,8125.4,8152.8,8182.7,8215.2,8254.3,8305,8368,8446.2,8560.8,8744.6,9013.1,9345.2,9679.7,9930.6,10034.5,9991.2,9833.4,9573.2,9190.9,8652.1,7941.4,7085,6152.5,5236,4402.8,3662.3,2996.9,2404.1

10:41:08
2694,3169,3669,4226,4804,5380,5881,6291,6595,4963.9,5435,5911.7,6384.1,6827.1,7215.2,7534.5,7791.5,7996.4,8162.2,8286.6,8355.8,8366.8,8329.8,8266,8197.1,8129.7,8048.5,7931.5,7757.5,7526.1,7260.1,6988.1,6738.6,6533,6382.9,6292.1,6263.8,6302.9,6415.7,6592.5,6809.6,7040,7255.3,7432.2,7557.7,7631.3,7662.3,7666.8,7661,7656.7,7653.8,7645.7,7630.2,7610.7,7590.6,7572.5,7558.1,7545.8,7530.6,7510.3,7490.5,7480.1,7480.3,7485.9,7495.5,7514.2,7545.3,7585.1,7635.2,7717.7,7865.3,8090.3,8379.1,8692.6,8958.4,9099,9091.8,8967.1,8750,8431.1,7978.7,7374.1,6628.2,5786.1,4927.7,4135.9,3444.7,2841.1,2308.2

10:41:08
3214,3772,4386,5011,5605,6160,6689,7157,7563,5744.5,6238.3,6701.8,7127.7,7505,7819,8060.5,8227.4,8325.1,8361.9,8351.7,8309.2,8240,8144.2,8028,7904.2,7775.7,7635.1,7476,7296.8,7104.6,6912.6,6737.8,6602.7,6520.2,6489.5,6509.5,6578.3,6694,6852.3,7040.2,7235.9,7415,7555.9,7650.3,7706.1,7735.9,7750.6,7754.5,7748.3,7732.3,7710.7,7690.4,7676.8,7671,7668.6,7664.5,7658.6,7656.2,7662.2,7677.6,7698.8,7722.3,7745.4,7768.1,7794.7,7827.4,7865.7,7906.1,7947,8004.5,8123.3,8356.4,8696.4,9081.5,9440.6,9695.8,9798.2,9753.5,9593.6,9323.4,8902.3,8277.9,7464,6531.4,5557.4,4628.6,3806.7,3099.2,2483.7,1948

10:41:28
2685,3210,3736,4268,4810,5356,5844,6238,6603,4971.9,5445.6,5920.4,6387.4,6826.7,7215.8,7539.2,7798.5,8004.5,8163.9,8280.9,8350.5,8364.7,8330.9,8267.7,8193.9,8119.6,8038.6,7927.2,7759.9,7532.4,7263.4,6983.9,6729.6,6525.1,6381,6296.8,6266.6,6298.7,6406.6,6583.7,6804.8,7039.9,7256.4,7429.6,7549.5,7619.6,7654.1,7666,7663.9,7656.1,7647.7,7637.7,7624.4,7609.2,7593,7575,7555.2,7535.8,7519.1,7503.8,7489,7478.5,7474,7474.1,7482.3,7504.4,7541.1,7585.3,7634.4,7713.3,7860.4,8089.6,8385.4,8704,8968.2,9104.1,9093.3,8968.3,8756.6,8443.9,7991.3,7380,6628.2,5786.5,4934.3,4150,3464.7,2861.9,2322.5

10:41:28
3280,3851,4433,5009,5574,6100,6609,7103,7518,5736.5,6231.3,6698.5,7129.6,7509.6,7820.1,8053.1,8213.3,8308.7,8351.1,8349.3,8308.1,8231.3,8124.7,8001,7875.4,7752,7616.4,7455.8,7273.1,7078.4,6886.3,6717.5,6587.9,6503,6466.8,6482.9,6554,6679,6845.5,7035.1,7225.8,7394,7524.2,7616.2,7674.5,7705.5,7719.3,7722,7716.6,7704.3,7688,7669.9,7653.5,7642.2,7636.3,7634.8,7635.7,7638.6,7643.5,7651,7662.3,7679.8,7703.9,7731.7,7761.7,7795.6,7834.8,7877.4,7924.2,7992.3,8121.6,8356.7,8692,9073.1,9443.7,9729.1,9862,9832.7,9671.1,9389.4,8956.7,8333.1,7530.9,6610.4,5632.4,4678.8,3826.9,3099.1,2476.9,1940.9

10:41:49
415,532,692,908,1176,1512,1883,2288,2742,1535,1870.1,2273.7,2768.1,3358.1,4016.9,4693.8,5347.5,5954.8,6505.2,7000.5,7434.3,7786.1,8030.2,8155.2,8178.4,8132.8,8035.6,7886.2,7684.5,7441.3,7185.5,6953.1,6771.8,6651.2,6586.1,6572.4,6618.1,6734,6918.8,7154,7403.4,7627.9,7801,7916.1,7983.1,8015.8,8024.9,8016.8,7995.6,7966.1,7933.8,7902.4,7871.7,7842.1,7815.3,7791.2,7768.6,7749,7735.5,7730.1,7733.4,7743.9,7761.6,7784.9,7810.6,7838.5,7872.5,7911.5,7944.2,7958,7961.4,8003.4,8124.2,8306.1,8499,8644.8,8670.1,8532.7,8264.2,7915.6,7495.8,6960.7,6276.2,5467.9,4596.6,3731.3,2953.5,2317.1,1807.2,1388.4

10:41:49
4678,5215,5791,6373,6912,7419,7837,8151,8382,6934.3,7348.4,7735.1,8088.4,8391.6,8630.2,8798.4,8905.1,8962.7,8982.6,8972.8,8933.5,8864.6,8769.5,8664,8564,8473.2,8382,8273.5,8128.9,7936,7702.1,7449,7204.7,6998.4,6850.1,6764.3,6738.5,6773.2,6871,7030.4,7238.9,7472.5,7702.8,7900.4,8047.2,8141.9,8193.6,8215.2,8220.5,8220.6,8219.6,8218.2,8216.8,8216.1,8215.3,8214.5,8215.7,8219.6,8226.3,8234,8241.6,8250.6,8261.8,8276.2,8297.1,8327.5,8366.6,8412.3,8466.8,8546.3,8683.8,8904.1,9196.8,9516,9790.3,9946.5,9959,9848.9,9635.8,9313.6,8851.6,8224.3,7447.7,6568.6,5657.1,4794.9,4020.4,3328.5,2708.2,2158.3

10:42:10
945,1249,1613,2032,2497,3011,3542,4044,4585,2870.8,3375.2,3951.5,4604.8,5314.2,6025.8,6694,7299.1,7836.6,8303.7,8701.7,9017.2,9229.5,9327,9321.3,9253.9,9150.2,9006.4,8811.9,8565.7,8282,7995.1,7746.1,7561.2,7442.3,7377.9,7366.5,7417.4,7540.3,7733.4,7976.1,8227.3,8443.5,8598.8,8694.3,8746.7,8769.7,8774.1,8768.7,8755,8732.8,8707.1,8681.9,8657.2,8631.3,8605.4,8582.5,8564.1,8552,8549,8555.5,8566.4,8575.2,8578.7,8578.2,8579.9,8590.9,8614.4,8643.5,8663.4,8668.5,8691.4,8784.9,8966.6,9200.3,9408.2,9499.8,9427.8,9211.8,8896.6,8504.6,8010,7365.8,6564.9,5655.7,4721.4,3855.1,3112.5,2488.2,1956.2

10:42:10
4780,5363,5962,6563,7137,7680,8161,8529,8784,7192.1,7629.1,8029.5,8387.7,8691.6,8925.5,9081.8,9166.8,9196.4,9186.5,9147.2,9080.6,8986.5,8871.6,8750.3,8641.6,8556.2,8491.6,8438.5,8382.5,8303.6,8182.4,8008.2,7784.2,7533.6,7290.3,7080.2,6919.9,6815.7,6768.3,6783.5,6865.5,7012.9,7216.6,7451.9,7684.5,7888.3,8047.5,8157.4,8222.1,8246.2,8237.3,8205.4,8157.9,8101.5,8045.3,7995.8,7956.9,7930.8,7918.7,7924.2,7951.1,7999.4,8066.4,8147,8234.8,8325.3,8414.4,8497.3,8571.5,8647.7,8759.2,8941.8,9203.9,9513,9804.8,10005.9,10072.3,10003.7,9822.7,9539.8,9131.9,8567.6,7838.4,6978.5,6054.8,5146.2,4310.1,3564.8,2905.1,2323.9

10:42:31
819,1064,1356,1719,2139,2583,3066,3607,4141,2516.8,2966,3475.7,4065.7,4731.3,5437,6136.9,6793.6,7385.6,7908.4,8363.5,8746.4,9040.3,9221.9,9287.4,9262.9,9186,9077.5,8932.2,8736.7,8490.9,8214.5,7942.9,7713.8,7548.4,7443.9,7388.8,7383,7436.8,7561.5,7754.8,7990.5,8226,8423,8561.9,8647.6,8696.6,8720.6,8728.7,8726.2,8712.1,8688.3,8660.6,8631.2,8600.8,8572.2,8547.4,8527,8513.2,8509.5,8519.1,8537.5,8557.3,8574.8,8587.2,8592,8593.3,8600.9,8618.1,8634.9,8635.6,8625.2,8647.8,8753.2,8948.5,9188.6,9390.4,9463.6,9370.8,9143.1,8821.9,8418.7,7901.9,7229.4,6403.4,5481.1,4552.1,3707.5,2990.8,2386.2,1872.4

10:42:31
4490,5109,5734,6341,6876,7385,7854,8235,8534,6932.8,7385.3,7803.5,8185.2,8519.2,8790.9,8987.3,9108.1,9169.3,9187.5,9174.3,9133,9059.8,8955.2,8830.8,8707.6,8602.4,8520,8454,8393.4,8321.7,8214.3,8056.4,7849,7607,7359.8,7135,6954.4,6827.8,6755.7,6741.4,6793.1,6914.2,7095.6,7319,7554.8,7775.7,7961.1,8101.6,8197,8249.1,8262,8242.4,8197.7,8135.8,8068.3,8004,7949.1,7907.2,7880.7,7873,7888.3,7928.5,7992.4,8074.9,8167.4,8264.7,8363.2,8457.5,8541.6,8617.7,8708.4,8851.6,9074.7,9364.9,9668.8,9915.4,10037.5,10019.1,9886.9,9655.5,9311.1,8822.2,8163.2,7351.4,6446.9,5528.8,4669.7,3894.6,3197.5,2574.2

10:42:51
1036,1298,1620,1998,2480,3016,3548,4117,4700,2914.1,3417.5,3991.3,4639,5333.7,6027.5,6681.3,7279,7810.7,8274.1,8666.3,8976.6,9182.7,9275.1,9273.4,9211.3,9112.9,8975.2,8783,8533.6,8247.8,7963.5,7720.3,7542.2,7430.2,7372.9,7365.8,7417.1,7538.6,7729.7,7965.8,8205.2,8408.3,8553.5,8643.2,8692.9,8714.7,8717.2,8707.4,8686.8,8658.8,8630.3,8604.9,8582.8,8564.2,8548.4,8534.2,8522.3,8515.5,8516.8,8523.7,8532.8,8542.2,8549,8551.5,8554.5,8566.6,8589.6,8614.3,8625,8620.8,8638.2,8728.5,8910.9,9147.9,9358.5,9451.1,9377.3,9161.3,8851.2,8466,7978.2,7342.5,6547.9,5640.5,4706,3839.6,3098.8,2477,1948.4

10:42:51
4570,5162,5786,6420,7022,7578,8054,8405,8654,7049.3,7498.3,7914.6,8292.3,8618.3,8873.2,9046.6,9144.8,9185.5,9187,9160.7,9107.9,9026.9,8920.2,8798.4,8682.7,8586.8,8511.6,8450.7,8389.9,8311.2,8193.5,8022,7798.3,7544.3,7294.9,7077.8,6910.3,6798.8,6746.3,6756,6832.8,6979.3,7185.5,7426.2,7664.9,7874.4,8038.9,8154.7,8224.1,8252.9,8248.7,8218,8168.7,8108,8045.2,7987.8,7941.2,7908.3,7890.9,7893.1,7917.3,7963,8028,8107.7,8195.2,8286.3,8378.3,8467.1,8549,8627.7,8729.4,8895,9142.3,9446.4,9752.8,9991.5,10102.5,10068,9911.7,9654.4,9280.3,8753,8057,7221.4,6305.7,5383.8,4524.8,3760.3,3082.7,2478

10:43:12
3874,4495,5118,5700,6202,6668,7075,7387,7639,6198.9,6611.9,6981.3,7303,7571.9,7784.4,7933.3,8019.5,8055,8052.5,8024.9,7976.9,7907,7819,7720.8,7620.9,7525.9,7432.6,7324,7176.6,6982.5,6760,6536.3,6334.9,6175.9,6068.2,6008.7,5995.3,6034,6135.2,6296.5,6494.8,6701.1,6891.8,7047.4,7159.6,7232.8,7276.2,7297.8,7302.2,7291.8,7270.7,7243.7,7212.5,7179.4,7149.3,7127.5,7117.1,7119.8,7136.8,7166.4,7202.3,7239.2,7278.1,7323,7376.5,7440,7513.7,7593.1,7670.6,7752.5,7871.6,8066.3,8345.3,8679.3,9002.3,9227.7,9297.2,9219,9035.5,8761.6,8372.1,7831.2,7130.7,6302.5,5415.2,4558,3796.9,3137.1,2552.7

10:43:12
1676,2297,3186,4400,5913,7582,9169,10447,11278,6756.7,7755.2,8680.4,9501,10183.7,10700.5,11039.4,11213.6,11258.8,11219.4,11142.4,11050.2,10941.8,10803.8,10622.6,10399.8,10156.1,9919,9713.1,9550.6,9432.6,9357.2,9327.2,9348.4,9425.2,9552,9705.5,9855.5,9976.7,10060.6,10109,10129.1,10130.8,10122.2,10108.5,10089.5,10063.5,10027,9972.1,9885.3,9759.8,9598.8,9417.2,9239.6,9087.7,8971.8,8892.2,8845.8,8829.7,8846.5,8895.4,8968.9,9052.7,9126,9171.6,9183.8,9167.6,9131.1,9080.4,9010.1,8896,8704,8408.5,8001.1,7488.9,6884.5,6200,5455.2,4675.5,3891.9,3147.9,2488.3,1942.2,1517.2,1204.7,989.8,857.3,785,748.7,731

10:43:31
3787,4314,4928,5515,6015,6498,6924,7273,7559,6057.6,6473.6,6856.6,7195.5,7484.5,7720.5,7894.4,8004.9,8058.9,8067.5,8046.1,8002.1,7934.4,7844.6,7741.7,7636.6,7537.4,7443,7341.8,7213.9,7042.1,6832.5,6611.9,6405.8,6232.6,6105.6,6026.1,5991.8,6006.5,6080.1,6219.3,6409.1,6619.4,6823.2,6999.6,7133.5,7223.5,7278,7305.3,7311.8,7300.8,7276.5,7244.4,7208.5,7172.8,7140.9,7116.7,7105.9,7110.6,7130.2,7162.6,7201.7,7241.6,7280.4,7320,7363.8,7416.2,7479,7550.2,7624.2,7701.6,7809.3,7987.1,8251.8,8583.5,8926.2,9192,9308.9,9269.8,9111.9,8861.5,8503.5,8001,7338.1,6535.7,5653.1,4781.9,3997.6,3317.7,2719.9,2186.9

10:43:31
1405,1848,2591,3611,4928,6514,8169,9666,10765,6088.5,7109.6,8084.9,8972.5,9743.8,10371.3,10829.2,11113.4,11242.5,11258.3,11208.2,11127.9,11033.1,10918,10764.4,10564.1,10327.6,10077.9,9842.6,9646.4,9498,9396,9339.3,9331.2,9378.2,9479,9620.1,9776.8,9921.9,10031.4,10098.5,10130.7,10137.3,10129.4,10116.6,10103.7,10089.8,10071.2,10041.3,9990.7,9906,9775.8,9605.6,9417.8,9237,9082.3,8963.6,8882.8,8837.6,8825.7,8850.2,8912.2,8999.8,9091.8,9168,9213.4,9222.9,9201.1,9157,9094.9,9002.9,8854.4,8622.6,8291.4,7856,7320.4,6696.5,5998,5243.9,4461.2,3687,2966.8,2338.1,1820.9,1418.9,1125.9,928.6,810,748.2,720.8,710.7

10:44:31
3646,4105,4650,5288,5832,6294,6791,7236,7594,5925.5,6356.5,6754.1,7110.4,7411,7658.6,7853.5,7984.3,8055.2,8076.3,8062.8,8026.1,7968.4,7889.1,7794.5,7693.7,7593.4,7496.8,7392.5,7259.7,7083.9,6868.7,6637.9,6419.2,6233.8,6095.7,6009.9,5972.1,5981.9,6049.7,6180.9,6362.7,6570,6776.7,6960.6,7105,7205.3,7269,7304.1,7315.3,7308.5,7290.6,7264.1,7230.7,7195.6,7162.3,7132.1,7108.2,7095.6,7098.1,7115,7141.6,7174.9,7216.4,7265.3,7320.7,7385.1,7460.1,7543.5,7626.8,7707,7804.3,7959.8,8198.2,8510.1,8851.5,9139.5,9289.2,9277.6,9141.4,8912.1,8585.2,8125,7504.1,6729.7,5849.7,4953.6,4132.4,3420.8,2800.6,2254.1

10:44:31
1357,1691,2289,3197,4471,6022,7724,9403,10683,5822.1,6846.9,7832.9,8742.3,9545.5,10211.8,10717.9,11052,11217.5,11252.2,11210,11134.1,11045.1,10942,10810.9,10636.1,10418.8,10180.4,9946.8,9743.5,9582.6,9465.7,9392.2,9364.3,9386.4,9464.2,9590.9,9740.7,9885.1,9999,10073.4,10111.9,10123.5,10120.2,10111.5,10100.5,10086.5,10067.3,10036.9,9985.9,9902.5,9779.5,9622.2,9447.4,9276.8,9130.8,9017.9,8937.4,8887.7,8867.5,8878.6,8923,8994.7,9076.4,9147.9,9193.3,9206.1,9189.2,9151.8,9102.9,9037.8,8931.4,8750.4,8465.9,8066.4,7556.2,6948.5,6262.5,5516.1,4732,3944.8,3199.8,2534.9,1979.9,1544.5,1221.2,996.2,850.3,766,723.5,703.1

10:44:56
4440,4977,5517,6043,6476,6818,7087,7272,7374,6341.8,6644.3,6903.3,7115.7,7274.9,7383.4,7442.2,7455,7432.9,7387.9,7330.8,7264.8,7186.7,7099.6,7010.9,6926.3,6849.3,6773.8,6680.6,6554,6391,6204.9,6018.5,5849.7,5710.7,5610,5548.6,5525.4,5550.4,5631.5,5763.3,5924,6087.8,6236.5,6355.7,6434.5,6476.1,6492.9,6489.6,6467.8,6432.8,6393.7,6354.4,6314,6277,6250.4,6234.4,6225.1,6225.9,6241.4,6268.6,6302.3,6338.3,6375.6,6411.4,6444,6478.9,6523.4,6580.6,6652.6,6758.4,6936.5,7220.8,7607.9,8054.2,8491.9,8844.4,9059.1,9135.5,9101.6,8961.8,8682.5,8228,7599.9,6842.5,6024.7,5222.6,4491.8,3838.5,3241.2,2687.9

10:44:56
3796,4378,4973,5601,6240,6856,7416,7902,8303,6412.1,6933.4,7439.9,7937.6,8419.3,8864.4,9253.2,9576.1,9834,10033.7,10182.1,10286.2,10343,10349.5,10313.2,10254.9,10194.6,10143,10101,10058.4,9992.8,9876.4,9699.1,9467.4,9206.9,8960.4,8759.6,8622.7,8548.9,8529.9,8568.3,8672.7,8845,9078.5,9349.4,9615.5,9843.6,10014.5,10131.2,10209.2,10262.5,10302.3,10332.6,10353.4,10365,10368.3,10367,10365.1,10363.5,10363.7,10368.4,10380.3,10398.6,10419.3,10438.7,10456.8,10475.4,10496.3,10519.6,10541.9,10560.4,10586.9,10653.9,10791.4,10986.5,11179.3,11287.7,11247.8,11053.3,10730,10299,9765.1,9106,8291,7334.4,6303.9,5290.8,4370.6,3565.2,2866.1,2264.5

10:45:31
4296,4789,5292,5752,6184,6604,6978,7266,7437,6210.6,6532.7,6807,7033.5,7212.9,7344.8,7428.6,7463.9,7457.1,7421.4,7367.6,7302,7223.9,7135.4,7043.9,6955.9,6873.5,6794.2,6705.6,6587,6425.9,6235.1,6041.1,5862.5,5712.8,5601.8,5530.7,5497.6,5506.4,5567.2,5684.4,5839.9,6005.9,6163.1,6297.2,6395.5,6454.8,6483.1,6488.3,6472.7,6440,6399.6,6358.7,6319.7,6283.9,6254.2,6232.7,6217.1,6206.4,6207,6223.2,6249.5,6281.3,6315.3,6349.2,6381.9,6414.5,6453.5,6504.9,6570.6,6660.9,6811.8,7063.4,7425,7865.8,8323.3,8719.9,8989.9,9113.8,9116.8,9018.1,8795.8,8406.3,7835.7,7112.6,6298.3,5471.7,4702.6,4019.2,3405.4,2841.4

10:45:31
4110,4676,5255,5856,6456,7030,7553,8032,8487,6635.3,7155.8,7666.8,8166.6,8639.6,9063,9422.4,9717.4,9952.4,10131.3,10261.3,10343.5,10372.8,10351.3,10294.6,10226.9,10166.6,10118.9,10078.4,10028.6,9940.8,9791.8,9579.6,9324.8,9066,8841,8673.3,8570.6,8526.9,8537.9,8609.4,8749.6,8957.7,9215.4,9488.5,9741.4,9947.7,10097.9,10199.7,10265,10307.2,10335.5,10352.9,10362,10363.9,10360.9,10357.3,10353.6,10349.5,10347.8,10351,10360.6,10377.1,10397,10418.2,10441.7,10467,10494.5,10522.2,10544.9,10564.7,10605.5,10702.6,10870.2,11078,11256.2,11322,11229.7,10989.2,10629.8,10165.3,9584.4,8862.3,7989.9,6999.4,5962.1,4969.8,4079.8,3299.5,2622.5,2044.4

10:49:12
4140,4655,5208,5726,6176,6550,6891,7151,7323,6122.3,6451.6,6735,6971.3,7159.9,7302.9,7401.6,7449.3,7451.3,7417.5,7361.4,7295.4,7222.1,7141.3,7055.9,6967.3,6877.2,6789.4,6694.9,6580.7,6435.4,6259.4,6070.9,5886.8,5723.2,5596.2,5514,5474.8,5479.7,5534.4,5639.7,5783.7,5944.5,6104.3,6246.9,6355.8,6423.7,6455.7,6460.8,6445.7,6418.2,6386.5,6352.8,6315.1,6274.2,6235.3,6203.8,6182.9,6175.5,6182.9,6203.5,6230.5,6257.2,6285,6315.1,6347.2,6382.5,6425.2,6477.3,6537.7,6616.5,6748.5,6981.2,7330.4,7767.8,8232.5,8645.2,8937.6,9084.7,9110.9,9039.4,8850,8496,7954,7247.9,6441.2,5615.9,4843.6,4156.3,3536.9,2961.1

10:49:12
4180,4757,5351,5976,6628,7217,7720,8160,8528,6739.6,7253.3,7764.3,8271.1,8752.1,9176.3,9527.7,9805.7,10016.8,10175.3,10293.7,10370.3,10396.1,10370.2,10308.3,10235.2,10170.1,10120.7,10080.7,10026.5,9926.5,9761.4,9533.2,9268.1,9011.4,8801,8653.2,8567.3,8535.7,8558,8643.9,8802.3,9031.2,9306.1,9582.7,9820.2,9999.3,10123.4,10208.1,10270.1,10318.5,10353.9,10374.1,10379,10372.6,10363.6,10359.2,10359,10359,10359,10362,10371.3,10387.4,10408.4,10431.4,10453.4,10474.2,10495.1,10517.8,10540.8,10566.8,10615.8,10719.7,10888.5,11087,11246.4,11286.9,11176.7,10931.1,10566.7,10095.6,9505.2,8759.4,7857.4,6850.8,5819.1,4851.9,3990.2,3228.9,2562.7

10:49:30
4534,5055,5562,6063,6503,6827,7092,7285,7388,6375.8,6674.6,6930.8,7139.2,7292,7390.5,7439,7442.8,7413.8,7365.5,7306.3,7236.2,7152.6,7060.3,6967.2,6877.1,6793.2,6708.7,6603.7,6461.6,6284.7,6092.9,5906.9,5741.9,5610.1,5519.4,5470.4,5462.5,5506.2,5609.4,5757.5,5923.4,6083.3,6222.6,6330.8,6401.7,6441.3,6459.4,6457.6,6434.4,6396.6,6353.7,6310.5,6269.7,6234.7,6210.6,6197.9,6191.4,6192.6,6206.6,6231.3,6259.3,6287.9,6319.6,6352.7,6385.6,6422.2,6470.5,6532.5,6610.7,6731.4,6938.4,7258.5,7675.1,8134.7,8565.7,8890.3,9067.1,9112.6,9052.8,8878.5,8551.8,8046.9,7376,6591.1,5765.7,4976.4,4265.9,3625.7,3037.6

10:49:30
4185,4763,5353,5913,6483,7071,7625,8125,8563,6705.5,7228.9,7742.4,8242.3,8715.6,9136.8,9489.3,9774,9996.3,10164.2,10284.4,10355.3,10374.4,10345.2,10285.1,10220,10164.2,10119.6,10080.6,10029.2,9936.8,9782.4,9565.3,9310.1,9055.1,8835.3,8673.4,8573.2,8530.2,8543.4,8620,8769.6,8989.2,9254.4,9528.2,9774.5,9969,10108.6,10203.8,10268.2,10313.7,10345.9,10365.7,10374.3,10373.5,10366.6,10359.8,10356,10354.5,10356.4,10364.5,10378.5,10395.4,10412.3,10428.6,10446.5,10468.3,10494.8,10523.4,10548.6,10571,10612.1,10710.2,10877.8,11077.8,11238.8,11277.2,11158.5,10897.1,10518.2,10033.8,9431.6,8686.5,7793.6,6795.6,5768.3,4802.6,3941,3182.8,2521.4,1955.1

10:50:05
2496,2967,3476,4000,4601,5197,5744,6263,6719,4853.3,5333.3,5787.9,6214.8,6603.2,6934.5,7201.6,7398.8,7524.5,7588.2,7602.3,7581.7,7530.4,7449.7,7350.7,7243.7,7129,7001.2,6846,6653.9,6440.8,6229.4,6035.2,5873.2,5756,5683.2,5651.1,5666.9,5741.6,5872.7,6037.7,6210.6,6371.5,6502.8,6592,6642.7,6666.2,6667.4,6650.6,6624.6,6594.8,6562.5,6532.4,6510.5,6495.7,6484.7,6477,6474.8,6481,6492.1,6506.1,6525.8,6549.1,6570.1,6589.1,6612.1,6642.8,6681.3,6727.2,6780.8,6841.1,6920.9,7058.5,7292.1,7631.4,8035.6,8417.6,8680.3,8774.7,8727.5,8579.1,8328.4,7938.4,7374.5,6631.3,5751.4,4827.3,3967.7,3234.2,2612.5,2072.1

10:50:05
3663,4260,4871,5457,6069,6667,7161,7594,7960,6197.5,6688.7,7153.9,7593.7,8003.5,8361.2,8643.8,8848.3,8981.2,9055.3,9084.5,9076.9,9033.2,8954.8,8849.6,8735,8631,8546.3,8474.9,8401.3,8305.3,8169.2,7989.1,7776.7,7554.7,7350.4,7183.9,7065.1,6997,6980.7,7017.3,7108.2,7249.4,7425,7610.7,7780.1,7916,8014.1,8078.6,8117.5,8140.3,8155.8,8167.6,8175.8,8180.3,8183.7,8189,8196.7,8207,8219.7,8234.8,8251.3,8268.4,8285.3,8302.7,8321.2,8341.7,8366.9,8397.5,8433,8473.5,8532.2,8640.5,8833.8,9113.2,9430.8,9709,9874.6,9900.3,9800.2,9594.5,9279.7,8828.7,8211.2,7430,6536.6,5614.3,4743.4,3959.6,3260.2,2636.2

10:50:21
2733,3275,3766,4331,4913,5500,6006,6426,6830,5092.1,5559.6,6001,6415.8,6781,7082.8,7310.8,7465.3,7557.1,7595.8,7595.3,7561.6,7495.5,7401.7,7293.3,7176.1,7049,6904.4,6728.6,6520.9,6298.9,6084.8,5893.9,5741.6,5635.8,5575.7,5562,5603.5,5706.8,5860.4,6040.9,6222.9,6385.3,6510.1,6591.2,6637.1,6657,6655.5,6640,6616.7,6586.4,6549.8,6513,6482.2,6455.5,6430.6,6411,6401.8,6401.1,6406.3,6419.1,6439.8,6464.8,6489.7,6518,6555.6,6603.5,6660.7,6727.1,6800.2,6880.1,6990.6,7174.3,7456.9,7826.8,8225,8556.8,8738.3,8756.5,8653.3,8451.9,8133.7,7658.5,7008.9,6202.7,5301.3,4407,3612.8,2942.1,2364,1859.9

10:50:21
4052,4589,5143,5760,6407,6989,7500,7919,8227,6504,6967.7,7407.2,7823,8198,8507.8,8742.5,8903,8998.5,9043.2,9050.3,9024.3,8964.3,8874,8767.9,8666.9,8582.2,8511.6,8444.2,8361.5,8246.1,8087.4,7890,7672.7,7458.3,7270.9,7126.5,7032.6,6990.4,6999.3,7059.8,7172.6,7330.1,7511.1,7690.8,7844.7,7959.5,8034.4,8075.8,8096.5,8106.9,8114.1,8120.7,8126.8,8133.4,8142.5,8156,8172.6,8191,8212.1,8237,8264,8290.9,8317.3,8342.3,8365.2,8386.6,8408.8,8433.5,8460.1,8494.6,8561.4,8700.6,8932,9232.2,9537.6,9759.7,9842.8,9789.7,9630.3,9375.9,9006.4,8482.8,7786.1,6943,6021.4,5116.9,4294.7,3566.2,2916,2337.8

10:50:48
2886,3386,3921,4505,5111,5663,6144,6580,6906,5224,5672,6095.2,6484.1,6821.6,7096.3,7301.1,7434.4,7504,7526.1,7513.2,7470.7,7400.4,7310.2,7210.8,7103.1,6984.7,6845.6,6670.9,6467.2,6258.3,6062.2,5892.3,5762.2,5675.1,5628,5624.7,5675.8,5786.5,5940.5,6111,6275.6,6416.6,6518.4,6578.8,6607.2,6612.4,6599.6,6574.3,6543.6,6511.3,6479.6,6450.7,6426.6,6408.1,6394.4,6385.4,6384.4,6394.1,6412,6434.8,6461.4,6492.6,6526.8,6560.6,6597.6,6642.6,6696,6754.9,6818,6894.6,7017,7224.6,7532.2,7916.9,8307.8,8601.5,8731.9,8713.9,8588.5,8364.2,8010.9,7490,6790.1,5942,5024.3,4150.2,3396.1,2757.3,2202.8

10:50:48
3913,4499,5083,5710,6348,6899,7357,7738,8054,6394.5,6867.1,7317.1,7745.9,8135.5,8460.7,8710,8885,8993.5,9048.7,9062.8,9042.9,8986.5,8895,8783.4,8672.7,8577.1,8497.8,8426.3,8344.6,8230.1,8070.1,7870.9,7651.1,7434.2,7244.3,7098.8,7004.4,6962.3,6972.5,7037.6,7158.7,7324.7,7514,7700.9,7860.9,7980.3,8059.6,8106,8129.4,8140.1,8144.1,8143.2,8138,8130.3,8124.2,8123.6,8127.4,8134.9,8148.7,8169.2,8194.4,8222,8251.9,8282.9,8314.1,8346.3,8381.3,8420,8460.6,8506.7,8581.5,8724.1,8954.9,9253.3,9559.8,9789.2,9880.6,9831.7,9671,9412.1,9037.5,8510.5,7811.6,6966,6041.6,5130.4,4300.6,3567.4,2914,2332.5

10:51:08
2440,2883,3479,4049,4580,5192,5812,6350,6794,4869.7,5363.8,5843.1,6297.2,6724.5,7117,7451.6,7711.9,7899.5,8023.1,8097.7,8134.7,8133.7,8091.9,8017,7923.6,7827.4,7742.6,7669.6,7594.1,7492.1,7342.1,7148,6933.3,6723,6538.9,6397.8,6304.7,6253.1,6243.1,6287.7,6397.1,6560.7,6752.8,6945.2,7112.2,7234.5,7307.7,7343.8,7356.8,7352.7,7335.4,7310.1,7279.8,7247.5,7216.8,7190.8,7170.8,7154.6,7140.9,7131.9,7130.4,7137.3,7152.1,7172.9,7196.9,7223.9,7257.3,7301.4,7355.9,7420.7,7513.4,7676.4,7940.3,8298.4,8711.9,9104.2,9380.7,9490.1,9453.9,9312.3,9068.7,8683.7,8122.3,7389.1,6527.4,5617.7,4756.4,4003.2,3350.8,2769.4

10:51:08
3798,4398,5017,5634,6210,6756,7274,7742,8128,6340.3,6835.8,7301.8,7730.6,8106.6,8413.4,8641.3,8791.7,8874.6,8905.4,8898.3,8859.1,8788,8687.7,8570.3,8451.5,8334.8,8208.6,8056.9,7873.4,7665.4,7450.4,7252.5,7093.9,6983.4,6920.2,6906.4,6945.5,7041.4,7189.8,7375,7574,7759,7907.9,8014.4,8083.1,8119.9,8134.4,8136.3,8131.7,8122.8,8111.8,8101.5,8092.5,8085.2,8079.6,8078.3,8082.6,8090.7,8101.6,8114.7,8128.3,8142.4,8158.6,8178.1,8204,8239.7,8287.3,8345.5,8411.7,8497.6,8639.1,8876.8,9210.7,9587.2,9929.9,10156.2,10224.1,10147.6,9952.7,9638.7,9173.8,8524.1,7694.9,6745,5757.1,4822.3,3991.1,3261.2,2617.6,2056.6

10:51:30
2540,3062,3597,4158,4728,5311,5898,6409,6849,4975.7,5471.8,5946.7,6398.8,6817.4,7189.2,7500.1,7738,7908.8,8022.2,8089.2,8119,8110,8063,7986.9,7896,7805.4,7725.3,7651.7,7566.5,7444.8,7271.8,7058.7,6832.2,6619.5,6442.9,6315.6,6238.3,6204.4,6216.5,6288.1,6421.1,6599.2,6796.4,6984.2,7138.1,7243.7,7303.3,7330.3,7334.9,7322,7299,7270.6,7237.3,7203.5,7173.3,7147.9,7127.3,7109.6,7095.4,7086.9,7085.3,7092.7,7110.1,7134.9,7165.3,7202.6,7248.7,7304.7,7368,7439.3,7543,7722.9,8001.3,8366.3,8774,9141.8,9378.5,9450.7,9389.5,9230.8,8968.6,8558,7972.2,7223.6,6358.9,5461.6,4625.6,3894.1,3251.8,2674.2

10:51:30
3794,4377,4961,5554,6145,6719,7261,7734,8120,6309.6,6799.9,7257.8,7680.6,8056.3,8367.5,8604.4,8767.7,8865.5,8909.5,8910.3,8875,8805.1,8704,8583.8,8460,8337.7,8206.3,8051.5,7865.8,7655.3,7440.1,7243.8,7086.2,6975.4,6911.2,6895.5,6931.2,7021,7162.6,7343.3,7540.1,7726.9,7882.5,7998.4,8077,8122.6,8143.1,8146.5,8138.4,8122.7,8101.4,8078.7,8059.2,8043.5,8032.7,8029.3,8034.4,8046.9,8064.3,8085.4,8109.4,8135.3,8161.6,8188.6,8217.8,8250.7,8289,8334.3,8387,8456.2,8576.7,8791.2,9108.5,9485.6,9844.8,10105,10214.5,10170.3,10001,9716.4,9287.1,8675,7875.5,6935.7,5940.3,4978,4110.2,3354,2693.9,2120.5

10:51:48
2068,2508,3013,3528,4058,4621,5195,5715,6150,4336.3,4818.4,5305.3,5795.1,6283.1,6754.7,7183.5,7548.4,7848.7,8092,8287.4,8436,8528.8,8563.1,8544.4,8486.5,8407.8,8314,8190.7,8018.6,7793.9,7534.7,7272.9,7039.2,6857.1,6734.8,6668.3,6656.9,6707.9,6829.1,7014.3,7240.9,7476.9,7690,7854,7959.8,8015.1,8031.6,8018.8,7987.3,7946.4,7899.5,7850.3,7805,7769.1,7742.9,7723.6,7711.6,7708.9,7717,7734.4,7758.4,7785.6,7808.8,7823,7830.4,7840.8,7861.4,7891.8,7924.8,7954.7,7997.6,8092.5,8272.7,8541.3,8853,9114.8,9240.1,9208.3,9055.5,8819.2,8498.3,8052.9,7451.2,6693.8,5827.9,4946.4,4140.1,3442.9,2836.1,2297.6

10:51:48
3590,4197,4834,5491,6134,6731,7279,7772,8216,6291.7,6853.9,7417.4,7984.5,8539.5,9047.9,9485.5,9845.4,10133.6,10361.8,10537.2,10657.3,10716.3,10709.2,10647.4,10563.6,10483.9,10417.5,10358.6,10284.5,10164.9,9978.2,9716.7,9398.2,9065.9,8767.2,8533.9,8380.3,8305.5,8305.8,8387.1,8554.6,8805.1,9114.4,9437.1,9726.5,9953.9,10107.1,10194.2,10237.4,10254,10254.1,10243.7,10227.5,10208.8,10190.9,10175.7,10164.4,10155,10145.6,10136.5,10128.1,10121,10114.9,10109.2,10105.5,10106.8,10117.3,10137.1,10157.8,10169.5,10183,10235.1,10351.1,10513.1,10663,10724.4,10638.1,10399.8,10040.5,9587.9,9040,8364.7,7546.6,6613.8,5626.8,4667.3,3805.5,3059.2,2416.1,1864.2

10:52:06
2156,2622,3170,3722,4249,4796,5345,5866,6305,4491.8,4987.6,5488.3,5986.7,6471.7,6924.7,7320.4,7648.4,7912.2,8123.5,8291,8411.5,8476.6,8485,8446.8,8381.4,8306.4,8217.8,8095.2,7918.8,7690.4,7435.6,7186.8,6972.2,6809.7,6702.8,6646.1,6643.4,6705.6,6839.3,7034.2,7261.1,7485.6,7678.8,7822.5,7914.4,7966.3,7987.7,7985.8,7968.3,7938.6,7898.7,7853.5,7808.5,7767.1,7731.5,7702.5,7680.4,7665.4,7661.3,7669.5,7686.8,7706.7,7724.7,7741.8,7761.5,7789.5,7830.3,7882,7932,7975.5,8039.4,8167.2,8381.6,8666.6,8958.2,9159.6,9205.7,9103.4,8896.2,8612.2,8235.5,7726.6,7064.5,6266.5,5398.3,4556.8,3811.3,3167.7,2603,2101.5

10:52:06
3910,4529,5150,5765,6363,6937,7479,7972,8440,6545.1,7098.4,7651.4,8202,8727.2,9195.7,9590,9910.8,10167.8,10368.2,10516.6,10607.6,10634,10597.1,10519.9,10436.9,10368.8,10314.5,10256.3,10168.1,10021.2,9799.5,9509,9181.5,8864.8,8594.6,8393,8270,8224.4,8255.4,8369.4,8571.6,8849.2,9167.2,9478.6,9746.8,9950.1,10081.8,10155.4,10192.4,10206.9,10205.3,10192.4,10172.8,10150.6,10129.8,10109.7,10089.5,10069.3,10049,10030.2,10015.9,10006.7,10001.5,10000.7,10004.6,10018.1,10043.7,10073.6,10095.8,10111.1,10144,10231.4,10378.5,10544.6,10661.7,10661.1,10503.6,10203.4,9800.6,9305.4,8700.9,7958.6,7079.2,6109.6,5126.1,4205.1,3395.2,2700.8,2103.5

10:52:21
2015,2455,2885,3408,3924,4447,4989,5549,6066,4220.3,4703.6,5191,5693.2,6193.9,6675.4,7116,7494.7,7805.1,8054.4,8255.8,8412.7,8515.9,8555,8537.4,8480.9,8404.7,8319.1,8208.7,8052.4,7843.5,7595.1,7336.6,7098.2,6905.8,6770.9,6690,6660.8,6692.3,6792.5,6957.8,7170,7396.3,7607,7775.6,7890.3,7958.4,7990.9,7996.5,7983.1,7957.9,7923.5,7884.2,7844.2,7807.7,7778.3,7754.4,7735,7721.7,7716.9,7722.3,7734.3,7749,7763.4,7774.7,7783.2,7794.9,7818.6,7856.5,7900.2,7938.4,7983.4,8072.8,8242.3,8499.6,8807.6,9081.9,9230,9217.5,9076.4,8846.8,8533.2,8105.6,7529.2,6796.6,5947.1,5067.1,4250,3537.4,2915.3,2364.2

10:52:21
4102,4723,5306,5905,6519,7078,7597,8077,8533,6688.6,7243.2,7801.7,8361.2,8889.1,9352.9,9741.7,10056.9,10309.4,10507.9,10649.6,10726.7,10734,10677.2,10586.2,10492.9,10412.9,10344.8,10269.1,10159,9986.4,9739.7,9434.2,9105.8,8800.2,8553.9,8386.8,8298.4,8283.8,8343.7,8488,8717.5,9010.9,9330.3,9629.5,9873.1,10043.1,10145,10197.3,10219.8,10225.8,10221,10208.4,10191.8,10175.9,10161.6,10149.3,10137.5,10123.8,10106.7,10087.6,10070.6,10057,10046.4,10039.8,10040.3,10051.8,10075.2,10103.2,10126,10147.8,10196.9,10305.8,10469.5,10637.4,10734.3,10688.2,10480.5,10144.9,9711.7,9180.6,8530.5,7741.1,6824.1,5836.8,4859.4,3967.9,3194,2525.8,1952.7

10:52:46
2205,2635,3157,3729,4245,4827,5383,5834,6278,4493.9,4971.4,5440,5890.3,6309.7,6691.2,7014.6,7268.8,7456,7579.6,7653.8,7688.2,7686.6,7650.3,7587.7,7509.4,7425.4,7346.9,7279.8,7215.6,7131.6,7007.2,6835,6629,6413.4,6209.9,6040.5,5919.7,5848,5821.3,5847.1,5933.4,6076.2,6255.1,6443.7,6620.8,6766.8,6869.9,6932.8,6964.6,6971,6957.5,6931.4,6898.7,6862.5,6826.7,6795.3,6770.5,6754.2,6748.9,6756.4,6776.3,6807.1,6846.9,6893,6942.8,6995.8,7054.7,7120.1,7187.4,7253.2,7330,7456.4,7670,7969.6,8310.1,8625.2,8847.7,8934.5,8889.4,8740.5,8494.1,8114.8,7565.5,6851.2,6024.7,5158.6,4325.5,3578.7,2928.2,2357.7

10:52:46
4429,5074,5729,6354,6917,7427,7880,8235,8501,6925.5,7372.9,7775.7,8132.2,8435.9,8672.8,8833.3,8920.9,8949.4,8934.9,8890.1,8820.7,8728.2,8614,8486.6,8363.2,8256.3,8164.1,8070.6,7953.7,7798.7,7606.7,7394.6,7186.5,7004.3,6864.7,6775,6733.7,6743.9,6811.4,6936.2,7109.2,7309.9,7511,7688.5,7826.9,7921.3,7977.3,8004.7,8015,8017.4,8015.5,8011.2,8007.9,8007.9,8010,8013.1,8018,8026.7,8040.2,8058.9,8084,8113.6,8143.7,8173.4,8205.9,8245.3,8295.5,8354.9,8418.3,8491.1,8602.9,8793.8,9072.9,9405.9,9729.5,9969,10073,10039,9894.4,9647.7,9273.5,8734.2,8021.1,7173.5,6260.4,5360.4,4530.7,3786.3,3114.3,2510

10:53:06
2453,2929,3491,4074,4606,5111,5650,6157,6541,4784.4,5253.1,5708.2,6138.8,6533.7,6882.5,7170.4,7383,7525,7614.5,7667.5,7685.9,7666.9,7612.3,7531.7,7441.6,7357.8,7288.3,7223.9,7146,7035.4,6881,6691,6484.9,6281.8,6099.9,5957.7,5863.9,5819.1,5827.3,5892.4,6012.9,6175.9,6361.4,6547.9,6713,6835.5,6909.9,6946.3,6955.6,6946.1,6925.1,6895.6,6858.3,6818,6781.7,6756.3,6743.5,6739.6,6741.1,6750,6771.4,6807.4,6854.8,6907.5,6960.5,7014.7,7074.4,7141.6,7213.5,7289.8,7393.9,7568.3,7833.9,8165.3,8502.7,8773.5,8917.6,8918.9,8804.1,8595.6,8273.9,7795.9,7143.3,6348.7,5483.2,4628.2,3849.4,3170.5,2576.4,2049.6

10:53:06
4379,4995,5603,6181,6736,7314,7877,8320,8630,6883.9,7337.2,7742.3,8101.9,8412.4,8659.7,8826.4,8911.9,8934,8911.6,8862,8792.2,8698.4,8580.7,8450.6,8327.9,8227.3,8142.5,8052,7933.8,7774.7,7580.6,7371.6,7169,6990.6,6850,6754,6708.3,6718.4,6784.5,6902.9,7062.5,7248.1,7441.3,7620.7,7766.9,7870.2,7931.4,7960.2,7971.9,7977.8,7980.5,7976.7,7967.4,7958.6,7955.8,7960.6,7969.8,7979.5,7988.5,8000.3,8020.9,8052.7,8089.6,8124.6,8156.7,8191,8236.6,8295.7,8362.3,8436,8534.4,8699.9,8960.3,9292.4,9633.6,9895.7,10013.7,9987.9,9852,9621.5,9279.7,8782.1,8103.6,7270.5,6349.8,5438.5,4607.5,3862.6,3187.3,2577.9

10:53:27
3262,3767,4261,4778,5300,5808,6301,6721,6992,5432.5,5831,6197.5,6539.3,6847.7,7114.2,7333.4,7495.8,7605.8,7678.7,7724.7,7746.3,7737.3,7698.3,7641.3,7574.2,7493.9,7391.3,7247.5,7055.2,6836.4,6619.4,6427.4,6273.9,6163.8,6097.5,6076.4,6108.4,6202.9,6356.7,6547.7,6748.9,6938.7,7099.4,7217.2,7289.5,7324.1,7334.1,7330,7318.8,7303.6,7285,7262.9,7239.1,7222.4,7216.8,7218.6,7222.2,7228.5,7243.2,7266.7,7296.5,7331.2,7367.2,7399,7428.1,7465.1,7518.1,7583.2,7646.4,7698.3,7754.9,7854,8025.2,8271.8,8555.8,8795.4,8910,8878.5,8737.9,8522.1,8223.6,7805.7,7240.5,6529,5713.8,4875.6,4096.3,3411.3,2806.8,2268.5

10:53:27
3757,4332,4929,5538,6147,6702,7189,7624,8007,6260.5,6759.8,7239.5,7694.7,8112.8,8474.8,8769.6,8993.2,9147.6,9241.2,9283,9283.1,9246.3,9174.8,9075.1,8962.4,8852.6,8756.2,8673,8588.7,8474.7,8310.3,8101.4,7871.4,7651.5,7471.9,7343.4,7263.4,7232.5,7254.8,7340.3,7491.3,7689.7,7906.5,8113.5,8286.3,8416.3,8505.4,8555,8571.4,8565.3,8546.4,8523,8500.9,8480.2,8458.5,8435.4,8415.9,8405.2,8404.4,8410.9,8421.4,8432.6,8444.8,8461.3,8483.3,8511.8,8547.3,8589,8636.1,8691,8769.2,8904.7,9122.5,9411.4,9730.1,10007.1,10169.2,10181.2,10054.2,9818.7,9467.3,8970.3,8307.7,7489.4,6563.7,5609.1,4707.3,3904,3199.5,2571.3

10:54:09
3050,3592,4119,4639,5159,5640,6063,6463,6803,5256.3,5671.4,6051.1,6402.4,6722.3,7001.3,7234.7,7418,7547.2,7631.5,7684.4,7714.2,7721.4,7700.5,7654.6,7591.3,7513.8,7421,7298.7,7131.2,6926.6,6709.8,6505.7,6334.5,6209.4,6132.1,6097.5,6106.2,6171.9,6303.3,6485.1,6688.4,6884,7049.5,7169.6,7243,7281.8,7297.9,7297.2,7282.7,7260.8,7237.1,7212.4,7188.1,7169,7157.1,7150.7,7149.9,7158,7177.8,7207.1,7239.4,7271.8,7305.7,7340.9,7377.5,7420.5,7475,7540.8,7610.4,7673,7733.6,7822.8,7973,8195.4,8469.5,8733,8897.3,8912.3,8798.9,8596.9,8314.6,7927.3,7405.7,6738.4,5949,5103.5,4294.4,3579,2951.1,2391.2

10:54:09
3757,4344,4941,5533,6079,6611,7145,7624,8031,6244.8,6741.1,7215.4,7665.4,8081.5,8447.2,8743.9,8963.3,9112.1,9202.3,9246.5,9251.8,9217.7,9146,9045.1,8934.2,8832.5,8747.2,8670.6,8583.2,8461.5,8293.6,8086.8,7862.5,7648.8,7471.3,7342.4,7264.8,7240.2,7271.5,7361.8,7508.7,7699.8,7909.8,8109.7,8275.7,8396.4,8471.5,8506.5,8513.4,8504.4,8485.2,8458.8,8429.4,8401.3,8378,8360.3,8347.5,8339.8,8338.4,8344.6,8359.4,8380,8403.8,8429,8454.5,8485,8525.9,8577.4,8633.8,8693,8772,8898.7,9108.7,9403.5,9728.7,10004,10150,10142.5,10002.5,9752.6,9389.3,8890.2,8223.5,7392.2,6455.6,5499.5,4609.1,3815.7,3114.2,2495.1

10:54:27
3380,3914,4431,4946,5459,5963,6400,6750,7031,5549.3,5947.3,6309.6,6639.7,6931.4,7178.1,7373.5,7514.5,7609.1,7668.7,7703.5,7716.9,7705,7667.4,7610.5,7536.8,7445,7330.5,7176.1,6975.3,6749.5,6530,6339.6,6193.9,6099,6052.1,6050.1,6097.9,6207.1,6374.7,6575.4,6776.3,6954,7092.1,7183.7,7236,7262.8,7274,7273,7262.5,7247,7230.9,7214.1,7196,7180.4,7170,7163.5,7161.5,7169.8,7190.4,7217.5,7246.3,7277.8,7313.3,7350.2,7389.3,7436.2,7493.5,7555.3,7612.2,7662.7,7728,7843.7,8033.9,8294.1,8576.8,8797.7,8882.6,8824.6,8662.7,8422.3,8090.6,7632.8,7028.1,6285.7,5455,4623,3869.9,3214.1,2634.4,2118.5

10:54:27
3862,4474,5077,5683,6290,6874,7386,7790,8111,6394.8,6878.9,7337.5,7772.9,8177,8528.5,8807.4,9010.4,9146.3,9226.1,9260.1,9254.4,9209.1,9126.7,9016.2,8896.9,8786.8,8691.6,8602.7,8501.1,8367.5,8193.2,7986.2,7768.7,7566.6,7402.5,7287.5,7223,7210,7251.6,7351,7506.3,7705,7920.3,8122.2,8287.4,8404.9,8475.8,8508.7,8515.5,8505.8,8486.1,8459.8,8430.2,8402.3,8379.2,8361.5,8348.6,8341.1,8340.6,8348.4,8363.2,8382.4,8403.4,8422.4,8439.6,8461.2,8493.4,8536.8,8588.6,8650.6,8744.8,8906.5,9156.9,9477.2,9805.3,10053.9,10166,10132.4,9971.9,9704.2,9314.5,8771.9,8058.1,7195.3,6247.6,5309.4,4446.4,3678.4,3001.4,2402.6

10:54:58
4222,4836,5418,5948,6471,6914,7267,7557,7760,6434.1,6834.5,7211.4,7561.8,7873.1,8129.8,8324.8,8463.3,8558.5,8626.5,8674.6,8696.4,8680.5,8630.4,8559.6,8480.5,8406.9,8336.8,8248.4,8114,7920.2,7681.7,7430.3,7199.7,7019.6,6902,6840.6,6829.4,6873.8,6984.9,7161.4,7381.4,7611.4,7820.6,7984.1,8094.3,8158.5,8187.7,8190.3,8172.8,8143.2,8106.5,8069.4,8036.2,8006.9,7982.7,7965.4,7957.7,7960.6,7976.5,8006.5,8047.9,8094.4,8137.9,8178.9,8220,8266.5,8322.8,8386.9,8449.9,8516.4,8624.8,8811.8,9078,9380.4,9637.4,9760.4,9710.9,9517,9219.5,8825.5,8302.2,7620,6788.2,5857.3,4915.9,4055,3315.8,2680.6,2126.1

10:54:58
4438,5022,5600,6195,6796,7361,7871,8276,8580,6893.1,7347.4,7766.5,8149.9,8485.6,8754.5,8942.9,9050.8,9091.5,9080.4,9033.3,8959,8857.4,8731.6,8590.9,8448.7,8311.5,8170.8,8011.5,7825.5,7620,7411.3,7217.9,7056.5,6936.4,6862.5,6838.8,6868.5,6956.5,7099.5,7278.6,7467.9,7643.9,7790.5,7902.3,7980.3,8029.6,8057.9,8068.2,8063.6,8049,8030.5,8013.6,7999.8,7989.9,7984.7,7984.9,7990.1,7998.7,8011.9,8032.6,8062,8100,8143.2,8186.9,8229.9,8273.1,8322.1,8384.1,8459.5,8555,8696.9,8916.7,9225.5,9602.4,9986.6,10276.7,10405.7,10380.7,10233.2,9974.2,9579.3,9016.3,8277.4,7387.6,6413.3,5461.6,4606.3,3850.2,3173.4,2567

10:55:23
3822,4403,4957,5456,5937,6439,6897,7291,7631,6070.7,6496,6888.4,7256.3,7598,7900.9,8151.2,8342.5,8479.9,8575,8640.3,8681.1,8692.5,8668.7,8615.4,8546.3,8473.2,8405.1,8335.3,8236.1,8081.8,7872.5,7629.4,7382.8,7164.9,6998.9,6892.4,6838,6831.3,6885.3,7012.9,7202.5,7427.8,7657.3,7859.3,8011.4,8108,8161.3,8184.7,8183.7,8164.5,8135.2,8099.3,8060.2,8023.2,7993.6,7974.2,7963.3,7960.1,7966.7,7985,8013.5,8050.5,8094.8,8141.9,8187.9,8234.1,8285.8,8344.8,8404.7,8458.9,8523,8641.4,8844.6,9125.3,9432.6,9675,9767.4,9684.3,9464.4,9150.1,8741.5,8199,7495.7,6644.9,5702.1,4761.1,3911.3,3188.5,2571.3,2034

10:55:23
4190,4767,5373,5998,6614,7193,7702,8128,8457,6713.1,7185.4,7623.4,8025.9,8382.1,8674,8887.3,9021.4,9086.4,9096.3,9063.9,9000.7,8907.7,8785.1,8643,8498.2,8362.6,8230.8,8083.9,7909.3,7708.9,7495.8,7291.1,7116.6,6983.8,6896.9,6856.1,6862.5,6923.1,7040,7203.9,7393.1,7581,7745.4,7874.1,7963.1,8017.8,8048,8061.6,8064.1,8058.4,8048.6,8037.3,8023.4,8007.6,7994.3,7986.4,7987.2,7997.8,8014.6,8036.6,8063.8,8095.8,8132.8,8173.1,8214.6,8258.2,8306.9,8364.9,8434.9,8518.5,8634.2,8821.6,9104,9466.4,9862.4,10205.7,10408.3,10442.4,10336.4,10118.6,9777.5,9277.6,8597,7752.3,6793.6,5811.7,4901.3,4099.3,3390.8,2756.5

10:55:39
3882,4451,4982,5510,6031,6505,6932,7329,7636,6110.3,6526.2,6913.2,7281,7621.3,7920.2,8168.7,8360.5,8497.9,8592.9,8656.1,8692.6,8697.4,8664.8,8603.9,8529.7,8456.2,8389.9,8317.3,8214.1,8060.9,7853.5,7610.7,7366.4,7152.5,6991.3,6886.3,6830.5,6826.5,6886.2,7017,7211.1,7443.2,7676.6,7878.6,8027.5,8120.5,8171,8189.6,8182.9,8158.7,8123.9,8083.9,8044.3,8009.9,7984.8,7971,7965.7,7966.4,7974.4,7992.9,8020.1,8053.4,8092.1,8135.2,8180.4,8226.8,8280.3,8343.1,8407,8462.9,8530.4,8655.4,8866.3,9149.8,9449.8,9676.1,9745.5,9644.4,9416,9096.4,8680,8125.5,7406.1,6538.1,5584.2,4643,3804,3093,2484.8,1959.1

10:55:39
4370,4991,5614,6230,6841,7392,7879,8269,8557,6893.5,7358.8,7788.6,8179,8515.6,8778.1,8958.3,9060.2,9097,9086.3,9040.9,8966.7,8863.4,8735.1,8594.7,8457.6,8328.1,8193.8,8037.4,7849.9,7638.6,7421.7,7220.2,7053.6,6932.5,6858.7,6834.6,6863.9,6949.7,7089.8,7268,7460.1,7642,7794.8,7909.2,7986,8031.4,8054.2,8063.2,8062.5,8056.3,8048.1,8036.9,8021.2,8003.2,7988.2,7980.4,7982.1,7992.6,8011.1,8035.8,8065.4,8102.2,8145.1,8190.6,8235.3,8279.9,8329.6,8389.6,8460,8547.3,8680.2,8894.1,9203.6,9585.9,9978.5,10288.5,10435.7,10413.2,10263.4,10004.5,9613.5,9055.7,8318.9,7428,6454.8,5496.2,4632.7,3878.6,3203.8,2597.1

10:55:57
3977,4491,5045,5610,6132,6616,7064,7458,7739,6203.1,6611,6993.2,7352.2,7680.6,7971.2,8212.4,8395.8,8522.7,8603.2,8652.7,8679.3,8680.5,8651.8,8598.7,8530.7,8457.8,8383.7,8298.5,8183.7,8021.4,7808.7,7564.7,7322.4,7114.3,6961.8,6870.4,6833.3,6847.6,6919.7,7055.9,7250.3,7479.2,7708.3,7904,8045.2,8128.4,8166.1,8174.4,8166.8,8150.5,8124.7,8088.3,8045.8,8006.8,7977.7,7960.7,7955.7,7958.9,7966.5,7981.3,8008.7,8051.2,8103.3,8155.3,8201.4,8243.7,8289.4,8344.7,8406.8,8468.6,8548.8,8691.2,8920.1,9216.3,9515.5,9721.1,9756.6,9621.9,9366.6,9023.7,8581.3,7993.5,7238,6338.5,5369.2,4439.8,3634.2,2959.8,2380.2,1874.6

10:55:57
4130,4779,5425,6038,6603,7114,7574,7991,8368,6672,7158.7,7608.2,8013.7,8367,8656,8870.6,9010.8,9085.6,9105.8,9081,9017.6,8919,8793.1,8652,8511.1,8378.2,8247.4,8103.4,7929.2,7725.9,7512.2,7309.5,7135.6,6999,6904.6,6857.3,6861.1,6920.1,7038.5,7205.7,7393.6,7576.1,7735.6,7864.4,7958.7,8019.6,8053.2,8065.8,8065,8056.9,8047.7,8039.3,8026.7,8007.3,7987.4,7975.9,7978.7,7994.3,8015.8,8038.8,8061.4,8086.7,8120.4,8163.6,8211.6,8260.2,8310,8366.9,8435.9,8520.8,8642,8830.7,9104,9454.1,9840.6,10182.4,10387.2,10421.7,10310.9,10085,9739.5,9244.1,8578.2,7750.1,6804.1,5827.3,4919,4120.1,3416.3,2785.1

10:56:21
2459,2877,3293,3723,4149,4580,5003,5406,5770,4334.5,4737.6,5154.1,5587.7,6029.6,6465.8,6876.4,7247,7573.1,7854.6,8093.5,8280.9,8405.7,8466.7,8474.4,8447.6,8406,8362.5,8320.8,8279.7,8232.4,8168.1,8077.2,7961.4,7830.8,7696.8,7575.3,7480.9,7419.9,7392.3,7398.5,7442.3,7524.1,7635.5,7763.2,7893.7,8013.5,8110.2,8179.6,8225.4,8252.6,8265.1,8268.3,8270.1,8274.1,8279.9,8287.1,8294.7,8299.9,8301,8299.8,8300.9,8308.6,8322.3,8341.6,8368.3,8400.4,8435,8464.2,8475.4,8471.2,8492.1,8601.9,8820.9,9093,9323.1,9422.6,9355.9,9162.6,8902.5,8594.2,8198,7646.5,6917.2,6064.2,5182.4,4368.5,3672.3,3075.1,2542.6,2062.5

10:56:21
3417,3912,4404,4951,5537,6116,6652,7091,7452,5726,6182.3,6619.5,7042.6,7442.2,7796.6,8088,8312.1,8476.3,8587.1,8656.1,8691.8,8693.3,8658.7,8591,8506.9,8424.1,8346.2,8265.3,8169.2,8042.2,7874.9,7672.2,7451.2,7238.3,7059.1,6928.7,6851.9,6830.6,6864.7,6952.5,7089.2,7263.9,7458.4,7650,7815.4,7940.2,8021.3,8060.4,8066.7,8052.3,8028.2,8000.5,7973.7,7952.1,7936.7,7927.4,7923.3,7927.1,7941,7966.1,8001.3,8045.4,8093.2,8137.7,8178.6,8218.2,8260.4,8307.5,8361.9,8435.2,8555.3,8750.7,9021.6,9335.5,9633.6,9835.1,9883.2,9782.3,9562.1,9227.8,8756.6,8124.2,7334.6,6430.7,5477.9,4561.3,3748.7,3047.4,2437.2,1909.5

10:56:41
2588,3037,3476,3950,4434,4825,5157,5513,5845,4504.2,4919.6,5352.6,5798.6,6240.8,6659,7042.1,7387.3,7692.4,7959.4,8182.6,8346.3,8440.7,8472.4,8457.6,8418.1,8376.3,8339.7,8304.2,8261.7,8204.6,8126,8021.9,7897.3,7763.6,7634.7,7523.2,7440.3,7392.3,7381.2,7407.9,7471.9,7568.8,7688.7,7818.8,7945.7,8057.7,8145.7,8206.1,8241.5,8256.8,8259.8,8259.4,8262.7,8270.2,8278.5,8284.5,8286.6,8285.2,8284.6,8290,8300.7,8315.1,8330.3,8345.3,8365,8394.7,8432.8,8467.4,8481.1,8484.1,8533.9,8684.1,8928,9193,9380.9,9417.2,9292.6,9059.5,8769.6,8421.4,7960,7332.2,6545,5671.8,4812,4044.3,3391.4,2824.5,2315.9

10:56:41
3298,3837,4381,4929,5464,5977,6495,6952,7310,5625.1,6086.8,6534.3,6975,7402,7792.7,8126.2,8391.1,8589.8,8734.2,8836.9,8904,8932.3,8917.1,8860.5,8780.2,8696,8614,8529.6,8428.1,8289,8103,7878.7,7638.1,7415.3,7238.2,7117.7,7054.4,7045.5,7091,7193.9,7352.7,7554.3,7774.4,7982.2,8151,8268.2,8334.4,8360.8,8362.6,8351.6,8334,8309.7,8279.3,8247,8219.4,8202.7,8201.4,8215.3,8239.3,8270.6,8306.7,8347.4,8392.9,8440.7,8489.9,8539.8,8587.5,8630,8671.5,8730.2,8839.5,9029.6,9289.6,9576.4,9830.3,9970.4,9955,9802.5,9541.1,9170,8660.3,7983.8,7155.8,6228.6,5269.9,4370.9,3585.7,2907.4,2314.7,1801

10:57:38
2237,2619,3092,3625,4197,4780,5349,5878,6268,4457.9,4916.8,5377.4,5838.2,6286.9,6704.2,7070.5,7371.8,7606,7784.9,7922.4,8020.2,8070.4,8069.1,8027.9,7962.8,7889.4,7819.4,7749.5,7663.3,7536.9,7357.1,7136.1,6901.8,6682.8,6503.4,6376.4,6298.4,6263.7,6278.3,6356.7,6503.4,6701.4,6921.4,7132.4,7307.7,7433.9,7515.1,7562.6,7583.3,7581.9,7565.9,7542.9,7517,7489,7462.4,7439,7418.9,7404.2,7399.2,7408.6,7430.1,7460.1,7496.2,7536.6,7579.2,7626,7681.8,7744.7,7804.2,7849.5,7893.9,7978.7,8135.1,8353.4,8590,8772.4,8823.4,8715.6,8480.6,8158.6,7750.2,7218.5,6536.9,5724.2,4834.8,3949.5,3154.1,2489.1,1940.3,1482.5

10:57:38
4620,5168,5722,6264,6801,7297,7713,8056,8331,6853.8,7273.8,7665.9,8022.6,8327.8,8565.1,8729.7,8829.6,8876.1,8879.6,8848.9,8786.8,8694.5,8580.1,8460.5,8351.9,8260.6,8180.5,8097.8,7994.9,7856.6,7672.3,7447.4,7206.3,6977.6,6785.5,6643.8,6556.8,6526.6,6557.7,6651.2,6805.4,7008.7,7234.2,7453.7,7642.3,7786,7885.2,7946.4,7979.5,7995.5,8003.4,8008.4,8013.1,8017.9,8022.5,8026.9,8031.1,8036,8042.2,8049,8056.3,8064.2,8072.9,8084,8100.5,8126.4,8162.7,8205.9,8253.2,8317.2,8433,8630.4,8900.2,9201.2,9469.8,9640.3,9679.7,9600.8,9430.4,9165.6,8774.5,8224.8,7522.1,6706,5843.8,5010.1,4247.4,3558.3,2931.2

10:58:12
2129,2581,3080,3607,4119,4649,5191,5673,6073,4351.9,4817.3,5281.9,5747.2,6203.4,6631.8,7009.2,7319.6,7565.2,7756.4,7903.6,8009,8067.4,8072.1,8029.5,7958.6,7878.4,7802.3,7728.6,7641.6,7517.7,7341.8,7122.4,6887.7,6667,6484.6,6355.4,6278,6246.2,6263.3,6341.3,6484.9,6679.3,6894.9,7100.5,7272.2,7396.9,7477.4,7526.3,7551.8,7557.1,7547.4,7528.5,7504.4,7479,7454.1,7430.5,7410.1,7394.2,7386.9,7392.6,7410.2,7436.1,7468.2,7505.2,7546.9,7595.7,7654.8,7723,7789.1,7840.8,7887.6,7969.9,8120.8,8331.8,8560.2,8739.6,8795.2,8694.7,8466.2,8145.8,7739.7,7214.5,6542.2,5742.1,4867,3992.3,3198.6,2527.4,1967,1498

10:58:12
4705,5279,5822,6352,6874,7332,7701,7982,8240,6879,7289,7674.4,8028.1,8329.3,8560.3,8718.2,8812.4,8858,8864.8,8839.4,8781.1,8689.6,8575.4,8457.7,8350.5,8258.7,8177.8,8092.2,7981.5,7827.7,7627.4,7393.2,7148.7,6923.2,6739.3,6609.6,6536.5,6521.6,6569.1,6682.6,6856.4,7070.7,7297.6,7508.2,7682.3,7809.8,7892.6,7940.4,7965.4,7977.7,7984.1,7989.1,7995,8001.6,8007.3,8012.5,8018.8,8026.2,8034,8041.5,8048,8053.1,8057.7,8065.5,8082.1,8111.5,8153,8202.3,8258.8,8341.4,8483.5,8704.8,8988.4,9286.3,9531.3,9662.9,9665.5,9559.4,9362.1,9059.5,8618.4,8017.3,7273.4,6437.6,5582,4773.5,4036.9,3367,2756.1

10:58:29
2283,2723,3193,3726,4291,4843,5381,5875,6265,4514.5,4977,5441,5906.7,6356.7,6768.7,7124.4,7413,7636.5,7807.2,7936.9,8025.5,8064.9,8053.4,8003,7930.9,7854.9,7784.2,7712.3,7619.3,7481.8,7291.6,7064.4,6829,6614.3,6444.4,6327.8,6260.3,6238,6268.2,6364.7,6526.9,6734.6,6955.8,7158.9,7321.4,7436.1,7508.4,7548.9,7565.3,7562.4,7546.6,7521.8,7492.9,7465.9,7440.5,7416,7396.4,7384.2,7382.9,7395.3,7419,7450.5,7487.2,7526.4,7568.5,7617.2,7674.9,7739,7797.8,7842.7,7894,7997,8173.1,8399.3,8626,8778.6,8787.3,8641.9,8382.2,8037.8,7596.4,7021.7,6299.7,5461.6,4569.7,3708.3,2953.5,2324.9,1800,1361.9

10:58:29
4665,5197,5744,6313,6858,7346,7764,8073,8311,6881.6,7297,7687.2,8043.6,8347,8579.7,8737.5,8829.9,8870.5,8871.3,8839.6,8774.8,8679.4,8562.2,8440,8331.1,8241,8161.5,8077.8,7969.8,7820.3,7625.6,7395.8,7154.1,6930.3,6746,6615.3,6540.2,6520.2,6562,6668.9,6835.3,7045.8,7274.9,7491.5,7673.4,7808,7896.4,7949.4,7977.6,7990.9,7998,8003.4,8007.9,8011.4,8013.6,8015.4,8017.8,8022.5,8029.4,8037.4,8045.7,8054.4,8063.8,8075.9,8095,8123.8,8162.1,8206.9,8257.7,8333,8468.3,8685.9,8968.3,9267.7,9519.9,9661.5,9674.8,9584.6,9401.6,9109,8678.7,8086,7348.6,6517.1,5658.8,4844.2,4102.3,3423.5,2806.7

10:58:58
2450,2887,3375,3929,4485,5046,5581,6036,6410,4689.7,5148.1,5610.5,6071,6506.4,6897.9,7230.2,7497.1,7702.7,7856,7968.9,8039.9,8058,8027.4,7968.3,7898.1,7826.8,7756.3,7678.5,7570.9,7412,7205.4,6975.2,6749.7,6551.1,6397.5,6296.6,6242.4,6232.6,6280.9,6402.4,6586.3,6801.7,7017,7207.2,7353.9,7451.5,7511,7546,7559.5,7551,7528.4,7500.7,7471.4,7441.9,7415.7,7396.5,7384.4,7376.6,7376.8,7389.9,7413.6,7445.5,7484.7,7529.2,7577.5,7629.7,7687.3,7746.5,7796.4,7837.5,7903.2,8034.4,8234.9,8470.6,8680.4,8786.4,8735.8,8544.1,8256.3,7888.1,7410.6,6786.9,6019.2,5150.3,4253.1,3417.3,2706.5,2120,1629.6,1222

10:58:58
4491,5061,5627,6153,6634,7087,7508,7878,8201,6713.7,7146,7552.2,7923.3,8245.1,8501.2,8684.4,8800.2,8861,8879.1,8862.3,8810.2,8722.3,8606.9,8481.3,8365.8,8270.9,8192.8,8116.9,8022.1,7886.9,7702,7475.9,7230.9,6997.8,6801.4,6654.2,6560,6521.7,6542.6,6627.4,6775.8,6975.5,7202.3,7424.6,7617.7,7767.7,7871.8,7934.7,7968,7984.8,7993.4,7998.2,8000.1,8000.1,7998.6,7997.8,8000.8,8008,8018.5,8030.2,8040.6,8048.9,8055.7,8064,8079.2,8105.7,8144.2,8190.2,8238.7,8299.6,8406,8590.5,8851.6,9150.7,9427.2,9611.7,9665,9598.4,9435.9,9177.2,8797.2,8263.2,7575.5,6775,5921.8,5086.9,4317.4,3618.6,2982.9,2412

10:59:17
1415,1784,2184,2633,3159,3682,4168,4686,5219,3469.7,3968.8,4508.2,5081,5660.8,6214.5,6714.5,7152.6,7527.2,7841.3,8095,8280.4,8384,8408.5,8375.6,8311.2,8243.5,8181.4,8113.8,8019.6,7877.5,7675.4,7421.7,7142.9,6873.4,6641.9,6464.1,6346.4,6287.1,6289.1,6364.3,6516.2,6729.4,6973.1,7210.3,7410.9,7559.4,7653.3,7705.1,7730.8,7738.2,7733,7720.8,7705.5,7689.4,7674.8,7663.6,7657,7651.9,7644.6,7634.5,7622.7,7610.8,7602.3,7600.5,7606.8,7622.3,7645.8,7673.3,7695.8,7715.8,7762.5,7873.1,8057.4,8287.5,8512.6,8666,8696.5,8606.5,8430.5,8182.6,7837.6,7357.9,6733.6,5993.3,5191.8,4402.6,3685.5,3054.8,2495.3,1997.6

10:59:17
3193,3727,4299,4880,5461,6051,6608,7105,7551,5683.7,6196.5,6694,7174.5,7624.5,8022.9,8350.2,8601.6,8785.3,8911.9,8988.7,9023.2,9014,8957.6,8864.2,8755.5,8652.7,8564.3,8483.6,8392.5,8269.6,8103.8,7900.1,7677.7,7463.7,7283.2,7150.3,7065.8,7028.4,7041.6,7111.8,7239,7413.1,7614.2,7815.7,7991.5,8125.6,8218.2,8276.4,8307.6,8319.4,8315.5,8298.3,8272.8,8243.7,8216.1,8193.8,8177.3,8166.4,8162.3,8165.9,8177.4,8196.5,8222.6,8255.6,8294.6,8339.9,8393.3,8453.5,8515,8575.4,8654.4,8791.3,9016.8,9318.1,9641.2,9912.4,10057.2,10051.8,9916.9,9667,9296.8,8780.8,8090.8,7241.6,6291.4,5321.7,4416.2,3610.9,2903.1,2290.8

10:59:42
3523,4079,4619,5186,5765,6318,6786,7136,7386,5834,6251.3,6635.4,6990.4,7305.2,7565.6,7761.2,7890.8,7964.3,7995.6,7998.7,7979.2,7933.7,7860.3,7768.8,7671.1,7573.7,7474.4,7357.1,7203.4,7008.7,6787.5,6565.5,6365.5,6204.3,6089.6,6019.9,5994.3,6020.9,6106.4,6246.1,6421.4,6603.3,6767,6895.8,6984.2,7036.4,7060.1,7063.5,7056.1,7044.8,7028.9,7011.2,6996.1,6981.6,6964.4,6946.6,6933.9,6927.8,6926.1,6930.3,6943.7,6962.4,6981.8,7003.7,7033.4,7074.6,7128.5,7195.7,7274.2,7364.3,7488.4,7688.4,7983.5,8351.4,8725.2,9017.3,9170.4,9181,9080.8,8888.5,8583.1,8123.1,7491.1,6710.2,5848.6,4998.2,4224.4,3542.2,2932.4,2381.3

10:59:42
2916,3457,4029,4617,5216,5828,6421,6981,7506,5493.9,6041.7,6577.5,7094.7,7580,8011.1,8368.9,8650.1,8858.4,8999,9082.4,9112.9,9091.5,9023.8,8922.6,8811.1,8706.9,8612.3,8519.6,8412,8271.1,8090.1,7877.7,7656.3,7452.9,7289.5,7177.3,7120.5,7117.5,7168.2,7275.9,7438.5,7642.2,7859.8,8063.6,8231.3,8353.3,8428.8,8465.1,8475,8466.9,8448.1,8423.7,8399.9,8382.2,8372.9,8371.9,8378.3,8392.4,8413.4,8439.6,8469,8501.5,8535.4,8567.1,8598,8631.9,8671.5,8716.5,8765.3,8822.2,8909.5,9068.7,9324.8,9655.5,10003.5,10286.6,10426.1,10396.9,10222.1,9926.6,9505.1,8921.9,8154.3,7233.7,6222.7,5209.1,4279.4,3470.5,2775.6,2176.8

10:59:58
3494,4069,4644,5212,5770,6289,6728,7080,7351,5819.3,6244.6,6635.8,6992.8,7304.8,7558.5,7746.1,7868.4,7936.3,7964.6,7964.7,7941.8,7894.1,7821.2,7732.2,7639,7548.7,7459.7,7354,7209.1,7020.9,6805,6584.2,6379.4,6209.2,6084.7,6005.2,5969,5984.7,6062.1,6196.5,6366.3,6544.3,6707.6,6839.2,6931.2,6988,7019.7,7033,7035.4,7030.8,7018.7,7002.1,6984.6,6966.9,6947.5,6928.7,6913.1,6903.2,6898.7,6899.1,6908.1,6923.1,6940.2,6960.3,6988.7,7029.9,7086,7155.3,7233,7321.8,7444.7,7641.1,7930.7,8295.2,8672.8,8975.4,9142.9,9171.2,9086.6,8905.8,8611,8162.7,7543.9,6775,5918.2,5064.6,4280.6,3581,2953.1,2387.2

10:59:58
3191,3766,4360,4956,5538,6097,6630,7140,7626,5737.9,6271.3,6794.4,7298.4,7763.1,8165.5,8492.5,8744.4,8926.6,9046.1,9110.7,9124.1,9085.4,9000.8,8888.8,8771.9,8663.4,8559,8443.6,8301.1,8122.7,7911.8,7685.4,7468.7,7287.9,7158.7,7084.3,7065.6,7104.3,7201.9,7355.6,7553.7,7773.8,7987.7,8168.8,8303.3,8390.7,8437.4,8454.8,8453.3,8440.8,8421.6,8399.2,8379.4,8366,8359.7,8361.1,8370.6,8386.4,8407.1,8431,8457.3,8486.3,8515.4,8544.1,8575.8,8614.1,8660.8,8715.6,8777.4,8858.4,8991.8,9213.5,9518.8,9867.1,10193,10405,10449.9,10336.1,10092.7,9724.8,9207.6,8512.8,7651.7,6670.8,5644.3,4672.4,3814.7,3075.9,2437.7

11:01:12
3451,4018,4575,5112,5656,6170,6585,6940,7236,5721.1,6142.4,6529.7,6888.4,7209.9,7476.8,7680.6,7822.8,7909.5,7952.5,7963,7948.4,7907.5,7836.8,7746.2,7649.8,7555.6,7463.5,7358.4,7217.9,7032.6,6815.7,6591.6,6381.2,6202.8,6070.3,5985.2,5943.6,5952,6021.9,6151.7,6319.7,6496.6,6660.7,6794.3,6886.1,6940.4,6970,6982.6,6982.3,6975.7,6966.7,6956,6943.6,6930,6916.8,6902.5,6887.3,6874.9,6868,6866.6,6870.5,6880.4,6894.5,6912.7,6937.2,6972.9,7024.7,7091.6,7168.7,7255.2,7371.6,7558.5,7839,8200.7,8588.3,8914.2,9109.2,9157.7,9085.4,8914.2,8634.1,8205.4,7607.5,6855.8,6006,5147.7,4352.6,3645.5,3014.6,2447.2

11:01:12
3020,3592,4188,4805,5413,5986,6548,7083,7566,5621.1,6164.6,6696.3,7207.7,7680.4,8092.4,8430.1,8691.2,8880.3,9006.6,9078.6,9098.6,9066.2,8987.8,8880.1,8765.5,8657.7,8554.8,8447.1,8315.9,8148.2,7946.4,7724.7,7506.7,7317,7172.4,7081.7,7048,7069.4,7149,7288.8,7478.4,7697.7,7917.6,8110.8,8261.1,8363,8420.3,8444,8445.9,8432.8,8410.3,8383.5,8359,8341,8330.8,8330,8337.2,8350.9,8371.5,8397,8425.4,8456.4,8488.5,8521.3,8556.5,8596.8,8644.5,8699.6,8758.9,8831.1,8948.7,9150,9439.8,9782.5,10117,10358.7,10442.8,10364.3,10155.4,9820.3,9334.3,8672,7835.8,6869.3,5842.6,4847.7,3958.1,3192,2527.4,1959

11:01:52
3618,4167,4715,5287,5864,6410,6861,7212,7443,5915,6325.3,6702.9,7050.5,7358.3,7613.3,7804.3,7930.2,8000.4,8030.9,8035.5,8016.2,7971,7901.1,7814.8,7725.5,7646.4,7581.5,7517.9,7433.3,7306.1,7131.4,6926.4,6717.4,6528.8,6376.8,6268.9,6205.8,6188.8,6225.8,6327.4,6492,6696.2,6908.6,7103.3,7261.4,7373.9,7444.1,7482.2,7498.4,7498.7,7486.2,7465.1,7440.2,7413.8,7387.3,7363.7,7346.3,7335.9,7331.5,7335.9,7350.9,7374.7,7405.8,7442.6,7485.4,7535.4,7593.5,7658.7,7726.1,7796.4,7895.4,8061.2,8306.2,8607.3,8904.9,9114.9,9175.8,9090.7,8899.2,8621.2,8234.5,7698.5,7002.2,6174,5280.3,4413.8,3645.1,2984.4,2407.2,1898.7

11:01:52
3836,4425,5000,5551,6087,6612,7112,7559,7923,6232,6693.4,7117.1,7500.3,7834.5,8103.8,8295.3,8408.5,8453.1,8442.4,8388.3,8301.3,8185.9,8047.8,7898.8,7756.2,7633.4,7529.8,7433.6,7327.1,7194.7,7032.7,6851.3,6670.1,6508.2,6380.5,6295.1,6252.8,6254.3,6304.2,6404,6545.2,6713.6,6888.8,7051.2,7186.4,7288,7358.5,7403.3,7427.3,7437.1,7438.6,7433.5,7423.5,7410.6,7399.3,7394.3,7398.7,7412.1,7433.6,7462.6,7498,7539.7,7586.8,7638.7,7692.5,7746.4,7802.9,7865.2,7933.8,8010.6,8115.2,8282.9,8537.9,8877.6,9261,9603.2,9809.9,9845,9737.6,9520.8,9188.4,8711.4,8069.5,7266.1,6343.5,5389.2,4504.8,3736.2,3067.8,2477.1

11:02:22
3758,4324,4855,5413,5951,6464,6904,7232,7486,6005.7,6416.6,6793.9,7135.6,7427.9,7661.1,7825.3,7925.5,7980.2,8002.6,8001.9,7977.9,7928.9,7859.6,7779.5,7701,7636.9,7584,7521.7,7424.5,7276.1,7081.9,6863.6,6649.9,6465.6,6324.8,6231.3,6184.1,6186,6246.3,6369.3,6543.9,6745.5,6944,7116.3,7249.7,7342.7,7402,7435.3,7450,7452.2,7443.2,7423.4,7399.3,7376.7,7355.9,7337.2,7323.3,7316.9,7318,7327.6,7347.2,7376.1,7411.4,7450.1,7494.6,7547.5,7608.9,7675.4,7740.9,7811.3,7920.2,8102.4,8361.8,8664.9,8943,9114.9,9131.7,9009.4,8789.3,8482.1,8055.9,7476.9,6745.9,5901.6,5015.7,4174.4,3435.5,2797.6,2237

11:02:22
4327,4897,5427,5936,6462,6966,7419,7810,8139,6579.8,7011.9,7407.8,7763.1,8061.7,8283.9,8421.9,8485.5,8489.7,8445.7,8363.6,8252.1,8116,7964.4,7814.3,7682.7,7576.8,7484.1,7382,7254.7,7097,6914,6722.7,6544,6397.6,6294.9,6238.3,6228.7,6270.8,6366.1,6506.7,6678.7,6862.3,7036.6,7183.5,7294.5,7370.8,7419.9,7448.7,7462.9,7469.6,7471.2,7467.5,7459.4,7450.7,7445.1,7446.2,7453.9,7467.4,7488,7514.5,7547,7586.7,7632.2,7680.9,7730.8,7783.2,7841.7,7907.5,7981.4,8078.9,8237.7,8489.7,8828.9,9214.8,9575.2,9815,9890.4,9814.3,9616.1,9304.7,8850.1,8222,7430.2,6519.2,5562.8,4661.2,3863.7,3170.3,2564.7

11:02:40
3309,3850,4420,4951,5472,6008,6532,6984,7315,5635.5,6067.1,6459.3,6818.1,7146.5,7435.4,7669.1,7834.6,7934.9,7986.7,8007.4,8007.5,7982.8,7928,7849.7,7761.7,7680.3,7615.7,7560.5,7493.1,7389.5,7236,7044,6836.7,6635.5,6458.7,6320,6227,6180.5,6183.7,6245.1,6369.2,6544.7,6747.3,6950.2,7128.8,7264.1,7352.3,7404.1,7431.2,7441.6,7440.1,7427.8,7406,7380.8,7359,7343.6,7332,7320,7310.5,7309.8,7322.4,7346.8,7379.1,7415.9,7454,7496.6,7550.2,7616.8,7686.4,7749.2,7818.2,7934.8,8131.6,8404.7,8712.6,8979.6,9125.5,9115.7,8979.6,8754.2,8437.4,7991,7384.4,6626.9,5765.1,4876.6,4046.2,3323,2699.6,2154.8

11:02:40
4065,4670,5252,5799,6343,6874,7386,7825,8135,6468.9,6912.3,7312.8,7671.7,7981.4,8223.5,8384.7,8465.5,8479.6,8445.9,8377.8,8282.4,8160.1,8015.1,7862.7,7724.2,7611,7514.2,7412.2,7284.8,7127.1,6948.1,6763.2,6589.7,6441.3,6328.3,6258.2,6235.6,6263.6,6342.6,6466,6620.8,6794.3,6970.2,7130.9,7261.1,7352.8,7410,7443,7462,7473.6,7478.3,7474.1,7462.9,7450.5,7443.6,7445.4,7453.6,7465.1,7481.5,7506,7540.5,7584.1,7631.5,7677.5,7722.2,7770.7,7827.9,7893.9,7965.4,8050.1,8181.8,8403.2,8721.5,9103.9,9483.3,9761.8,9878.3,9838.4,9677.9,9412.7,9014.6,8447,7708.8,6832.4,5883.6,4960.8,4135,3417.9,2791.4,2241.2

11:02:59
3411,3910,4443,4976,5528,6091,6611,7026,7299,5674.9,6091.7,6479.5,6841.8,7172.6,7457.9,7681,7834.7,7928.3,7978.6,7999.6,7996.2,7964.4,7903.8,7824.4,7739.2,7661.1,7596,7534.6,7459.6,7351.9,7198.8,7007.5,6798.6,6595,6418.1,6284.4,6198.7,6158.8,6166.9,6231.6,6360.3,6542.5,6751,6955,7128.9,7255.8,7337.4,7388.1,7417.2,7429.6,7426.6,7409.4,7384.8,7360.9,7339.7,7322.9,7308.9,7294.2,7284.3,7287.2,7305.2,7333.2,7364.4,7398.1,7438.4,7486.1,7542.2,7607.9,7675.6,7737,7808.4,7931.9,8136.4,8412.7,8715.8,8974.8,9115.5,9104.3,8966.8,8738.2,8414.2,7957.5,7343.4,6582.3,5719.3,4831.7,4005.3,3288.7,2672.8,2133.9

11:02:59
3998,4545,5110,5700,6301,6862,7340,7701,7988,6378.3,6824.1,7236.6,7610,7929.9,8178.9,8348.9,8444.4,8476.9,8455.7,8389.8,8290.9,8167.9,8028.5,7883.6,7746.6,7626.2,7519.6,7416.2,7299.8,7156.9,6986.6,6798.7,6614,6456.5,6340.7,6268.3,6237.1,6248.3,6309.3,6423.2,6579,6759.8,6941.8,7102.3,7230.5,7327.6,7397.7,7443.1,7465.7,7471.4,7469.8,7464.8,7457.8,7449.1,7438.9,7430.5,7429.2,7439,7460.9,7491,7525,7563.2,7607.9,7658.3,7710.3,7761.2,7813,7870.1,7936.9,8023.3,8154.7,8368.3,8672.2,9040.8,9425.7,9738.6,9890,9868.3,9717.6,9459.4,9079.9,8538.2,7819.8,6952.8,5994.6,5043.5,4197.3,3478.5,2851.6,2295.1

11:03:36
3571,4119,4677,5196,5708,6230,6729,7133,7398,5832.1,6245.9,6624.3,6967.2,7272.2,7529.6,7727.5,7861.3,7940.2,7980.3,7994.4,7984.7,7947.9,7885.9,7807.6,7726.5,7652.8,7588.6,7525,7441.1,7311.9,7130.8,6919.3,6705.5,6511.3,6353.8,6245,6184,6166.3,6199.8,6297.2,6457.1,6654.9,6858.8,7046,7198,7303.4,7368.2,7404.6,7419.2,7416.9,7403.4,7384.6,7366.3,7349.6,7334.2,7322.7,7315.2,7309.9,7308.5,7314.4,7329.8,7351.8,7379.1,7412.1,7451.7,7498.3,7552.8,7615.7,7680,7745.5,7836.2,7991.8,8228.3,8525.5,8828.8,9055.6,9137.6,9067.5,8885,8614.5,8239.5,7722,7046,6234.1,5345.6,4470.7,3686.8,3015,2433.1,1924.6

11:03:36
3769,4383,5002,5589,6141,6651,7108,7520,7867,6217.6,6679.5,7105.4,7491.8,7829.8,8102,8295,8410.1,8456.7,8449.3,8401.1,8321.2,8213.1,8080.6,7935.1,7794.3,7670.9,7564,7460.4,7341.5,7195.9,7023.1,6832.3,6642.9,6474.9,6345.4,6261.3,6224.1,6236.4,6299.5,6411.5,6563.4,6741.1,6923.5,7089.3,7222.3,7319.6,7384.8,7422.7,7442.6,7451.5,7453.4,7450.1,7443.8,7435.8,7429.5,7429.4,7437.9,7454.7,7477.1,7504.3,7537.1,7574.5,7613.8,7653.8,7695,7738.1,7786,7843.4,7912.6,7996.4,8114.2,8303.9,8588.5,8950.5,9339.4,9675.3,9868.5,9888.9,9769.8,9539.9,9189.1,8681.9,7998.9,7162.2,6227.5,5278.8,4411.5,3663.1,3009.3,2428.9

11:04:00
320,422,578,790,1036,1319,1660,2060,2485,1363.9,1690.9,2093.4,2589.8,3183.9,3850.8,4534.9,5188.4,5792.3,6346.7,6850.4,7291.9,7648.3,7893.7,8017.1,8040.4,8018.9,7997.4,7983.9,7961.5,7902.8,7786.6,7608.3,7387.8,7166.7,6990.7,6879,6822.4,6809.7,6838.9,6920.7,7065.2,7271.4,7519.2,7768.3,7975.3,8119.2,8207.1,8256,8280,8288,8286.1,8277.3,8264.8,8250.6,8235.3,8221.3,8209.9,8199.9,8192.2,8188,8188.4,8194.5,8204.9,8218.9,8234.8,8251.6,8272,8296.9,8315.3,8303.5,8243.1,8152.4,8070.6,8012.9,7955.6,7853.2,7652.7,7320.8,6875.7,6364.2,5823.6,5249.9,4618.3,3928,3212.6,2521.1,1907.2,1407.8,1019.9,725

11:04:00
6117,6758,7376,7929,8448,8900,9237,9464,9603,8352.5,8721.8,9044.8,9323.1,9549.9,9707.2,9788.8,9805.4,9772.2,9702.9,9607,9487.5,9343.7,9181.5,9017.9,8874.9,8764.6,8683.3,8619.8,8561.4,8496.7,8419.4,8332.6,8246.2,8172.4,8121.8,8096.9,8098.5,8127.5,8185.7,8275.9,8395.4,8535.8,8682.2,8815.7,8920.5,8989.9,9023.5,9027.3,9010.5,8980.5,8941.6,8892.7,8833.8,8768.1,8701.6,8639.8,8586.1,8540.2,8497.7,8455.5,8414.6,8377.4,8345.1,8318.7,8298.3,8288,8293.1,8318.1,8369.4,8459.6,8622.5,8896.9,9286.1,9743.7,10192,10545.5,10745.1,10783,10682.8,10454.7,10072.2,9496.6,8723.7,7798.2,6798.1,5814.9,4916.5,4118.4,3403.3,2761.1

11:04:41
394,502,665,899,1201,1552,1928,2348,2770,1553.7,1915.5,2367.5,2924.4,3574.1,4267.1,4943.5,5573.5,6147.8,6669.7,7136.1,7529.3,7823,7998,8060.1,8053.7,8032.8,8016.8,7998.3,7954.3,7861.9,7709.5,7507.4,7287.2,7090.2,6946.6,6857.8,6814.8,6815.3,6868.7,6987.9,7175.7,7415.2,7669.6,7896.3,8064.9,8173.9,8240.5,8279.1,8298.1,8300.8,8290.2,8274.7,8260.6,8248,8235.8,8224.2,8212,8199.3,8189.4,8186.7,8193.9,8207.7,8223.6,8239.1,8252.7,8267.8,8289,8312.8,8316.6,8268.5,8165.3,8044.8,7943.5,7864.8,7779.3,7627.6,7355.1,6955.9,6473.3,5958.6,5427.3,4854.5,4217.5,3526.4,2820.8,2164.2,1614.5,1185.9,859

11:04:41
6258,6849,7415,7955,8464,8901,9254,9509,9664,8404.6,8769.5,9092.4,9371.4,9590.8,9734.5,9802.6,9808.4,9768.7,9698.3,9603.9,9484.7,9337.7,9170.7,9007,8870,8768.1,8693.7,8633.8,8573.3,8501.1,8416,8325.3,8240.1,8170.7,8124.5,8104.4,8112.9,8152.5,8224.9,8329.3,8456.7,8594.7,8730.7,8851,8945.1,9009.2,9042.1,9043.5,9019.4,8977.3,8925.9,8870.7,8812.4,8753.5,8696.2,8641,8587.4,8536.9,8491.1,8450.6,8415.5,8384.9,8356.9,8330,8307.7,8297,8306.4,8342.2,8405.6,8509.9,8685.5,8970.6,9366.2,9822.2,10266,10614.5,10809.5,10838,10721.7,10470.6,10066,9472.2,8690.3,7770.9,6782.1,5806.3,4905.7,4102.8,3387.7,2749.3

11:05:02
301,406,543,733,988,1294,1626,1998,2431,1322.5,1638,2021.9,2499,3077.1,3735.2,4422.3,5087.9,5707.5,6273.4,6784.9,7239.2,7614.2,7882.2,8029.4,8070.7,8054.1,8028.1,8009.3,7985.7,7933,7829.7,7664.8,7452.3,7230.9,7040.9,6910.4,6838,6809.8,6826.4,6898.2,7033.5,7235.1,7483.2,7736.3,7953.7,8107.3,8200.2,8253.6,8282,8294,8294.4,8285.4,8270.6,8254.1,8238.4,8226.1,8218.6,8212.5,8204.9,8196.7,8189.8,8187.6,8192.3,8204.2,8222.1,8242.8,8265.7,8292.4,8314.9,8312.8,8267.1,8182.9,8096.4,8036.2,7993.4,7926.6,7772,7486.8,7085.9,6611.7,6098,5553.3,4954.3,4282.9,3559.2,2833.9,2175.6,1631.2,1199.5,862

11:05:02
6135,6744,7354,7945,8467,8910,9249,9485,9625,8362.6,8731.3,9055.8,9335.9,9560.9,9717.9,9801.4,9819.8,9787.2,9717.5,9620,9499.2,9355.6,9194.3,9031.9,8889.7,8779.3,8697.6,8634.2,8576.8,8512.1,8433.1,8343.4,8252.7,8175.9,8124.7,8103.4,8112.3,8150.9,8218.5,8315.7,8438.3,8575.6,8716.2,8843.2,8940.3,9001.8,9029.6,9027.8,9004.9,8970.2,8928.4,8881.2,8826.9,8766.3,8704.7,8645.8,8590.4,8539.1,8490.5,8444.9,8404.9,8372.1,8346.1,8324.7,8308,8298.8,8302.8,8326,8375.3,8461.1,8610.4,8865,9235.8,9684,10138.9,10515.3,10746.1,10816,10741.9,10531.4,10169,9620.1,8875,7973.5,6981.4,5985.9,5065.7,4244.2,3511.1,2859.6

11:05:29
385,498,655,871,1152,1481,1865,2308,2775,1529.9,1892,2336.1,2883.9,3526.9,4216.5,4899.6,5542.2,6130.3,6662.1,7134.7,7534.1,7838.8,8025.4,8097.1,8098.2,8078.5,8062.8,8045.5,8003.2,7913.3,7763.4,7560.7,7334.9,7130.2,6980.9,6890,6845.7,6842.6,6889.1,6995.2,7165.7,7391.5,7640.5,7868.2,8039.4,8149.8,8214.4,8248.7,8264.6,8270.3,8269,8261.2,8250.1,8239.7,8231.4,8225.5,8221.1,8218,8215.7,8214.5,8217.9,8228.5,8245.4,8264.9,8284,8301.9,8320.1,8335,8331.1,8289.3,8211.7,8132,8079.9,8049.4,8002.7,7882.2,7634.8,7261.7,6806.7,6307.2,5773.4,5181.5,4512.7,3783.6,3042,2354.1,1778.4,1325.1,971

11:05:29
5727,6388,7030,7604,8111,8552,8917,9206,9429,8057.5,8465,8829.9,9150.7,9419,9619.4,9743.5,9795.8,9788.1,9736,9652.3,9542.2,9405.3,9246.7,9080.6,8928.7,8805.8,8714.8,8650.3,8599.8,8549.7,8489.4,8416.5,8337.4,8264.1,8208.2,8177.1,8175.5,8203.7,8260.3,8344,8451.2,8576.2,8708.9,8835,8939.9,9015.1,9056.1,9064.3,9047.3,9012.9,8968.8,8916.8,8856.4,8791.3,8727.3,8668.2,8616.1,8571.9,8533,8497.2,8464.7,8437.5,8416.2,8398.9,8384.8,8377.2,8382.5,8406.5,8454.2,8533.8,8667.6,8888,9217.9,9633.1,10067.6,10445.7,10694.7,10780.5,10714,10510.8,10159.3,9632.3,8911.8,8026.7,7045,6050.6,5117.3,4279.2,3532.5,2864.9

