13:22:42
Newtonsoft.Json.JsonSerializationException: Cannot deserialize JSON array into type 'System.String'.
   在 Newtonsoft.Json.Serialization.JsonSerializerInternalReader.EnsureArrayContract(Type objectType, JsonContract contract)
   在 Newtonsoft.Json.Serialization.JsonSerializerInternalReader.CreateList(JsonReader reader, Type objectType, JsonContract contract, JsonProperty member, Object existingValue, String reference)
   在 Newtonsoft.Json.Serialization.JsonSerializerInternalReader.CreateValueInternal(JsonReader reader, Type objectType, JsonContract contract, JsonProperty member, Object existingValue)
   在 Newtonsoft.Json.Serialization.JsonSerializerInternalReader.CreateValueProperty(JsonReader reader, JsonProperty property, Object target, Boolean gottenCurrentValue, Object currentValue)
   在 Newtonsoft.Json.Serialization.JsonSerializerInternalReader.SetPropertyValue(JsonProperty property, JsonReader reader, Object target)
   在 Newtonsoft.Json.Serialization.JsonSerializerInternalReader.PopulateObject(Object newObject, JsonReader reader, JsonObjectContract contract, String id)
   在 Newtonsoft.Json.Serialization.JsonSerializerInternalReader.CreateAndPopulateObject(JsonReader reader, JsonObjectContract contract, String id)
   在 Newtonsoft.Json.Serialization.JsonSerializerInternalReader.CreateObject(JsonReader reader, Type objectType, JsonContract contract, JsonProperty member, Object existingValue)
   在 Newtonsoft.Json.Serialization.JsonSerializerInternalReader.CreateValueInternal(JsonReader reader, Type objectType, JsonContract contract, JsonProperty member, Object existingValue)
   在 Newtonsoft.Json.Serialization.JsonSerializerInternalReader.CreateValueNonProperty(JsonReader reader, Type objectType, JsonContract contract)
   在 Newtonsoft.Json.Serialization.JsonSerializerInternalReader.Deserialize(JsonReader reader, Type objectType)
   在 Newtonsoft.Json.JsonSerializer.DeserializeInternal(JsonReader reader, Type objectType)
   在 Newtonsoft.Json.JsonSerializer.Deserialize(JsonReader reader, Type objectType)
   在 Newtonsoft.Json.JsonConvert.DeserializeObject(String value, Type type, JsonSerializerSettings settings)
   在 Newtonsoft.Json.JsonConvert.DeserializeObject(String value, Type type)
   在 AIO.src.Json.JsonToEntity[T](String jsonString) 位置 d:\DY-Software\数据上传\江苏广诚\DY-3000(BX1)2.5.1\DYitj\src\Json.cs:行号 24
   在 AIO.WorkThread.HandleMessage(Message msg) 位置 d:\DY-Software\数据上传\江苏广诚\DY-3000(BX1)2.5.1\DYitj\src\WorkThread.cs:行号 1467

13:23:21
Newtonsoft.Json.JsonSerializationException: Cannot deserialize JSON array into type 'System.String'.
   在 Newtonsoft.Json.Serialization.JsonSerializerInternalReader.EnsureArrayContract(Type objectType, JsonContract contract)
   在 Newtonsoft.Json.Serialization.JsonSerializerInternalReader.CreateList(JsonReader reader, Type objectType, JsonContract contract, JsonProperty member, Object existingValue, String reference)
   在 Newtonsoft.Json.Serialization.JsonSerializerInternalReader.CreateValueInternal(JsonReader reader, Type objectType, JsonContract contract, JsonProperty member, Object existingValue)
   在 Newtonsoft.Json.Serialization.JsonSerializerInternalReader.CreateValueProperty(JsonReader reader, JsonProperty property, Object target, Boolean gottenCurrentValue, Object currentValue)
   在 Newtonsoft.Json.Serialization.JsonSerializerInternalReader.SetPropertyValue(JsonProperty property, JsonReader reader, Object target)
   在 Newtonsoft.Json.Serialization.JsonSerializerInternalReader.PopulateObject(Object newObject, JsonReader reader, JsonObjectContract contract, String id)
   在 Newtonsoft.Json.Serialization.JsonSerializerInternalReader.CreateAndPopulateObject(JsonReader reader, JsonObjectContract contract, String id)
   在 Newtonsoft.Json.Serialization.JsonSerializerInternalReader.CreateObject(JsonReader reader, Type objectType, JsonContract contract, JsonProperty member, Object existingValue)
   在 Newtonsoft.Json.Serialization.JsonSerializerInternalReader.CreateValueInternal(JsonReader reader, Type objectType, JsonContract contract, JsonProperty member, Object existingValue)
   在 Newtonsoft.Json.Serialization.JsonSerializerInternalReader.CreateValueNonProperty(JsonReader reader, Type objectType, JsonContract contract)
   在 Newtonsoft.Json.Serialization.JsonSerializerInternalReader.Deserialize(JsonReader reader, Type objectType)
   在 Newtonsoft.Json.JsonSerializer.DeserializeInternal(JsonReader reader, Type objectType)
   在 Newtonsoft.Json.JsonSerializer.Deserialize(JsonReader reader, Type objectType)
   在 Newtonsoft.Json.JsonConvert.DeserializeObject(String value, Type type, JsonSerializerSettings settings)
   在 Newtonsoft.Json.JsonConvert.DeserializeObject(String value, Type type)
   在 AIO.src.Json.JsonToEntity[T](String jsonString) 位置 d:\DY-Software\数据上传\江苏广诚\DY-3000(BX1)2.5.1\DYitj\src\Json.cs:行号 24
   在 AIO.WorkThread.HandleMessage(Message msg) 位置 d:\DY-Software\数据上传\江苏广诚\DY-3000(BX1)2.5.1\DYitj\src\WorkThread.cs:行号 1467

