14:54:20
7E,02,00,03,01,20,13,39,7E

14:54:31
7E,02,00,03,01,20,13,39,7E

14:54:31
7E,12,00,00,12,7E

14:54:32
7E,14,00,01,02,17,7E

14:54:32
7E,12,00,00,12,7E

14:54:41
7E,02,00,03,01,20,13,39,7E

14:54:41
7E,12,00,00,12,7E

14:54:42
7E,14,00,01,02,17,7E

14:54:42
7E,12,00,00,12,7E

14:54:50
7E,02,00,03,01,20,13,39,7E

14:54:50
7E,12,00,00,12,7E

14:54:51
7E,14,00,01,02,17,7E

14:54:51
7E,12,00,00,12,7E

14:55:11
7E,12,00,00,12,7E

14:55:11
7E,12,00,00,12,7E

14:55:35
7E,14,00,01,01,16,7E

14:55:35
7E,14,00,01,01,16,7E

14:55:35
7E,14,00,01,01,16,7E

14:55:35
7E,12,00,00,12,7E

14:55:35
7E,14,00,01,01,16,7E

14:55:35
7E,12,00,00,12,7E

14:55:45
7E,16,01,DE,E9,42,D8,48,3D,48,60,47,48,46,92,45,FE,44,F9,43,23,43,BC,42,3D,42,5C,41,CC,40,71,40,BB,3F,CA,3E,51,3E,23,3E,2D,3D,45,3C,05,3C,8B,3B,AF,3A,DD,39,56,39,F0,38,34,38,A1,37,17,37,42,36,7D,35,BC,34,E3,33,91,32,95,31,A5,30,86,2F,9D,2E,01,2E,0F,2E,9C,2D,50,2D,9B,2D,71,2D,0E,2D,09,2D,53,2D,43,2D,97,2C,73,2C,7C,2C,11,2C,85,2B,4B,2B,28,2B,AD,2A,67,2A,66,2A,3F,2A,A6,29,5B,29,7E,29,3C,29,07,29,29,29,07,29,CF,28,AC,28,A3,28,AD,28,AF,28,9A,28,AB,28,80,28,2D,28,39,28,7F,27,58,26,52,25,1E,24,98,22,63,20,79,1E,27,1D,FD,1B,4F,1B,AB,1B,E1,1C,F2,1D,6B,1F,85,21,3F,23,B0,24,E2,25,E4,26,A5,27,AA,27,B9,27,08,28,06,28,D2,27,83,27,92,27,8F,27,A2,27,EF,27,EE,27,EA,27,ED,27,1F,28,1A,28,53,28,BF,28,CF,28,8F,28,6D,28,D7,28,EF,28,D3,28,D2,28,C7,28,E2,28,FB,28,CC,28,0F,29,68,29,FA,28,B0,28,E7,28,FF,28,C9,28,AB,28,A8,28,61,28,EE,27,0E,28,56,28,27,28,35,28,86,28,C9,28,BE,28,87,28,CC,28,2D,29,62,29,69,29,C8,29,07,2A,A3,29,B7,29,D8,29,EC,29,1B,2A,F1,29,EC,29,1A,2A,22,2A,23,2A,02,2A,16,2A,2D,2A,5E,2A,8C,2A,65,2A,9B,2A,E8,2A,D1,2A,9C,2A,D2,2A,F8,2A,DE,2A,12,2B,24,2B,34,2B,7F,2B,84,2B,EE,2B,33,2C,F7,2B,45,2C,DE,2C,29,2D,29,2D,7D,2D,B4,2D,8C,2D,50,2D,F4,2C,17,2D,7F,2D,A2,2D,02,2E,C2,2E,93,2F,08,30,B8,30,A9,31,2E,32,97,32,C7,32,B8,32,AB,32,EF,32,26,33,03,33,D5,32,BD,32,D3,32,8B,32,60,32,E3,32,62,33,8F,33,B3,33,45,34,EA,34,1F,35,AF,35,85,36,E1,36,39,37,EE,37,D7,38,6B,39,20,3A,67,3B,96,3C,60,3D,63,3E,16,40,AE,41,2C,43,C4,44,89,46,9D,48,37,4A,51,4C,0B,4F,F1,7E

14:55:46
7E,16,01,E2,37,40,2D,46,8A,45,E0,44,1C,44,17,43,FA,41,8F,41,F8,40,DE,3F,FC,3E,72,3E,CA,3D,09,3D,60,3C,9E,3B,EE,3A,41,3A,CA,39,4F,39,77,38,CD,37,38,37,9D,36,1E,36,95,35,DA,34,03,34,7D,33,F3,32,22,32,11,31,09,30,58,2F,35,2E,F0,2C,EC,2B,C9,2A,FC,29,73,29,0C,29,E8,28,BF,28,F3,28,27,29,B3,28,7B,28,42,28,AF,27,3C,27,15,27,E5,26,51,26,CC,25,B3,25,9C,25,20,25,FB,24,02,25,C5,24,71,24,53,24,78,24,46,24,EC,23,FC,23,03,24,83,23,24,23,43,23,44,23,25,23,FF,22,EE,22,F1,22,A7,22,89,22,99,22,54,22,3B,22,52,22,1E,22,EA,21,AF,21,5F,21,D7,20,19,20,3C,1F,F2,1D,F0,1B,BE,19,46,18,08,17,AA,15,0B,15,40,15,FF,15,D2,16,4C,18,AC,1A,6C,1C,9F,1D,96,1E,3A,1F,C2,1F,D0,1F,C6,1F,BE,1F,92,1F,62,1F,6A,1F,47,1F,D9,1E,EE,1E,1F,1F,51,1F,86,1F,9E,1F,EA,1F,EB,1F,E0,1F,54,20,62,20,15,20,02,20,1B,20,25,20,EF,1F,CD,1F,F1,1F,F8,1F,DC,1F,14,20,36,20,07,20,F9,1F,F0,1F,18,20,00,20,9F,1F,B8,1F,AF,1F,51,1F,18,1F,0F,1F,0E,1F,F6,1E,D8,1E,E5,1E,1B,1F,21,1F,34,1F,86,1F,9F,1F,AA,1F,C4,1F,F5,1F,25,20,E8,1F,1C,20,79,20,66,20,5B,20,76,20,9D,20,AA,20,AD,20,CF,20,10,21,2A,21,3D,21,94,21,D4,21,E4,21,38,22,99,22,DF,22,D1,22,08,23,8B,23,A4,23,B7,23,E8,23,F3,23,86,23,51,23,52,23,32,23,5B,23,FE,23,22,25,08,26,B0,26,12,28,9F,29,CB,2A,B2,2B,40,2C,DA,2C,4D,2D,AA,2D,3C,2E,6C,2E,77,2E,CC,2E,18,2F,0C,2F,FA,2E,0D,2F,3F,2F,80,2F,9D,2F,16,30,92,30,BE,30,5C,31,16,32,89,32,E7,32,4C,33,34,34,0F,35,AC,35,62,36,2D,37,34,38,9F,39,4B,3B,75,3C,6B,3D,ED,3E,54,41,B3,43,00,45,61,46,8E,48,3B,4B,F8,4D,58,50,3B,52,59,54,B1,7E

14:55:55
7E,12,00,00,12,7E

14:55:55
7E,12,00,00,12,7E

14:55:56
7E,14,00,01,01,16,7E

14:55:56
7E,12,00,00,12,7E

14:55:56
7E,14,00,01,01,16,7E

14:55:56
7E,12,00,00,12,7E

14:57:57
7E,02,00,03,01,20,13,39,7E

14:58:05
7E,12,00,00,12,7E

14:58:05
7E,12,00,00,12,7E

14:58:09
7E,14,00,01,01,16,7E

14:58:09
7E,14,00,01,01,16,7E

14:58:09
7E,14,00,01,01,16,7E

14:58:09
7E,12,00,00,12,7E

14:58:09
7E,14,00,01,01,16,7E

14:58:09
7E,12,00,00,12,7E

14:58:18
7E,16,01,E2,92,44,D9,4A,04,4A,33,49,5B,48,BE,47,DE,46,35,46,70,45,49,44,BD,43,EB,42,4E,42,12,42,76,41,A0,40,C0,3F,42,3F,C3,3E,23,3E,5C,3D,D3,3C,16,3C,50,3B,E9,3A,5A,3A,B1,39,23,39,AF,38,EB,37,4A,37,6F,36,B5,35,DB,34,A8,33,A7,32,D7,31,02,31,D3,2F,DD,2E,04,2E,D2,2D,A5,2D,6B,2D,A7,2D,C0,2D,EB,2D,9C,2D,48,2D,5A,2D,60,2D,EB,2C,78,2C,64,2C,19,2C,DD,2B,54,2B,EE,2A,E4,2A,7A,2A,2C,2A,F2,29,CD,29,E5,29,81,29,FC,28,0A,29,0D,29,D5,28,A7,28,82,28,B4,28,BC,28,A0,28,8B,28,65,28,18,28,FC,27,8F,27,6E,26,6E,25,E6,23,60,22,76,20,60,1E,45,1D,2A,1C,BB,1B,DC,1B,9B,1C,12,1E,CB,1F,A3,21,54,23,0C,25,19,26,FF,26,8E,27,AE,27,1F,28,0E,28,F0,27,F8,27,DF,27,C9,27,99,27,AE,27,C6,27,E6,27,04,28,ED,27,22,28,73,28,7E,28,82,28,B5,28,AA,28,6B,28,9A,28,F4,28,06,29,CD,28,B5,28,09,29,4D,29,FA,28,B7,28,F2,28,12,29,23,29,F5,28,FE,28,F6,28,BE,28,8A,28,44,28,64,28,2A,28,2C,28,0C,28,3D,28,98,28,52,28,9E,28,B9,28,1A,29,44,29,47,29,C2,29,C4,29,AB,29,72,29,8A,29,AB,29,A3,29,EC,29,CF,29,04,2A,00,2A,E9,29,FF,29,FA,29,7B,2A,39,2A,08,2A,80,2A,C3,2A,9D,2A,85,2A,E4,2A,C8,2A,C6,2A,FF,2A,FF,2A,39,2B,29,2B,6D,2B,B4,2B,A4,2B,E8,2B,04,2C,56,2C,8F,2C,DA,2C,67,2D,78,2D,87,2D,6F,2D,80,2D,83,2D,46,2D,19,2D,2F,2D,9F,2D,26,2E,B2,2E,3E,2F,FF,2F,C3,30,76,31,F9,31,54,32,9E,32,7D,32,C0,32,F1,32,FC,32,1C,33,B5,32,99,32,B9,32,CD,32,DD,32,0C,33,5D,33,EC,33,5D,34,86,34,E4,34,65,35,FA,35,27,36,C4,36,B2,37,04,38,64,38,12,39,2D,3A,A0,3B,B7,3C,82,3D,26,3F,8C,40,92,41,67,43,7A,45,BF,46,24,48,BB,4A,2F,4D,31,4F,23,7E

14:58:19
7E,16,01,E0,E0,3F,24,46,A7,45,EA,44,0A,44,05,43,64,42,E1,41,F9,40,00,40,26,3F,86,3E,F3,3D,5A,3D,86,3C,76,3B,B9,3A,41,3A,A9,39,05,39,60,38,B3,37,49,37,CA,36,FB,35,28,35,AA,34,F7,33,5D,33,DA,32,BC,31,C1,30,B9,2F,03,2F,29,2E,C0,2C,61,2B,59,2A,E4,29,77,29,31,29,1E,29,30,29,32,29,1D,29,EF,28,7A,28,09,28,BA,27,82,27,48,27,B9,26,18,26,FD,25,C2,25,63,25,52,25,11,25,BC,24,92,24,81,24,6C,24,50,24,0F,24,DF,23,DC,23,B7,23,93,23,54,23,53,23,54,23,03,23,F5,22,FD,22,DD,22,AC,22,90,22,83,22,6C,22,55,22,54,22,4E,22,F2,21,B1,21,60,21,9E,20,D3,1F,B9,1E,F2,1C,F7,1A,E6,18,47,17,2C,16,39,15,3F,15,DF,15,B1,16,FD,17,DA,19,DE,1B,7B,1D,8B,1E,1F,1F,B1,1F,EF,1F,E4,1F,EF,1F,A8,1F,9C,1F,70,1F,15,1F,26,1F,12,1F,23,1F,32,1F,4E,1F,AD,1F,C5,1F,D5,1F,19,20,44,20,1F,20,14,20,35,20,2E,20,1B,20,EE,1F,0F,20,30,20,F8,1F,00,20,19,20,28,20,2A,20,21,20,0E,20,06,20,14,20,D4,1F,B5,1F,A3,1F,6C,1F,40,1F,F6,1E,E5,1E,E6,1E,C9,1E,D8,1E,F5,1E,EE,1E,0D,1F,52,1F,A7,1F,D0,1F,D9,1F,E7,1F,F9,1F,EE,1F,03,20,54,20,4E,20,5E,20,94,20,97,20,9F,20,C5,20,FA,20,21,21,32,21,47,21,64,21,9D,21,F1,21,28,22,6E,22,C3,22,E8,22,10,23,50,23,B7,23,E7,23,1A,24,27,24,E0,23,AA,23,5F,23,43,23,3E,23,D3,23,C8,24,87,25,84,26,79,27,C2,28,42,2A,63,2B,13,2C,6F,2C,F1,2C,82,2D,FB,2D,37,2E,72,2E,E7,2E,FA,2E,05,2F,18,2F,35,2F,64,2F,4C,2F,9B,2F,14,30,5A,30,B8,30,4D,31,DE,31,7A,32,F7,32,34,33,E3,33,98,34,53,35,25,36,A8,36,C1,37,5A,39,9E,3A,DA,3B,E4,3C,11,3E,1B,40,76,42,76,44,EC,45,93,47,EB,49,EE,4C,D2,4F,E4,51,90,53,4D,7E

14:58:50
7E,12,00,00,12,7E

14:58:50
7E,12,00,00,12,7E

14:58:56
7E,14,00,01,01,16,7E

14:58:56
7E,12,00,00,12,7E

14:58:56
7E,14,00,01,01,16,7E

14:58:56
7E,12,00,00,12,7E

14:59:03
7E,12,00,00,12,7E

14:59:03
7E,12,00,00,12,7E

14:59:08
7E,14,00,01,01,16,7E

14:59:08
7E,14,00,01,01,16,7E

14:59:08
7E,14,00,01,01,16,7E

14:59:08
7E,12,00,00,12,7E

14:59:08
7E,14,00,01,01,16,7E

14:59:08
7E,12,00,00,12,7E

14:59:18
7E,16,01,E2,C3,44,D0,4A,F1,49,02,49,57,48,75,47,98,46,DC,45,34,45,CA,44,C0,43,E9,42,50,42,BB,41,2D,41,43,40,DF,3F,51,3F,89,3E,DC,3D,32,3D,D5,3C,0A,3C,84,3B,ED,3A,1A,3A,BB,39,EE,38,5C,38,9C,37,D0,36,44,36,8F,35,BB,34,9F,33,B1,32,BD,31,E5,30,FC,2F,D8,2E,24,2E,B3,2D,9E,2D,96,2D,7C,2D,95,2D,8C,2D,A8,2D,6C,2D,24,2D,05,2D,B8,2C,66,2C,10,2C,D3,2B,87,2B,28,2B,C5,2A,6D,2A,58,2A,13,2A,E7,29,E3,29,A4,29,79,29,53,29,48,29,1C,29,B7,28,AC,28,C3,28,79,28,88,28,A0,28,95,28,9B,28,42,28,DE,27,58,27,71,26,51,25,E0,23,24,22,1B,20,2B,1E,BA,1C,0B,1C,C7,1B,E6,1B,EA,1C,2B,1E,E0,1F,C2,21,4E,23,DA,24,06,26,05,27,86,27,C6,27,1F,28,07,28,F4,27,00,28,16,28,0F,28,D5,27,B3,27,A8,27,F0,27,13,28,12,28,53,28,75,28,6C,28,7A,28,9C,28,BB,28,B7,28,C6,28,DA,28,EC,28,FF,28,E4,28,DC,28,CE,28,DC,28,D3,28,EA,28,37,29,F6,28,F7,28,01,29,E8,28,D5,28,9A,28,95,28,80,28,89,28,79,28,6E,28,A6,28,98,28,8C,28,90,28,AE,28,13,29,3D,29,7D,29,84,29,B6,29,D3,29,95,29,DF,29,D8,29,DA,29,EC,29,E0,29,1A,2A,1A,2A,1A,2A,23,2A,47,2A,4C,2A,2F,2A,79,2A,8F,2A,A1,2A,C5,2A,A9,2A,DC,2A,F0,2A,D4,2A,F7,2A,10,2B,4B,2B,3F,2B,55,2B,9B,2B,F1,2B,21,2C,FC,2B,58,2C,C0,2C,03,2D,13,2D,43,2D,B7,2D,81,2D,46,2D,60,2D,2C,2D,46,2D,78,2D,C8,2D,34,2E,D2,2E,7F,2F,2F,30,38,31,C2,31,0A,32,7F,32,C2,32,1E,33,2A,33,19,33,0F,33,CB,32,BC,32,A6,32,A8,32,C2,32,E0,32,F7,32,51,33,C9,33,F5,33,5C,34,F3,34,8C,35,06,36,63,36,33,37,DD,37,50,38,38,39,F5,39,B9,3A,A8,3B,AD,3C,BE,3D,EC,3E,73,40,F5,41,9B,43,74,45,39,47,08,49,0F,4B,49,4D,86,4F,37,7E

14:59:18
7E,16,01,E0,34,40,69,46,DD,45,D7,44,BC,43,02,43,2B,42,7D,41,AD,40,A8,3F,E9,3E,2F,3E,91,3D,DC,3C,1E,3C,74,3B,CA,3A,35,3A,A2,39,E4,38,10,38,9D,37,28,37,91,36,F7,35,37,35,70,34,D1,33,45,33,9A,32,94,31,6D,30,8E,2F,A6,2E,87,2D,5F,2C,16,2B,3A,2A,C3,29,41,29,35,29,35,29,2B,29,0C,29,F1,28,D2,28,5D,28,0A,28,8D,27,43,27,DB,26,5E,26,26,26,BF,25,D0,25,9F,25,46,25,1A,25,D5,24,BE,24,8C,24,6A,24,45,24,22,24,09,24,E2,23,DD,23,82,23,7A,23,78,23,2D,23,17,23,CC,22,CE,22,CA,22,B0,22,C3,22,90,22,62,22,50,22,4A,22,3D,22,F0,21,A6,21,2D,21,A4,20,C8,1F,79,1E,E6,1C,D2,1A,04,19,6F,17,16,16,50,15,0B,15,AE,15,D9,16,1E,18,C3,19,CE,1B,74,1D,5C,1E,0F,1F,96,1F,FC,1F,04,20,BC,1F,BD,1F,AB,1F,70,1F,58,1F,2A,1F,21,1F,25,1F,4B,1F,9A,1F,AF,1F,D2,1F,11,20,38,20,4E,20,56,20,36,20,21,20,33,20,10,20,FB,1F,03,20,F8,1F,0D,20,03,20,17,20,2C,20,0B,20,20,20,36,20,05,20,E7,1F,F1,1F,CB,1F,A5,1F,62,1F,19,1F,28,1F,FF,1E,E9,1E,16,1F,14,1F,15,1F,37,1F,48,1F,66,1F,90,1F,9F,1F,BF,1F,D7,1F,F0,1F,15,20,3C,20,5E,20,6A,20,75,20,96,20,A8,20,B9,20,D8,20,E1,20,F8,20,2B,21,44,21,6E,21,B8,21,E0,21,26,22,5C,22,8A,22,F0,22,27,23,67,23,CE,23,E5,23,FF,23,10,24,BD,23,77,23,37,23,26,23,4D,23,BC,23,98,24,94,25,63,26,6A,27,0C,29,7C,2A,6C,2B,0F,2C,8C,2C,41,2D,C8,2D,01,2E,49,2E,75,2E,AB,2E,EE,2E,EB,2E,FD,2E,25,2F,44,2F,82,2F,BC,2F,FB,2F,47,30,BE,30,3C,31,E8,31,80,32,D6,32,37,33,A7,33,86,34,99,35,3B,36,D1,36,B5,37,20,39,C4,3A,DD,3B,E4,3C,61,3E,72,40,AA,42,84,44,FB,45,A0,47,1C,4A,17,4D,FD,4F,16,52,A9,53,AB,7E

14:59:46
7E,12,00,00,12,7E

14:59:46
7E,12,00,00,12,7E

14:59:47
7E,14,00,01,01,16,7E

14:59:47
7E,12,00,00,12,7E

14:59:47
7E,14,00,01,01,16,7E

14:59:47
7E,12,00,00,12,7E

15:00:27
7E,02,00,03,01,20,13,39,7E

15:00:35
7E,12,00,00,12,7E

15:00:35
7E,12,00,00,12,7E

15:00:41
7E,14,00,01,01,16,7E

15:00:41
7E,14,00,01,01,16,7E

15:00:41
7E,14,00,01,01,16,7E

15:00:41
7E,12,00,00,12,7E

15:00:41
7E,14,00,01,01,16,7E

15:00:41
7E,12,00,00,12,7E

15:00:50
7E,16,01,E0,67,43,9A,49,84,48,05,48,4A,47,65,46,BE,45,BB,44,1B,44,6F,43,B7,42,1B,42,75,41,13,41,47,40,8D,3F,D9,3E,34,3E,BD,3D,DE,3C,6E,3C,EE,3B,2B,3B,9F,3A,DB,39,53,39,D9,38,53,38,A5,37,BB,36,1E,36,6D,35,90,34,9B,33,71,32,52,31,2C,30,6C,2F,D4,2E,22,2E,E4,2D,B2,2D,BC,2D,BE,2D,9D,2D,99,2D,87,2D,92,2D,37,2D,D5,2C,98,2C,27,2C,F9,2B,AF,2B,6C,2B,10,2B,B8,2A,7D,2A,10,2A,23,2A,F3,29,C1,29,D3,29,70,29,34,29,FA,28,EB,28,D9,28,B0,28,C1,28,C4,28,D0,28,A3,28,91,28,82,28,4E,28,0D,28,2C,27,2C,26,BF,24,FB,22,48,21,68,1F,F4,1D,91,1C,C7,1B,A5,1B,17,1C,31,1D,97,1E,8D,20,4E,22,02,24,63,25,5C,26,4D,27,9C,27,F6,27,E7,27,D8,27,EE,27,AB,27,A5,27,B4,27,D7,27,B7,27,BD,27,D2,27,D6,27,09,28,08,28,4F,28,7C,28,8E,28,CC,28,C2,28,C2,28,C9,28,DB,28,CF,28,CB,28,C3,28,B9,28,F6,28,13,29,02,29,DF,28,04,29,F6,28,CA,28,DE,28,CF,28,A2,28,97,28,BE,28,6E,28,82,28,AE,28,42,28,44,28,76,28,AE,28,CD,28,07,29,13,29,1D,29,3A,29,4C,29,B1,29,B2,29,DB,29,D5,29,E4,29,17,2A,BB,29,E9,29,2C,2A,65,2A,36,2A,F4,29,0D,2A,2B,2A,7B,2A,87,2A,9A,2A,AE,2A,B9,2A,C2,2A,BB,2A,CD,2A,0A,2B,18,2B,0A,2B,58,2B,6A,2B,86,2B,C5,2B,CC,2B,0A,2C,6B,2C,AE,2C,FB,2C,43,2D,50,2D,8F,2D,69,2D,5E,2D,9F,2D,60,2D,5A,2D,53,2D,9F,2D,18,2E,8D,2E,5A,2F,2F,30,C7,30,30,31,ED,31,6A,32,B4,32,01,33,2E,33,2F,33,3B,33,31,33,16,33,E1,32,C9,32,E7,32,DE,32,1F,33,31,33,80,33,04,34,59,34,D0,34,53,35,E1,35,50,36,CA,36,45,37,0D,38,B6,38,5F,39,4D,3A,22,3B,33,3C,48,3D,60,3E,BF,3F,62,41,9D,42,0F,44,CE,45,D9,47,DC,49,DE,4B,0D,4E,38,50,0D,7E

15:00:51
7E,16,01,E0,5E,40,9F,46,0F,46,FC,44,FC,43,0A,43,4F,42,A7,41,EB,40,24,40,24,3F,7B,3E,F4,3D,25,3D,5D,3C,71,3B,D6,3A,78,3A,DA,39,2A,39,83,38,F8,37,5F,37,DD,36,2D,36,49,35,90,34,BC,33,49,33,9C,32,98,31,C7,30,B2,2F,F7,2E,0A,2E,A0,2C,7F,2B,8D,2A,E4,29,72,29,34,29,24,29,27,29,23,29,EC,28,D2,28,4C,28,D4,27,A0,27,14,27,ED,26,84,26,FF,25,C4,25,74,25,5D,25,17,25,DF,24,C2,24,98,24,6B,24,14,24,12,24,0C,24,EF,23,BE,23,6C,23,62,23,1A,23,F2,22,E4,22,C2,22,D0,22,9C,22,82,22,79,22,6E,22,4D,22,1D,22,1D,22,E8,21,D6,21,B0,21,92,21,33,21,67,20,F2,1F,C2,1E,F0,1C,F4,1A,0B,19,A5,17,41,16,1F,15,A7,14,34,15,25,16,58,17,32,19,26,1B,02,1D,03,1E,88,1E,44,1F,72,1F,61,1F,5E,1F,51,1F,21,1F,CB,1E,83,1E,85,1E,93,1E,84,1E,A6,1E,E3,1E,18,1F,18,1F,29,1F,45,1F,64,1F,7F,1F,A1,1F,B1,1F,6B,1F,67,1F,28,1F,1F,1F,61,1F,20,1F,1F,1F,2C,1F,2F,1F,16,1F,25,1F,40,1F,15,1F,0E,1F,F8,1E,06,1F,CD,1E,93,1E,70,1E,15,1E,0A,1E,F0,1D,F2,1D,09,1E,0F,1E,17,1E,45,1E,77,1E,8F,1E,E3,1E,E9,1E,03,1F,2D,1F,1E,1F,42,1F,58,1F,61,1F,8C,1F,AB,1F,AD,1F,DD,1F,D9,1F,EE,1F,29,20,3D,20,66,20,74,20,B0,20,0A,21,63,21,8C,21,D0,21,FF,21,1C,22,9C,22,C6,22,02,23,26,23,0D,23,FA,22,86,22,3B,22,4C,22,4E,22,9B,22,95,23,83,24,7B,25,7B,26,A8,27,44,29,6C,2A,EA,2A,85,2B,28,2C,93,2C,0F,2D,3C,2D,8A,2D,BE,2D,D4,2D,2F,2E,21,2E,07,2E,29,2E,69,2E,BE,2E,2A,2F,56,2F,9B,2F,22,30,A6,30,61,31,DF,31,38,32,CA,32,86,33,4E,34,1A,35,A9,35,8F,36,FB,37,80,39,DA,3A,CB,3B,01,3D,DD,3E,1E,41,23,43,C6,44,3F,46,68,48,78,4B,4D,4E,A3,50,C5,52,30,7E

15:01:07
7E,12,00,00,12,7E

15:01:07
7E,12,00,00,12,7E

15:01:13
7E,14,00,01,01,16,7E

15:01:13
7E,12,00,00,12,7E

15:01:13
7E,14,00,01,01,16,7E

15:01:13
7E,12,00,00,12,7E

15:02:07
7E,12,00,00,12,7E

15:02:07
7E,12,00,00,12,7E

15:02:11
7E,14,00,01,01,16,7E

15:02:11
7E,14,00,01,01,16,7E

15:02:11
7E,14,00,01,01,16,7E

15:02:11
7E,12,00,00,12,7E

15:02:11
7E,14,00,01,01,16,7E

15:02:11
7E,12,00,00,12,7E

15:02:21
7E,16,01,E2,A3,44,1D,4B,4D,4A,68,49,A7,48,E3,47,0B,47,18,46,67,45,A7,44,20,44,86,43,CF,42,23,42,66,41,D1,40,17,40,9B,3F,17,3F,48,3E,CE,3D,0A,3D,53,3C,F6,3B,4C,3B,C2,3A,17,3A,74,39,CE,38,2C,38,B3,37,13,37,66,36,67,35,87,34,71,33,41,32,6B,31,59,30,82,2F,AF,2E,30,2E,32,2E,D0,2D,D5,2D,15,2E,07,2E,FC,2D,C5,2D,90,2D,60,2D,34,2D,CC,2C,52,2C,17,2C,D0,2B,AD,2B,39,2B,E4,2A,C7,2A,64,2A,41,2A,14,2A,DE,29,A6,29,7B,29,61,29,2B,29,18,29,D9,28,AC,28,CA,28,DD,28,C6,28,C4,28,E9,28,89,28,0D,28,A8,27,D6,26,D6,25,79,24,E7,22,0D,21,37,1F,95,1D,4F,1C,FA,1B,D6,1B,5E,1C,A9,1D,44,1F,42,21,E2,22,5F,24,C8,25,B9,26,59,27,A9,27,DD,27,0A,28,00,28,D5,27,B0,27,B0,27,C1,27,CC,27,DE,27,FA,27,D1,27,CD,27,2C,28,6B,28,94,28,AB,28,B0,28,CC,28,12,29,F4,28,E1,28,33,29,2F,29,24,29,2B,29,20,29,6A,29,71,29,6C,29,66,29,70,29,43,29,F1,28,16,29,33,29,FE,28,B0,28,B2,28,91,28,91,28,AB,28,79,28,8F,28,93,28,A0,28,12,29,34,29,69,29,89,29,90,29,96,29,B7,29,DC,29,AE,29,D3,29,F6,29,01,2A,21,2A,2F,2A,50,2A,2F,2A,38,2A,6A,2A,44,2A,34,2A,65,2A,AB,2A,B0,2A,B0,2A,B4,2A,D3,2A,07,2B,FB,2A,25,2B,5A,2B,5B,2B,8B,2B,71,2B,7C,2B,E3,2B,0B,2C,36,2C,A1,2C,FE,2C,22,2D,5E,2D,5D,2D,7C,2D,A6,2D,AC,2D,9F,2D,61,2D,58,2D,7A,2D,A0,2D,21,2E,D7,2E,5E,2F,3F,30,FF,30,8D,31,22,32,80,32,0E,33,52,33,39,33,30,33,32,33,1B,33,F3,32,EA,32,F1,32,FD,32,02,33,1F,33,A0,33,E2,33,28,34,97,34,D1,34,90,35,02,36,5D,36,0C,37,89,37,36,38,FE,38,EA,39,92,3A,64,3B,71,3C,70,3D,C4,3E,2C,40,D9,41,45,43,D5,44,C3,46,77,48,79,4A,92,4C,BC,4E,DB,7E

15:02:21
7E,16,01,E2,7D,3F,ED,45,35,45,57,44,70,43,85,42,BF,41,1F,41,5B,40,77,3F,8F,3E,A2,3D,0F,3D,92,3C,E2,3B,21,3B,58,3A,9F,39,06,39,5F,38,C3,37,1E,37,7C,36,28,36,A2,35,D9,34,0D,34,43,33,8D,32,FA,31,34,31,44,30,58,2F,4E,2E,78,2D,A5,2C,56,2B,10,2A,3E,29,AA,28,4C,28,19,28,2A,28,54,28,43,28,27,28,EC,27,76,27,0B,27,D2,26,82,26,FC,25,7E,25,32,25,F6,24,CC,24,9A,24,59,24,12,24,FF,23,DF,23,8D,23,96,23,59,23,17,23,34,23,01,23,C5,22,B2,22,78,22,59,22,39,22,14,22,13,22,05,22,E2,21,DA,21,C4,21,A9,21,A5,21,73,21,6A,21,65,21,0B,21,B2,20,3A,20,8E,1F,A7,1E,3C,1D,37,1B,08,19,52,17,FA,15,03,15,5A,14,8B,14,6F,15,71,16,24,18,FD,19,D5,1B,56,1D,0D,1E,B8,1E,1F,1F,26,1F,14,1F,E8,1E,CE,1E,B8,1E,5D,1E,10,1E,30,1E,49,1E,55,1E,8F,1E,B2,1E,05,1F,43,1F,33,1F,65,1F,71,1F,6D,1F,70,1F,60,1F,62,1F,55,1F,2F,1F,2E,1F,58,1F,40,1F,3D,1F,5C,1F,64,1F,6E,1F,4C,1F,47,1F,56,1F,47,1F,49,1F,2B,1F,F9,1E,B2,1E,69,1E,58,1E,59,1E,41,1E,26,1E,4F,1E,66,1E,7D,1E,BF,1E,D8,1E,03,1F,24,1F,1B,1F,44,1F,51,1F,5D,1F,8F,1F,B3,1F,D1,1F,E8,1F,F5,1F,02,20,18,20,14,20,4D,20,85,20,B7,20,E5,20,1A,21,69,21,9C,21,AC,21,13,22,75,22,80,22,C6,22,FE,22,4D,23,9E,23,98,23,7B,23,57,23,21,23,D4,22,BD,22,12,23,A0,23,A0,24,8D,25,7F,26,BA,27,25,29,A6,2A,72,2B,03,2C,82,2C,DF,2C,6C,2D,DC,2D,0F,2E,47,2E,99,2E,B9,2E,E9,2E,05,2F,00,2F,40,2F,68,2F,A4,2F,EC,2F,3C,30,E5,30,76,31,14,32,94,32,EB,32,6C,33,1A,34,FC,34,C6,35,61,36,E6,36,10,38,BE,39,35,3B,79,3C,88,3D,F9,3E,40,41,74,43,22,45,89,46,61,48,3F,4B,3C,4E,A3,50,9E,52,8B,54,4D,7E

15:02:25
7E,12,00,00,12,7E

15:02:25
7E,12,00,00,12,7E

15:02:25
7E,14,00,01,01,16,7E

15:02:25
7E,12,00,00,12,7E

15:02:25
7E,14,00,01,01,16,7E

15:02:25
7E,12,00,00,12,7E

15:13:26
7E,02,00,03,01,20,13,39,7E

15:22:34
FE

15:26:53
FE

18:32:46
FE

18:33:08
7E,02,00,03,01,20,13,39,7E

18:33:14
7E,02,00,03,01,20,13,39,7E

18:33:14
7E,12,00,00,12,7E

18:33:16
7E,14,00,01,02,17,7E

18:33:16
7E,12,00,00,12,7E

