01:11:15
System.NullReferenceException: 未将对象引用设置到对象的实例。
   在 AIO.TestResultConserve.ResultConserve(String[,] Result, Boolean contrast, String ContrastValue) 位置 c:\Users\Administrator\Desktop\zhejaing\DY-3000(BX1)_标准版源码zhejiang\DYitj\src\TestResultConserve.cs:行号 313
   在 AIO.FgdReportWindow.Save() 位置 c:\Users\Administrator\Desktop\zhejaing\DY-3000(BX1)_标准版源码zhejiang\DYitj\xaml\Fenguangdu\FgdReportWindow.xaml.cs:行号 214
   在 AIO.FgdReportWindow.SaveAndUpload(Object sender, EventArgs e) 位置 c:\Users\Administrator\Desktop\zhejaing\DY-3000(BX1)_标准版源码zhejiang\DYitj\xaml\Fenguangdu\FgdReportWindow.xaml.cs:行号 188
   在 System.Windows.Threading.DispatcherTimer.FireTick(Object unused)
   在 System.Windows.Threading.ExceptionWrapper.InternalRealCall(Delegate callback, Object args, Int32 numArgs)
   在 System.Windows.Threading.ExceptionWrapper.TryCatchWhen(Object source, Delegate callback, Object args, Int32 numArgs, Delegate catchHandler)
   在 System.Windows.Threading.DispatcherOperation.InvokeImpl()
   在 System.Windows.Threading.DispatcherOperation.InvokeInSecurityContext(Object state)
   在 System.Threading.ExecutionContext.RunInternal(ExecutionContext executionContext, ContextCallback callback, Object state, Boolean preserveSyncCtx)
   在 System.Threading.ExecutionContext.Run(ExecutionContext executionContext, ContextCallback callback, Object state, Boolean preserveSyncCtx)
   在 System.Threading.ExecutionContext.Run(ExecutionContext executionContext, ContextCallback callback, Object state)
   在 MS.Internal.CulturePreservingExecutionContext.Run(CulturePreservingExecutionContext executionContext, ContextCallback callback, Object state)
   在 System.Windows.Threading.DispatcherOperation.Invoke()
   在 System.Windows.Threading.Dispatcher.ProcessQueue()
   在 System.Windows.Threading.Dispatcher.WndProcHook(IntPtr hwnd, Int32 msg, IntPtr wParam, IntPtr lParam, Boolean& handled)
   在 MS.Win32.HwndWrapper.WndProc(IntPtr hwnd, Int32 msg, IntPtr wParam, IntPtr lParam, Boolean& handled)
   在 MS.Win32.HwndSubclass.DispatcherCallbackOperation(Object o)
   在 System.Windows.Threading.ExceptionWrapper.InternalRealCall(Delegate callback, Object args, Int32 numArgs)
   在 System.Windows.Threading.ExceptionWrapper.TryCatchWhen(Object source, Delegate callback, Object args, Int32 numArgs, Delegate catchHandler)
   在 System.Windows.Threading.Dispatcher.LegacyInvokeImpl(DispatcherPriority priority, TimeSpan timeout, Delegate method, Object args, Int32 numArgs)
   在 MS.Win32.HwndSubclass.SubclassWndProc(IntPtr hwnd, Int32 msg, IntPtr wParam, IntPtr lParam)
   在 MS.Win32.UnsafeNativeMethods.DispatchMessage(MSG& msg)
   在 System.Windows.Threading.Dispatcher.PushFrameImpl(DispatcherFrame frame)
   在 System.Windows.Threading.Dispatcher.PushFrame(DispatcherFrame frame)
   在 System.Windows.Window.ShowHelper(Object booleanBox)
   在 System.Windows.Window.Show()
   在 System.Windows.Window.ShowDialog()
   在 AIO.FgdMeasureWindow.JumpToResult(Int32 resultType) 位置 c:\Users\Administrator\Desktop\zhejaing\DY-3000(BX1)_标准版源码zhejiang\DYitj\xaml\Fenguangdu\FgdMeasureWindow.xaml.cs:行号 1214

