09:23:14
System.NullReferenceException: 未将对象引用设置到对象的实例。
   在 AIO.FgdWindow.GenerateItemBriefLayout(DYFGDItemPara item, String name, Boolean FalseOrTrue) 位置 f:\Projects\SVN\DY-3000(BX1)\DYitj\xaml\Fenguangdu\FgdWindow.xaml.cs:行号 880

09:23:14
System.NullReferenceException: 未将对象引用设置到对象的实例。
   在 AIO.FgdWindow.GenerateItemBriefLayout(DYFGDItemPara item, String name, Boolean FalseOrTrue) 位置 f:\Projects\SVN\DY-3000(BX1)\DYitj\xaml\Fenguangdu\FgdWindow.xaml.cs:行号 880

09:23:14
System.NullReferenceException: 未将对象引用设置到对象的实例。
   在 AIO.FgdWindow.GenerateItemBriefLayout(DYFGDItemPara item, String name, Boolean FalseOrTrue) 位置 f:\Projects\SVN\DY-3000(BX1)\DYitj\xaml\Fenguangdu\FgdWindow.xaml.cs:行号 880

09:23:14
System.NullReferenceException: 未将对象引用设置到对象的实例。
   在 AIO.FgdWindow.GenerateItemBriefLayout(DYFGDItemPara item, String name, Boolean FalseOrTrue) 位置 f:\Projects\SVN\DY-3000(BX1)\DYitj\xaml\Fenguangdu\FgdWindow.xaml.cs:行号 880

09:23:14
System.NullReferenceException: 未将对象引用设置到对象的实例。
   在 AIO.FgdWindow.GenerateItemBriefLayout(DYFGDItemPara item, String name, Boolean FalseOrTrue) 位置 f:\Projects\SVN\DY-3000(BX1)\DYitj\xaml\Fenguangdu\FgdWindow.xaml.cs:行号 880

09:23:14
System.NullReferenceException: 未将对象引用设置到对象的实例。
   在 AIO.FgdWindow.GenerateItemBriefLayout(DYFGDItemPara item, String name, Boolean FalseOrTrue) 位置 f:\Projects\SVN\DY-3000(BX1)\DYitj\xaml\Fenguangdu\FgdWindow.xaml.cs:行号 880

09:23:14
System.NullReferenceException: 未将对象引用设置到对象的实例。
   在 AIO.FgdWindow.GenerateItemBriefLayout(DYFGDItemPara item, String name, Boolean FalseOrTrue) 位置 f:\Projects\SVN\DY-3000(BX1)\DYitj\xaml\Fenguangdu\FgdWindow.xaml.cs:行号 880

09:23:14
System.NullReferenceException: 未将对象引用设置到对象的实例。
   在 AIO.FgdWindow.GenerateItemBriefLayout(DYFGDItemPara item, String name, Boolean FalseOrTrue) 位置 f:\Projects\SVN\DY-3000(BX1)\DYitj\xaml\Fenguangdu\FgdWindow.xaml.cs:行号 880

09:23:14
System.NullReferenceException: 未将对象引用设置到对象的实例。
   在 AIO.FgdWindow.GenerateItemBriefLayout(DYFGDItemPara item, String name, Boolean FalseOrTrue) 位置 f:\Projects\SVN\DY-3000(BX1)\DYitj\xaml\Fenguangdu\FgdWindow.xaml.cs:行号 880

09:23:14
System.NullReferenceException: 未将对象引用设置到对象的实例。
   在 AIO.FgdWindow.GenerateItemBriefLayout(DYFGDItemPara item, String name, Boolean FalseOrTrue) 位置 f:\Projects\SVN\DY-3000(BX1)\DYitj\xaml\Fenguangdu\FgdWindow.xaml.cs:行号 880

09:23:14
System.NullReferenceException: 未将对象引用设置到对象的实例。
   在 AIO.FgdWindow.GenerateItemBriefLayout(DYFGDItemPara item, String name, Boolean FalseOrTrue) 位置 f:\Projects\SVN\DY-3000(BX1)\DYitj\xaml\Fenguangdu\FgdWindow.xaml.cs:行号 880

09:23:14
System.NullReferenceException: 未将对象引用设置到对象的实例。
   在 AIO.FgdWindow.GenerateItemBriefLayout(DYFGDItemPara item, String name, Boolean FalseOrTrue) 位置 f:\Projects\SVN\DY-3000(BX1)\DYitj\xaml\Fenguangdu\FgdWindow.xaml.cs:行号 880

09:23:14
System.NullReferenceException: 未将对象引用设置到对象的实例。
   在 AIO.FgdWindow.GenerateItemBriefLayout(DYFGDItemPara item, String name, Boolean FalseOrTrue) 位置 f:\Projects\SVN\DY-3000(BX1)\DYitj\xaml\Fenguangdu\FgdWindow.xaml.cs:行号 880

09:23:14
System.NullReferenceException: 未将对象引用设置到对象的实例。
   在 AIO.FgdWindow.GenerateItemBriefLayout(DYFGDItemPara item, String name, Boolean FalseOrTrue) 位置 f:\Projects\SVN\DY-3000(BX1)\DYitj\xaml\Fenguangdu\FgdWindow.xaml.cs:行号 880

09:23:14
System.NullReferenceException: 未将对象引用设置到对象的实例。
   在 AIO.FgdWindow.GenerateItemBriefLayout(DYFGDItemPara item, String name, Boolean FalseOrTrue) 位置 f:\Projects\SVN\DY-3000(BX1)\DYitj\xaml\Fenguangdu\FgdWindow.xaml.cs:行号 880

09:23:14
System.NullReferenceException: 未将对象引用设置到对象的实例。
   在 AIO.FgdWindow.GenerateItemBriefLayout(DYFGDItemPara item, String name, Boolean FalseOrTrue) 位置 f:\Projects\SVN\DY-3000(BX1)\DYitj\xaml\Fenguangdu\FgdWindow.xaml.cs:行号 880

09:23:14
System.NullReferenceException: 未将对象引用设置到对象的实例。
   在 AIO.FgdWindow.GenerateItemBriefLayout(DYFGDItemPara item, String name, Boolean FalseOrTrue) 位置 f:\Projects\SVN\DY-3000(BX1)\DYitj\xaml\Fenguangdu\FgdWindow.xaml.cs:行号 880

09:23:14
System.NullReferenceException: 未将对象引用设置到对象的实例。
   在 AIO.FgdWindow.GenerateItemBriefLayout(DYFGDItemPara item, String name, Boolean FalseOrTrue) 位置 f:\Projects\SVN\DY-3000(BX1)\DYitj\xaml\Fenguangdu\FgdWindow.xaml.cs:行号 880

09:23:14
System.NullReferenceException: 未将对象引用设置到对象的实例。
   在 AIO.FgdWindow.GenerateItemBriefLayout(DYFGDItemPara item, String name, Boolean FalseOrTrue) 位置 f:\Projects\SVN\DY-3000(BX1)\DYitj\xaml\Fenguangdu\FgdWindow.xaml.cs:行号 880

09:23:14
System.NullReferenceException: 未将对象引用设置到对象的实例。
   在 AIO.FgdWindow.GenerateItemBriefLayout(DYFGDItemPara item, String name, Boolean FalseOrTrue) 位置 f:\Projects\SVN\DY-3000(BX1)\DYitj\xaml\Fenguangdu\FgdWindow.xaml.cs:行号 880

09:23:14
System.NullReferenceException: 未将对象引用设置到对象的实例。
   在 AIO.FgdWindow.GenerateItemBriefLayout(DYFGDItemPara item, String name, Boolean FalseOrTrue) 位置 f:\Projects\SVN\DY-3000(BX1)\DYitj\xaml\Fenguangdu\FgdWindow.xaml.cs:行号 880

09:23:14
System.NullReferenceException: 未将对象引用设置到对象的实例。
   在 AIO.FgdWindow.GenerateItemBriefLayout(DYFGDItemPara item, String name, Boolean FalseOrTrue) 位置 f:\Projects\SVN\DY-3000(BX1)\DYitj\xaml\Fenguangdu\FgdWindow.xaml.cs:行号 880

09:23:14
System.NullReferenceException: 未将对象引用设置到对象的实例。
   在 AIO.FgdWindow.GenerateItemBriefLayout(DYFGDItemPara item, String name, Boolean FalseOrTrue) 位置 f:\Projects\SVN\DY-3000(BX1)\DYitj\xaml\Fenguangdu\FgdWindow.xaml.cs:行号 880

09:23:14
System.NullReferenceException: 未将对象引用设置到对象的实例。
   在 AIO.FgdWindow.GenerateItemBriefLayout(DYFGDItemPara item, String name, Boolean FalseOrTrue) 位置 f:\Projects\SVN\DY-3000(BX1)\DYitj\xaml\Fenguangdu\FgdWindow.xaml.cs:行号 880

09:23:14
System.NullReferenceException: 未将对象引用设置到对象的实例。
   在 AIO.FgdWindow.GenerateItemBriefLayout(DYFGDItemPara item, String name, Boolean FalseOrTrue) 位置 f:\Projects\SVN\DY-3000(BX1)\DYitj\xaml\Fenguangdu\FgdWindow.xaml.cs:行号 880

09:23:14
System.NullReferenceException: 未将对象引用设置到对象的实例。
   在 AIO.FgdWindow.GenerateItemBriefLayout(DYFGDItemPara item, String name, Boolean FalseOrTrue) 位置 f:\Projects\SVN\DY-3000(BX1)\DYitj\xaml\Fenguangdu\FgdWindow.xaml.cs:行号 880

09:23:15
System.NullReferenceException: 未将对象引用设置到对象的实例。
   在 AIO.FgdWindow.GenerateItemBriefLayout(DYFGDItemPara item, String name, Boolean FalseOrTrue) 位置 f:\Projects\SVN\DY-3000(BX1)\DYitj\xaml\Fenguangdu\FgdWindow.xaml.cs:行号 880

09:23:15
System.NullReferenceException: 未将对象引用设置到对象的实例。
   在 AIO.FgdWindow.GenerateItemBriefLayout(DYFGDItemPara item, String name, Boolean FalseOrTrue) 位置 f:\Projects\SVN\DY-3000(BX1)\DYitj\xaml\Fenguangdu\FgdWindow.xaml.cs:行号 880

09:23:15
System.NullReferenceException: 未将对象引用设置到对象的实例。
   在 AIO.FgdWindow.GenerateItemBriefLayout(DYFGDItemPara item, String name, Boolean FalseOrTrue) 位置 f:\Projects\SVN\DY-3000(BX1)\DYitj\xaml\Fenguangdu\FgdWindow.xaml.cs:行号 880

09:23:15
System.NullReferenceException: 未将对象引用设置到对象的实例。
   在 AIO.FgdWindow.GenerateItemBriefLayout(DYFGDItemPara item, String name, Boolean FalseOrTrue) 位置 f:\Projects\SVN\DY-3000(BX1)\DYitj\xaml\Fenguangdu\FgdWindow.xaml.cs:行号 880

09:23:15
System.NullReferenceException: 未将对象引用设置到对象的实例。
   在 AIO.FgdWindow.GenerateItemBriefLayout(DYFGDItemPara item, String name, Boolean FalseOrTrue) 位置 f:\Projects\SVN\DY-3000(BX1)\DYitj\xaml\Fenguangdu\FgdWindow.xaml.cs:行号 880

09:23:15
System.NullReferenceException: 未将对象引用设置到对象的实例。
   在 AIO.FgdWindow.GenerateItemBriefLayout(DYFGDItemPara item, String name, Boolean FalseOrTrue) 位置 f:\Projects\SVN\DY-3000(BX1)\DYitj\xaml\Fenguangdu\FgdWindow.xaml.cs:行号 880

09:23:15
System.NullReferenceException: 未将对象引用设置到对象的实例。
   在 AIO.FgdWindow.GenerateItemBriefLayout(DYFGDItemPara item, String name, Boolean FalseOrTrue) 位置 f:\Projects\SVN\DY-3000(BX1)\DYitj\xaml\Fenguangdu\FgdWindow.xaml.cs:行号 880

09:23:15
System.NullReferenceException: 未将对象引用设置到对象的实例。
   在 AIO.FgdWindow.GenerateItemBriefLayout(DYFGDItemPara item, String name, Boolean FalseOrTrue) 位置 f:\Projects\SVN\DY-3000(BX1)\DYitj\xaml\Fenguangdu\FgdWindow.xaml.cs:行号 880

09:23:15
System.NullReferenceException: 未将对象引用设置到对象的实例。
   在 AIO.FgdWindow.GenerateItemBriefLayout(DYFGDItemPara item, String name, Boolean FalseOrTrue) 位置 f:\Projects\SVN\DY-3000(BX1)\DYitj\xaml\Fenguangdu\FgdWindow.xaml.cs:行号 880

09:23:15
System.NullReferenceException: 未将对象引用设置到对象的实例。
   在 AIO.FgdWindow.GenerateItemBriefLayout(DYFGDItemPara item, String name, Boolean FalseOrTrue) 位置 f:\Projects\SVN\DY-3000(BX1)\DYitj\xaml\Fenguangdu\FgdWindow.xaml.cs:行号 880

09:23:15
System.NullReferenceException: 未将对象引用设置到对象的实例。
   在 AIO.FgdWindow.GenerateItemBriefLayout(DYFGDItemPara item, String name, Boolean FalseOrTrue) 位置 f:\Projects\SVN\DY-3000(BX1)\DYitj\xaml\Fenguangdu\FgdWindow.xaml.cs:行号 880

09:23:15
System.NullReferenceException: 未将对象引用设置到对象的实例。
   在 AIO.FgdWindow.GenerateItemBriefLayout(DYFGDItemPara item, String name, Boolean FalseOrTrue) 位置 f:\Projects\SVN\DY-3000(BX1)\DYitj\xaml\Fenguangdu\FgdWindow.xaml.cs:行号 880

09:23:15
System.NullReferenceException: 未将对象引用设置到对象的实例。
   在 AIO.FgdWindow.GenerateItemBriefLayout(DYFGDItemPara item, String name, Boolean FalseOrTrue) 位置 f:\Projects\SVN\DY-3000(BX1)\DYitj\xaml\Fenguangdu\FgdWindow.xaml.cs:行号 880

09:23:15
System.NullReferenceException: 未将对象引用设置到对象的实例。
   在 AIO.FgdWindow.GenerateItemBriefLayout(DYFGDItemPara item, String name, Boolean FalseOrTrue) 位置 f:\Projects\SVN\DY-3000(BX1)\DYitj\xaml\Fenguangdu\FgdWindow.xaml.cs:行号 880

09:23:15
System.NullReferenceException: 未将对象引用设置到对象的实例。
   在 AIO.FgdWindow.GenerateItemBriefLayout(DYFGDItemPara item, String name, Boolean FalseOrTrue) 位置 f:\Projects\SVN\DY-3000(BX1)\DYitj\xaml\Fenguangdu\FgdWindow.xaml.cs:行号 880

09:23:15
System.NullReferenceException: 未将对象引用设置到对象的实例。
   在 AIO.FgdWindow.GenerateItemBriefLayout(DYFGDItemPara item, String name, Boolean FalseOrTrue) 位置 f:\Projects\SVN\DY-3000(BX1)\DYitj\xaml\Fenguangdu\FgdWindow.xaml.cs:行号 880

09:23:15
System.NullReferenceException: 未将对象引用设置到对象的实例。
   在 AIO.FgdWindow.GenerateItemBriefLayout(DYFGDItemPara item, String name, Boolean FalseOrTrue) 位置 f:\Projects\SVN\DY-3000(BX1)\DYitj\xaml\Fenguangdu\FgdWindow.xaml.cs:行号 880

09:23:15
System.NullReferenceException: 未将对象引用设置到对象的实例。
   在 AIO.FgdWindow.GenerateItemBriefLayout(DYFGDItemPara item, String name, Boolean FalseOrTrue) 位置 f:\Projects\SVN\DY-3000(BX1)\DYitj\xaml\Fenguangdu\FgdWindow.xaml.cs:行号 880

09:23:15
System.NullReferenceException: 未将对象引用设置到对象的实例。
   在 AIO.FgdWindow.GenerateItemBriefLayout(DYFGDItemPara item, String name, Boolean FalseOrTrue) 位置 f:\Projects\SVN\DY-3000(BX1)\DYitj\xaml\Fenguangdu\FgdWindow.xaml.cs:行号 880

09:23:15
System.NullReferenceException: 未将对象引用设置到对象的实例。
   在 AIO.FgdWindow.GenerateItemBriefLayout(DYFGDItemPara item, String name, Boolean FalseOrTrue) 位置 f:\Projects\SVN\DY-3000(BX1)\DYitj\xaml\Fenguangdu\FgdWindow.xaml.cs:行号 880

09:23:15
System.NullReferenceException: 未将对象引用设置到对象的实例。
   在 AIO.FgdWindow.GenerateItemBriefLayout(DYFGDItemPara item, String name, Boolean FalseOrTrue) 位置 f:\Projects\SVN\DY-3000(BX1)\DYitj\xaml\Fenguangdu\FgdWindow.xaml.cs:行号 880

09:23:15
System.NullReferenceException: 未将对象引用设置到对象的实例。
   在 AIO.FgdWindow.GenerateItemBriefLayout(DYFGDItemPara item, String name, Boolean FalseOrTrue) 位置 f:\Projects\SVN\DY-3000(BX1)\DYitj\xaml\Fenguangdu\FgdWindow.xaml.cs:行号 880

09:23:15
System.NullReferenceException: 未将对象引用设置到对象的实例。
   在 AIO.FgdWindow.GenerateItemBriefLayout(DYFGDItemPara item, String name, Boolean FalseOrTrue) 位置 f:\Projects\SVN\DY-3000(BX1)\DYitj\xaml\Fenguangdu\FgdWindow.xaml.cs:行号 880

09:23:15
System.NullReferenceException: 未将对象引用设置到对象的实例。
   在 AIO.FgdWindow.GenerateItemBriefLayout(DYFGDItemPara item, String name, Boolean FalseOrTrue) 位置 f:\Projects\SVN\DY-3000(BX1)\DYitj\xaml\Fenguangdu\FgdWindow.xaml.cs:行号 880

09:23:15
System.NullReferenceException: 未将对象引用设置到对象的实例。
   在 AIO.FgdWindow.GenerateItemBriefLayout(DYFGDItemPara item, String name, Boolean FalseOrTrue) 位置 f:\Projects\SVN\DY-3000(BX1)\DYitj\xaml\Fenguangdu\FgdWindow.xaml.cs:行号 880

09:23:15
System.NullReferenceException: 未将对象引用设置到对象的实例。
   在 AIO.FgdWindow.GenerateItemBriefLayout(DYFGDItemPara item, String name, Boolean FalseOrTrue) 位置 f:\Projects\SVN\DY-3000(BX1)\DYitj\xaml\Fenguangdu\FgdWindow.xaml.cs:行号 880

09:23:15
System.NullReferenceException: 未将对象引用设置到对象的实例。
   在 AIO.FgdWindow.GenerateItemBriefLayout(DYFGDItemPara item, String name, Boolean FalseOrTrue) 位置 f:\Projects\SVN\DY-3000(BX1)\DYitj\xaml\Fenguangdu\FgdWindow.xaml.cs:行号 880

09:23:50
System.NullReferenceException: 未将对象引用设置到对象的实例。
   在 AIO.FgdWindow.GenerateItemBriefLayout(DYFGDItemPara item, String name, Boolean FalseOrTrue) 位置 f:\Projects\SVN\DY-3000(BX1)\DYitj\xaml\Fenguangdu\FgdWindow.xaml.cs:行号 880

09:23:50
System.NullReferenceException: 未将对象引用设置到对象的实例。
   在 AIO.FgdWindow.GenerateItemBriefLayout(DYFGDItemPara item, String name, Boolean FalseOrTrue) 位置 f:\Projects\SVN\DY-3000(BX1)\DYitj\xaml\Fenguangdu\FgdWindow.xaml.cs:行号 880

09:23:50
System.NullReferenceException: 未将对象引用设置到对象的实例。
   在 AIO.FgdWindow.GenerateItemBriefLayout(DYFGDItemPara item, String name, Boolean FalseOrTrue) 位置 f:\Projects\SVN\DY-3000(BX1)\DYitj\xaml\Fenguangdu\FgdWindow.xaml.cs:行号 880

09:23:50
System.NullReferenceException: 未将对象引用设置到对象的实例。
   在 AIO.FgdWindow.GenerateItemBriefLayout(DYFGDItemPara item, String name, Boolean FalseOrTrue) 位置 f:\Projects\SVN\DY-3000(BX1)\DYitj\xaml\Fenguangdu\FgdWindow.xaml.cs:行号 880

09:23:50
System.NullReferenceException: 未将对象引用设置到对象的实例。
   在 AIO.FgdWindow.GenerateItemBriefLayout(DYFGDItemPara item, String name, Boolean FalseOrTrue) 位置 f:\Projects\SVN\DY-3000(BX1)\DYitj\xaml\Fenguangdu\FgdWindow.xaml.cs:行号 880

09:23:50
System.NullReferenceException: 未将对象引用设置到对象的实例。
   在 AIO.FgdWindow.GenerateItemBriefLayout(DYFGDItemPara item, String name, Boolean FalseOrTrue) 位置 f:\Projects\SVN\DY-3000(BX1)\DYitj\xaml\Fenguangdu\FgdWindow.xaml.cs:行号 880

09:23:50
System.NullReferenceException: 未将对象引用设置到对象的实例。
   在 AIO.FgdWindow.GenerateItemBriefLayout(DYFGDItemPara item, String name, Boolean FalseOrTrue) 位置 f:\Projects\SVN\DY-3000(BX1)\DYitj\xaml\Fenguangdu\FgdWindow.xaml.cs:行号 880

09:23:50
System.NullReferenceException: 未将对象引用设置到对象的实例。
   在 AIO.FgdWindow.GenerateItemBriefLayout(DYFGDItemPara item, String name, Boolean FalseOrTrue) 位置 f:\Projects\SVN\DY-3000(BX1)\DYitj\xaml\Fenguangdu\FgdWindow.xaml.cs:行号 880

09:23:50
System.NullReferenceException: 未将对象引用设置到对象的实例。
   在 AIO.FgdWindow.GenerateItemBriefLayout(DYFGDItemPara item, String name, Boolean FalseOrTrue) 位置 f:\Projects\SVN\DY-3000(BX1)\DYitj\xaml\Fenguangdu\FgdWindow.xaml.cs:行号 880

09:23:50
System.NullReferenceException: 未将对象引用设置到对象的实例。
   在 AIO.FgdWindow.GenerateItemBriefLayout(DYFGDItemPara item, String name, Boolean FalseOrTrue) 位置 f:\Projects\SVN\DY-3000(BX1)\DYitj\xaml\Fenguangdu\FgdWindow.xaml.cs:行号 880

09:23:50
System.NullReferenceException: 未将对象引用设置到对象的实例。
   在 AIO.FgdWindow.GenerateItemBriefLayout(DYFGDItemPara item, String name, Boolean FalseOrTrue) 位置 f:\Projects\SVN\DY-3000(BX1)\DYitj\xaml\Fenguangdu\FgdWindow.xaml.cs:行号 880

09:23:50
System.NullReferenceException: 未将对象引用设置到对象的实例。
   在 AIO.FgdWindow.GenerateItemBriefLayout(DYFGDItemPara item, String name, Boolean FalseOrTrue) 位置 f:\Projects\SVN\DY-3000(BX1)\DYitj\xaml\Fenguangdu\FgdWindow.xaml.cs:行号 880

09:23:50
System.NullReferenceException: 未将对象引用设置到对象的实例。
   在 AIO.FgdWindow.GenerateItemBriefLayout(DYFGDItemPara item, String name, Boolean FalseOrTrue) 位置 f:\Projects\SVN\DY-3000(BX1)\DYitj\xaml\Fenguangdu\FgdWindow.xaml.cs:行号 880

09:23:50
System.NullReferenceException: 未将对象引用设置到对象的实例。
   在 AIO.FgdWindow.GenerateItemBriefLayout(DYFGDItemPara item, String name, Boolean FalseOrTrue) 位置 f:\Projects\SVN\DY-3000(BX1)\DYitj\xaml\Fenguangdu\FgdWindow.xaml.cs:行号 880

09:23:50
System.NullReferenceException: 未将对象引用设置到对象的实例。
   在 AIO.FgdWindow.GenerateItemBriefLayout(DYFGDItemPara item, String name, Boolean FalseOrTrue) 位置 f:\Projects\SVN\DY-3000(BX1)\DYitj\xaml\Fenguangdu\FgdWindow.xaml.cs:行号 880

09:23:51
System.NullReferenceException: 未将对象引用设置到对象的实例。
   在 AIO.FgdWindow.GenerateItemBriefLayout(DYFGDItemPara item, String name, Boolean FalseOrTrue) 位置 f:\Projects\SVN\DY-3000(BX1)\DYitj\xaml\Fenguangdu\FgdWindow.xaml.cs:行号 880

09:23:51
System.NullReferenceException: 未将对象引用设置到对象的实例。
   在 AIO.FgdWindow.GenerateItemBriefLayout(DYFGDItemPara item, String name, Boolean FalseOrTrue) 位置 f:\Projects\SVN\DY-3000(BX1)\DYitj\xaml\Fenguangdu\FgdWindow.xaml.cs:行号 880

09:23:51
System.NullReferenceException: 未将对象引用设置到对象的实例。
   在 AIO.FgdWindow.GenerateItemBriefLayout(DYFGDItemPara item, String name, Boolean FalseOrTrue) 位置 f:\Projects\SVN\DY-3000(BX1)\DYitj\xaml\Fenguangdu\FgdWindow.xaml.cs:行号 880

09:23:51
System.NullReferenceException: 未将对象引用设置到对象的实例。
   在 AIO.FgdWindow.GenerateItemBriefLayout(DYFGDItemPara item, String name, Boolean FalseOrTrue) 位置 f:\Projects\SVN\DY-3000(BX1)\DYitj\xaml\Fenguangdu\FgdWindow.xaml.cs:行号 880

09:23:51
System.NullReferenceException: 未将对象引用设置到对象的实例。
   在 AIO.FgdWindow.GenerateItemBriefLayout(DYFGDItemPara item, String name, Boolean FalseOrTrue) 位置 f:\Projects\SVN\DY-3000(BX1)\DYitj\xaml\Fenguangdu\FgdWindow.xaml.cs:行号 880

09:23:51
System.NullReferenceException: 未将对象引用设置到对象的实例。
   在 AIO.FgdWindow.GenerateItemBriefLayout(DYFGDItemPara item, String name, Boolean FalseOrTrue) 位置 f:\Projects\SVN\DY-3000(BX1)\DYitj\xaml\Fenguangdu\FgdWindow.xaml.cs:行号 880

09:23:51
System.NullReferenceException: 未将对象引用设置到对象的实例。
   在 AIO.FgdWindow.GenerateItemBriefLayout(DYFGDItemPara item, String name, Boolean FalseOrTrue) 位置 f:\Projects\SVN\DY-3000(BX1)\DYitj\xaml\Fenguangdu\FgdWindow.xaml.cs:行号 880

09:23:51
System.NullReferenceException: 未将对象引用设置到对象的实例。
   在 AIO.FgdWindow.GenerateItemBriefLayout(DYFGDItemPara item, String name, Boolean FalseOrTrue) 位置 f:\Projects\SVN\DY-3000(BX1)\DYitj\xaml\Fenguangdu\FgdWindow.xaml.cs:行号 880

09:23:51
System.NullReferenceException: 未将对象引用设置到对象的实例。
   在 AIO.FgdWindow.GenerateItemBriefLayout(DYFGDItemPara item, String name, Boolean FalseOrTrue) 位置 f:\Projects\SVN\DY-3000(BX1)\DYitj\xaml\Fenguangdu\FgdWindow.xaml.cs:行号 880

09:23:51
System.NullReferenceException: 未将对象引用设置到对象的实例。
   在 AIO.FgdWindow.GenerateItemBriefLayout(DYFGDItemPara item, String name, Boolean FalseOrTrue) 位置 f:\Projects\SVN\DY-3000(BX1)\DYitj\xaml\Fenguangdu\FgdWindow.xaml.cs:行号 880

09:23:51
System.NullReferenceException: 未将对象引用设置到对象的实例。
   在 AIO.FgdWindow.GenerateItemBriefLayout(DYFGDItemPara item, String name, Boolean FalseOrTrue) 位置 f:\Projects\SVN\DY-3000(BX1)\DYitj\xaml\Fenguangdu\FgdWindow.xaml.cs:行号 880

09:23:51
System.NullReferenceException: 未将对象引用设置到对象的实例。
   在 AIO.FgdWindow.GenerateItemBriefLayout(DYFGDItemPara item, String name, Boolean FalseOrTrue) 位置 f:\Projects\SVN\DY-3000(BX1)\DYitj\xaml\Fenguangdu\FgdWindow.xaml.cs:行号 880

09:23:51
System.NullReferenceException: 未将对象引用设置到对象的实例。
   在 AIO.FgdWindow.GenerateItemBriefLayout(DYFGDItemPara item, String name, Boolean FalseOrTrue) 位置 f:\Projects\SVN\DY-3000(BX1)\DYitj\xaml\Fenguangdu\FgdWindow.xaml.cs:行号 880

09:23:51
System.NullReferenceException: 未将对象引用设置到对象的实例。
   在 AIO.FgdWindow.GenerateItemBriefLayout(DYFGDItemPara item, String name, Boolean FalseOrTrue) 位置 f:\Projects\SVN\DY-3000(BX1)\DYitj\xaml\Fenguangdu\FgdWindow.xaml.cs:行号 880

09:23:51
System.NullReferenceException: 未将对象引用设置到对象的实例。
   在 AIO.FgdWindow.GenerateItemBriefLayout(DYFGDItemPara item, String name, Boolean FalseOrTrue) 位置 f:\Projects\SVN\DY-3000(BX1)\DYitj\xaml\Fenguangdu\FgdWindow.xaml.cs:行号 880

09:23:51
System.NullReferenceException: 未将对象引用设置到对象的实例。
   在 AIO.FgdWindow.GenerateItemBriefLayout(DYFGDItemPara item, String name, Boolean FalseOrTrue) 位置 f:\Projects\SVN\DY-3000(BX1)\DYitj\xaml\Fenguangdu\FgdWindow.xaml.cs:行号 880

09:23:51
System.NullReferenceException: 未将对象引用设置到对象的实例。
   在 AIO.FgdWindow.GenerateItemBriefLayout(DYFGDItemPara item, String name, Boolean FalseOrTrue) 位置 f:\Projects\SVN\DY-3000(BX1)\DYitj\xaml\Fenguangdu\FgdWindow.xaml.cs:行号 880

09:23:51
System.NullReferenceException: 未将对象引用设置到对象的实例。
   在 AIO.FgdWindow.GenerateItemBriefLayout(DYFGDItemPara item, String name, Boolean FalseOrTrue) 位置 f:\Projects\SVN\DY-3000(BX1)\DYitj\xaml\Fenguangdu\FgdWindow.xaml.cs:行号 880

09:23:51
System.NullReferenceException: 未将对象引用设置到对象的实例。
   在 AIO.FgdWindow.GenerateItemBriefLayout(DYFGDItemPara item, String name, Boolean FalseOrTrue) 位置 f:\Projects\SVN\DY-3000(BX1)\DYitj\xaml\Fenguangdu\FgdWindow.xaml.cs:行号 880

09:23:51
System.NullReferenceException: 未将对象引用设置到对象的实例。
   在 AIO.FgdWindow.GenerateItemBriefLayout(DYFGDItemPara item, String name, Boolean FalseOrTrue) 位置 f:\Projects\SVN\DY-3000(BX1)\DYitj\xaml\Fenguangdu\FgdWindow.xaml.cs:行号 880

09:23:51
System.NullReferenceException: 未将对象引用设置到对象的实例。
   在 AIO.FgdWindow.GenerateItemBriefLayout(DYFGDItemPara item, String name, Boolean FalseOrTrue) 位置 f:\Projects\SVN\DY-3000(BX1)\DYitj\xaml\Fenguangdu\FgdWindow.xaml.cs:行号 880

09:23:51
System.NullReferenceException: 未将对象引用设置到对象的实例。
   在 AIO.FgdWindow.GenerateItemBriefLayout(DYFGDItemPara item, String name, Boolean FalseOrTrue) 位置 f:\Projects\SVN\DY-3000(BX1)\DYitj\xaml\Fenguangdu\FgdWindow.xaml.cs:行号 880

09:23:51
System.NullReferenceException: 未将对象引用设置到对象的实例。
   在 AIO.FgdWindow.GenerateItemBriefLayout(DYFGDItemPara item, String name, Boolean FalseOrTrue) 位置 f:\Projects\SVN\DY-3000(BX1)\DYitj\xaml\Fenguangdu\FgdWindow.xaml.cs:行号 880

09:23:51
System.NullReferenceException: 未将对象引用设置到对象的实例。
   在 AIO.FgdWindow.GenerateItemBriefLayout(DYFGDItemPara item, String name, Boolean FalseOrTrue) 位置 f:\Projects\SVN\DY-3000(BX1)\DYitj\xaml\Fenguangdu\FgdWindow.xaml.cs:行号 880

09:23:51
System.NullReferenceException: 未将对象引用设置到对象的实例。
   在 AIO.FgdWindow.GenerateItemBriefLayout(DYFGDItemPara item, String name, Boolean FalseOrTrue) 位置 f:\Projects\SVN\DY-3000(BX1)\DYitj\xaml\Fenguangdu\FgdWindow.xaml.cs:行号 880

09:23:51
System.NullReferenceException: 未将对象引用设置到对象的实例。
   在 AIO.FgdWindow.GenerateItemBriefLayout(DYFGDItemPara item, String name, Boolean FalseOrTrue) 位置 f:\Projects\SVN\DY-3000(BX1)\DYitj\xaml\Fenguangdu\FgdWindow.xaml.cs:行号 880

09:23:51
System.NullReferenceException: 未将对象引用设置到对象的实例。
   在 AIO.FgdWindow.GenerateItemBriefLayout(DYFGDItemPara item, String name, Boolean FalseOrTrue) 位置 f:\Projects\SVN\DY-3000(BX1)\DYitj\xaml\Fenguangdu\FgdWindow.xaml.cs:行号 880

09:23:51
System.NullReferenceException: 未将对象引用设置到对象的实例。
   在 AIO.FgdWindow.GenerateItemBriefLayout(DYFGDItemPara item, String name, Boolean FalseOrTrue) 位置 f:\Projects\SVN\DY-3000(BX1)\DYitj\xaml\Fenguangdu\FgdWindow.xaml.cs:行号 880

09:23:51
System.NullReferenceException: 未将对象引用设置到对象的实例。
   在 AIO.FgdWindow.GenerateItemBriefLayout(DYFGDItemPara item, String name, Boolean FalseOrTrue) 位置 f:\Projects\SVN\DY-3000(BX1)\DYitj\xaml\Fenguangdu\FgdWindow.xaml.cs:行号 880

09:23:51
System.NullReferenceException: 未将对象引用设置到对象的实例。
   在 AIO.FgdWindow.GenerateItemBriefLayout(DYFGDItemPara item, String name, Boolean FalseOrTrue) 位置 f:\Projects\SVN\DY-3000(BX1)\DYitj\xaml\Fenguangdu\FgdWindow.xaml.cs:行号 880

09:23:51
System.NullReferenceException: 未将对象引用设置到对象的实例。
   在 AIO.FgdWindow.GenerateItemBriefLayout(DYFGDItemPara item, String name, Boolean FalseOrTrue) 位置 f:\Projects\SVN\DY-3000(BX1)\DYitj\xaml\Fenguangdu\FgdWindow.xaml.cs:行号 880

09:23:51
System.NullReferenceException: 未将对象引用设置到对象的实例。
   在 AIO.FgdWindow.GenerateItemBriefLayout(DYFGDItemPara item, String name, Boolean FalseOrTrue) 位置 f:\Projects\SVN\DY-3000(BX1)\DYitj\xaml\Fenguangdu\FgdWindow.xaml.cs:行号 880

09:23:51
System.NullReferenceException: 未将对象引用设置到对象的实例。
   在 AIO.FgdWindow.GenerateItemBriefLayout(DYFGDItemPara item, String name, Boolean FalseOrTrue) 位置 f:\Projects\SVN\DY-3000(BX1)\DYitj\xaml\Fenguangdu\FgdWindow.xaml.cs:行号 880

09:23:51
System.NullReferenceException: 未将对象引用设置到对象的实例。
   在 AIO.FgdWindow.GenerateItemBriefLayout(DYFGDItemPara item, String name, Boolean FalseOrTrue) 位置 f:\Projects\SVN\DY-3000(BX1)\DYitj\xaml\Fenguangdu\FgdWindow.xaml.cs:行号 880

09:23:51
System.NullReferenceException: 未将对象引用设置到对象的实例。
   在 AIO.FgdWindow.GenerateItemBriefLayout(DYFGDItemPara item, String name, Boolean FalseOrTrue) 位置 f:\Projects\SVN\DY-3000(BX1)\DYitj\xaml\Fenguangdu\FgdWindow.xaml.cs:行号 880

09:23:51
System.NullReferenceException: 未将对象引用设置到对象的实例。
   在 AIO.FgdWindow.GenerateItemBriefLayout(DYFGDItemPara item, String name, Boolean FalseOrTrue) 位置 f:\Projects\SVN\DY-3000(BX1)\DYitj\xaml\Fenguangdu\FgdWindow.xaml.cs:行号 880

09:23:51
System.NullReferenceException: 未将对象引用设置到对象的实例。
   在 AIO.FgdWindow.GenerateItemBriefLayout(DYFGDItemPara item, String name, Boolean FalseOrTrue) 位置 f:\Projects\SVN\DY-3000(BX1)\DYitj\xaml\Fenguangdu\FgdWindow.xaml.cs:行号 880

09:23:52
System.NullReferenceException: 未将对象引用设置到对象的实例。
   在 AIO.FgdWindow.GenerateItemBriefLayout(DYFGDItemPara item, String name, Boolean FalseOrTrue) 位置 f:\Projects\SVN\DY-3000(BX1)\DYitj\xaml\Fenguangdu\FgdWindow.xaml.cs:行号 880

09:26:16
System.NullReferenceException: 未将对象引用设置到对象的实例。
   在 AIO.FgdWindow.GenerateItemBriefLayout(DYFGDItemPara item, String name, Boolean FalseOrTrue) 位置 f:\Projects\SVN\DY-3000(BX1)\DYitj\xaml\Fenguangdu\FgdWindow.xaml.cs:行号 889
   在 AIO.FgdWindow.ShowAllItems(List`1 items) 位置 f:\Projects\SVN\DY-3000(BX1)\DYitj\xaml\Fenguangdu\FgdWindow.xaml.cs:行号 324

09:28:13
System.NullReferenceException: 未将对象引用设置到对象的实例。
   在 AIO.FgdWindow.GenerateItemBriefLayout(DYFGDItemPara item, String name, Boolean FalseOrTrue) 位置 f:\Projects\SVN\DY-3000(BX1)\DYitj\xaml\Fenguangdu\FgdWindow.xaml.cs:行号 889
   在 AIO.FgdWindow.ShowAllItems(List`1 items) 位置 f:\Projects\SVN\DY-3000(BX1)\DYitj\xaml\Fenguangdu\FgdWindow.xaml.cs:行号 324

09:33:04
System.NullReferenceException: 未将对象引用设置到对象的实例。
   在 AIO.FgdWindow.ShowFgdSelChannelWindow() 位置 f:\Projects\SVN\DY-3000(BX1)\DYitj\xaml\Fenguangdu\FgdWindow.xaml.cs:行号 236

09:33:07
System.NullReferenceException: 未将对象引用设置到对象的实例。
   在 AIO.FgdWindow.ShowFgdSelChannelWindow() 位置 f:\Projects\SVN\DY-3000(BX1)\DYitj\xaml\Fenguangdu\FgdWindow.xaml.cs:行号 236

