02:27:20
System.ArgumentException: 类型“System.Int16”的对象无法转换为类型“System.String”。
   在 System.RuntimeType.TryChangeType(Object value, Binder binder, CultureInfo culture, Boolean needsSpecialCast)
   在 System.RuntimeType.CheckValue(Object value, Binder binder, CultureInfo culture, BindingFlags invokeAttr)
   在 System.Reflection.MethodBase.CheckArguments(Object[] parameters, Binder binder, BindingFlags invokeAttr, CultureInfo culture, Signature sig)
   在 System.Reflection.RuntimeMethodInfo.InvokeArgumentsCheck(Object obj, BindingFlags invokeAttr, Binder binder, Object[] parameters, CultureInfo culture)
   在 System.Reflection.RuntimeMethodInfo.Invoke(Object obj, BindingFlags invokeAttr, Binder binder, Object[] parameters, CultureInfo culture)
   在 System.Reflection.RuntimePropertyInfo.SetValue(Object obj, Object value, BindingFlags invokeAttr, Binder binder, Object[] index, CultureInfo culture)
   在 System.Reflection.RuntimePropertyInfo.SetValue(Object obj, Object value, Object[] index)
   在 com.lvrenyang.IListDataSet.DataTableToIList[T](DataTable p_DataSet, Int32 p_TableName) 位置 f:\Projects\SVN\DY-3000(BX1)\ClassLibrary\com.lvrenyang\IListDataSet.cs:行号 224
   在 AIO.xaml.Dialog.StandardRepositoryWindow.LoadDatas() 位置 f:\Projects\SVN\DY-3000(BX1)\DYitj\xaml\Dialog\StandardRepositoryWindow.xaml.cs:行号 133
   在 AIO.xaml.Dialog.StandardRepositoryWindow.textBoxPage_TextChanged(Object sender, TextChangedEventArgs e) 位置 f:\Projects\SVN\DY-3000(BX1)\DYitj\xaml\Dialog\StandardRepositoryWindow.xaml.cs:行号 380
   在 System.Windows.Controls.TextChangedEventArgs.InvokeEventHandler(Delegate genericHandler, Object genericTarget)
   在 System.Windows.RoutedEventArgs.InvokeHandler(Delegate handler, Object target)
   在 System.Windows.RoutedEventHandlerInfo.InvokeHandler(Object target, RoutedEventArgs routedEventArgs)
   在 System.Windows.EventRoute.InvokeHandlersImpl(Object source, RoutedEventArgs args, Boolean reRaised)
   在 System.Windows.UIElement.RaiseEventImpl(DependencyObject sender, RoutedEventArgs args)
   在 System.Windows.UIElement.RaiseEvent(RoutedEventArgs e)
   在 System.Windows.Controls.Primitives.TextBoxBase.OnTextChanged(TextChangedEventArgs e)
   在 System.Windows.Controls.Primitives.TextBoxBase.OnTextContainerChanged(Object sender, TextContainerChangedEventArgs e)
   在 System.Windows.Controls.TextBox.OnTextContainerChanged(Object sender, TextContainerChangedEventArgs e)
   在 System.Windows.Documents.TextContainerChangedEventHandler.Invoke(Object sender, TextContainerChangedEventArgs e)
   在 System.Windows.Documents.TextContainer.EndChange(Boolean skipEvents)
   在 System.Windows.Documents.TextContainer.System.Windows.Documents.ITextContainer.EndChange(Boolean skipEvents)
   在 System.Windows.Documents.TextRangeBase.EndChange(ITextRange thisRange, Boolean disableScroll, Boolean skipEvents)
   在 System.Windows.Documents.TextRange.System.Windows.Documents.ITextRange.EndChange(Boolean disableScroll, Boolean skipEvents)
   在 System.Windows.Documents.TextRange.ChangeBlock.System.IDisposable.Dispose()
   在 System.Windows.Documents.TextEditorTyping.DoTextInput(TextEditor This, String textData, Boolean isInsertKeyToggled, Boolean acceptControlCharacters)
   在 System.Windows.Documents.TextEditorTyping.TextInputItem.Do()
   在 System.Windows.Documents.TextEditorTyping.ScheduleInput(TextEditor This, InputItem item)
   在 System.Windows.Documents.TextEditorTyping.OnTextInput(Object sender, TextCompositionEventArgs e)
   在 System.Windows.Controls.Primitives.TextBoxBase.OnTextInput(TextCompositionEventArgs e)
   在 System.Windows.UIElement.OnTextInputThunk(Object sender, TextCompositionEventArgs e)
   在 System.Windows.Input.TextCompositionEventArgs.InvokeEventHandler(Delegate genericHandler, Object genericTarget)
   在 System.Windows.RoutedEventArgs.InvokeHandler(Delegate handler, Object target)
   在 System.Windows.RoutedEventHandlerInfo.InvokeHandler(Object target, RoutedEventArgs routedEventArgs)
   在 System.Windows.EventRoute.InvokeHandlersImpl(Object source, RoutedEventArgs args, Boolean reRaised)
   在 System.Windows.UIElement.RaiseEventImpl(DependencyObject sender, RoutedEventArgs args)
   在 System.Windows.UIElement.RaiseTrustedEvent(RoutedEventArgs args)
   在 System.Windows.UIElement.RaiseEvent(RoutedEventArgs args, Boolean trusted)
   在 System.Windows.Input.InputManager.ProcessStagingArea()
   在 System.Windows.Input.InputManager.ProcessInput(InputEventArgs input)
   在 System.Windows.Input.TextCompositionManager.UnsafeCompleteComposition(TextComposition composition)
   在 System.Windows.Input.TextCompositionManager.PostProcessInput(Object sender, ProcessInputEventArgs e)
   在 System.Windows.Input.InputManager.RaiseProcessInputEventHandlers(ProcessInputEventHandler postProcessInput, ProcessInputEventArgs processInputEventArgs)
   在 System.Windows.Input.InputManager.ProcessStagingArea()
   在 System.Windows.Input.InputManager.ProcessInput(InputEventArgs input)
   在 System.Windows.Input.TextCompositionManager.UnsafeStartComposition(TextComposition composition)
   在 System.Windows.Input.TextCompositionManager.PostProcessInput(Object sender, ProcessInputEventArgs e)
   在 System.Windows.Input.InputManager.RaiseProcessInputEventHandlers(ProcessInputEventHandler postProcessInput, ProcessInputEventArgs processInputEventArgs)
   在 System.Windows.Input.InputManager.ProcessStagingArea()
   在 System.Windows.Input.InputManager.ProcessInput(InputEventArgs input)
   在 System.Windows.Input.InputProviderSite.ReportInput(InputReport inputReport)
   在 System.Windows.Interop.HwndKeyboardInputProvider.ProcessTextInputAction(IntPtr hwnd, WindowMessage msg, IntPtr wParam, IntPtr lParam, Boolean& handled)
   在 System.Windows.Interop.HwndSource.OnPreprocessMessage(Object param)
   在 System.Windows.Threading.ExceptionWrapper.InternalRealCall(Delegate callback, Object args, Int32 numArgs)
   在 System.Windows.Threading.ExceptionWrapper.TryCatchWhen(Object source, Delegate callback, Object args, Int32 numArgs, Delegate catchHandler)
   在 System.Windows.Threading.Dispatcher.LegacyInvokeImpl(DispatcherPriority priority, TimeSpan timeout, Delegate method, Object args, Int32 numArgs)
   在 System.Windows.Threading.Dispatcher.Invoke(DispatcherPriority priority, Delegate method, Object arg)
   在 System.Windows.Interop.HwndSource.OnPreprocessMessageThunk(MSG& msg, Boolean& handled)
   在 System.Windows.Interop.HwndSource.WeakEventPreprocessMessage.OnPreprocessMessage(MSG& msg, Boolean& handled)
   在 System.Windows.Interop.ThreadMessageEventHandler.Invoke(MSG& msg, Boolean& handled)
   在 System.Windows.Interop.ComponentDispatcherThread.RaiseThreadMessage(MSG& msg)
   在 System.Windows.Threading.Dispatcher.PushFrameImpl(DispatcherFrame frame)
   在 System.Windows.Threading.Dispatcher.PushFrame(DispatcherFrame frame)
   在 System.Windows.Window.ShowHelper(Object booleanBox)
   在 System.Windows.Window.Show()
   在 System.Windows.Window.ShowDialog()
   在 AIO.xaml.Main.DataManagementWindow.Btn_KnowledgeBaseWindow_Click(Object sender, RoutedEventArgs e) 位置 f:\Projects\SVN\DY-3000(BX1)\DYitj\xaml\Main\DataManagementWindow.xaml.cs:行号 120
   在 System.Windows.RoutedEventHandlerInfo.InvokeHandler(Object target, RoutedEventArgs routedEventArgs)
   在 System.Windows.EventRoute.InvokeHandlersImpl(Object source, RoutedEventArgs args, Boolean reRaised)
   在 System.Windows.UIElement.RaiseEventImpl(DependencyObject sender, RoutedEventArgs args)
   在 System.Windows.UIElement.RaiseEvent(RoutedEventArgs e)
   在 System.Windows.Controls.Primitives.ButtonBase.OnClick()
   在 System.Windows.Controls.Button.OnClick()
   在 System.Windows.Controls.Primitives.ButtonBase.OnMouseLeftButtonUp(MouseButtonEventArgs e)
   在 System.Windows.UIElement.OnMouseLeftButtonUpThunk(Object sender, MouseButtonEventArgs e)
   在 System.Windows.Input.MouseButtonEventArgs.InvokeEventHandler(Delegate genericHandler, Object genericTarget)
   在 System.Windows.RoutedEventArgs.InvokeHandler(Delegate handler, Object target)
   在 System.Windows.RoutedEventHandlerInfo.InvokeHandler(Object target, RoutedEventArgs routedEventArgs)
   在 System.Windows.EventRoute.InvokeHandlersImpl(Object source, RoutedEventArgs args, Boolean reRaised)
   在 System.Windows.UIElement.ReRaiseEventAs(DependencyObject sender, RoutedEventArgs args, RoutedEvent newEvent)
   在 System.Windows.UIElement.OnMouseUpThunk(Object sender, MouseButtonEventArgs e)
   在 System.Windows.Input.MouseButtonEventArgs.InvokeEventHandler(Delegate genericHandler, Object genericTarget)
   在 System.Windows.RoutedEventArgs.InvokeHandler(Delegate handler, Object target)
   在 System.Windows.RoutedEventHandlerInfo.InvokeHandler(Object target, RoutedEventArgs routedEventArgs)
   在 System.Windows.EventRoute.InvokeHandlersImpl(Object source, RoutedEventArgs args, Boolean reRaised)
   在 System.Windows.UIElement.RaiseEventImpl(DependencyObject sender, RoutedEventArgs args)
   在 System.Windows.UIElement.RaiseTrustedEvent(RoutedEventArgs args)
   在 System.Windows.UIElement.RaiseEvent(RoutedEventArgs args, Boolean trusted)
   在 System.Windows.Input.InputManager.ProcessStagingArea()
   在 System.Windows.Input.InputManager.ProcessInput(InputEventArgs input)
   在 System.Windows.Input.InputProviderSite.ReportInput(InputReport inputReport)
   在 System.Windows.Interop.HwndMouseInputProvider.ReportInput(IntPtr hwnd, InputMode mode, Int32 timestamp, RawMouseActions actions, Int32 x, Int32 y, Int32 wheel)
   在 System.Windows.Interop.HwndMouseInputProvider.FilterMessage(IntPtr hwnd, WindowMessage msg, IntPtr wParam, IntPtr lParam, Boolean& handled)
   在 System.Windows.Interop.HwndSource.InputFilterMessage(IntPtr hwnd, Int32 msg, IntPtr wParam, IntPtr lParam, Boolean& handled)
   在 MS.Win32.HwndWrapper.WndProc(IntPtr hwnd, Int32 msg, IntPtr wParam, IntPtr lParam, Boolean& handled)
   在 MS.Win32.HwndSubclass.DispatcherCallbackOperation(Object o)
   在 System.Windows.Threading.ExceptionWrapper.InternalRealCall(Delegate callback, Object args, Int32 numArgs)
   在 System.Windows.Threading.ExceptionWrapper.TryCatchWhen(Object source, Delegate callback, Object args, Int32 numArgs, Delegate catchHandler)
   在 System.Windows.Threading.Dispatcher.LegacyInvokeImpl(DispatcherPriority priority, TimeSpan timeout, Delegate method, Object args, Int32 numArgs)
   在 MS.Win32.HwndSubclass.SubclassWndProc(IntPtr hwnd, Int32 msg, IntPtr wParam, IntPtr lParam)
   在 MS.Win32.UnsafeNativeMethods.DispatchMessage(MSG& msg)
   在 System.Windows.Threading.Dispatcher.PushFrameImpl(DispatcherFrame frame)
   在 System.Windows.Threading.Dispatcher.PushFrame(DispatcherFrame frame)
   在 System.Windows.Window.ShowHelper(Object booleanBox)
   在 System.Windows.Window.Show()
   在 System.Windows.Window.ShowDialog()
   在 AIO.LoginWindow.Login() 位置 f:\Projects\SVN\DY-3000(BX1)\DYitj\xaml\Main\LoginWindow.xaml.cs:行号 114

02:41:01
System.InvalidCastException: 无法将类型为“System.Data.DataRowView”的对象强制转换为类型“AIO.xaml.Dialog.FoodStandard”。
   在 AIO.xaml.Dialog.StandardRepositoryWindow.DataGridRecord_SelectionChanged(Object sender, SelectionChangedEventArgs e) 位置 f:\Projects\SVN\DY-3000(BX1)\DYitj\xaml\Dialog\StandardRepositoryWindow.xaml.cs:行号 307
   在 System.Windows.Controls.SelectionChangedEventArgs.InvokeEventHandler(Delegate genericHandler, Object genericTarget)
   在 System.Windows.RoutedEventArgs.InvokeHandler(Delegate handler, Object target)
   在 System.Windows.RoutedEventHandlerInfo.InvokeHandler(Object target, RoutedEventArgs routedEventArgs)
   在 System.Windows.EventRoute.InvokeHandlersImpl(Object source, RoutedEventArgs args, Boolean reRaised)
   在 System.Windows.UIElement.RaiseEventImpl(DependencyObject sender, RoutedEventArgs args)
   在 System.Windows.UIElement.RaiseEvent(RoutedEventArgs e)
   在 System.Windows.Controls.DataGrid.OnSelectionChanged(SelectionChangedEventArgs e)
   在 System.Windows.Controls.Primitives.Selector.InvokeSelectionChanged(List`1 unselectedInfos, List`1 selectedInfos)
   在 System.Windows.Controls.Primitives.Selector.SelectionChanger.End()
   在 System.Windows.Controls.SelectedItemCollection.EndUpdateSelectedItems()
   在 System.Windows.Controls.Primitives.MultiSelector.EndUpdateSelectedItems()
   在 System.Windows.Controls.DataGrid.MakeFullRowSelection(ItemInfo info, Boolean allowsExtendSelect, Boolean allowsMinimalSelect)
   在 System.Windows.Controls.DataGrid.HandleSelectionForCellInput(DataGridCell cell, Boolean startDragging, Boolean allowsExtendSelect, Boolean allowsMinimalSelect)
   在 System.Windows.Controls.DataGridCell.OnAnyMouseLeftButtonDown(MouseButtonEventArgs e)
   在 System.Windows.Controls.DataGridCell.OnAnyMouseLeftButtonDownThunk(Object sender, MouseButtonEventArgs e)
   在 System.Windows.Input.MouseButtonEventArgs.InvokeEventHandler(Delegate genericHandler, Object genericTarget)
   在 System.Windows.RoutedEventArgs.InvokeHandler(Delegate handler, Object target)
   在 System.Windows.RoutedEventHandlerInfo.InvokeHandler(Object target, RoutedEventArgs routedEventArgs)
   在 System.Windows.EventRoute.InvokeHandlersImpl(Object source, RoutedEventArgs args, Boolean reRaised)
   在 System.Windows.UIElement.ReRaiseEventAs(DependencyObject sender, RoutedEventArgs args, RoutedEvent newEvent)
   在 System.Windows.UIElement.OnMouseDownThunk(Object sender, MouseButtonEventArgs e)
   在 System.Windows.Input.MouseButtonEventArgs.InvokeEventHandler(Delegate genericHandler, Object genericTarget)
   在 System.Windows.RoutedEventArgs.InvokeHandler(Delegate handler, Object target)
   在 System.Windows.RoutedEventHandlerInfo.InvokeHandler(Object target, RoutedEventArgs routedEventArgs)
   在 System.Windows.EventRoute.InvokeHandlersImpl(Object source, RoutedEventArgs args, Boolean reRaised)
   在 System.Windows.UIElement.RaiseEventImpl(DependencyObject sender, RoutedEventArgs args)
   在 System.Windows.UIElement.RaiseTrustedEvent(RoutedEventArgs args)
   在 System.Windows.UIElement.RaiseEvent(RoutedEventArgs args, Boolean trusted)
   在 System.Windows.Input.InputManager.ProcessStagingArea()
   在 System.Windows.Input.InputManager.ProcessInput(InputEventArgs input)
   在 System.Windows.Input.InputProviderSite.ReportInput(InputReport inputReport)
   在 System.Windows.Interop.HwndMouseInputProvider.ReportInput(IntPtr hwnd, InputMode mode, Int32 timestamp, RawMouseActions actions, Int32 x, Int32 y, Int32 wheel)
   在 System.Windows.Interop.HwndMouseInputProvider.FilterMessage(IntPtr hwnd, WindowMessage msg, IntPtr wParam, IntPtr lParam, Boolean& handled)
   在 System.Windows.Interop.HwndSource.InputFilterMessage(IntPtr hwnd, Int32 msg, IntPtr wParam, IntPtr lParam, Boolean& handled)
   在 MS.Win32.HwndWrapper.WndProc(IntPtr hwnd, Int32 msg, IntPtr wParam, IntPtr lParam, Boolean& handled)
   在 MS.Win32.HwndSubclass.DispatcherCallbackOperation(Object o)
   在 System.Windows.Threading.ExceptionWrapper.InternalRealCall(Delegate callback, Object args, Int32 numArgs)
   在 System.Windows.Threading.ExceptionWrapper.TryCatchWhen(Object source, Delegate callback, Object args, Int32 numArgs, Delegate catchHandler)
   在 System.Windows.Threading.Dispatcher.LegacyInvokeImpl(DispatcherPriority priority, TimeSpan timeout, Delegate method, Object args, Int32 numArgs)
   在 MS.Win32.HwndSubclass.SubclassWndProc(IntPtr hwnd, Int32 msg, IntPtr wParam, IntPtr lParam)
   在 MS.Win32.UnsafeNativeMethods.DispatchMessage(MSG& msg)
   在 System.Windows.Threading.Dispatcher.PushFrameImpl(DispatcherFrame frame)
   在 System.Windows.Threading.Dispatcher.PushFrame(DispatcherFrame frame)
   在 System.Windows.Window.ShowHelper(Object booleanBox)
   在 System.Windows.Window.Show()
   在 System.Windows.Window.ShowDialog()
   在 AIO.xaml.Main.DataManagementWindow.Btn_KnowledgeBaseWindow_Click(Object sender, RoutedEventArgs e) 位置 f:\Projects\SVN\DY-3000(BX1)\DYitj\xaml\Main\DataManagementWindow.xaml.cs:行号 120
   在 System.Windows.RoutedEventHandlerInfo.InvokeHandler(Object target, RoutedEventArgs routedEventArgs)
   在 System.Windows.EventRoute.InvokeHandlersImpl(Object source, RoutedEventArgs args, Boolean reRaised)
   在 System.Windows.UIElement.RaiseEventImpl(DependencyObject sender, RoutedEventArgs args)
   在 System.Windows.UIElement.RaiseEvent(RoutedEventArgs e)
   在 System.Windows.Controls.Primitives.ButtonBase.OnClick()
   在 System.Windows.Controls.Button.OnClick()
   在 System.Windows.Controls.Primitives.ButtonBase.OnMouseLeftButtonUp(MouseButtonEventArgs e)
   在 System.Windows.UIElement.OnMouseLeftButtonUpThunk(Object sender, MouseButtonEventArgs e)
   在 System.Windows.Input.MouseButtonEventArgs.InvokeEventHandler(Delegate genericHandler, Object genericTarget)
   在 System.Windows.RoutedEventArgs.InvokeHandler(Delegate handler, Object target)
   在 System.Windows.RoutedEventHandlerInfo.InvokeHandler(Object target, RoutedEventArgs routedEventArgs)
   在 System.Windows.EventRoute.InvokeHandlersImpl(Object source, RoutedEventArgs args, Boolean reRaised)
   在 System.Windows.UIElement.ReRaiseEventAs(DependencyObject sender, RoutedEventArgs args, RoutedEvent newEvent)
   在 System.Windows.UIElement.OnMouseUpThunk(Object sender, MouseButtonEventArgs e)
   在 System.Windows.Input.MouseButtonEventArgs.InvokeEventHandler(Delegate genericHandler, Object genericTarget)
   在 System.Windows.RoutedEventArgs.InvokeHandler(Delegate handler, Object target)
   在 System.Windows.RoutedEventHandlerInfo.InvokeHandler(Object target, RoutedEventArgs routedEventArgs)
   在 System.Windows.EventRoute.InvokeHandlersImpl(Object source, RoutedEventArgs args, Boolean reRaised)
   在 System.Windows.UIElement.RaiseEventImpl(DependencyObject sender, RoutedEventArgs args)
   在 System.Windows.UIElement.RaiseTrustedEvent(RoutedEventArgs args)
   在 System.Windows.UIElement.RaiseEvent(RoutedEventArgs args, Boolean trusted)
   在 System.Windows.Input.InputManager.ProcessStagingArea()
   在 System.Windows.Input.InputManager.ProcessInput(InputEventArgs input)
   在 System.Windows.Input.InputProviderSite.ReportInput(InputReport inputReport)
   在 System.Windows.Interop.HwndMouseInputProvider.ReportInput(IntPtr hwnd, InputMode mode, Int32 timestamp, RawMouseActions actions, Int32 x, Int32 y, Int32 wheel)
   在 System.Windows.Interop.HwndMouseInputProvider.FilterMessage(IntPtr hwnd, WindowMessage msg, IntPtr wParam, IntPtr lParam, Boolean& handled)
   在 System.Windows.Interop.HwndSource.InputFilterMessage(IntPtr hwnd, Int32 msg, IntPtr wParam, IntPtr lParam, Boolean& handled)
   在 MS.Win32.HwndWrapper.WndProc(IntPtr hwnd, Int32 msg, IntPtr wParam, IntPtr lParam, Boolean& handled)
   在 MS.Win32.HwndSubclass.DispatcherCallbackOperation(Object o)
   在 System.Windows.Threading.ExceptionWrapper.InternalRealCall(Delegate callback, Object args, Int32 numArgs)
   在 System.Windows.Threading.ExceptionWrapper.TryCatchWhen(Object source, Delegate callback, Object args, Int32 numArgs, Delegate catchHandler)
   在 System.Windows.Threading.Dispatcher.LegacyInvokeImpl(DispatcherPriority priority, TimeSpan timeout, Delegate method, Object args, Int32 numArgs)
   在 MS.Win32.HwndSubclass.SubclassWndProc(IntPtr hwnd, Int32 msg, IntPtr wParam, IntPtr lParam)
   在 MS.Win32.UnsafeNativeMethods.DispatchMessage(MSG& msg)
   在 System.Windows.Threading.Dispatcher.PushFrameImpl(DispatcherFrame frame)
   在 System.Windows.Threading.Dispatcher.PushFrame(DispatcherFrame frame)
   在 System.Windows.Window.ShowHelper(Object booleanBox)
   在 System.Windows.Window.Show()
   在 System.Windows.Window.ShowDialog()
   在 AIO.LoginWindow.Login() 位置 f:\Projects\SVN\DY-3000(BX1)\DYitj\xaml\Main\LoginWindow.xaml.cs:行号 114

14:14:46
System.NullReferenceException: 未将对象引用设置到对象的实例。
   在 AIO.xaml.Record.StatisticalAnalysisWindow.ComboBoxMethod_SelectionChanged(Object sender, SelectionChangedEventArgs e) 位置 f:\Projects\SVN\DY-3000(BX1)\DYitj\xaml\Record\StatisticalAnalysisWindow.xaml.cs:行号 472
   在 System.Windows.Controls.SelectionChangedEventArgs.InvokeEventHandler(Delegate genericHandler, Object genericTarget)
   在 System.Windows.RoutedEventArgs.InvokeHandler(Delegate handler, Object target)
   在 System.Windows.RoutedEventHandlerInfo.InvokeHandler(Object target, RoutedEventArgs routedEventArgs)
   在 System.Windows.EventRoute.InvokeHandlersImpl(Object source, RoutedEventArgs args, Boolean reRaised)
   在 System.Windows.UIElement.RaiseEventImpl(DependencyObject sender, RoutedEventArgs args)
   在 System.Windows.UIElement.RaiseEvent(RoutedEventArgs e)
   在 System.Windows.Controls.ComboBox.OnSelectionChanged(SelectionChangedEventArgs e)
   在 System.Windows.Controls.Primitives.Selector.InvokeSelectionChanged(List`1 unselectedInfos, List`1 selectedInfos)
   在 System.Windows.Controls.Primitives.Selector.SelectionChanger.End()
   在 System.Windows.Controls.Primitives.Selector.OnItemsChanged(NotifyCollectionChangedEventArgs e)
   在 System.Windows.Controls.ItemsControl.OnItemCollectionChanged2(Object sender, NotifyCollectionChangedEventArgs e)
   在 System.Collections.Specialized.NotifyCollectionChangedEventHandler.Invoke(Object sender, NotifyCollectionChangedEventArgs e)
   在 System.Windows.Data.CollectionView.OnCollectionChanged(NotifyCollectionChangedEventArgs args)
   在 System.Windows.Controls.ItemCollection.OnViewCollectionChanged(Object sender, NotifyCollectionChangedEventArgs e)
   在 System.Windows.WeakEventManager.ListenerList`1.DeliverEvent(Object sender, EventArgs e, Type managerType)
   在 System.Windows.WeakEventManager.DeliverEvent(Object sender, EventArgs args)
   在 System.Collections.Specialized.CollectionChangedEventManager.OnCollectionChanged(Object sender, NotifyCollectionChangedEventArgs args)
   在 System.Windows.Data.CollectionView.OnCollectionChanged(NotifyCollectionChangedEventArgs args)
   在 System.Windows.Data.ListCollectionView.RefreshOverride()
   在 System.Windows.Data.CollectionView.RefreshInternal()
   在 System.Windows.Data.CollectionView.Refresh()
   在 System.Windows.Data.CollectionView.EndDefer()
   在 System.Windows.Data.CollectionView.DeferHelper.Dispose()
   在 System.Windows.Controls.ItemCollection.SetCollectionView(CollectionView view)
   在 System.Windows.Controls.ItemCollection.SetItemsSource(IEnumerable value, Func`2 GetSourceItem)
   在 System.Windows.Controls.ItemsControl.OnItemsSourceChanged(DependencyObject d, DependencyPropertyChangedEventArgs e)
   在 System.Windows.DependencyObject.OnPropertyChanged(DependencyPropertyChangedEventArgs e)
   在 System.Windows.FrameworkElement.OnPropertyChanged(DependencyPropertyChangedEventArgs e)
   在 System.Windows.DependencyObject.NotifyPropertyChange(DependencyPropertyChangedEventArgs args)
   在 System.Windows.DependencyObject.UpdateEffectiveValue(EntryIndex entryIndex, DependencyProperty dp, PropertyMetadata metadata, EffectiveValueEntry oldEntry, EffectiveValueEntry& newEntry, Boolean coerceWithDeferredReference, Boolean coerceWithCurrentValue, OperationType operationType)
   在 System.Windows.DependencyObject.SetValueCommon(DependencyProperty dp, Object value, PropertyMetadata metadata, Boolean coerceWithDeferredReference, Boolean coerceWithCurrentValue, OperationType operationType, Boolean isInternal)
   在 System.Windows.Controls.ItemsControl.set_ItemsSource(IEnumerable value)
   在 AIO.xaml.Record.StatisticalAnalysisWindow.setItems() 位置 f:\Projects\SVN\DY-3000(BX1)\DYitj\xaml\Record\StatisticalAnalysisWindow.xaml.cs:行号 461
   在 AIO.xaml.Record.StatisticalAnalysisWindow.ComboBoxCategory_SelectionChanged(Object sender, SelectionChangedEventArgs e) 位置 f:\Projects\SVN\DY-3000(BX1)\DYitj\xaml\Record\StatisticalAnalysisWindow.xaml.cs:行号 435
   在 System.Windows.Controls.SelectionChangedEventArgs.InvokeEventHandler(Delegate genericHandler, Object genericTarget)
   在 System.Windows.RoutedEventArgs.InvokeHandler(Delegate handler, Object target)
   在 System.Windows.RoutedEventHandlerInfo.InvokeHandler(Object target, RoutedEventArgs routedEventArgs)
   在 System.Windows.EventRoute.InvokeHandlersImpl(Object source, RoutedEventArgs args, Boolean reRaised)
   在 System.Windows.UIElement.RaiseEventImpl(DependencyObject sender, RoutedEventArgs args)
   在 System.Windows.UIElement.RaiseEvent(RoutedEventArgs e)
   在 System.Windows.Controls.ComboBox.OnSelectionChanged(SelectionChangedEventArgs e)
   在 System.Windows.Controls.Primitives.Selector.InvokeSelectionChanged(List`1 unselectedInfos, List`1 selectedInfos)
   在 System.Windows.Controls.Primitives.Selector.SelectionChanger.End()
   在 System.Windows.Controls.Primitives.Selector.SelectionChanger.SelectJustThisItem(ItemInfo info, Boolean assumeInItemsCollection)
   在 System.Windows.Controls.ComboBox.NotifyComboBoxItemMouseUp(ComboBoxItem comboBoxItem)
   在 System.Windows.Controls.ComboBoxItem.OnMouseLeftButtonUp(MouseButtonEventArgs e)
   在 System.Windows.UIElement.OnMouseLeftButtonUpThunk(Object sender, MouseButtonEventArgs e)
   在 System.Windows.Input.MouseButtonEventArgs.InvokeEventHandler(Delegate genericHandler, Object genericTarget)
   在 System.Windows.RoutedEventArgs.InvokeHandler(Delegate handler, Object target)
   在 System.Windows.RoutedEventHandlerInfo.InvokeHandler(Object target, RoutedEventArgs routedEventArgs)
   在 System.Windows.EventRoute.InvokeHandlersImpl(Object source, RoutedEventArgs args, Boolean reRaised)
   在 System.Windows.UIElement.ReRaiseEventAs(DependencyObject sender, RoutedEventArgs args, RoutedEvent newEvent)
   在 System.Windows.UIElement.OnMouseUpThunk(Object sender, MouseButtonEventArgs e)
   在 System.Windows.Input.MouseButtonEventArgs.InvokeEventHandler(Delegate genericHandler, Object genericTarget)
   在 System.Windows.RoutedEventArgs.InvokeHandler(Delegate handler, Object target)
   在 System.Windows.RoutedEventHandlerInfo.InvokeHandler(Object target, RoutedEventArgs routedEventArgs)
   在 System.Windows.EventRoute.InvokeHandlersImpl(Object source, RoutedEventArgs args, Boolean reRaised)
   在 System.Windows.UIElement.RaiseEventImpl(DependencyObject sender, RoutedEventArgs args)
   在 System.Windows.UIElement.RaiseTrustedEvent(RoutedEventArgs args)
   在 System.Windows.UIElement.RaiseEvent(RoutedEventArgs args, Boolean trusted)
   在 System.Windows.Input.InputManager.ProcessStagingArea()
   在 System.Windows.Input.InputManager.ProcessInput(InputEventArgs input)
   在 System.Windows.Input.InputProviderSite.ReportInput(InputReport inputReport)
   在 System.Windows.Interop.HwndMouseInputProvider.ReportInput(IntPtr hwnd, InputMode mode, Int32 timestamp, RawMouseActions actions, Int32 x, Int32 y, Int32 wheel)
   在 System.Windows.Interop.HwndMouseInputProvider.FilterMessage(IntPtr hwnd, WindowMessage msg, IntPtr wParam, IntPtr lParam, Boolean& handled)
   在 System.Windows.Interop.HwndSource.InputFilterMessage(IntPtr hwnd, Int32 msg, IntPtr wParam, IntPtr lParam, Boolean& handled)
   在 MS.Win32.HwndWrapper.WndProc(IntPtr hwnd, Int32 msg, IntPtr wParam, IntPtr lParam, Boolean& handled)
   在 MS.Win32.HwndSubclass.DispatcherCallbackOperation(Object o)
   在 System.Windows.Threading.ExceptionWrapper.InternalRealCall(Delegate callback, Object args, Int32 numArgs)
   在 System.Windows.Threading.ExceptionWrapper.TryCatchWhen(Object source, Delegate callback, Object args, Int32 numArgs, Delegate catchHandler)
   在 System.Windows.Threading.Dispatcher.LegacyInvokeImpl(DispatcherPriority priority, TimeSpan timeout, Delegate method, Object args, Int32 numArgs)
   在 MS.Win32.HwndSubclass.SubclassWndProc(IntPtr hwnd, Int32 msg, IntPtr wParam, IntPtr lParam)
   在 MS.Win32.UnsafeNativeMethods.DispatchMessage(MSG& msg)
   在 System.Windows.Threading.Dispatcher.PushFrameImpl(DispatcherFrame frame)
   在 System.Windows.Threading.Dispatcher.PushFrame(DispatcherFrame frame)
   在 System.Windows.Window.ShowHelper(Object booleanBox)
   在 System.Windows.Window.Show()
   在 System.Windows.Window.ShowDialog()
   在 AIO.LoginWindow.Login() 位置 f:\Projects\SVN\DY-3000(BX1)\DYitj\xaml\Main\LoginWindow.xaml.cs:行号 114

15:01:39
System.NullReferenceException: 未将对象引用设置到对象的实例。
   在 AIO.xaml.Record.StatisticalAnalysisWindow.ComboBoxMethod_SelectionChanged(Object sender, SelectionChangedEventArgs e) 位置 f:\Projects\SVN\DY-3000(BX1)\DYitj\xaml\Record\StatisticalAnalysisWindow.xaml.cs:行号 472
   在 System.Windows.Controls.SelectionChangedEventArgs.InvokeEventHandler(Delegate genericHandler, Object genericTarget)
   在 System.Windows.RoutedEventArgs.InvokeHandler(Delegate handler, Object target)
   在 System.Windows.RoutedEventHandlerInfo.InvokeHandler(Object target, RoutedEventArgs routedEventArgs)
   在 System.Windows.EventRoute.InvokeHandlersImpl(Object source, RoutedEventArgs args, Boolean reRaised)
   在 System.Windows.UIElement.RaiseEventImpl(DependencyObject sender, RoutedEventArgs args)
   在 System.Windows.UIElement.RaiseEvent(RoutedEventArgs e)
   在 System.Windows.Controls.ComboBox.OnSelectionChanged(SelectionChangedEventArgs e)
   在 System.Windows.Controls.Primitives.Selector.InvokeSelectionChanged(List`1 unselectedInfos, List`1 selectedInfos)
   在 System.Windows.Controls.Primitives.Selector.SelectionChanger.End()
   在 System.Windows.Controls.Primitives.Selector.OnItemsChanged(NotifyCollectionChangedEventArgs e)
   在 System.Windows.Controls.ItemsControl.OnItemCollectionChanged2(Object sender, NotifyCollectionChangedEventArgs e)
   在 System.Collections.Specialized.NotifyCollectionChangedEventHandler.Invoke(Object sender, NotifyCollectionChangedEventArgs e)
   在 System.Windows.Data.CollectionView.OnCollectionChanged(NotifyCollectionChangedEventArgs args)
   在 System.Windows.Controls.ItemCollection.OnViewCollectionChanged(Object sender, NotifyCollectionChangedEventArgs e)
   在 System.Windows.WeakEventManager.ListenerList`1.DeliverEvent(Object sender, EventArgs e, Type managerType)
   在 System.Windows.WeakEventManager.DeliverEvent(Object sender, EventArgs args)
   在 System.Collections.Specialized.CollectionChangedEventManager.OnCollectionChanged(Object sender, NotifyCollectionChangedEventArgs args)
   在 System.Windows.Data.CollectionView.OnCollectionChanged(NotifyCollectionChangedEventArgs args)
   在 System.Windows.Data.ListCollectionView.RefreshOverride()
   在 System.Windows.Data.CollectionView.RefreshInternal()
   在 System.Windows.Data.CollectionView.Refresh()
   在 System.Windows.Data.CollectionView.EndDefer()
   在 System.Windows.Data.CollectionView.DeferHelper.Dispose()
   在 System.Windows.Controls.ItemCollection.SetCollectionView(CollectionView view)
   在 System.Windows.Controls.ItemCollection.SetItemsSource(IEnumerable value, Func`2 GetSourceItem)
   在 System.Windows.Controls.ItemsControl.OnItemsSourceChanged(DependencyObject d, DependencyPropertyChangedEventArgs e)
   在 System.Windows.DependencyObject.OnPropertyChanged(DependencyPropertyChangedEventArgs e)
   在 System.Windows.FrameworkElement.OnPropertyChanged(DependencyPropertyChangedEventArgs e)
   在 System.Windows.DependencyObject.NotifyPropertyChange(DependencyPropertyChangedEventArgs args)
   在 System.Windows.DependencyObject.UpdateEffectiveValue(EntryIndex entryIndex, DependencyProperty dp, PropertyMetadata metadata, EffectiveValueEntry oldEntry, EffectiveValueEntry& newEntry, Boolean coerceWithDeferredReference, Boolean coerceWithCurrentValue, OperationType operationType)
   在 System.Windows.DependencyObject.SetValueCommon(DependencyProperty dp, Object value, PropertyMetadata metadata, Boolean coerceWithDeferredReference, Boolean coerceWithCurrentValue, OperationType operationType, Boolean isInternal)
   在 System.Windows.Controls.ItemsControl.set_ItemsSource(IEnumerable value)
   在 AIO.xaml.Record.StatisticalAnalysisWindow.setItems() 位置 f:\Projects\SVN\DY-3000(BX1)\DYitj\xaml\Record\StatisticalAnalysisWindow.xaml.cs:行号 461
   在 AIO.xaml.Record.StatisticalAnalysisWindow.ComboBoxCategory_SelectionChanged(Object sender, SelectionChangedEventArgs e) 位置 f:\Projects\SVN\DY-3000(BX1)\DYitj\xaml\Record\StatisticalAnalysisWindow.xaml.cs:行号 435
   在 System.Windows.Controls.SelectionChangedEventArgs.InvokeEventHandler(Delegate genericHandler, Object genericTarget)
   在 System.Windows.RoutedEventArgs.InvokeHandler(Delegate handler, Object target)
   在 System.Windows.RoutedEventHandlerInfo.InvokeHandler(Object target, RoutedEventArgs routedEventArgs)
   在 System.Windows.EventRoute.InvokeHandlersImpl(Object source, RoutedEventArgs args, Boolean reRaised)
   在 System.Windows.UIElement.RaiseEventImpl(DependencyObject sender, RoutedEventArgs args)
   在 System.Windows.UIElement.RaiseEvent(RoutedEventArgs e)
   在 System.Windows.Controls.ComboBox.OnSelectionChanged(SelectionChangedEventArgs e)
   在 System.Windows.Controls.Primitives.Selector.InvokeSelectionChanged(List`1 unselectedInfos, List`1 selectedInfos)
   在 System.Windows.Controls.Primitives.Selector.SelectionChanger.End()
   在 System.Windows.Controls.Primitives.Selector.SelectionChanger.SelectJustThisItem(ItemInfo info, Boolean assumeInItemsCollection)
   在 System.Windows.Controls.ComboBox.NotifyComboBoxItemMouseUp(ComboBoxItem comboBoxItem)
   在 System.Windows.Controls.ComboBoxItem.OnMouseLeftButtonUp(MouseButtonEventArgs e)
   在 System.Windows.UIElement.OnMouseLeftButtonUpThunk(Object sender, MouseButtonEventArgs e)
   在 System.Windows.Input.MouseButtonEventArgs.InvokeEventHandler(Delegate genericHandler, Object genericTarget)
   在 System.Windows.RoutedEventArgs.InvokeHandler(Delegate handler, Object target)
   在 System.Windows.RoutedEventHandlerInfo.InvokeHandler(Object target, RoutedEventArgs routedEventArgs)
   在 System.Windows.EventRoute.InvokeHandlersImpl(Object source, RoutedEventArgs args, Boolean reRaised)
   在 System.Windows.UIElement.ReRaiseEventAs(DependencyObject sender, RoutedEventArgs args, RoutedEvent newEvent)
   在 System.Windows.UIElement.OnMouseUpThunk(Object sender, MouseButtonEventArgs e)
   在 System.Windows.Input.MouseButtonEventArgs.InvokeEventHandler(Delegate genericHandler, Object genericTarget)
   在 System.Windows.RoutedEventArgs.InvokeHandler(Delegate handler, Object target)
   在 System.Windows.RoutedEventHandlerInfo.InvokeHandler(Object target, RoutedEventArgs routedEventArgs)
   在 System.Windows.EventRoute.InvokeHandlersImpl(Object source, RoutedEventArgs args, Boolean reRaised)
   在 System.Windows.UIElement.RaiseEventImpl(DependencyObject sender, RoutedEventArgs args)
   在 System.Windows.UIElement.RaiseTrustedEvent(RoutedEventArgs args)
   在 System.Windows.UIElement.RaiseEvent(RoutedEventArgs args, Boolean trusted)
   在 System.Windows.Input.InputManager.ProcessStagingArea()
   在 System.Windows.Input.InputManager.ProcessInput(InputEventArgs input)
   在 System.Windows.Input.InputProviderSite.ReportInput(InputReport inputReport)
   在 System.Windows.Interop.HwndMouseInputProvider.ReportInput(IntPtr hwnd, InputMode mode, Int32 timestamp, RawMouseActions actions, Int32 x, Int32 y, Int32 wheel)
   在 System.Windows.Interop.HwndMouseInputProvider.FilterMessage(IntPtr hwnd, WindowMessage msg, IntPtr wParam, IntPtr lParam, Boolean& handled)
   在 System.Windows.Interop.HwndSource.InputFilterMessage(IntPtr hwnd, Int32 msg, IntPtr wParam, IntPtr lParam, Boolean& handled)
   在 MS.Win32.HwndWrapper.WndProc(IntPtr hwnd, Int32 msg, IntPtr wParam, IntPtr lParam, Boolean& handled)
   在 MS.Win32.HwndSubclass.DispatcherCallbackOperation(Object o)
   在 System.Windows.Threading.ExceptionWrapper.InternalRealCall(Delegate callback, Object args, Int32 numArgs)
   在 System.Windows.Threading.ExceptionWrapper.TryCatchWhen(Object source, Delegate callback, Object args, Int32 numArgs, Delegate catchHandler)
   在 System.Windows.Threading.Dispatcher.LegacyInvokeImpl(DispatcherPriority priority, TimeSpan timeout, Delegate method, Object args, Int32 numArgs)
   在 MS.Win32.HwndSubclass.SubclassWndProc(IntPtr hwnd, Int32 msg, IntPtr wParam, IntPtr lParam)
   在 MS.Win32.UnsafeNativeMethods.DispatchMessage(MSG& msg)
   在 System.Windows.Threading.Dispatcher.PushFrameImpl(DispatcherFrame frame)
   在 System.Windows.Threading.Dispatcher.PushFrame(DispatcherFrame frame)
   在 System.Windows.Window.ShowHelper(Object booleanBox)
   在 System.Windows.Window.Show()
   在 System.Windows.Window.ShowDialog()
   在 AIO.LoginWindow.Login() 位置 f:\Projects\SVN\DY-3000(BX1)\DYitj\xaml\Main\LoginWindow.xaml.cs:行号 114

15:03:17
System.NullReferenceException: 未将对象引用设置到对象的实例。
   在 AIO.xaml.Record.StatisticalAnalysisWindow.ComboBoxMethod_SelectionChanged(Object sender, SelectionChangedEventArgs e) 位置 f:\Projects\SVN\DY-3000(BX1)\DYitj\xaml\Record\StatisticalAnalysisWindow.xaml.cs:行号 473
   在 System.Windows.Controls.SelectionChangedEventArgs.InvokeEventHandler(Delegate genericHandler, Object genericTarget)
   在 System.Windows.RoutedEventArgs.InvokeHandler(Delegate handler, Object target)
   在 System.Windows.RoutedEventHandlerInfo.InvokeHandler(Object target, RoutedEventArgs routedEventArgs)
   在 System.Windows.EventRoute.InvokeHandlersImpl(Object source, RoutedEventArgs args, Boolean reRaised)
   在 System.Windows.UIElement.RaiseEventImpl(DependencyObject sender, RoutedEventArgs args)
   在 System.Windows.UIElement.RaiseEvent(RoutedEventArgs e)
   在 System.Windows.Controls.ComboBox.OnSelectionChanged(SelectionChangedEventArgs e)
   在 System.Windows.Controls.Primitives.Selector.InvokeSelectionChanged(List`1 unselectedInfos, List`1 selectedInfos)
   在 System.Windows.Controls.Primitives.Selector.SelectionChanger.End()
   在 System.Windows.Controls.Primitives.Selector.OnItemsChanged(NotifyCollectionChangedEventArgs e)
   在 System.Windows.Controls.ItemsControl.OnItemCollectionChanged2(Object sender, NotifyCollectionChangedEventArgs e)
   在 System.Collections.Specialized.NotifyCollectionChangedEventHandler.Invoke(Object sender, NotifyCollectionChangedEventArgs e)
   在 System.Windows.Data.CollectionView.OnCollectionChanged(NotifyCollectionChangedEventArgs args)
   在 System.Windows.Controls.ItemCollection.OnViewCollectionChanged(Object sender, NotifyCollectionChangedEventArgs e)
   在 System.Windows.WeakEventManager.ListenerList`1.DeliverEvent(Object sender, EventArgs e, Type managerType)
   在 System.Windows.WeakEventManager.DeliverEvent(Object sender, EventArgs args)
   在 System.Collections.Specialized.CollectionChangedEventManager.OnCollectionChanged(Object sender, NotifyCollectionChangedEventArgs args)
   在 System.Windows.Data.CollectionView.OnCollectionChanged(NotifyCollectionChangedEventArgs args)
   在 System.Windows.Data.ListCollectionView.RefreshOverride()
   在 System.Windows.Data.CollectionView.RefreshInternal()
   在 System.Windows.Data.CollectionView.Refresh()
   在 System.Windows.Data.CollectionView.EndDefer()
   在 System.Windows.Data.CollectionView.DeferHelper.Dispose()
   在 System.Windows.Controls.ItemCollection.SetCollectionView(CollectionView view)
   在 System.Windows.Controls.ItemCollection.SetItemsSource(IEnumerable value, Func`2 GetSourceItem)
   在 System.Windows.Controls.ItemsControl.OnItemsSourceChanged(DependencyObject d, DependencyPropertyChangedEventArgs e)
   在 System.Windows.DependencyObject.OnPropertyChanged(DependencyPropertyChangedEventArgs e)
   在 System.Windows.FrameworkElement.OnPropertyChanged(DependencyPropertyChangedEventArgs e)
   在 System.Windows.DependencyObject.NotifyPropertyChange(DependencyPropertyChangedEventArgs args)
   在 System.Windows.DependencyObject.UpdateEffectiveValue(EntryIndex entryIndex, DependencyProperty dp, PropertyMetadata metadata, EffectiveValueEntry oldEntry, EffectiveValueEntry& newEntry, Boolean coerceWithDeferredReference, Boolean coerceWithCurrentValue, OperationType operationType)
   在 System.Windows.DependencyObject.SetValueCommon(DependencyProperty dp, Object value, PropertyMetadata metadata, Boolean coerceWithDeferredReference, Boolean coerceWithCurrentValue, OperationType operationType, Boolean isInternal)
   在 System.Windows.Controls.ItemsControl.set_ItemsSource(IEnumerable value)
   在 AIO.xaml.Record.StatisticalAnalysisWindow.setItems() 位置 f:\Projects\SVN\DY-3000(BX1)\DYitj\xaml\Record\StatisticalAnalysisWindow.xaml.cs:行号 461
   在 AIO.xaml.Record.StatisticalAnalysisWindow.ComboBoxCategory_SelectionChanged(Object sender, SelectionChangedEventArgs e) 位置 f:\Projects\SVN\DY-3000(BX1)\DYitj\xaml\Record\StatisticalAnalysisWindow.xaml.cs:行号 434
   在 System.Windows.Controls.SelectionChangedEventArgs.InvokeEventHandler(Delegate genericHandler, Object genericTarget)
   在 System.Windows.RoutedEventArgs.InvokeHandler(Delegate handler, Object target)
   在 System.Windows.RoutedEventHandlerInfo.InvokeHandler(Object target, RoutedEventArgs routedEventArgs)
   在 System.Windows.EventRoute.InvokeHandlersImpl(Object source, RoutedEventArgs args, Boolean reRaised)
   在 System.Windows.UIElement.RaiseEventImpl(DependencyObject sender, RoutedEventArgs args)
   在 System.Windows.UIElement.RaiseEvent(RoutedEventArgs e)
   在 System.Windows.Controls.ComboBox.OnSelectionChanged(SelectionChangedEventArgs e)
   在 System.Windows.Controls.Primitives.Selector.InvokeSelectionChanged(List`1 unselectedInfos, List`1 selectedInfos)
   在 System.Windows.Controls.Primitives.Selector.SelectionChanger.End()
   在 System.Windows.Controls.Primitives.Selector.SelectionChanger.SelectJustThisItem(ItemInfo info, Boolean assumeInItemsCollection)
   在 System.Windows.Controls.ComboBox.NotifyComboBoxItemMouseUp(ComboBoxItem comboBoxItem)
   在 System.Windows.Controls.ComboBoxItem.OnMouseLeftButtonUp(MouseButtonEventArgs e)
   在 System.Windows.UIElement.OnMouseLeftButtonUpThunk(Object sender, MouseButtonEventArgs e)
   在 System.Windows.Input.MouseButtonEventArgs.InvokeEventHandler(Delegate genericHandler, Object genericTarget)
   在 System.Windows.RoutedEventArgs.InvokeHandler(Delegate handler, Object target)
   在 System.Windows.RoutedEventHandlerInfo.InvokeHandler(Object target, RoutedEventArgs routedEventArgs)
   在 System.Windows.EventRoute.InvokeHandlersImpl(Object source, RoutedEventArgs args, Boolean reRaised)
   在 System.Windows.UIElement.ReRaiseEventAs(DependencyObject sender, RoutedEventArgs args, RoutedEvent newEvent)
   在 System.Windows.UIElement.OnMouseUpThunk(Object sender, MouseButtonEventArgs e)
   在 System.Windows.Input.MouseButtonEventArgs.InvokeEventHandler(Delegate genericHandler, Object genericTarget)
   在 System.Windows.RoutedEventArgs.InvokeHandler(Delegate handler, Object target)
   在 System.Windows.RoutedEventHandlerInfo.InvokeHandler(Object target, RoutedEventArgs routedEventArgs)
   在 System.Windows.EventRoute.InvokeHandlersImpl(Object source, RoutedEventArgs args, Boolean reRaised)
   在 System.Windows.UIElement.RaiseEventImpl(DependencyObject sender, RoutedEventArgs args)
   在 System.Windows.UIElement.RaiseTrustedEvent(RoutedEventArgs args)
   在 System.Windows.UIElement.RaiseEvent(RoutedEventArgs args, Boolean trusted)
   在 System.Windows.Input.InputManager.ProcessStagingArea()
   在 System.Windows.Input.InputManager.ProcessInput(InputEventArgs input)
   在 System.Windows.Input.InputProviderSite.ReportInput(InputReport inputReport)
   在 System.Windows.Interop.HwndMouseInputProvider.ReportInput(IntPtr hwnd, InputMode mode, Int32 timestamp, RawMouseActions actions, Int32 x, Int32 y, Int32 wheel)
   在 System.Windows.Interop.HwndMouseInputProvider.FilterMessage(IntPtr hwnd, WindowMessage msg, IntPtr wParam, IntPtr lParam, Boolean& handled)
   在 System.Windows.Interop.HwndSource.InputFilterMessage(IntPtr hwnd, Int32 msg, IntPtr wParam, IntPtr lParam, Boolean& handled)
   在 MS.Win32.HwndWrapper.WndProc(IntPtr hwnd, Int32 msg, IntPtr wParam, IntPtr lParam, Boolean& handled)
   在 MS.Win32.HwndSubclass.DispatcherCallbackOperation(Object o)
   在 System.Windows.Threading.ExceptionWrapper.InternalRealCall(Delegate callback, Object args, Int32 numArgs)
   在 System.Windows.Threading.ExceptionWrapper.TryCatchWhen(Object source, Delegate callback, Object args, Int32 numArgs, Delegate catchHandler)
   在 System.Windows.Threading.Dispatcher.LegacyInvokeImpl(DispatcherPriority priority, TimeSpan timeout, Delegate method, Object args, Int32 numArgs)
   在 MS.Win32.HwndSubclass.SubclassWndProc(IntPtr hwnd, Int32 msg, IntPtr wParam, IntPtr lParam)
   在 MS.Win32.UnsafeNativeMethods.DispatchMessage(MSG& msg)
   在 System.Windows.Threading.Dispatcher.PushFrameImpl(DispatcherFrame frame)
   在 System.Windows.Threading.Dispatcher.PushFrame(DispatcherFrame frame)
   在 System.Windows.Window.ShowHelper(Object booleanBox)
   在 System.Windows.Window.Show()
   在 System.Windows.Window.ShowDialog()
   在 AIO.LoginWindow.Login() 位置 f:\Projects\SVN\DY-3000(BX1)\DYitj\xaml\Main\LoginWindow.xaml.cs:行号 114

15:05:40
System.NullReferenceException: 未将对象引用设置到对象的实例。
   在 AIO.xaml.Record.StatisticalAnalysisWindow.ComboBoxMethod_SelectionChanged(Object sender, SelectionChangedEventArgs e) 位置 f:\Projects\SVN\DY-3000(BX1)\DYitj\xaml\Record\StatisticalAnalysisWindow.xaml.cs:行号 478
   在 System.Windows.Controls.SelectionChangedEventArgs.InvokeEventHandler(Delegate genericHandler, Object genericTarget)
   在 System.Windows.RoutedEventArgs.InvokeHandler(Delegate handler, Object target)
   在 System.Windows.RoutedEventHandlerInfo.InvokeHandler(Object target, RoutedEventArgs routedEventArgs)
   在 System.Windows.EventRoute.InvokeHandlersImpl(Object source, RoutedEventArgs args, Boolean reRaised)
   在 System.Windows.UIElement.RaiseEventImpl(DependencyObject sender, RoutedEventArgs args)
   在 System.Windows.UIElement.RaiseEvent(RoutedEventArgs e)
   在 System.Windows.Controls.ComboBox.OnSelectionChanged(SelectionChangedEventArgs e)
   在 System.Windows.Controls.Primitives.Selector.InvokeSelectionChanged(List`1 unselectedInfos, List`1 selectedInfos)
   在 System.Windows.Controls.Primitives.Selector.SelectionChanger.End()
   在 System.Windows.Controls.Primitives.Selector.OnItemsChanged(NotifyCollectionChangedEventArgs e)
   在 System.Windows.Controls.ItemsControl.OnItemCollectionChanged2(Object sender, NotifyCollectionChangedEventArgs e)
   在 System.Collections.Specialized.NotifyCollectionChangedEventHandler.Invoke(Object sender, NotifyCollectionChangedEventArgs e)
   在 System.Windows.Data.CollectionView.OnCollectionChanged(NotifyCollectionChangedEventArgs args)
   在 System.Windows.Controls.ItemCollection.OnViewCollectionChanged(Object sender, NotifyCollectionChangedEventArgs e)
   在 System.Windows.WeakEventManager.ListenerList`1.DeliverEvent(Object sender, EventArgs e, Type managerType)
   在 System.Windows.WeakEventManager.DeliverEvent(Object sender, EventArgs args)
   在 System.Collections.Specialized.CollectionChangedEventManager.OnCollectionChanged(Object sender, NotifyCollectionChangedEventArgs args)
   在 System.Windows.Data.CollectionView.OnCollectionChanged(NotifyCollectionChangedEventArgs args)
   在 System.Windows.Data.ListCollectionView.RefreshOverride()
   在 System.Windows.Data.CollectionView.RefreshInternal()
   在 System.Windows.Data.CollectionView.Refresh()
   在 System.Windows.Data.CollectionView.EndDefer()
   在 System.Windows.Data.CollectionView.DeferHelper.Dispose()
   在 System.Windows.Controls.ItemCollection.SetCollectionView(CollectionView view)
   在 System.Windows.Controls.ItemCollection.SetItemsSource(IEnumerable value, Func`2 GetSourceItem)
   在 System.Windows.Controls.ItemsControl.OnItemsSourceChanged(DependencyObject d, DependencyPropertyChangedEventArgs e)
   在 System.Windows.DependencyObject.OnPropertyChanged(DependencyPropertyChangedEventArgs e)
   在 System.Windows.FrameworkElement.OnPropertyChanged(DependencyPropertyChangedEventArgs e)
   在 System.Windows.DependencyObject.NotifyPropertyChange(DependencyPropertyChangedEventArgs args)
   在 System.Windows.DependencyObject.UpdateEffectiveValue(EntryIndex entryIndex, DependencyProperty dp, PropertyMetadata metadata, EffectiveValueEntry oldEntry, EffectiveValueEntry& newEntry, Boolean coerceWithDeferredReference, Boolean coerceWithCurrentValue, OperationType operationType)
   在 System.Windows.DependencyObject.SetValueCommon(DependencyProperty dp, Object value, PropertyMetadata metadata, Boolean coerceWithDeferredReference, Boolean coerceWithCurrentValue, OperationType operationType, Boolean isInternal)
   在 System.Windows.Controls.ItemsControl.set_ItemsSource(IEnumerable value)
   在 AIO.xaml.Record.StatisticalAnalysisWindow.setItems() 位置 f:\Projects\SVN\DY-3000(BX1)\DYitj\xaml\Record\StatisticalAnalysisWindow.xaml.cs:行号 464
   在 AIO.xaml.Record.StatisticalAnalysisWindow.ComboBoxCategory_SelectionChanged(Object sender, SelectionChangedEventArgs e) 位置 f:\Projects\SVN\DY-3000(BX1)\DYitj\xaml\Record\StatisticalAnalysisWindow.xaml.cs:行号 436
   在 System.Windows.Controls.SelectionChangedEventArgs.InvokeEventHandler(Delegate genericHandler, Object genericTarget)
   在 System.Windows.RoutedEventArgs.InvokeHandler(Delegate handler, Object target)
   在 System.Windows.RoutedEventHandlerInfo.InvokeHandler(Object target, RoutedEventArgs routedEventArgs)
   在 System.Windows.EventRoute.InvokeHandlersImpl(Object source, RoutedEventArgs args, Boolean reRaised)
   在 System.Windows.UIElement.RaiseEventImpl(DependencyObject sender, RoutedEventArgs args)
   在 System.Windows.UIElement.RaiseEvent(RoutedEventArgs e)
   在 System.Windows.Controls.ComboBox.OnSelectionChanged(SelectionChangedEventArgs e)
   在 System.Windows.Controls.Primitives.Selector.InvokeSelectionChanged(List`1 unselectedInfos, List`1 selectedInfos)
   在 System.Windows.Controls.Primitives.Selector.SelectionChanger.End()
   在 System.Windows.Controls.Primitives.Selector.SelectionChanger.SelectJustThisItem(ItemInfo info, Boolean assumeInItemsCollection)
   在 System.Windows.Controls.ComboBox.NotifyComboBoxItemMouseUp(ComboBoxItem comboBoxItem)
   在 System.Windows.Controls.ComboBoxItem.OnMouseLeftButtonUp(MouseButtonEventArgs e)
   在 System.Windows.UIElement.OnMouseLeftButtonUpThunk(Object sender, MouseButtonEventArgs e)
   在 System.Windows.Input.MouseButtonEventArgs.InvokeEventHandler(Delegate genericHandler, Object genericTarget)
   在 System.Windows.RoutedEventArgs.InvokeHandler(Delegate handler, Object target)
   在 System.Windows.RoutedEventHandlerInfo.InvokeHandler(Object target, RoutedEventArgs routedEventArgs)
   在 System.Windows.EventRoute.InvokeHandlersImpl(Object source, RoutedEventArgs args, Boolean reRaised)
   在 System.Windows.UIElement.ReRaiseEventAs(DependencyObject sender, RoutedEventArgs args, RoutedEvent newEvent)
   在 System.Windows.UIElement.OnMouseUpThunk(Object sender, MouseButtonEventArgs e)
   在 System.Windows.Input.MouseButtonEventArgs.InvokeEventHandler(Delegate genericHandler, Object genericTarget)
   在 System.Windows.RoutedEventArgs.InvokeHandler(Delegate handler, Object target)
   在 System.Windows.RoutedEventHandlerInfo.InvokeHandler(Object target, RoutedEventArgs routedEventArgs)
   在 System.Windows.EventRoute.InvokeHandlersImpl(Object source, RoutedEventArgs args, Boolean reRaised)
   在 System.Windows.UIElement.RaiseEventImpl(DependencyObject sender, RoutedEventArgs args)
   在 System.Windows.UIElement.RaiseTrustedEvent(RoutedEventArgs args)
   在 System.Windows.UIElement.RaiseEvent(RoutedEventArgs args, Boolean trusted)
   在 System.Windows.Input.InputManager.ProcessStagingArea()
   在 System.Windows.Input.InputManager.ProcessInput(InputEventArgs input)
   在 System.Windows.Input.InputProviderSite.ReportInput(InputReport inputReport)
   在 System.Windows.Interop.HwndMouseInputProvider.ReportInput(IntPtr hwnd, InputMode mode, Int32 timestamp, RawMouseActions actions, Int32 x, Int32 y, Int32 wheel)
   在 System.Windows.Interop.HwndMouseInputProvider.FilterMessage(IntPtr hwnd, WindowMessage msg, IntPtr wParam, IntPtr lParam, Boolean& handled)
   在 System.Windows.Interop.HwndSource.InputFilterMessage(IntPtr hwnd, Int32 msg, IntPtr wParam, IntPtr lParam, Boolean& handled)
   在 MS.Win32.HwndWrapper.WndProc(IntPtr hwnd, Int32 msg, IntPtr wParam, IntPtr lParam, Boolean& handled)
   在 MS.Win32.HwndSubclass.DispatcherCallbackOperation(Object o)
   在 System.Windows.Threading.ExceptionWrapper.InternalRealCall(Delegate callback, Object args, Int32 numArgs)
   在 System.Windows.Threading.ExceptionWrapper.TryCatchWhen(Object source, Delegate callback, Object args, Int32 numArgs, Delegate catchHandler)
   在 System.Windows.Threading.Dispatcher.LegacyInvokeImpl(DispatcherPriority priority, TimeSpan timeout, Delegate method, Object args, Int32 numArgs)
   在 MS.Win32.HwndSubclass.SubclassWndProc(IntPtr hwnd, Int32 msg, IntPtr wParam, IntPtr lParam)
   在 MS.Win32.UnsafeNativeMethods.DispatchMessage(MSG& msg)
   在 System.Windows.Threading.Dispatcher.PushFrameImpl(DispatcherFrame frame)
   在 System.Windows.Threading.Dispatcher.PushFrame(DispatcherFrame frame)
   在 System.Windows.Window.ShowHelper(Object booleanBox)
   在 System.Windows.Window.Show()
   在 System.Windows.Window.ShowDialog()
   在 AIO.LoginWindow.Login() 位置 f:\Projects\SVN\DY-3000(BX1)\DYitj\xaml\Main\LoginWindow.xaml.cs:行号 114

21:03:35
System.InvalidCastException: 无法将类型为“System.Data.DataRowView”的对象强制转换为类型“AIO.xaml.Dialog.LawsAndRegulations”。
   在 AIO.xaml.Dialog.LawsAndRegulationsWindow.DataGridRecord_SelectionChanged(Object sender, SelectionChangedEventArgs e) 位置 f:\Projects\SVN\DY-3000(BX1)\DYitj\xaml\Dialog\LawsAndRegulationsWindow.xaml.cs:行号 219
   在 System.Windows.Controls.SelectionChangedEventArgs.InvokeEventHandler(Delegate genericHandler, Object genericTarget)
   在 System.Windows.RoutedEventArgs.InvokeHandler(Delegate handler, Object target)
   在 System.Windows.RoutedEventHandlerInfo.InvokeHandler(Object target, RoutedEventArgs routedEventArgs)
   在 System.Windows.EventRoute.InvokeHandlersImpl(Object source, RoutedEventArgs args, Boolean reRaised)
   在 System.Windows.UIElement.RaiseEventImpl(DependencyObject sender, RoutedEventArgs args)
   在 System.Windows.UIElement.RaiseEvent(RoutedEventArgs e)
   在 System.Windows.Controls.DataGrid.OnSelectionChanged(SelectionChangedEventArgs e)
   在 System.Windows.Controls.Primitives.Selector.InvokeSelectionChanged(List`1 unselectedInfos, List`1 selectedInfos)
   在 System.Windows.Controls.Primitives.Selector.SelectionChanger.End()
   在 System.Windows.Controls.SelectedItemCollection.EndUpdateSelectedItems()
   在 System.Windows.Controls.Primitives.MultiSelector.EndUpdateSelectedItems()
   在 System.Windows.Controls.DataGrid.MakeFullRowSelection(ItemInfo info, Boolean allowsExtendSelect, Boolean allowsMinimalSelect)
   在 System.Windows.Controls.DataGrid.HandleSelectionForCellInput(DataGridCell cell, Boolean startDragging, Boolean allowsExtendSelect, Boolean allowsMinimalSelect)
   在 System.Windows.Controls.DataGridCell.OnAnyMouseLeftButtonDown(MouseButtonEventArgs e)
   在 System.Windows.Controls.DataGridCell.OnAnyMouseLeftButtonDownThunk(Object sender, MouseButtonEventArgs e)
   在 System.Windows.Input.MouseButtonEventArgs.InvokeEventHandler(Delegate genericHandler, Object genericTarget)
   在 System.Windows.RoutedEventArgs.InvokeHandler(Delegate handler, Object target)
   在 System.Windows.RoutedEventHandlerInfo.InvokeHandler(Object target, RoutedEventArgs routedEventArgs)
   在 System.Windows.EventRoute.InvokeHandlersImpl(Object source, RoutedEventArgs args, Boolean reRaised)
   在 System.Windows.UIElement.ReRaiseEventAs(DependencyObject sender, RoutedEventArgs args, RoutedEvent newEvent)
   在 System.Windows.UIElement.OnMouseDownThunk(Object sender, MouseButtonEventArgs e)
   在 System.Windows.Input.MouseButtonEventArgs.InvokeEventHandler(Delegate genericHandler, Object genericTarget)
   在 System.Windows.RoutedEventArgs.InvokeHandler(Delegate handler, Object target)
   在 System.Windows.RoutedEventHandlerInfo.InvokeHandler(Object target, RoutedEventArgs routedEventArgs)
   在 System.Windows.EventRoute.InvokeHandlersImpl(Object source, RoutedEventArgs args, Boolean reRaised)
   在 System.Windows.UIElement.RaiseEventImpl(DependencyObject sender, RoutedEventArgs args)
   在 System.Windows.UIElement.RaiseTrustedEvent(RoutedEventArgs args)
   在 System.Windows.UIElement.RaiseEvent(RoutedEventArgs args, Boolean trusted)
   在 System.Windows.Input.InputManager.ProcessStagingArea()
   在 System.Windows.Input.InputManager.ProcessInput(InputEventArgs input)
   在 System.Windows.Input.InputProviderSite.ReportInput(InputReport inputReport)
   在 System.Windows.Interop.HwndMouseInputProvider.ReportInput(IntPtr hwnd, InputMode mode, Int32 timestamp, RawMouseActions actions, Int32 x, Int32 y, Int32 wheel)
   在 System.Windows.Interop.HwndMouseInputProvider.FilterMessage(IntPtr hwnd, WindowMessage msg, IntPtr wParam, IntPtr lParam, Boolean& handled)
   在 System.Windows.Interop.HwndSource.InputFilterMessage(IntPtr hwnd, Int32 msg, IntPtr wParam, IntPtr lParam, Boolean& handled)
   在 MS.Win32.HwndWrapper.WndProc(IntPtr hwnd, Int32 msg, IntPtr wParam, IntPtr lParam, Boolean& handled)
   在 MS.Win32.HwndSubclass.DispatcherCallbackOperation(Object o)
   在 System.Windows.Threading.ExceptionWrapper.InternalRealCall(Delegate callback, Object args, Int32 numArgs)
   在 System.Windows.Threading.ExceptionWrapper.TryCatchWhen(Object source, Delegate callback, Object args, Int32 numArgs, Delegate catchHandler)
   在 System.Windows.Threading.Dispatcher.LegacyInvokeImpl(DispatcherPriority priority, TimeSpan timeout, Delegate method, Object args, Int32 numArgs)
   在 MS.Win32.HwndSubclass.SubclassWndProc(IntPtr hwnd, Int32 msg, IntPtr wParam, IntPtr lParam)
   在 MS.Win32.UnsafeNativeMethods.DispatchMessage(MSG& msg)
   在 System.Windows.Threading.Dispatcher.PushFrameImpl(DispatcherFrame frame)
   在 System.Windows.Threading.Dispatcher.PushFrame(DispatcherFrame frame)
   在 System.Windows.Window.ShowHelper(Object booleanBox)
   在 System.Windows.Window.Show()
   在 System.Windows.Window.ShowDialog()
   在 AIO.xaml.Main.DataManagementWindow.Btn_KnowledgeBaseWindow_Click(Object sender, RoutedEventArgs e) 位置 f:\Projects\SVN\DY-3000(BX1)\DYitj\xaml\Main\DataManagementWindow.xaml.cs:行号 120
   在 System.Windows.RoutedEventHandlerInfo.InvokeHandler(Object target, RoutedEventArgs routedEventArgs)
   在 System.Windows.EventRoute.InvokeHandlersImpl(Object source, RoutedEventArgs args, Boolean reRaised)
   在 System.Windows.UIElement.RaiseEventImpl(DependencyObject sender, RoutedEventArgs args)
   在 System.Windows.UIElement.RaiseEvent(RoutedEventArgs e)
   在 System.Windows.Controls.Primitives.ButtonBase.OnClick()
   在 System.Windows.Controls.Button.OnClick()
   在 System.Windows.Controls.Primitives.ButtonBase.OnMouseLeftButtonUp(MouseButtonEventArgs e)
   在 System.Windows.UIElement.OnMouseLeftButtonUpThunk(Object sender, MouseButtonEventArgs e)
   在 System.Windows.Input.MouseButtonEventArgs.InvokeEventHandler(Delegate genericHandler, Object genericTarget)
   在 System.Windows.RoutedEventArgs.InvokeHandler(Delegate handler, Object target)
   在 System.Windows.RoutedEventHandlerInfo.InvokeHandler(Object target, RoutedEventArgs routedEventArgs)
   在 System.Windows.EventRoute.InvokeHandlersImpl(Object source, RoutedEventArgs args, Boolean reRaised)
   在 System.Windows.UIElement.ReRaiseEventAs(DependencyObject sender, RoutedEventArgs args, RoutedEvent newEvent)
   在 System.Windows.UIElement.OnMouseUpThunk(Object sender, MouseButtonEventArgs e)
   在 System.Windows.Input.MouseButtonEventArgs.InvokeEventHandler(Delegate genericHandler, Object genericTarget)
   在 System.Windows.RoutedEventArgs.InvokeHandler(Delegate handler, Object target)
   在 System.Windows.RoutedEventHandlerInfo.InvokeHandler(Object target, RoutedEventArgs routedEventArgs)
   在 System.Windows.EventRoute.InvokeHandlersImpl(Object source, RoutedEventArgs args, Boolean reRaised)
   在 System.Windows.UIElement.RaiseEventImpl(DependencyObject sender, RoutedEventArgs args)
   在 System.Windows.UIElement.RaiseTrustedEvent(RoutedEventArgs args)
   在 System.Windows.UIElement.RaiseEvent(RoutedEventArgs args, Boolean trusted)
   在 System.Windows.Input.InputManager.ProcessStagingArea()
   在 System.Windows.Input.InputManager.ProcessInput(InputEventArgs input)
   在 System.Windows.Input.InputProviderSite.ReportInput(InputReport inputReport)
   在 System.Windows.Interop.HwndMouseInputProvider.ReportInput(IntPtr hwnd, InputMode mode, Int32 timestamp, RawMouseActions actions, Int32 x, Int32 y, Int32 wheel)
   在 System.Windows.Interop.HwndMouseInputProvider.FilterMessage(IntPtr hwnd, WindowMessage msg, IntPtr wParam, IntPtr lParam, Boolean& handled)
   在 System.Windows.Interop.HwndSource.InputFilterMessage(IntPtr hwnd, Int32 msg, IntPtr wParam, IntPtr lParam, Boolean& handled)
   在 MS.Win32.HwndWrapper.WndProc(IntPtr hwnd, Int32 msg, IntPtr wParam, IntPtr lParam, Boolean& handled)
   在 MS.Win32.HwndSubclass.DispatcherCallbackOperation(Object o)
   在 System.Windows.Threading.ExceptionWrapper.InternalRealCall(Delegate callback, Object args, Int32 numArgs)
   在 System.Windows.Threading.ExceptionWrapper.TryCatchWhen(Object source, Delegate callback, Object args, Int32 numArgs, Delegate catchHandler)
   在 System.Windows.Threading.Dispatcher.LegacyInvokeImpl(DispatcherPriority priority, TimeSpan timeout, Delegate method, Object args, Int32 numArgs)
   在 MS.Win32.HwndSubclass.SubclassWndProc(IntPtr hwnd, Int32 msg, IntPtr wParam, IntPtr lParam)
   在 MS.Win32.UnsafeNativeMethods.DispatchMessage(MSG& msg)
   在 System.Windows.Threading.Dispatcher.PushFrameImpl(DispatcherFrame frame)
   在 System.Windows.Threading.Dispatcher.PushFrame(DispatcherFrame frame)
   在 System.Windows.Window.ShowHelper(Object booleanBox)
   在 System.Windows.Window.Show()
   在 System.Windows.Window.ShowDialog()
   在 AIO.LoginWindow.Login() 位置 f:\Projects\SVN\DY-3000(BX1)\DYitj\xaml\Main\LoginWindow.xaml.cs:行号 114

