20:29:47
System.NullReferenceException: 未将对象引用设置到对象的实例。
   在 AIO.xaml.Dialog.FoodCategoriesWindow.GetChangedNode(List`1 nodes, String val) 位置 f:\Projects\SVN\DY-3000(BX1)\DYitj\xaml\Dialog\FoodCategoriesWindow.xaml.cs:行号 168
   在 AIO.xaml.Dialog.FoodCategoriesWindow.GetChangedNode(List`1 nodes, String val) 位置 f:\Projects\SVN\DY-3000(BX1)\DYitj\xaml\Dialog\FoodCategoriesWindow.xaml.cs:行号 169
   在 AIO.xaml.Dialog.FoodCategoriesWindow.GetChangedNode(List`1 nodes, String val) 位置 f:\Projects\SVN\DY-3000(BX1)\DYitj\xaml\Dialog\FoodCategoriesWindow.xaml.cs:行号 169
   在 AIO.xaml.Dialog.FoodCategoriesWindow.GetChangedNode(List`1 nodes, String val) 位置 f:\Projects\SVN\DY-3000(BX1)\DYitj\xaml\Dialog\FoodCategoriesWindow.xaml.cs:行号 169
   在 AIO.xaml.Dialog.FoodCategoriesWindow.TxtName_TextChanged(Object sender, TextChangedEventArgs e) 位置 f:\Projects\SVN\DY-3000(BX1)\DYitj\xaml\Dialog\FoodCategoriesWindow.xaml.cs:行号 200
   在 System.Windows.Controls.TextChangedEventArgs.InvokeEventHandler(Delegate genericHandler, Object genericTarget)
   在 System.Windows.RoutedEventArgs.InvokeHandler(Delegate handler, Object target)
   在 System.Windows.RoutedEventHandlerInfo.InvokeHandler(Object target, RoutedEventArgs routedEventArgs)
   在 System.Windows.EventRoute.InvokeHandlersImpl(Object source, RoutedEventArgs args, Boolean reRaised)
   在 System.Windows.UIElement.RaiseEventImpl(DependencyObject sender, RoutedEventArgs args)
   在 System.Windows.UIElement.RaiseEvent(RoutedEventArgs e)
   在 System.Windows.Controls.Primitives.TextBoxBase.OnTextChanged(TextChangedEventArgs e)
   在 System.Windows.Controls.Primitives.TextBoxBase.OnTextContainerChanged(Object sender, TextContainerChangedEventArgs e)
   在 System.Windows.Controls.TextBox.OnTextContainerChanged(Object sender, TextContainerChangedEventArgs e)
   在 System.Windows.Documents.TextContainerChangedEventHandler.Invoke(Object sender, TextContainerChangedEventArgs e)
   在 System.Windows.Documents.TextContainer.EndChange(Boolean skipEvents)
   在 System.Windows.Documents.TextContainer.System.Windows.Documents.ITextContainer.EndChange(Boolean skipEvents)
   在 System.Windows.Documents.TextRangeBase.EndChange(ITextRange thisRange, Boolean disableScroll, Boolean skipEvents)
   在 System.Windows.Documents.TextRange.System.Windows.Documents.ITextRange.EndChange(Boolean disableScroll, Boolean skipEvents)
   在 System.Windows.Documents.TextRange.ChangeBlock.System.IDisposable.Dispose()
   在 System.Windows.Documents.TextEditorTyping.DoTextInput(TextEditor This, String textData, Boolean isInsertKeyToggled, Boolean acceptControlCharacters)
   在 System.Windows.Documents.TextEditorTyping.TextInputItem.Do()
   在 System.Windows.Documents.TextEditorTyping.ScheduleInput(TextEditor This, InputItem item)
   在 System.Windows.Documents.TextEditorTyping.OnSpace(Object sender, ExecutedRoutedEventArgs e)
   在 System.Windows.Input.CommandBinding.OnExecuted(Object sender, ExecutedRoutedEventArgs e)
   在 System.Windows.Input.CommandManager.ExecuteCommandBinding(Object sender, ExecutedRoutedEventArgs e, CommandBinding commandBinding)
   在 System.Windows.Input.CommandManager.FindCommandBinding(Object sender, RoutedEventArgs e, ICommand command, Boolean execute)
   在 System.Windows.Input.CommandManager.OnExecuted(Object sender, ExecutedRoutedEventArgs e)
   在 System.Windows.UIElement.OnExecutedThunk(Object sender, ExecutedRoutedEventArgs e)
   在 System.Windows.Input.ExecutedRoutedEventArgs.InvokeEventHandler(Delegate genericHandler, Object target)
   在 System.Windows.RoutedEventArgs.InvokeHandler(Delegate handler, Object target)
   在 System.Windows.RoutedEventHandlerInfo.InvokeHandler(Object target, RoutedEventArgs routedEventArgs)
   在 System.Windows.EventRoute.InvokeHandlersImpl(Object source, RoutedEventArgs args, Boolean reRaised)
   在 System.Windows.UIElement.RaiseEventImpl(DependencyObject sender, RoutedEventArgs args)
   在 System.Windows.UIElement.RaiseTrustedEvent(RoutedEventArgs args)
   在 System.Windows.UIElement.RaiseEvent(RoutedEventArgs args, Boolean trusted)
   在 System.Windows.Input.RoutedCommand.ExecuteImpl(Object parameter, IInputElement target, Boolean userInitiated)
   在 System.Windows.Input.RoutedCommand.ExecuteCore(Object parameter, IInputElement target, Boolean userInitiated)
   在 System.Windows.Input.CommandManager.TranslateInput(IInputElement targetElement, InputEventArgs inputEventArgs)
   在 System.Windows.UIElement.OnKeyDownThunk(Object sender, KeyEventArgs e)
   在 System.Windows.Input.KeyEventArgs.InvokeEventHandler(Delegate genericHandler, Object genericTarget)
   在 System.Windows.RoutedEventArgs.InvokeHandler(Delegate handler, Object target)
   在 System.Windows.RoutedEventHandlerInfo.InvokeHandler(Object target, RoutedEventArgs routedEventArgs)
   在 System.Windows.EventRoute.InvokeHandlersImpl(Object source, RoutedEventArgs args, Boolean reRaised)
   在 System.Windows.UIElement.RaiseEventImpl(DependencyObject sender, RoutedEventArgs args)
   在 System.Windows.UIElement.RaiseTrustedEvent(RoutedEventArgs args)
   在 System.Windows.UIElement.RaiseEvent(RoutedEventArgs args, Boolean trusted)
   在 System.Windows.Input.InputManager.ProcessStagingArea()
   在 System.Windows.Input.InputManager.ProcessInput(InputEventArgs input)
   在 System.Windows.Input.InputProviderSite.ReportInput(InputReport inputReport)
   在 System.Windows.Interop.HwndKeyboardInputProvider.ReportInput(IntPtr hwnd, InputMode mode, Int32 timestamp, RawKeyboardActions actions, Int32 scanCode, Boolean isExtendedKey, Boolean isSystemKey, Int32 virtualKey)
   在 System.Windows.Interop.HwndKeyboardInputProvider.ProcessKeyAction(MSG& msg, Boolean& handled)
   在 System.Windows.Interop.HwndSource.CriticalTranslateAccelerator(MSG& msg, ModifierKeys modifiers)
   在 System.Windows.Interop.HwndSource.OnPreprocessMessage(Object param)
   在 System.Windows.Threading.ExceptionWrapper.InternalRealCall(Delegate callback, Object args, Int32 numArgs)
   在 System.Windows.Threading.ExceptionWrapper.TryCatchWhen(Object source, Delegate callback, Object args, Int32 numArgs, Delegate catchHandler)
   在 System.Windows.Threading.Dispatcher.LegacyInvokeImpl(DispatcherPriority priority, TimeSpan timeout, Delegate method, Object args, Int32 numArgs)
   在 System.Windows.Threading.Dispatcher.Invoke(DispatcherPriority priority, Delegate method, Object arg)
   在 System.Windows.Interop.HwndSource.OnPreprocessMessageThunk(MSG& msg, Boolean& handled)
   在 System.Windows.Interop.HwndSource.WeakEventPreprocessMessage.OnPreprocessMessage(MSG& msg, Boolean& handled)
   在 System.Windows.Interop.ThreadMessageEventHandler.Invoke(MSG& msg, Boolean& handled)
   在 System.Windows.Interop.ComponentDispatcherThread.RaiseThreadMessage(MSG& msg)
   在 System.Windows.Threading.Dispatcher.PushFrameImpl(DispatcherFrame frame)
   在 System.Windows.Threading.Dispatcher.PushFrame(DispatcherFrame frame)
   在 System.Windows.Window.ShowHelper(Object booleanBox)
   在 System.Windows.Window.Show()
   在 System.Windows.Window.ShowDialog()
   在 AIO.LoginWindow.Login() 位置 f:\Projects\SVN\DY-3000(BX1)\DYitj\xaml\Main\LoginWindow.xaml.cs:行号 109

