09:40:20
datas[T + 1] - datas[T]的值7.40000000000055，datas[strartT] - datas[T]的值66.2000000000007,datas[strartT+1] - datas[T]的值51.4000000000005

09:40:20
datas[T + 1] - datas[T]的值17.5，datas[strartT] - datas[T]的值119.1,datas[strartT+1] - datas[T]的值91.5

09:41:02
datas[T + 1] - datas[T]的值11，datas[strartT] - datas[T]的值47.8999999999996,datas[strartT+1] - datas[T]的值34.5

09:41:02
datas[T + 1] - datas[T]的值11.9000000000005，datas[strartT] - datas[T]的值99.5,datas[strartT+1] - datas[T]的值75.5

09:42:13
datas[T + 1] - datas[T]的值4.70000000000073，datas[strartT] - datas[T]的值83.1000000000004,datas[strartT+1] - datas[T]的值64.2000000000007

09:42:14
datas[T + 1] - datas[T]的值8，datas[strartT] - datas[T]的值110.3,datas[strartT+1] - datas[T]的值84.8000000000002

09:43:58
datas[T + 1] - datas[T]的值12.6999999999998，datas[strartT] - datas[T]的值179.6,datas[strartT+1] - datas[T]的值138.1

09:48:18
datas[T + 1] - datas[T]的值18.9000000000005，datas[strartT] - datas[T]的值141.5,datas[strartT+1] - datas[T]的值102

10:02:18
datas[T + 1] - datas[T]的值23.3999999999996，datas[strartT] - datas[T]的值151.9,datas[strartT+1] - datas[T]的值111

10:02:34
datas[T + 1] - datas[T]的值17.1999999999998，datas[strartT] - datas[T]的值172.6,datas[strartT+1] - datas[T]的值131.2

10:02:49
datas[T + 1] - datas[T]的值21.1999999999998，datas[strartT] - datas[T]的值156.900000000001,datas[strartT+1] - datas[T]的值113.7

10:03:09
datas[T + 1] - datas[T]的值17，datas[strartT] - datas[T]的值183.400000000001,datas[strartT+1] - datas[T]的值141.400000000001

10:03:26
datas[T + 1] - datas[T]的值23.1999999999998，datas[strartT] - datas[T]的值139.3,datas[strartT+1] - datas[T]的值96.6999999999998

10:03:54
datas[T + 1] - datas[T]的值19.5，datas[strartT] - datas[T]的值142.5,datas[strartT+1] - datas[T]的值101.5

10:04:19
datas[T + 1] - datas[T]的值17，datas[strartT] - datas[T]的值166.599999999999,datas[strartT+1] - datas[T]的值123.299999999999

10:07:49
datas[T + 1] - datas[T]的值20.4000000000005，datas[strartT] - datas[T]的值163.6,datas[strartT+1] - datas[T]的值122

10:30:22
datas[T + 1] - datas[T]的值12.4000000000005，datas[strartT] - datas[T]的值128.8,datas[strartT+1] - datas[T]的值99.6000000000004

10:30:49
datas[T + 1] - datas[T]的值21.5999999999995，datas[strartT] - datas[T]的值150.7,datas[strartT+1] - datas[T]的值110.5

10:31:17
datas[T + 1] - datas[T]的值15.9000000000005，datas[strartT] - datas[T]的值168.1,datas[strartT+1] - datas[T]的值128.400000000001

10:33:47
datas[T + 1] - datas[T]的值22.6000000000004，datas[strartT] - datas[T]的值133.400000000001,datas[strartT+1] - datas[T]的值93.1999999999998

10:34:23
datas[T + 1] - datas[T]的值21.4000000000005，datas[strartT] - datas[T]的值150.3,datas[strartT+1] - datas[T]的值109.7

10:34:47
datas[T + 1] - datas[T]的值9.80000000000018，datas[strartT] - datas[T]的值36.6000000000004,datas[strartT+1] - datas[T]的值24.7000000000007

10:34:47
datas[T + 1] - datas[T]的值17.5，datas[strartT] - datas[T]的值115.099999999999,datas[strartT+1] - datas[T]的值91.3999999999996

10:35:04
datas[T + 1] - datas[T]的值6.29999999999927，datas[strartT] - datas[T]的值46.5,datas[strartT+1] - datas[T]的值33.5999999999995

10:35:04
datas[T + 1] - datas[T]的值16.7000000000007，datas[strartT] - datas[T]的值118.3,datas[strartT+1] - datas[T]的值94

10:37:38
datas[T + 1] - datas[T]的值8.90000000000055，datas[strartT] - datas[T]的值65.3000000000002,datas[strartT+1] - datas[T]的值56.4000000000005

10:37:38
datas[T + 1] - datas[T]的值20.8000000000002，datas[strartT] - datas[T]的值116.900000000001,datas[strartT+1] - datas[T]的值93

10:38:12
datas[T + 1] - datas[T]的值7.29999999999927，datas[strartT] - datas[T]的值36.0999999999995,datas[strartT+1] - datas[T]的值27.2999999999993

10:38:12
datas[T + 1] - datas[T]的值16.5999999999995，datas[strartT] - datas[T]的值134.099999999999,datas[strartT+1] - datas[T]的值104.799999999999

10:38:28
datas[T + 1] - datas[T]的值6.80000000000018，datas[strartT] - datas[T]的值68.3000000000002,datas[strartT+1] - datas[T]的值55.8999999999996

10:38:28
datas[T + 1] - datas[T]的值9.69999999999982，datas[strartT] - datas[T]的值104.7,datas[strartT+1] - datas[T]的值82.1000000000004

10:38:49
datas[T + 1] - datas[T]的值18.6000000000004，datas[strartT] - datas[T]的值194.3,datas[strartT+1] - datas[T]的值146

10:39:18
datas[T + 1] - datas[T]的值13.5，datas[strartT] - datas[T]的值180.3,datas[strartT+1] - datas[T]的值126.8

10:39:36
datas[T + 1] - datas[T]的值14.5999999999995，datas[strartT] - datas[T]的值144.2,datas[strartT+1] - datas[T]的值99.5999999999995

10:40:05
datas[T + 1] - datas[T]的值9.69999999999982，datas[strartT] - datas[T]的值95,datas[strartT+1] - datas[T]的值67

10:40:05
datas[T + 1] - datas[T]的值6.60000000000036，datas[strartT] - datas[T]的值42.1000000000004,datas[strartT+1] - datas[T]的值37

10:40:22
datas[T + 1] - datas[T]的值14.1000000000004，datas[strartT] - datas[T]的值114.3,datas[strartT+1] - datas[T]的值81.6000000000004

10:40:22
datas[T + 1] - datas[T]的值5.80000000000018，datas[strartT] - datas[T]的值7.5,datas[strartT+1] - datas[T]的值6.19999999999982

10:40:47
datas[T + 1] - datas[T]的值15.3000000000002，datas[strartT] - datas[T]的值119,datas[strartT+1] - datas[T]的值89.9000000000005

10:41:08
datas[T + 1] - datas[T]的值5.59999999999945，datas[strartT] - datas[T]的值92.1999999999998,datas[strartT+1] - datas[T]的值77.8000000000002

10:41:08
datas[T + 1] - datas[T]的值15.4000000000005，datas[strartT] - datas[T]的值28.1999999999998,datas[strartT+1] - datas[T]的值14.6000000000004

10:41:28
datas[T + 1] - datas[T]的值8.19999999999982，datas[strartT] - datas[T]的值81.0999999999995,datas[strartT+1] - datas[T]的值61.6999999999998

10:41:28
datas[T + 1] - datas[T]的值2.90000000000055，datas[strartT] - datas[T]的值68.6000000000004,datas[strartT+1] - datas[T]的值52.3000000000002

10:41:49
datas[T + 1] - datas[T]的值10.5，datas[strartT] - datas[T]的值108.700000000001,datas[strartT+1] - datas[T]的值81.9000000000005

10:41:49
datas[T + 1] - datas[T]的值3.89999999999964，datas[strartT] - datas[T]的值4.89999999999964,datas[strartT+1] - datas[T]的值3.89999999999964

10:42:10
datas[T + 1] - datas[T]的值26.9000000000005，datas[strartT] - datas[T]的值233.7,datas[strartT+1] - datas[T]的值177.3

10:42:31
datas[T + 1] - datas[T]的值18.3999999999996，datas[strartT] - datas[T]的值112.1,datas[strartT+1] - datas[T]的值81.6999999999989

10:42:31
datas[T + 1] - datas[T]的值40.1999999999998，datas[strartT] - datas[T]的值247.5,datas[strartT+1] - datas[T]的值180

10:42:51
datas[T + 1] - datas[T]的值6.90000000000146，datas[strartT] - datas[T]的值88.1000000000004,datas[strartT+1] - datas[T]的值66

10:42:51
datas[T + 1] - datas[T]的值24.1999999999998，datas[strartT] - datas[T]的值275.599999999999,datas[strartT+1] - datas[T]的值214.9

10:43:12
datas[T + 1] - datas[T]的值17，datas[strartT] - datas[T]的值150.9,datas[strartT+1] - datas[T]的值123.9

10:43:12
datas[T + 1] - datas[T]的值48.8999999999996，datas[strartT] - datas[T]的值570.700000000001,datas[strartT+1] - datas[T]的值393.1

10:43:31
datas[T + 1] - datas[T]的值19.5999999999995，datas[strartT] - datas[T]的值165.9,datas[strartT+1] - datas[T]的值133.799999999999

10:43:31
datas[T + 1] - datas[T]的值62，datas[strartT] - datas[T]的值567.599999999999,datas[strartT+1] - datas[T]的值386.799999999999

10:44:31
datas[T + 1] - datas[T]的值16.8999999999996，datas[strartT] - datas[T]的值166,datas[strartT+1] - datas[T]的值132.599999999999

10:44:31
datas[T + 1] - datas[T]的值44.3999999999996，datas[strartT] - datas[T]的值568.799999999999,datas[strartT+1] - datas[T]的值398.199999999999

10:44:56
datas[T + 1] - datas[T]的值15.5，datas[strartT] - datas[T]的值167.8,datas[strartT+1] - datas[T]的值128.5

10:45:31
datas[T + 1] - datas[T]的值16.1999999999998，datas[strartT] - datas[T]的值151.7,datas[strartT+1] - datas[T]的值112.7

10:45:31
datas[T + 1] - datas[T]的值9.60000000000036，datas[strartT] - datas[T]的值12.8999999999996,datas[strartT+1] - datas[T]的值9.89999999999964

10:49:12
datas[T + 1] - datas[T]的值20.6000000000004，datas[strartT] - datas[T]的值169.900000000001,datas[strartT+1] - datas[T]的值132.200000000001

10:49:30
datas[T + 1] - datas[T]的值14，datas[strartT] - datas[T]的值161.099999999999,datas[strartT+1] - datas[T]的值117.9

10:49:30
datas[T + 1] - datas[T]的值8.10000000000036，datas[strartT] - datas[T]的值17.8999999999996,datas[strartT+1] - datas[T]的值17.1000000000004

10:50:05
datas[T + 1] - datas[T]的值11.1000000000004，datas[strartT] - datas[T]的值81.5,datas[strartT+1] - datas[T]的值51.3999999999996

10:50:21
datas[T + 1] - datas[T]的值12.8000000000002，datas[strartT] - datas[T]的值106.7,datas[strartT+1] - datas[T]的值75.8999999999996

10:50:48
datas[T + 1] - datas[T]的值17.8999999999996，datas[strartT] - datas[T]的值85.5,datas[strartT+1] - datas[T]的值56.5999999999995

10:50:48
datas[T + 1] - datas[T]的值7.5，datas[strartT] - datas[T]的值16.7000000000007,datas[strartT+1] - datas[T]的值15.8000000000002

10:51:08
datas[T + 1] - datas[T]的值14.8000000000002，datas[strartT] - datas[T]的值79.5,datas[strartT+1] - datas[T]的值53.5

10:51:08
datas[T + 1] - datas[T]的值8.09999999999945，datas[strartT] - datas[T]的值40.1999999999998,datas[strartT+1] - datas[T]的值29.1999999999998

10:51:30
datas[T + 1] - datas[T]的值17.4000000000005，datas[strartT] - datas[T]的值80.6000000000004,datas[strartT+1] - datas[T]的值55.1999999999998

10:51:30
datas[T + 1] - datas[T]的值12.5，datas[strartT] - datas[T]的值88.3000000000002,datas[strartT+1] - datas[T]的值67

10:51:48
datas[T + 1] - datas[T]的值17.3999999999996，datas[strartT] - datas[T]的值133.3,datas[strartT+1] - datas[T]的值88

10:52:06
datas[T + 1] - datas[T]的值17.3000000000002，datas[strartT] - datas[T]的值139,datas[strartT+1] - datas[T]的值97.6000000000004

10:52:21
datas[T + 1] - datas[T]的值12，datas[strartT] - datas[T]的值121.9,datas[strartT+1] - datas[T]的值85.3999999999996

10:52:46
datas[T + 1] - datas[T]的值19.9000000000005，datas[strartT] - datas[T]的值142.3,datas[strartT+1] - datas[T]的值106.1

10:53:06
datas[T + 1] - datas[T]的值8.89999999999964，datas[strartT] - datas[T]的值154.5,datas[strartT+1] - datas[T]的值117.2

10:53:27
datas[T + 1] - datas[T]的值3.59999999999945，datas[strartT] - datas[T]的值100.2,datas[strartT+1] - datas[T]的值85

10:53:27
datas[T + 1] - datas[T]的值10.5，datas[strartT] - datas[T]的值90,datas[strartT+1] - datas[T]的值69.3000000000011

10:54:09
datas[T + 1] - datas[T]的值19.8000000000002，datas[strartT] - datas[T]的值79.1000000000004,datas[strartT+1] - datas[T]的值54.3999999999996

10:54:09
datas[T + 1] - datas[T]的值14.7999999999993，datas[strartT] - datas[T]的值84.7999999999993,datas[strartT+1] - datas[T]的值56.6999999999989

10:54:27
datas[T + 1] - datas[T]的值20.5999999999995，datas[strartT] - datas[T]的值61.0999999999995,datas[strartT+1] - datas[T]的值44.3000000000002

10:54:27
datas[T + 1] - datas[T]的值14.8000000000011，datas[strartT] - datas[T]的值81.8000000000011,datas[strartT+1] - datas[T]的值53.8999999999996

10:54:58
datas[T + 1] - datas[T]的值15.8999999999996，datas[strartT] - datas[T]的值145.9,datas[strartT+1] - datas[T]的值108.799999999999

10:54:58
datas[T + 1] - datas[T]的值5.20000000000073，datas[strartT] - datas[T]的值78.7000000000007,datas[strartT+1] - datas[T]的值64.1000000000004

10:55:23
datas[T + 1] - datas[T]的值18.3000000000002，datas[strartT] - datas[T]的值132.6,datas[strartT+1] - datas[T]的值93.5

10:55:23
datas[T + 1] - datas[T]的值10.6000000000004，datas[strartT] - datas[T]的值71.1999999999998,datas[strartT+1] - datas[T]的值61.4000000000005

10:55:39
datas[T + 1] - datas[T]的值8，datas[strartT] - datas[T]的值157.5,datas[strartT+1] - datas[T]的值117.5

10:55:39
datas[T + 1] - datas[T]的值10.5，datas[strartT] - datas[T]的值74.1999999999998,datas[strartT+1] - datas[T]的值66

10:55:57
datas[T + 1] - datas[T]的值7.60000000000036，datas[strartT] - datas[T]的值165.8,datas[strartT+1] - datas[T]的值129.400000000001

10:55:57
datas[T + 1] - datas[T]的值15.6000000000004，datas[strartT] - datas[T]的值78.1999999999998,datas[strartT+1] - datas[T]的值69

10:56:21
datas[T + 1] - datas[T]的值13.8999999999996，datas[strartT] - datas[T]的值101.099999999999,datas[strartT+1] - datas[T]的值73.3999999999996

10:56:41
datas[T + 1] - datas[T]的值24，datas[strartT] - datas[T]的值118.700000000001,datas[strartT+1] - datas[T]的值94.4000000000015

10:57:38
datas[T + 1] - datas[T]的值21.5，datas[strartT] - datas[T]的值108.4,datas[strartT+1] - datas[T]的值80.3999999999996

10:58:12
datas[T + 1] - datas[T]的值17.5999999999995，datas[strartT] - datas[T]的值111.799999999999,datas[strartT+1] - datas[T]的值86.3999999999996

10:58:29
datas[T + 1] - datas[T]的值23.6999999999998，datas[strartT] - datas[T]的值97.5999999999995,datas[strartT+1] - datas[T]的值70.5999999999995

10:58:58
datas[T + 1] - datas[T]的值13.0999999999995，datas[strartT] - datas[T]的值123.9,datas[strartT+1] - datas[T]的值94.5999999999995

10:59:17
datas[T + 1] - datas[T]的值15.5，datas[strartT] - datas[T]的值45.0999999999995,datas[strartT+1] - datas[T]的值37.8000000000002

10:59:17
datas[T + 1] - datas[T]的值11.5，datas[strartT] - datas[T]的值106.9,datas[strartT+1] - datas[T]的值77.8000000000011

10:59:42
datas[T + 1] - datas[T]的值13.3999999999996，datas[strartT] - datas[T]的值65.8000000000002,datas[strartT+1] - datas[T]的值51.3000000000002

10:59:42
datas[T + 1] - datas[T]的值14.1000000000004，datas[strartT] - datas[T]的值88.6000000000004,datas[strartT+1] - datas[T]的值69.8000000000011

10:59:59
datas[T + 1] - datas[T]的值9，datas[strartT] - datas[T]的值85.5,datas[strartT+1] - datas[T]的值67.7999999999993

10:59:59
datas[T + 1] - datas[T]的值9.5，datas[strartT] - datas[T]的值92.1999999999989,datas[strartT+1] - datas[T]的值79.6999999999989

11:01:12
datas[T + 1] - datas[T]的值9.89999999999964，datas[strartT] - datas[T]的值59.5,datas[strartT+1] - datas[T]的值46.3000000000002

11:01:12
datas[T + 1] - datas[T]的值13.6999999999989，datas[strartT] - datas[T]的值95.5999999999985,datas[strartT+1] - datas[T]的值73.0999999999985

11:01:52
datas[T + 1] - datas[T]的值15，datas[strartT] - datas[T]的值104.3,datas[strartT+1] - datas[T]的值77.9000000000005

11:01:52
datas[T + 1] - datas[T]的值13.4000000000005，datas[strartT] - datas[T]的值39.9000000000005,datas[strartT+1] - datas[T]的值34.8000000000002

11:02:22
datas[T + 1] - datas[T]的值9.60000000000036，datas[strartT] - datas[T]的值105.4,datas[strartT+1] - datas[T]的值81.3000000000002

11:02:40
datas[T + 1] - datas[T]的值24.4000000000005，datas[strartT] - datas[T]的值58.4000000000005,datas[strartT+1] - datas[T]的值36.6000000000004

11:02:59
datas[T + 1] - datas[T]的值18，datas[strartT] - datas[T]的值97.6000000000004,datas[strartT+1] - datas[T]的值73.6999999999998

11:02:59
datas[T + 1] - datas[T]的值21.8999999999996，datas[strartT] - datas[T]的值30.8000000000002,datas[strartT+1] - datas[T]的值25.8000000000002

11:03:36
datas[T + 1] - datas[T]的值15.4000000000005，datas[strartT] - datas[T]的值51.9000000000005,datas[strartT+1] - datas[T]的值35.2000000000007

11:03:36
datas[T + 1] - datas[T]的值16.8000000000002，datas[strartT] - datas[T]的值15.5,datas[strartT+1] - datas[T]的值12.2000000000007

11:04:00
datas[T + 1] - datas[T]的值6.10000000000036，datas[strartT] - datas[T]的值62.2000000000007,datas[strartT+1] - datas[T]的值46.8999999999996

11:04:41
datas[T + 1] - datas[T]的值13.8000000000011，datas[strartT] - datas[T]的值54.1000000000004,datas[strartT+1] - datas[T]的值41.8999999999996

11:05:02
datas[T + 1] - datas[T]的值11.9000000000015，datas[strartT] - datas[T]的值33.8000000000011,datas[strartT+1] - datas[T]的值26.3000000000011

11:05:29
datas[T + 1] - datas[T]的值10.6000000000004，datas[strartT] - datas[T]的值21.8000000000011,datas[strartT+1] - datas[T]的值13.5

