08:50:24
System.Threading.ThreadInterruptedException: 线程已从等待状态中断。
   在 System.Threading.WaitHandle.WaitOneNative(SafeHandle waitableSafeHandle, UInt32 millisecondsTimeout, Boolean hasThreadAffinity, Boolean exitContext)
   在 System.Threading.WaitHandle.InternalWaitOne(SafeHandle waitableSafeHandle, Int64 millisecondsTimeout, Boolean hasThreadAffinity, Boolean exitContext)
   在 System.Threading.WaitHandle.WaitOne(TimeSpan timeout, Boolean exitContext)
   在 System.Windows.Threading.DispatcherOperation.DispatcherOperationEvent.WaitOne()
   在 System.Windows.Threading.DispatcherOperation.Wait(TimeSpan timeout)
   在 System.Windows.Threading.Dispatcher.InvokeImpl(DispatcherPriority priority, TimeSpan timeout, Delegate method, Object args, Int32 numArgs)
   在 System.Windows.Threading.Dispatcher.Invoke(Delegate method, Object[] args)
   在 AIO.JtjMeasureWindow.UpdateCAMThread.HandleMessage(Message msg) 位置 D:\测试\DY-3000(BX1)xinsuanfa2.5.0\DYitj\xaml\Jiaotijin\JtjMeasureWindow.xaml.cs:行号 914

09:08:24
System.Threading.ThreadInterruptedException: 线程已从等待状态中断。
   在 System.Threading.WaitHandle.WaitOneNative(SafeHandle waitableSafeHandle, UInt32 millisecondsTimeout, Boolean hasThreadAffinity, Boolean exitContext)
   在 System.Threading.WaitHandle.InternalWaitOne(SafeHandle waitableSafeHandle, Int64 millisecondsTimeout, Boolean hasThreadAffinity, Boolean exitContext)
   在 System.Threading.WaitHandle.WaitOne(TimeSpan timeout, Boolean exitContext)
   在 System.Windows.Threading.DispatcherOperation.DispatcherOperationEvent.WaitOne()
   在 System.Windows.Threading.DispatcherOperation.Wait(TimeSpan timeout)
   在 System.Windows.Threading.Dispatcher.InvokeImpl(DispatcherPriority priority, TimeSpan timeout, Delegate method, Object args, Int32 numArgs)
   在 System.Windows.Threading.Dispatcher.Invoke(Delegate method, Object[] args)
   在 AIO.JtjMeasureWindow.UpdateCAMThread.HandleMessage(Message msg) 位置 D:\测试\DY-3000(BX1)xinsuanfa2.5.0\DYitj\xaml\Jiaotijin\JtjMeasureWindow.xaml.cs:行号 914

09:24:21
System.Threading.ThreadInterruptedException: 线程已从等待状态中断。
   在 System.Threading.WaitHandle.WaitOneNative(SafeHandle waitableSafeHandle, UInt32 millisecondsTimeout, Boolean hasThreadAffinity, Boolean exitContext)
   在 System.Threading.WaitHandle.InternalWaitOne(SafeHandle waitableSafeHandle, Int64 millisecondsTimeout, Boolean hasThreadAffinity, Boolean exitContext)
   在 System.Threading.WaitHandle.WaitOne(TimeSpan timeout, Boolean exitContext)
   在 System.Windows.Threading.DispatcherOperation.DispatcherOperationEvent.WaitOne()
   在 System.Windows.Threading.DispatcherOperation.Wait(TimeSpan timeout)
   在 System.Windows.Threading.Dispatcher.InvokeImpl(DispatcherPriority priority, TimeSpan timeout, Delegate method, Object args, Int32 numArgs)
   在 System.Windows.Threading.Dispatcher.Invoke(Delegate method, Object[] args)
   在 AIO.JtjMeasureWindow.UpdateCAMThread.HandleMessage(Message msg) 位置 D:\测试\DY-3000(BX1)xinsuanfa2.5.0\DYitj\xaml\Jiaotijin\JtjMeasureWindow.xaml.cs:行号 914

10:16:51
System.Threading.ThreadInterruptedException: 线程已从等待状态中断。
   在 System.Threading.WaitHandle.WaitOneNative(SafeHandle waitableSafeHandle, UInt32 millisecondsTimeout, Boolean hasThreadAffinity, Boolean exitContext)
   在 System.Threading.WaitHandle.InternalWaitOne(SafeHandle waitableSafeHandle, Int64 millisecondsTimeout, Boolean hasThreadAffinity, Boolean exitContext)
   在 System.Threading.WaitHandle.WaitOne(TimeSpan timeout, Boolean exitContext)
   在 System.Windows.Threading.DispatcherOperation.DispatcherOperationEvent.WaitOne()
   在 System.Windows.Threading.DispatcherOperation.Wait(TimeSpan timeout)
   在 System.Windows.Threading.Dispatcher.InvokeImpl(DispatcherPriority priority, TimeSpan timeout, Delegate method, Object args, Int32 numArgs)
   在 System.Windows.Threading.Dispatcher.Invoke(Delegate method, Object[] args)
   在 AIO.JtjMeasureWindow.UpdateCAMThread.HandleMessage(Message msg) 位置 D:\测试\DY-3000(BX1)xinsuanfa2.5.0\DYitj\xaml\Jiaotijin\JtjMeasureWindow.xaml.cs:行号 914

10:36:36
System.Threading.ThreadInterruptedException: 线程已从等待状态中断。
   在 System.Threading.WaitHandle.WaitOneNative(SafeHandle waitableSafeHandle, UInt32 millisecondsTimeout, Boolean hasThreadAffinity, Boolean exitContext)
   在 System.Threading.WaitHandle.InternalWaitOne(SafeHandle waitableSafeHandle, Int64 millisecondsTimeout, Boolean hasThreadAffinity, Boolean exitContext)
   在 System.Threading.WaitHandle.WaitOne(TimeSpan timeout, Boolean exitContext)
   在 System.Windows.Threading.DispatcherOperation.DispatcherOperationEvent.WaitOne()
   在 System.Windows.Threading.DispatcherOperation.Wait(TimeSpan timeout)
   在 System.Windows.Threading.Dispatcher.InvokeImpl(DispatcherPriority priority, TimeSpan timeout, Delegate method, Object args, Int32 numArgs)
   在 System.Windows.Threading.Dispatcher.Invoke(Delegate method, Object[] args)
   在 AIO.JtjMeasureWindow.UpdateCAMThread.HandleMessage(Message msg) 位置 D:\测试\DY-3000(BX1)xinsuanfa2.5.0\DYitj\xaml\Jiaotijin\JtjMeasureWindow.xaml.cs:行号 914

