15:18:29
5758|46080|2401|2968|3578|4238|4953|5696|6430|7114|7756|8365|9018|9825|10714|11487|11951|12039|11876|11651|11481|11383|11325|11291|11271|11228|11128|10967|10705|10223|9485|8686|8112|7913|8097|8604|9242|9785|10123|10318|10422|10444|10436|10430|10446|10484|10532|10565|10568|10546|10518|10499|10471|10427|10385|10365|10368|10381|10401|10438|10470|10480|10495|10515|10517|10519|10581|10725|10912|11089|11177|11198|11437|12228|13420|14476|14826|14033|12274|10324|8760|7527|6402|5329|4317|3386|2560|1871|1329|916|609|410|32333

15:49:03
5758|46080|2567|3118|3725|4393|5116|5866|6593|7253|7870|8451|9080|9877|10750|11503|11940|11989|11810|11573|11371|11242|11164|11134|11135|11117|11047|10891|10588|10037|9255|8476|7965|7849|8106|8660|9312|9814|10092|10220|10267|10256|10243|10263|10317|10397|10462|10491|10470|10405|10346|10307|10284|10269|10265|10279|10297|10317|10326|10325|10322|10325|10361|10408|10441|10483|10557|10682|10836|10970|11029|11062|11381|12280|13530|14558|14770|13798|11955|10049|8548|7351|6278|5256|4281|3379|2579|1918|1391|979|683|495|32497

15:49:03
5758|46080|843|965|1295|1951|3020|4482|6299|8370|10587|12695|14302|15222|15556|15572|15449|15297|15152|15021|14899|14796|14716|14650|14577|14443|14204|13862|13505|13273|13259|13470|13832|14219|14553|14797|14938|15004|15021|15011|14986|14964|14958|14959|14939|14842|14524|13836|12696|11257|9950|9279|9461|10414|11763|13032|13986|14535|14761|14818|14829|14849|14886|14940|14993|15025|15027|15013|15011|15046|15139|15217|15085|14480|13204|11339|9269|7283|5517|4034|2823|1901|1279|948|817|783|772|775|780|770|762|756|32272

15:49:23
5758|46080|2406|2920|3501|4154|4858|5601|6354|7060|7685|8257|8850|9581|10436|11245|11808|12006|11905|11686|11471|11301|11195|11137|11114|11096|11052|10954|10734|10280|9555|8733|8100|7829|7959|8437|9087|9664|10027|10213|10282|10270|10239|10235|10274|10354|10444|10500|10504|10455|10386|10326|10283|10257|10247|10271|10307|10335|10341|10337|10331|10309|10321|10366|10411|10457|10529|10655|10808|10947|11015|11018|11192|11889|13074|14262|14838|14288|12645|10654|8998|7714|6608|5571|4584|3663|2838|2138|1564|1112|771|547|32279

15:49:23
5758|46080|850|993|1336|2008|3037|4479|6339|8437|10706|12867|14488|15386|15653|15568|15351|15151|15017|14937|14898|14878|14850|14781|14652|14451|14147|13772|13430|13241|13276|13511|13875|14238|14525|14718|14810|14859|14912|14983|15047|15085|15091|15050|14954|14781|14435|13778|12744|11398|10099|9382|9507|10306|11485|12723|13708|14339|14673|14839|14926|14967|14978|14963|14934|14907|14895|14916|14982|15099|15254|15358|15210|14587|13296|11453|9443|7446|5669|4195|2954|1989|1325|968|820|768|756|761|771|775|771|769|32320

15:49:43
5758|46080|2468|3007|3608|4237|4904|5636|6393|7097|7742|8366|9002|9747|10578|11315|11784|11905|11795|11622|11467|11361|11280|11204|11141|11066|10978|10853|10632|10203|9509|8721|8115|7870|7998|8444|9074|9646|10019|10233|10343|10359|10316|10268|10255|10301|10369|10426|10476|10487|10456|10397|10334|10270|10209|10194|10228|10289|10351|10394|10410|10390|10363|10350|10346|10378|10469|10637|10851|11036|11111|11094|11271|11994|13170|14303|14769|14107|12453|10527|8942|7687|6568|5511|4509|3591|2777|2095|1533|1090|762|542|32385

15:49:43
5758|46080|835|948|1259|1887|2922|4297|6046|8200|10397|12431|14122|15143|15539|15575|15452|15302|15157|15023|14912|14816|14734|14665|14583|14448|14228|13891|13520|13283|13268|13470|13826|14213|14544|14787|14930|14995|15017|15022|15007|14985|14969|14963|14936|14831|14551|13916|12808|11385|10047|9307|9457|10357|11646|12902|13878|14483|14748|14828|14841|14857|14887|14933|14980|15011|15020|15013|15016|15052|15139|15229|15125|14568|13392|11660|9648|7737|5945|4318|3022|2016|1343|977|825|782|771|771|777|772|761|755|32471

15:50:09
5758|46080|2470|3002|3600|4266|4981|5722|6465|7151|7757|8330|8947|9711|10578|11371|11882|12012|11878|11646|11422|11268|11178|11131|11123|11114|11067|10942|10674|10174|9420|8607|8027|7835|8034|8542|9191|9747|10075|10223|10271|10264|10246|10244|10289|10387|10477|10505|10487|10441|10376|10316|10284|10274|10275|10287|10320|10346|10341|10331|10323|10321|10338|10379|10432|10479|10548|10665|10823|10964|11019|11034|11277|12092|13336|14451|14837|14068|12310|10360|8787|7561|6503|5489|4501|3576|2759|2064|1503|1063|741|533|32469

15:55:20
5758|45568|2726|3298|3925|4606|5344|6077|6767|7423|8027|8620|9313|10162|11018|11664|11952|11890|11672|11455|11305|11225|11176|11155|11142|11078|10953|10746|10388|9782|8985|8286|7903|7892|8240|8829|9436|9854|10084|10213|10267|10269|10262|10280|10324|10369|10403|10417|10402|10359|10326|10316|10299|10262|10227|10229|10258|10276|10282|10304|10334|10355|10378|10403|10417|10440|10522|10679|10868|11003|11049|11137|11604|12608|13835|14659|14538|13291|11353|9546|8183|7059|5992|4971|4017|3144|2372|1744|1265|894|629|32349

15:55:20
5758|46080|854|1017|1405|2126|3225|4698|6599|8771|10978|13020|14519|15360|15672|15618|15417|15197|15014|14879|14803|14776|14764|14737|14648|14453|14123|13721|13361|13169|13249|13566|13985|14383|14676|14853|14918|14915|14912|14926|14961|15011|15055|15065|15003|14801|14369|13560|12373|10967|9760|9282|9665|10735|12025|13180|14024|14476|14677|14775|14856|14933|14998|15032|15028|14985|14925|14897|14931|15047|15218|15310|15097|14297|12853|10887|8781|6910|5260|3812|2639|1762|1206|928|809|774|764|765|769|767|762|761|32454

15:56:08
5758|46080|2322|2829|3375|3987|4691|5440|6176|6901|7592|8194|8734|9395|10231|11055|11668|11942|11903|11727|11542|11375|11235|11132|11087|11063|11022|10948|10788|10418|9752|8912|8207|7841|7863|8272|8930|9564|9986|10220|10323|10317|10251|10209|10225|10292|10388|10476|10530|10510|10434|10353|10286|10233|10194|10209|10267|10328|10368|10363|10340|10309|10287|10298|10331|10388|10483|10629|10799|10953|11024|10996|11088|11666|12794|14061|14804|14489|13012|10993|9253|7913|6779|5729|4741|3829|2986|2254|1657|1189|830|581|32386

15:56:08
5758|0|32278

15:58:21
5758|46080|2321|2832|3408|4047|4753|5494|6239|6948|7581|8171|8759|9463|10325|11167|11758|11972|11877|11650|11426|11273|11186|11128|11110|11105|11058|10932|10701|10279|9589|8769|8117|7829|7930|8376|9012|9593|9963|10142|10223|10244|10227|10219|10249|10328|10403|10438|10441|10405|10342|10290|10272|10263|10245|10239|10257|10290|10299|10278|10275|10285|10302|10339|10383|10425|10477|10582|10743|10904|10991|11002|11158|11812|12960|14166|14782|14328|12832|10881|9188|7888|6788|5727|4712|3787|2942|2208|1610|1157|815|578|32307

15:58:21
5758|46080|844|964|1261|1866|2863|4233|6013|8076|10343|12602|14293|15210|15536|15508|15332|15167|15055|14982|14932|14880|14808|14708|14571|14385|14113|13766|13442|13264|13309|13547|13890|14235|14507|14695|14812|14894|14974|15044|15083|15081|15050|14985|14885|14729|14407|13731|12620|11250|9991|9333|9550|10459|11693|12929|13882|14469|14767|14891|14935|14939|14926|14904|14890|14895|14915|14958|15029|15135|15253|15296|15100|14404|13094|11271|9259|7316|5568|4084|2855|1924|1298|955|812|769|763|773|781|780|772|765|32281

15:58:40
5758|46080|2344|2881|3464|4094|4783|5512|6246|6945|7589|8189|8805|9544|10400|11200|11739|11910|11798|11600|11412|11294|11243|11200|11160|11102|11017|10874|10638|10234|9587|8809|8170|7873|7960|8374|8967|9530|9916|10131|10246|10297|10300|10281|10266|10298|10353|10380|10388|10394|10386|10358|10324|10292|10247|10200|10190|10232|10276|10294|10319|10344|10355|10356|10356|10370|10416|10531|10723|10931|11054|11073|11210|11831|12940|14107|14705|14252|12745|10811|9159|7863|6737|5664|4637|3699|2870|2169|1592|1140|806|578|32439

15:58:40
5758|46080|829|904|1147|1674|2589|3875|5522|7405|9569|11869|13739|14898|15418|15534|15427|15284|15166|15061|14964|14866|14767|14670|14568|14438|14233|13947|13610|13341|13274|13407|13709|14071|14393|14653|14829|14939|15007|15040|15046|15021|14984|14948|14903|14824|14594|14050|13063|11716|10334|9406|9362|10078|11281|12604|13682|14399|14740|14857|14876|14863|14861|14874|14900|14942|14981|15008|15028|15062|15134|15209|15137|14691|13630|11978|9975|7969|6162|4580|3246|2192|1462|1029|844|784|772|777|783|780|769|761|32492

15:58:59
5758|46080|2524|3074|3679|4325|5029|5775|6497|7171|7803|8397|9048|9833|10688|11425|11842|11900|11735|11521|11361|11276|11227|11184|11142|11080|10978|10810|10526|10043|9322|8555|8025|7863|8057|8548|9157|9670|9996|10176|10275|10307|10295|10273|10275|10313|10363|10391|10403|10395|10375|10343|10305|10260|10211|10180|10195|10236|10264|10296|10340|10359|10361|10363|10364|10376|10440|10591|10799|10981|11056|11082|11354|12180|13381|14411|14692|13840|12068|10173|8673|7472|6374|5310|4318|3415|2620|1953|1421|1015|714|514|32295

16:32:06
5758|0|32278

16:33:34
5758|46080|2328|2873|3462|4117|4824|5550|6246|6908|7557|8140|8763|9546|10407|11155|11587|11643|11467|11248|11076|10970|10910|10886|10870|10817|10712|10548|10271|9770|9046|8297|7782|7619|7811|8310|8918|9412|9713|9888|9975|9978|9968|9972|9994|10029|10074|10116|10115|10087|10064|10056|10034|9991|9959|9946|9944|9956|9983|10011|10033|10057|10087|10117|10131|10146|10209|10339|10524|10694|10786|10817|11054|11826|13007|14080|14458|13716|12026|10111|8577|7374|6263|5229|4249|3330|2519|1845|1312|901|598|397|32507

16:33:34
5758|46080|692|854|1231|1946|3043|4535|6431|8615|10880|12930|14404|15164|15386|15296|15089|14876|14698|14579|14524|14510|14510|14481|14373|14156|13821|13416|13058|12903|13008|13328|13736|14124|14421|14578|14629|14637|14656|14699|14752|14805|14841|14831|14742|14524|14084|13280|12095|10713|9553|9106|9518|10592|11868|12987|13796|14247|14449|14553|14642|14716|14770|14784|14754|14696|14642|14632|14686|14817|14993|15089|14872|14053|12564|10552|8461|6578|4910|3516|2400|1571|1018|738|635|601|592|596|602|605|599|595|32365

16:33:51
5758|45568|2507|3044|3632|4294|5029|5771|6495|7191|7818|8374|8994|9773|10579|11232|11588|11616|11469|11296|11140|11013|10896|10813|10768|10713|10643|10525|10245|9688|8890|8138|7670|7571|7858|8441|9094|9579|9869|10019|10056|10000|9926|9904|9940|10015|10111|10195|10213|10164|10097|10033|9967|9902|9887|9932|9998|10063|10097|10092|10062|10028|10022|10049|10100|10182|10314|10493|10671|10780|10780|10780|11136|12091|13380|14371|14463|13354|11435|9551|8098|6938|5859|4836|3907|3061|2303|1665|1166|782|505|32279

16:33:51
5758|45568|720|932|1381|2190|3395|4963|6886|9106|11328|13274|14625|15253|15398|15252|15025|14821|14664|14572|14539|14536|14530|14472|14333|14077|13709|13307|12999|12911|13076|13438|13858|14216|14455|14576|14616|14630|14664|14719|14780|14830|14851|14814|14698|14438|13932|13040|11785|10419|9375|9125|9698|10815|12058|13144|13901|14293|14491|14602|14686|14746|14777|14772|14733|14678|14642|14649|14721|14873|15054|15092|14742|13766|12164|10158|8121|6245|4612|3281|2190|1402|942|721|626|591|589|605|616|615|602|32330

16:34:07
5758|46080|2386|2916|3494|4148|4879|5619|6338|7034|7676|8245|8852|9613|10434|11139|11546|11611|11486|11308|11137|10999|10888|10816|10774|10722|10650|10535|10289|9783|9010|8228|7703|7543|7777|8332|8986|9505|9819|9982|10031|9989|9925|9900|9924|9983|10082|10175|10204|10161|10091|10027|9956|9893|9885|9932|9986|10033|10066|10063|10033|10010|10005|10017|10058|10137|10267|10436|10616|10740|10755|10737|11006|11847|13098|14201|14513|13668|11872|9924|8373|7160|6072|5050|4100|3224|2439|1760|1232|833|546|364|32364

16:34:07
5758|46080|637|740|988|1522|2524|3876|5567|7541|9746|11919|13627|14729|15213|15316|15202|15023|14842|14674|14556|14479|14429|14396|14339|14224|13999|13665|13287|12993|12913|13071|13431|13850|14215|14490|14633|14680|14688|14685|14690|14702|14715|14728|14716|14635|14370|13752|12699|11334|9964|9096|9119|9947|11215|12500|13509|14128|14407|14510|14544|14576|14629|14694|14744|14758|14731|14692|14679|14722|14838|14965|14914|14430|13250|11452|9411|7442|5638|4067|2814|1846|1179|817|666|606|585|589|601|600|589|574|32425

16:34:25
5758|45568|2480|3029|3646|4331|5051|5788|6506|7156|7732|8289|8967|9806|10660|11330|11648|11617|11431|11217|11031|10920|10862|10846|10839|10795|10704|10518|10161|9570|8798|8085|7651|7603|7924|8500|9114|9561|9811|9929|9959|9949|9953|9965|10005|10068|10119|10135|10113|10080|10048|10014|9981|9967|9967|9965|9976|9976|9960|9959|9984|10022|10064|10099|10124|10167|10255|10398|10571|10696|10722|10795|11265|12315|13575|14410|14308|13066|11152|9386|8011|6869|5830|4817|3856|2985|2233|1611|1115|744|483|32279

16:34:25
5758|45568|713|931|1439|2312|3573|5210|7177|9388|11611|13489|14710|15264|15366|15215|15003|14809|14656|14550|14486|14460|14443|14406|14293|14044|13677|13266|12959|12894|13077|13438|13856|14225|14479|14608|14647|14650|14658|14676|14711|14764|14799|14782|14674|14390|13838|12877|11559|10193|9228|9082|9725|10904|12218|13290|13978|14308|14453|14536|14617|14697|14749|14756|14723|14676|14642|14641|14698|14826|14976|14999|14659|13642|11973|9951|7902|6031|4416|3085|2054|1323|871|669|598|586|587|593|594|581|570|32482

16:34:42
5758|46080|2400|2950|3549|4209|4901|5614|6330|7010|7635|8217|8874|9679|10524|11222|11586|11594|11423|11225|11063|10971|10919|10886|10850|10787|10688|10516|10207|9690|8964|8224|7735|7620|7854|8370|8972|9448|9752|9919|10002|10019|10001|9975|9981|10026|10066|10098|10124|10114|10082|10050|10025|9990|9938|9916|9940|9969|9975|9977|10015|10052|10067|10078|10094|10129|10198|10342|10549|10719|10774|10810|11169|12063|13265|14231|14364|13361|11561|9735|8275|7101|6039|4999|4008|3123|2363|1718|1198|815|545|362|32295

16:34:42
5758|46080|657|762|1044|1633|2636|3988|5727|7840|10110|12240|13894|14847|15179|15200|15084|14950|14836|14734|14623|14512|14419|14342|14258|14128|13907|13576|13229|13002|12986|13181|13508|13879|14220|14469|14617|14698|14748|14771|14762|14735|14705|14675|14626|14513|14225|13607|12517|11149|9830|9048|9210|10111|11409|12686|13652|14248|14512|14582|14572|14567|14585|14622|14673|14718|14742|14745|14750|14785|14867|14944|14835|14267|13041|11254|9220|7225|5449|3940|2691|1730|1098|771|632|584|578|589|599|600|594|586|32427

16:34:59
5758|46080|2154|2657|3217|3845|4520|5254|6015|6732|7382|7956|8526|9211|10031|10832|11404|11640|11584|11402|11203|11035|10919|10835|10780|10751|10717|10638|10449|10053|9396|8585|7905|7571|7640|8056|8675|9288|9703|9909|9988|9986|9949|9911|9916|9997|10096|10161|10183|10164|10105|10021|9960|9936|9930|9939|9973|10029|10045|10013|9989|9978|9980|10005|10062|10137|10224|10350|10513|10659|10714|10691|10833|11486|12659|13894|14546|14119|12594|10618|8913|7594|6496|5479|4495|3584|2769|2061|1464|994|655|422|32508

16:34:59
5758|45568|695|893|1353|2156|3331|4950|6927|9021|11149|13201|14610|15206|15331|15178|14954|14769|14635|14561|14535|14523|14491|14407|14251|14002|13662|13282|12990|12908|13061|13408|13808|14150|14391|14513|14569|14613|14660|14719|14769|14798|14798|14737|14617|14366|13896|13060|11863|10487|9375|9060|9562|10675|11961|13036|13806|14261|14492|14604|14663|14695|14700|14677|14647|14614|14611|14659|14754|14898|15034|15037|14674|13652|12023|10061|8076|6222|4596|3274|2187|1376|890|667|586|565|570|588|603|608|603|32511

16:35:16
5758|45568|2491|3033|3639|4289|4985|5740|6497|7181|7795|8375|9024|9790|10580|11224|11556|11573|11444|11275|11123|11012|10912|10824|10754|10699|10632|10494|10201|9653|8880|8126|7651|7575|7874|8437|9070|9564|9859|9995|10030|10001|9944|9900|9924|10010|10097|10154|10173|10159|10109|10034|9966|9910|9878|9889|9940|9993|10015|10029|10043|10028|10005|10007|10038|10112|10244|10447|10664|10783|10773|10787|11183|12161|13416|14340|14363|13233|11345|9506|8060|6879|5819|4807|3874|3035|2287|1652|1143|765|506|32322

16:35:16
5758|45568|702|886|1317|2176|3429|5055|7107|9317|11471|13332|14506|15066|15236|15144|15010|14885|14769|14651|14542|14450|14372|14303|14200|14013|13731|13392|13093|12953|13045|13339|13722|14097|14395|14586|14685|14729|14750|14745|14726|14708|14694|14674|14603|14391|13878|12935|11669|10290|9245|9058|9715|10901|12203|13302|14049|14425|14563|14593|14592|14589|14599|14632|14677|14716|14735|14748|14777|14836|14912|14898|14561|13617|12053|10073|8010|6166|4574|3212|2127|1348|887|688|613|583|576|586|593|598|591|32330

16:35:35
5758|46080|2222|2733|3293|3904|4582|5329|6088|6821|7476|8054|8636|9324|10123|10883|11413|11616|11553|11378|11199|11053|10942|10846|10775|10722|10670|10588|10400|9999|9316|8497|7847|7552|7656|8108|8745|9344|9736|9944|10028|10015|9957|9900|9906|9977|10072|10157|10202|10190|10121|10044|9976|9914|9876|9887|9953|10024|10050|10047|10031|9997|9969|9975|10021|10083|10185|10352|10555|10718|10763|10727|10878|11569|12765|13976|14550|14016|12395|10404|8756|7490|6388|5346|4380|3489|2678|1971|1405|971|641|414|32278

16:35:35
5758|45568|705|912|1368|2213|3452|5060|6992|9214|11479|13362|14574|15104|15214|15120|14983|14866|14769|14659|14560|14476|14386|14292|14166|13977|13701|13362|13081|12979|13087|13364|13723|14069|14344|14535|14659|14742|14785|14777|14745|14705|14669|14639|14576|14383|13932|13075|11803|10365|9282|9025|9609|10768|12096|13246|14030|14431|14567|14583|14573|14569|14594|14636|14674|14707|14725|14746|14788|14860|14946|14905|14550|13640|12118|10176|8186|6317|4650|3281|2181|1378|898|692|613|587|582|593|602|602|590|32428

16:35:53
5758|46080|2459|3001|3602|4285|5011|5753|6469|7126|7734|8284|8913|9716|10566|11278|11662|11685|11508|11270|11071|10950|10878|10848|10833|10810|10741|10580|10265|9702|8932|8177|7696|7608|7890|8455|9076|9548|9822|9948|9987|9978|9975|9981|10020|10099|10164|10184|10159|10111|10066|10022|9992|9987|9994|9996|10003|10013|10011|10006|10004|10021|10062|10104|10150|10210|10295|10422|10581|10706|10741|10801|11213|12194|13445|14382|14434|13326|11456|9605|8155|7005|5967|4955|3995|3119|2348|1698|1180|794|526|356|32385

16:35:53
5758|46080|655|737|981|1511|2395|3661|5348|7359|9557|11715|13530|14706|15227|15347|15236|15057|14867|14696|14570|14489|14447|14421|14379|14272|14055|13726|13336|13020|12922|13074|13415|13823|14203|14486|14640|14695|14700|14699|14701|14717|14744|14769|14768|14698|14474|13959|13031|11811|10371|9243|9070|9745|10942|12236|13332|14046|14377|14504|14551|14600|14662|14723|14766|14773|14748|14705|14682|14713|14824|14970|14972|14586|13579|11922|9881|7841|5992|4436|3159|2110|1346|890|696|630|606|602|604|603|599|594|32372

16:36:11
5758|45568|2610|3143|3739|4439|5167|5900|6627|7325|7940|8473|9118|9913|10708|11326|11615|11603|11459|11283|11123|10995|10895|10829|10769|10711|10641|10508|10184|9581|8785|8060|7638|7603|7955|8562|9180|9637|9921|10054|10057|10000|9955|9930|9956|10046|10145|10204|10204|10168|10112|10027|9954|9919|9921|9953|10010|10069|10084|10063|10042|10023|10015|10032|10089|10192|10336|10519|10701|10794|10767|10824|11323|12393|13668|14485|14315|12999|11030|9241|7864|6707|5665|4673|3741|2906|2178|1573|1089|729|480|32442

16:36:11
5758|45568|737|938|1371|2216|3466|5086|7010|9183|11457|13405|14667|15214|15296|15145|14948|14792|14699|14650|14619|14580|14512|14399|14221|13973|13657|13311|13048|12992|13154|13477|13851|14166|14382|14512|14589|14657|14737|14805|14844|14840|14800|14709|14566|14315|13828|12940|11672|10329|9340|9135|9731|10880|12148|13211|13977|14388|14578|14665|14703|14710|14693|14658|14629|14627|14657|14727|14831|14959|15066|15013|14561|13501|11881|9881|7876|6063|4470|3136|2074|1348|900|687|614|598|602|611|617|610|603|32293

16:36:29
5758|46080|2255|2772|3323|3952|4649|5383|6122|6836|7506|8091|8663|9359|10170|10931|11446|11622|11540|11379|11219|11073|10962|10877|10813|10750|10685|10604|10420|10014|9341|8540|7893|7590|7672|8119|8750|9322|9720|9960|10063|10047|9990|9952|9937|9975|10062|10153|10200|10185|10141|10085|10013|9946|9908|9912|9948|10004|10060|10079|10060|10034|10021|10021|10042|10103|10216|10372|10565|10736|10796|10767|10918|11611|12778|13966|14539|14005|12426|10470|8802|7504|6399|5366|4384|3470|2666|1981|1412|965|642|426|32417

16:36:29
5758|46080|690|809|1111|1717|2697|4117|5834|7881|10249|12490|14125|15007|15331|15282|15075|14876|14731|14641|14599|14579|14557|14493|14372|14153|13827|13447|13110|12949|13025|13309|13694|14055|14331|14495|14569|14616|14668|14734|14792|14825|14833|14793|14691|14490|14112|13416|12328|10946|9694|9105|9352|10306|11608|12794|13633|14166|14447|14586|14671|14721|14743|14723|14683|14646|14628|14654|14730|14863|15017|15092|14883|14135|12747|10813|8759|6848|5133|3694|2533|1667|1076|762|640|601|595|608|616|616|610|608|32360

16:36:46
5758|46080|2281|2791|3355|3993|4700|5444|6188|6902|7551|8119|8693|9397|10210|10971|11479|11644|11561|11395|11213|11055|10938|10854|10796|10748|10706|10621|10418|9985|9281|8476|7843|7573|7698|8166|8808|9388|9776|9979|10045|10020|9967|9927|9931|10002|10103|10176|10207|10193|10138|10060|9978|9933|9920|9928|9977|10043|10075|10052|10017|10006|10005|10014|10050|10132|10250|10396|10582|10740|10780|10745|10914|11644|12846|14026|14560|13981|12355|10393|8750|7454|6350|5326|4349|3437|2636|1957|1389|945|626|412|32456

16:36:46
5758|45568|737|935|1391|2260|3478|5077|7018|9215|11519|13440|14666|15218|15298|15140|14938|14788|14703|14657|14624|14579|14499|14374|14201|13953|13633|13289|13038|13001|13167|13502|13888|14194|14399|14521|14593|14663|14747|14812|14837|14827|14778|14696|14566|14304|13782|12836|11509|10151|9248|9159|9831|11019|12309|13345|14047|14422|14597|14675|14704|14710|14689|14667|14648|14639|14667|14733|14833|14956|15062|14988|14471|13336|11714|9799|7848|6017|4395|3058|2008|1282|856|673|613|599|602|610|614|606|601|32427

16:37:04
5758|45568|2544|3084|3670|4337|5063|5799|6526|7224|7852|8409|9042|9825|10624|11268|11598|11597|11449|11287|11139|11025|10930|10859|10795|10722|10644|10514|10223|9667|8893|8156|7687|7598|7894|8462|9093|9574|9867|10023|10053|10017|9971|9936|9944|10009|10111|10185|10196|10169|10127|10062|9976|9919|9907|9928|9976|10034|10073|10071|10053|10035|10028|10041|10074|10157|10298|10483|10676|10793|10793|10820|11234|12227|13486|14391|14386|13215|11285|9478|8074|6874|5796|4793|3857|3003|2261|1648|1156|776|506|32318

16:37:04
5758|45568|708|883|1297|2085|3276|4851|6718|8823|11111|13097|14395|15068|15283|15229|15090|14936|14792|14669|14560|14474|14410|14348|14258|14091|13831|13489|13150|12975|13033|13302|13675|14054|14375|14591|14707|14750|14757|14746|14728|14715|14712|14701|14652|14484|14065|13212|11940|10507|9372|9040|9564|10670|11965|13131|13966|14387|14537|14569|14572|14592|14630|14685|14736|14761|14760|14747|14756|14817|14923|14946|14655|13805|12382|10470|8385|6437|4776|3392|2248|1441|938|705|628|610|610|612|616|605|593|32442

16:37:21
5758|45568|2480|3004|3591|4256|4967|5705|6459|7166|7782|8339|8966|9734|10532|11191|11546|11573|11443|11270|11100|10984|10894|10821|10753|10688|10621|10488|10198|9659|8903|8160|7669|7564|7840|8387|9016|9525|9849|10013|10046|10002|9941|9892|9899|9976|10088|10165|10179|10154|10100|10015|9931|9890|9883|9894|9943|10009|10028|10025|10022|10011|10001|10003|10033|10109|10238|10423|10631|10767|10768|10760|11106|12053|13315|14296|14428|13373|11504|9643|8153|6944|5872|4877|3943|3085|2337|1699|1181|783|511|32358

16:37:21
5758|45568|707|932|1427|2328|3654|5339|7263|9451|11629|13347|14522|15112|15256|15168|15013|14857|14711|14587|14488|14415|14362|14294|14178|13968|13668|13313|13018|12951|13100|13408|13777|14128|14412|14587|14681|14732|14745|14723|14685|14656|14649|14638|14577|14349|13811|12803|11396|9983|9084|9090|9900|11147|12417|13445|14107|14408|14515|14544|14556|14584|14623|14666|14697|14706|14712|14720|14749|14824|14905|14842|14380|13350|11669|9621|7662|5835|4247|2948|1909|1202|817|672|620|594|587|583|581|582|583|32369

16:37:40
5758|45568|2614|3159|3782|4493|5240|5979|6699|7363|7929|8464|9123|9940|10768|11399|11679|11633|11451|11238|11043|10914|10838|10802|10783|10754|10688|10519|10133|9476|8665|7966|7589|7620|8033|8660|9265|9686|9915|10001|9980|9933|9917|9930|9992|10097|10187|10212|10168|10098|10034|9971|9932|9932|9962|9996|10029|10051|10031|9995|9986|10004|10039|10089|10160|10248|10360|10507|10654|10733|10723|10808|11323|12392|13671|14496|14315|12978|11004|9223|7851|6714|5689|4699|3763|2910|2172|1561|1074|717|472|32336

16:37:40
5758|46080|696|858|1247|1957|3004|4472|6315|8423|10676|12756|14275|15101|15381|15307|15094|14859|14686|14572|14514|14503|14496|14465|14363|14151|13819|13417|13065|12897|12987|13305|13725|14116|14410|14570|14620|14624|14639|14675|14728|14780|14816|14814|14740|14549|14137|13359|12242|10853|9593|9065|9409|10380|11599|12782|13679|14184|14414|14531|14621|14692|14742|14756|14733|14686|14637|14625|14675|14799|14974|15070|14883|14115|12658|10729|8704|6794|5152|3741|2483|1565|1013|746|643|610|601|605|609|607|602|602|32463

16:39:03
5758|46080|2237|2761|3309|3939|4661|5410|6143|6839|7503|8063|8602|9302|10139|10934|11480|11667|11575|11378|11176|11008|10883|10815|10792|10764|10719|10634|10428|9985|9271|8453|7824|7558|7677|8151|8799|9367|9733|9921|9979|9951|9911|9896|9917|9991|10094|10177|10186|10133|10065|10003|9948|9913|9915|9946|9987|10024|10038|10023|9997|9991|10009|10036|10086|10159|10259|10386|10538|10684|10739|10721|10872|11521|12686|13923|14553|14097|12550|10544|8840|7553|6460|5424|4444|3539|2723|2008|1424|981|645|422|32298

16:39:03
5758|45568|701|878|1303|2095|3266|4789|6644|8790|11007|13000|14425|15143|15365|15293|15103|14900|14721|14584|14497|14453|14435|14408|14318|14132|13819|13421|13067|12898|12985|13297|13703|14107|14429|14608|14669|14668|14664|14673|14697|14734|14774|14783|14717|14516|14040|13162|11968|10598|9450|9045|9485|10608|11930|13082|13894|14295|14455|14524|14580|14647|14711|14749|14754|14720|14671|14645|14670|14774|14929|15007|14769|13930|12472|10510|8365|6436|4832|3478|2347|1504|971|728|644|617|609|610|610|608|604|32322

16:39:23
5758|46080|2483|3023|3611|4270|4981|5716|6452|7152|7785|8344|8962|9722|10523|11192|11556|11590|11460|11295|11137|11012|10910|10830|10768|10703|10633|10515|10247|9722|8957|8197|7696|7573|7834|8390|9028|9527|9841|10004|10037|9995|9942|9899|9909|9984|10087|10165|10182|10154|10102|10030|9951|9898|9888|9915|9966|10032|10065|10056|10035|10019|10016|10022|10059|10147|10282|10465|10660|10784|10784|10781|11130|12072|13328|14318|14463|13404|11518|9656|8181|6977|5912|4907|3956|3091|2339|1710|1198|804|528|350|32306

16:39:23
5758|46080|697|853|1227|1980|3146|4681|6544|8709|10950|12913|14296|15021|15290|15266|15122|14957|14796|14654|14538|14449|14393|14351|14280|14131|13863|13499|13150|12958|12992|13247|13637|14039|14368|14588|14697|14735|14740|14730|14715|14707|14718|14724|14686|14522|14105|13269|12028|10583|9388|9014|9475|10544|11866|13066|13919|14347|14499|14537|14559|14592|14642|14702|14745|14754|14737|14717|14720|14785|14901|14950|14712|13908|12429|10508|8488|6577|4922|3504|2325|1480|963|723|636|612|611|615|616|607|599|598|32502

16:41:06
5758|46080|2193|2711|3278|3920|4638|5378|6092|6784|7426|7987|8542|9244|10102|10922|11490|11682|11570|11348|11131|10963|10864|10818|10806|10794|10743|10635|10411|9973|9284|8481|7844|7558|7664|8115|8738|9304|9668|9849|9918|9911|9897|9905|9934|10002|10088|10140|10131|10081|10023|9979|9945|9928|9938|9954|9967|9985|9986|9967|9955|9964|10001|10050|10099|10154|10226|10327|10468|10618|10697|10704|10879|11571|12744|13936|14525|14030|12468|10502|8841|7563|6475|5464|4479|3542|2716|2014|1430|979|651|431|32399

16:41:06
5758|46080|667|757|1021|1594|2549|3879|5546|7501|9697|11853|13645|14799|15278|15353|15193|14974|14778|14621|14520|14469|14449|14436|14387|14249|14005|13647|13237|12936|12888|13099|13484|13924|14294|14532|14639|14658|14655|14656|14678|14722|14767|14797|14773|14657|14345|13727|12718|11373|10015|9148|9166|9953|11180|12451|13412|14017|14330|14461|14534|14607|14679|14734|14752|14726|14674|14626|14620|14683|14825|14986|14985|14527|13424|11746|9660|7578|5812|4295|2995|1956|1238|852|688|626|608|602|606|608|604|603|32313

16:41:28
5758|46080|2280|2820|3407|4044|4735|5451|6159|6850|7500|8105|8718|9458|10292|11029|11484|11584|11446|11259|11105|10995|10922|10873|10825|10749|10645|10515|10287|9838|9148|8392|7820|7582|7715|8176|8781|9305|9660|9877|9985|9993|9969|9949|9934|9953|10010|10070|10101|10094|10083|10064|10016|9948|9896|9882|9880|9904|9956|10001|10023|10021|10031|10045|10047|10070|10150|10303|10503|10688|10777|10782|10972|11708|12878|13986|14451|13814|12167|10255|8690|7438|6322|5272|4299|3387|2571|1900|1360|934|612|404|32417

16:41:28
5758|45568|704|874|1270|2035|3167|4693|6512|8535|10812|12914|14361|15105|15295|15173|14978|14813|14707|14649|14615|14577|14515|14412|14254|14025|13718|13367|13080|12970|13081|13357|13709|14052|14307|14467|14557|14629|14706|14775|14821|14825|14792|14720|14603|14397|13964|13152|11951|10582|9476|9110|9575|10615|11845|12992|13836|14306|14542|14642|14688|14692|14672|14643|14621|14616|14635|14687|14773|14892|15019|15021|14659|13718|12228|10291|8228|6379|4781|3403|2289|1477|960|716|627|605|606|613|622|622|610|32267

16:41:49
5758|46080|2244|2763|3335|3963|4660|5414|6157|6858|7502|8078|8655|9346|10159|10934|11462|11643|11553|11362|11180|11025|10902|10809|10759|10726|10679|10595|10396|9963|9256|8442|7809|7537|7653|8121|8769|9354|9727|9925|9997|9970|9908|9870|9889|9960|10066|10154|10184|10147|10070|10006|9948|9897|9876|9905|9960|10000|10028|10022|9986|9950|9946|9977|10028|10105|10219|10370|10542|10678|10721|10700|10886|11647|12869|14051|14572|13947|12282|10301|8676|7425|6324|5301|4348|3450|2636|1941|1385|949|620|404|32329

16:41:49
5758|46080|682|782|1055|1613|2563|3907|5684|7765|10001|12199|13899|14872|15224|15221|15057|14882|14769|14703|14655|14609|14537|14441|14310|14131|13891|13586|13264|13034|13017|13217|13549|13877|14158|14384|14529|14620|14704|14782|14827|14830|14797|14736|14647|14514|14230|13655|12674|11343|9983|9139|9182|9997|11208|12456|13474|14118|14456|14608|14665|14673|14657|14636|14618|14619|14647|14697|14769|14867|14984|15051|14900|14324|13104|11290|9286|7350|5634|4159|2862|1836|1154|802|656|608|600|607|615|614|606|598|32350

16:42:08
5758|46080|2409|2961|3574|4241|4955|5695|6408|7063|7661|8234|8866|9651|10507|11230|11623|11647|11463|11234|11046|10922|10850|10823|10812|10777|10695|10542|10229|9671|8899|8145|7666|7567|7844|8405|9034|9512|9784|9918|9963|9948|9938|9949|9992|10067|10135|10163|10136|10081|10040|10010|9982|9960|9960|9970|9969|9973|9981|9981|9974|9984|10035|10086|10125|10173|10258|10390|10543|10672|10723|10780|11176|12147|13385|14334|14451|13387|11504|9657|8219|7061|6011|4991|4039|3145|2362|1724|1210|813|534|362|32282

16:46:17
5758|46080|667|741|988|1475|2338|3667|5371|7369|9621|11937|13761|14809|15266|15304|15122|14903|14725|14602|14539|14532|14537|14509|14407|14209|13918|13552|13191|12948|12928|13147|13542|13955|14277|14470|14537|14562|14609|14681|14748|14793|14809|14802|14739|14578|14265|13647|12601|11287|10000|9175|9190|9984|11217|12451|13420|14033|14344|14512|14626|14705|14733|14720|14690|14655|14624|14612|14645|14745|14919|15080|15002|14453|13260|11501|9481|7498|5678|4143|2917|1941|1250|842|666|606|596|609|621|610|600|602|32277

16:47:39
5758|46080|2141|2634|3193|3822|4505|5216|5941|6657|7344|7958|8525|9192|9981|10754|11327|11559|11502|11337|11180|11049|10942|10838|10749|10682|10627|10557|10398|10025|9393|8607|7937|7580|7586|7954|8569|9193|9622|9861|9970|9976|9927|9875|9852|9876|9952|10054|10127|10131|10084|10023|9956|9890|9843|9839|9862|9908|9982|10033|10024|9978|9948|9960|9995|10047|10132|10281|10482|10668|10753|10720|10786|11352|12489|13735|14455|14146|12713|10742|9035|7713|6555|5491|4516|3623|2789|2064|1479|1021|680|449|32482

16:47:39
5758|46080|645|726|980|1515|2410|3611|5199|7134|9320|11570|13369|14555|15176|15334|15216|15006|14809|14652|14548|14480|14430|14379|14328|14239|14025|13686|13288|12966|12887|13067|13437|13853|14205|14474|14637|14691|14679|14654|14655|14688|14728|14749|14721|14630|14383|13827|12827|11464|10076|9146|9096|9845|11033|12314|13385|14055|14363|14474|14508|14557|14639|14715|14751|14736|14696|14665|14663|14705|14806|14931|14929|14526|13452|11769|9751|7767|5998|4397|3048|2009|1281|868|703|642|607|595|605|621|621|603|32399

16:47:55
5758|46080|2323|2839|3428|4091|4821|5568|6280|6946|7556|8122|8720|9463|10304|11061|11542|11650|11498|11266|11054|10908|10826|10785|10761|10726|10679|10574|10317|9803|9032|8238|7693|7532|7745|8258|8894|9424|9744|9897|9932|9894|9859|9869|9924|10004|10084|10121|10108|10069|10015|9957|9902|9884|9908|9937|9956|9960|9962|9951|9940|9944|9969|10012|10068|10146|10245|10367|10506|10625|10677|10705|10989|11841|13091|14180|14511|13684|11890|9936|8405|7223|6165|5158|4195|3286|2480|1822|1293|868|560|365|32378

16:47:55
5758|45568|745|913|1344|2228|3525|5159|7088|9304|11579|13499|14706|15179|15224|15068|14899|14782|14710|14651|14585|14523|14451|14335|14160|13899|13590|13288|13061|13015|13157|13461|13824|14138|14367|14496|14576|14660|14754|14821|14827|14785|14722|14646|14546|14324|13835|12916|11642|10302|9309|9117|9715|10876|12210|13312|14042|14413|14582|14654|14679|14673|14640|14605|14608|14643|14693|14745|14810|14904|14999|14975|14626|13674|12092|10159|8274|6523|4855|3409|2261|1446|949|715|627|596|598|621|633|622|592|32317

16:48:12
5758|46080|2200|2692|3221|3838|4549|5307|6056|6743|7375|7957|8559|9281|10091|10835|11349|11558|11516|11362|11171|10986|10848|10763|10738|10723|10663|10544|10348|9960|9303|8514|7848|7504|7565|8029|8705|9306|9673|9858|9944|9953|9914|9866|9850|9895|9996|10111|10182|10157|10061|9979|9930|9894|9865|9866|9900|9943|9999|10036|10024|9972|9923|9938|10013|10107|10204|10333|10502|10657|10733|10721|10848|11499|12692|13928|14541|14049|12431|10400|8756|7511|6411|5374|4389|3476|2644|1963|1434|995|640|392|32451

16:48:12
5758|45568|726|892|1250|2073|3374|4990|6846|8999|11287|13234|14577|15228|15348|15162|14915|14740|14633|14554|14497|14441|14392|14363|14277|14045|13662|13213|12887|12847|13070|13434|13801|14118|14378|14545|14613|14613|14601|14623|14703|14804|14848|14793|14634|14341|13839|12944|11662|10258|9238|9073|9735|10956|12215|13211|13894|14260|14477|14600|14661|14690|14707|14732|14736|14692|14626|14596|14665|14842|15039|15078|14710|13684|12018|10035|8087|6247|4569|3191|2155|1421|957|729|612|565|582|625|647|617|573|32438

