16:48:25
1058|1335|1660|2049|2510|3014|3570|4155|4740|5292|5841|6484|7289|8231|9074|9612|9859|9891|9792|9651|9510|9401|9343|9331|9358|9414|9486|9547|9584|9604|9614|9617|9633|9679|9746|9822|9891|9949|9984|9982|9960|9951|9963|9993|10047|10112|10163|10184|10174|10143|10105|10071|10056|10077|10115|10148|10173|10178|10152|10100|10058|10048|10063|10103|10188|10322|10468|10541|10439|10126|9835|9950|10457|10987|11156|10670|9454|7928|6617|5596|4720|3903|3151|2476|1887|1397|1008|719|509|361

16:58:51
1207|1517|1866|2280|2774|3312|3873|4469|5054|5610|6219|6989|7914|8804|9444|9784|9893|9842|9731|9610|9493|9415|9377|9366|9393|9458|9534|9598|9645|9675|9689|9688|9695|9733|9800|9871|9943|10011|10044|10033|10005|9998|10011|10038|10085|10149|10208|10230|10217|10192|10150|10102|10082|10107|10151|10185|10209|10221|10201|10152|10104|10093|10114|10166|10276|10440|10585|10557|10281|9928|9886|10296|10856|11140|10834|9793|8305|6933|5857|4944|4094|3307|2609|2006|1501|1093|780|556|395

16:58:51
4351|4928|5505|6060|6566|7006|7390|7707|7971|8244|8582|8950|9200|9174|8938|8660|8432|8273|8171|8117|8075|8044|8016|7968|7896|7808|7698|7514|7221|6813|6372|6029|5878|5950|6190|6528|6876|7169|7387|7533|7623|7699|7779|7840|7855|7832|7824|7843|7873|7889|7890|7880|7852|7818|7794|7802|7837|7878|7928|7974|7993|7992|7993|8014|8069|8166|8288|8402|8507|8744|9309|10120|10777|10959|10502|9421|8160|7057|6135|5324|4559|3821|3093|2417|1802|1291|912|641|456

17:03:06
1262|1595|1967|2402|2883|3402|3962|4530|5098|5678|6341|7164|8125|9004|9559|9799|9834|9746|9640|9569|9521|9490|9463|9433|9421|9431|9458|9517|9597|9673|9735|9776|9795|9794|9794|9816|9868|9928|9989|10048|10085|10093|10083|10073|10067|10076|10108|10157|10202|10219|10215|10194|10157|10115|10092|10104|10131|10163|10193|10209|10196|10168|10157|10172|10235|10376|10522|10511|10265|9973|10014|10449|10937|11086|10639|9506|8038|6748|5729|4852|4020|3224|2507|1903|1413|1022|729|519|369

17:03:06
4130|4678|5234|5773|6287|6775|7188|7540|7840|8095|8387|8739|9059|9196|9057|8786|8537|8350|8224|8154|8106|8048|7997|7953|7900|7834|7756|7644|7429|7081|6643|6223|5929|5843|5987|6295|6667|7017|7289|7472|7584|7653|7719|7781|7809|7803|7805|7831|7859|7879|7877|7851|7819|7786|7766|7771|7803|7850|7903|7959|7990|7984|7962|7958|8006|8105|8236|8361|8456|8596|8970|9693|10472|10907|10794|10014|8793|7568|6549|5692|4888|4108|3360|2651|2017|1499|1079|752|531|390

17:04:44
1147|1451|1807|2218|2706|3254|3823|4384|4922|5463|6042|6759|7687|8676|9432|9835|9956|9865|9693|9541|9427|9374|9384|9428|9475|9517|9548|9556|9555|9562|9590|9645|9721|9803|9874|9922|9943|9943|9930|9929|9952|9997|10060|10128|10175|10191|10175|10146|10118|10104|10105|10127|10172|10206|10213|10197|10166|10125|10083|10074|10096|10139|10189|10242|10317|10410|10491|10468|10265|9951|9871|10259|10853|11224|11041|10113|8649|7189|6058|5158|4336|3547|2832|2200|1635|1186|841|597|424|309

17:05:06
1240|1573|1943|2366|2855|3377|3930|4495|5056|5636|6287|7090|8043|8932|9517|9779|9828|9744|9635|9562|9511|9482|9455|9433|9416|9409|9437|9496|9571|9650|9717|9761|9781|9783|9787|9804|9845|9908|9979|10044|10087|10101|10093|10077|10062|10070|10100|10138|10181|10217|10226|10198|10155|10117|10089|10089|10114|10149|10178|10195|10201|10183|10153|10142|10200|10336|10477|10493|10292|10005|10004|10409|10907|11107|10749|9702|8241|6904|5879|5005|4157|3341|2619|2008|1487|1072|769|555|398

17:05:23
1090|1381|1705|2092|2558|3066|3594|4178|4782|5352|5932|6613|7445|8376|9171|9644|9848|9856|9767|9664|9568|9483|9423|9387|9372|9399|9457|9526|9599|9658|9702|9715|9716|9729|9754|9803|9872|9951|10012|10045|10056|10044|10028|10021|10041|10089|10141|10192|10226|10234|10204|10155|10121|10102|10105|10127|10172|10213|10215|10193|10160|10134|10109|10111|10186|10327|10499|10587|10477|10155|9901|10086|10599|11043|11077|10427|9121|7642|6430|5465|4577|3738|2991|2332|1765|1301|940|675|479|346

17:10:45
1328|1655|2047|2512|3029|3560|4088|4643|5193|5750|6407|7227|8204|9068|9576|9769|9742|9598|9468|9391|9357|9366|9381|9384|9371|9359|9357|9378|9431|9507|9594|9672|9726|9749|9748|9739|9744|9779|9832|9896|9963|10019|10043|10033|10012|9988|9978|9992|10030|10080|10114|10122|10104|10065|10016|9980|9971|9988|10022|10062|10096|10114|10106|10102|10140|10240|10343|10320|10106|9883|10011|10505|10988|11087|10568|9371|7887|6638|5684|4832|4003|3228|2536|1931|1422|1026|737|531|387

17:10:45
3984|4545|5110|5690|6248|6744|7165|7520|7796|8037|8313|8653|9002|9223|9169|8908|8622|8394|8230|8128|8074|8039|8016|8004|7971|7902|7806|7676|7466|7119|6678|6263|5977|5890|6016|6288|6636|6971|7238|7424|7549|7645|7736|7829|7878|7871|7838|7821|7836|7857|7868|7872|7873|7860|7830|7817|7827|7845|7876|7923|7975|8005|8016|8026|8051|8112|8206|8314|8412|8527|8855|9517|10340|10925|10924|10272|9069|7801|6780|5926|5142|4370|3626|2900|2232|1661|1205|853|605|447

17:27:24
1355|1674|2070|2566|3085|3599|4154|4708|5228|5765|6433|7289|8281|9124|9612|9801|9765|9612|9457|9364|9327|9336|9361|9382|9400|9393|9378|9388|9429|9490|9561|9645|9720|9758|9764|9759|9762|9771|9798|9854|9928|9989|10021|10039|10035|9998|9969|9973|9993|10023|10065|10099|10104|10079|10032|9992|9971|9961|9976|10016|10055|10082|10102|10121|10167|10256|10338|10293|10060|9842|9994|10509|11008|11106|10553|9330|7837|6586|5629|4788|3988|3215|2519|1922|1419|1028|735|529|389

17:27:24
4469|4994|5536|6070|6569|7036|7464|7808|8084|8333|8617|8920|9104|9039|8819|8604|8448|8339|8249|8161|8062|7971|7905|7861|7831|7798|7734|7576|7267|6809|6322|5960|5815|5912|6191|6583|6980|7292|7484|7568|7598|7629|7695|7766|7816|7853|7895|7931|7934|7892|7826|7771|7740|7746|7793|7862|7922|7956|7963|7945|7912|7891|7902|7974|8107|8266|8406|8488|8548|8759|9319|10101|10732|10926|10457|9354|8107|7021|6094|5251|4440|3682|2988|2367|1803|1315|927|666|492

17:29:10
1388|1690|2085|2597|3132|3644|4177|4731|5275|5807|6439|7278|8272|9121|9624|9813|9768|9608|9450|9342|9291|9307|9346|9378|9397|9401|9397|9393|9411|9465|9536|9622|9704|9761|9784|9779|9773|9775|9795|9837|9902|9971|10022|10056|10053|10015|9980|9965|9974|10002|10043|10087|10105|10093|10058|10018|9981|9952|9958|9996|10043|10083|10111|10140|10190|10275|10340|10275|10033|9819|9995|10539|11050|11146|10570|9326|7836|6582|5620|4780|3983|3229|2538|1932|1425|1030|739|530|386

17:29:10
3987|4525|5075|5643|6220|6745|7198|7569|7829|8035|8280|8603|8944|9174|9139|8920|8672|8445|8261|8121|8027|7973|7951|7957|7964|7931|7852|7726|7488|7106|6638|6205|5927|5874|6029|6322|6683|7011|7246|7394|7490|7573|7681|7808|7895|7916|7890|7857|7832|7816|7809|7813|7831|7850|7855|7857|7858|7858|7858|7875|7913|7953|7992|8036|8094|8168|8245|8319|8380|8466|8756|9435|10317|10950|11041|10436|9185|7846|6774|5894|5119|4357|3615|2911|2258|1695|1229|865|609|445

