16:18:45
7E,02,00,03,01,10,13,29,7E

16:18:45
7E,12,00,00,12,7E

16:18:47
7E,14,00,01,01,16,7E

16:18:47
7E,12,00,00,12,7E

16:18:51
7E,02,00,03,01,10,13,29,7E

16:18:51
7E,12,00,00,12,7E

16:18:53
7E,14,00,01,01,16,7E

16:18:53
7E,12,00,00,12,7E

16:19:21
7E,02,00,03,01,10,13,29,7E

16:21:36
7E,02,00,03,01,10,13,29,7E

16:21:49
7E,02,00,03,01,10,13,29,7E

16:22:07
7E,02,00,03,01,10,13,29,7E

16:22:08
7E,02,00,03,01,10,13,29,7E

16:29:55
7E,02,00,03,01,10,13,29,7E

16:29:58
7E,02,00,03,01,10,13,29,7E

16:33:43
7E,02,00,03,01,10,13,29,7E

16:45:20
7E,02,00,03,01,10,13,29,7E

16:47:49
7E,02,00,03,01,10,13,29,7E

16:50:31
7E,02,00,03,01,10,13,29,7E

16:53:20
7E,02,00,03,01,10,13,29,7E

16:55:19
7E,02,00,03,01,10,13,29,7E

16:55:40
7E,02,00,03,01,10,13,29,7E

17:00:22
7E,02,00,03,01,10,13,29,7E

17:00:25
7E,02,00,03,01,10,13,29,7E

17:03:31
7E,02,00,03,01,10,13,29,7E

17:03:31
7E,02,00,03,01,10,13,29,7E

17:10:50
7E,02,00,03,01,10,13,29,7E

17:10:50
7E,02,00,03,01,10,13,29,7E

17:12:27
7E,02,00,03,01,10,13,29,7E

17:12:28
7E,02,00,03,01,10,13,29,7E

17:13:46
7E,02,00,03,01,10,13,29,7E

17:13:46
7E,02,00,03,01,10,13,29,7E

17:17:19
7E,02,00,03,01,10,13,29,7E

17:17:19
7E,02,00,03,01,10,13,29,7E

17:18:43
7E,02,00,03,01,10,13,29,7E

17:18:43
7E,02,00,03,01,10,13,29,7E

17:28:28
7E,02,00,03,01,10,13,29,7E

17:28:29
7E,02,00,03,01,10,13,29,7E

17:28:29
7E,02,00,03,01,10,13,29,7E

17:28:29
7E,12,00,00,12,7E

17:28:30
7E,14,00,01,01,16,7E

17:28:30
7E,12,00,00,12,7E

17:28:41
7E,02,00,03,01,10,13,29,7E

17:28:41
7E,12,00,00,12,7E

17:28:43
7E,14,00,01,01,16,7E

17:28:43
7E,12,00,00,12,7E

17:34:27
7E,02,00,03,01,10,13,29,7E

17:34:27
7E,02,00,03,01,10,13,29,7E

17:34:50
7E,02,00,03,01,10,13,29,7E

17:34:50
7E,12,00,00,12,7E

17:34:52
7E,14,00,01,01,16,7E

17:34:52
7E,12,00,00,12,7E

17:35:02
7E,02,00,03,01,10,13,29,7E

17:35:02
7E,12,00,00,12,7E

17:35:03
7E,14,00,01,01,16,7E

17:35:03
7E,12,00,00,12,7E

17:35:19
7E,02,00,03,01,10,13,29,7E

17:35:19
7E,02,00,03,01,10,13,29,7E

17:35:19
7E,12,00,00,12,7E

17:35:21
7E,14,00,01,01,16,7E

17:35:21
7E,12,00,00,12,7E

17:35:49
7E,02,00,03,01,10,13,29,7E

17:35:49
7E,12,00,00,12,7E

17:35:50
7E,14,00,01,01,16,7E

17:35:50
7E,12,00,00,12,7E

17:35:55
7E,02,00,03,01,10,13,29,7E

17:35:55
7E,12,00,00,12,7E

17:35:57
7E,14,00,01,01,16,7E

17:35:57
7E,12,00,00,12,7E

17:38:07
7E,02,00,03,01,10,13,29,7E

17:38:07
7E,02,00,03,01,10,13,29,7E

17:43:06
7E,02,00,03,01,10,13,29,7E

17:43:07
7E,02,00,03,01,10,13,29,7E

18:32:05
7E,02,00,03,01,10,13,29,7E

18:32:09
7E,02,00,03,01,10,13,29,7E

18:33:32
7E,02,00,03,01,10,13,29,7E

18:33:33
7E,02,00,03,01,10,13,29,7E

18:34:52
7E,02,00,03,01,10,13,29,7E

18:34:52
7E,02,00,03,01,10,13,29,7E

18:35:37
7E,02,00,03,01,10,13,29,7E

18:35:37
7E,02,00,03,01,10,13,29,7E

18:36:48
7E,02,00,03,01,10,13,29,7E

18:36:48
7E,02,00,03,01,10,13,29,7E

18:54:49
7E,02,00,03,01,10,13,29,7E

18:54:49
7E,02,00,03,01,10,13,29,7E

18:56:34
7E,02,00,03,01,10,13,29,7E

18:56:34
7E,02,00,03,01,10,13,29,7E

18:57:35
7E,02,00,03,01,10,13,29,7E

18:57:35
7E,02,00,03,01,10,13,29,7E

18:57:41
7E,02,00,03,01,10,13,29,7E

18:57:41
7E,12,00,00,12,7E

18:57:43
7E,14,00,01,01,16,7E

18:57:43
7E,12,00,00,12,7E

18:57:50
7E,02,00,03,01,10,13,29,7E

18:57:50
7E,12,00,00,12,7E

18:57:51
7E,14,00,01,01,16,7E

18:57:51
7E,12,00,00,12,7E

