16:55:20
System.IndexOutOfRangeException: 索引超出了数组界限。
   在 AIO.src.DyUtils.getWaveInfo(Double[] origin, Double dValue, Int32 point) 位置 C:\Users\Administrator\Desktop\DY-3000(BX1)xinsuanfa2.5.0\DYitj\src\DyUtils.cs:行号 135
   在 AIO.JtjReportWindow.CalcCurve() 位置 C:\Users\Administrator\Desktop\DY-3000(BX1)xinsuanfa2.5.0\DYitj\xaml\Jiaotijin\JtjReportWindow.xaml.cs:行号 1147
   在 AIO.JtjReportWindow.Window_Loaded(Object sender, RoutedEventArgs e) 位置 C:\Users\Administrator\Desktop\DY-3000(BX1)xinsuanfa2.5.0\DYitj\xaml\Jiaotijin\JtjReportWindow.xaml.cs:行号 154
   在 System.Windows.RoutedEventHandlerInfo.InvokeHandler(Object target, RoutedEventArgs routedEventArgs)
   在 System.Windows.EventRoute.InvokeHandlersImpl(Object source, RoutedEventArgs args, Boolean reRaised)
   在 System.Windows.UIElement.RaiseEventImpl(DependencyObject sender, RoutedEventArgs args)
   在 System.Windows.UIElement.RaiseEvent(RoutedEventArgs e)
   在 System.Windows.BroadcastEventHelper.BroadcastEvent(DependencyObject root, RoutedEvent routedEvent)
   在 System.Windows.BroadcastEventHelper.BroadcastLoadedEvent(Object root)
   在 MS.Internal.LoadedOrUnloadedOperation.DoWork()
   在 System.Windows.Media.MediaContext.FireLoadedPendingCallbacks()
   在 System.Windows.Media.MediaContext.FireInvokeOnRenderCallbacks()
   在 System.Windows.Media.MediaContext.RenderMessageHandlerCore(Object resizedCompositionTarget)
   在 System.Windows.Media.MediaContext.RenderMessageHandler(Object resizedCompositionTarget)
   在 System.Windows.Media.MediaContext.Resize(ICompositionTarget resizedCompositionTarget)
   在 System.Windows.Interop.HwndTarget.OnResize()
   在 System.Windows.Interop.HwndTarget.HandleMessage(WindowMessage msg, IntPtr wparam, IntPtr lparam)
   在 System.Windows.Interop.HwndSource.HwndTargetFilterMessage(IntPtr hwnd, Int32 msg, IntPtr wParam, IntPtr lParam, Boolean& handled)
   在 MS.Win32.HwndWrapper.WndProc(IntPtr hwnd, Int32 msg, IntPtr wParam, IntPtr lParam, Boolean& handled)
   在 MS.Win32.HwndSubclass.DispatcherCallbackOperation(Object o)
   在 System.Windows.Threading.ExceptionWrapper.InternalRealCall(Delegate callback, Object args, Int32 numArgs)
   在 System.Windows.Threading.ExceptionWrapper.TryCatchWhen(Object source, Delegate callback, Object args, Int32 numArgs, Delegate catchHandler)
   在 System.Windows.Threading.Dispatcher.LegacyInvokeImpl(DispatcherPriority priority, TimeSpan timeout, Delegate method, Object args, Int32 numArgs)
   在 MS.Win32.HwndSubclass.SubclassWndProc(IntPtr hwnd, Int32 msg, IntPtr wParam, IntPtr lParam)
   在 MS.Win32.UnsafeNativeMethods.CallWindowProc(IntPtr wndProc, IntPtr hWnd, Int32 msg, IntPtr wParam, IntPtr lParam)
   在 MS.Win32.HwndSubclass.DefWndProcWrapper(IntPtr hwnd, Int32 msg, IntPtr wParam, IntPtr lParam)
   在 MS.Win32.UnsafeNativeMethods.CallWindowProc(IntPtr wndProc, IntPtr hWnd, Int32 msg, IntPtr wParam, IntPtr lParam)
   在 MS.Win32.HwndSubclass.SubclassWndProc(IntPtr hwnd, Int32 msg, IntPtr wParam, IntPtr lParam)
   在 MS.Win32.UnsafeNativeMethods.ShowWindow(HandleRef hWnd, Int32 nCmdShow)
   在 System.Windows.Window.ShowHelper(Object booleanBox)
   在 System.Windows.Window.Show()
   在 System.Windows.Window.ShowDialog()
   在 AIO.JtjMeasureWindow.ShowResultDlg() 位置 C:\Users\Administrator\Desktop\DY-3000(BX1)xinsuanfa2.5.0\DYitj\xaml\Jiaotijin\JtjMeasureWindow.xaml.cs:行号 550

