15:25:46
System.Threading.ThreadInterruptedException: 线程已从等待状态中断。
   在 System.Threading.WaitHandle.WaitOneNative(SafeHandle waitableSafeHandle, UInt32 millisecondsTimeout, Boolean hasThreadAffinity, Boolean exitContext)
   在 System.Threading.WaitHandle.InternalWaitOne(SafeHandle waitableSafeHandle, Int64 millisecondsTimeout, Boolean hasThreadAffinity, Boolean exitContext)
   在 System.Threading.WaitHandle.WaitOne(TimeSpan timeout, Boolean exitContext)
   在 System.Windows.Threading.DispatcherOperation.DispatcherOperationEvent.WaitOne()
   在 System.Windows.Threading.DispatcherOperation.Wait(TimeSpan timeout)
   在 System.Windows.Threading.Dispatcher.InvokeImpl(DispatcherOperation operation, CancellationToken cancellationToken, TimeSpan timeout)
   在 System.Windows.Threading.Dispatcher.LegacyInvokeImpl(DispatcherPriority priority, TimeSpan timeout, Delegate method, Object args, Int32 numArgs)
   在 System.Windows.Threading.Dispatcher.Invoke(Delegate method, Object[] args)
   在 AIO.JtjMeasureWindow.UpdateCAMThread.HandleMessage(Message msg) 位置 D:\测试\DY-3000(BX1)xinmokuai\DYitj\xaml\Jiaotijin\JtjMeasureWindow.xaml.cs:行号 908

15:52:16
System.Threading.ThreadInterruptedException: 线程已从等待状态中断。
   在 System.Threading.WaitHandle.WaitOneNative(SafeHandle waitableSafeHandle, UInt32 millisecondsTimeout, Boolean hasThreadAffinity, Boolean exitContext)
   在 System.Threading.WaitHandle.InternalWaitOne(SafeHandle waitableSafeHandle, Int64 millisecondsTimeout, Boolean hasThreadAffinity, Boolean exitContext)
   在 System.Threading.WaitHandle.WaitOne(TimeSpan timeout, Boolean exitContext)
   在 System.Windows.Threading.DispatcherOperation.DispatcherOperationEvent.WaitOne()
   在 System.Windows.Threading.DispatcherOperation.Wait(TimeSpan timeout)
   在 System.Windows.Threading.Dispatcher.InvokeImpl(DispatcherOperation operation, CancellationToken cancellationToken, TimeSpan timeout)
   在 System.Windows.Threading.Dispatcher.LegacyInvokeImpl(DispatcherPriority priority, TimeSpan timeout, Delegate method, Object args, Int32 numArgs)
   在 System.Windows.Threading.Dispatcher.Invoke(Delegate method, Object[] args)
   在 AIO.JtjMeasureWindow.UpdateCAMThread.HandleMessage(Message msg) 位置 D:\测试\DY-3000(BX1)xinmokuai\DYitj\xaml\Jiaotijin\JtjMeasureWindow.xaml.cs:行号 908

15:56:28
System.Threading.ThreadInterruptedException: 线程已从等待状态中断。
   在 System.Threading.WaitHandle.WaitOneNative(SafeHandle waitableSafeHandle, UInt32 millisecondsTimeout, Boolean hasThreadAffinity, Boolean exitContext)
   在 System.Threading.WaitHandle.InternalWaitOne(SafeHandle waitableSafeHandle, Int64 millisecondsTimeout, Boolean hasThreadAffinity, Boolean exitContext)
   在 System.Threading.WaitHandle.WaitOne(TimeSpan timeout, Boolean exitContext)
   在 System.Windows.Threading.DispatcherOperation.DispatcherOperationEvent.WaitOne()
   在 System.Windows.Threading.DispatcherOperation.Wait(TimeSpan timeout)
   在 System.Windows.Threading.Dispatcher.InvokeImpl(DispatcherOperation operation, CancellationToken cancellationToken, TimeSpan timeout)
   在 System.Windows.Threading.Dispatcher.LegacyInvokeImpl(DispatcherPriority priority, TimeSpan timeout, Delegate method, Object args, Int32 numArgs)
   在 System.Windows.Threading.Dispatcher.Invoke(Delegate method, Object[] args)
   在 AIO.JtjMeasureWindow.UpdateCAMThread.HandleMessage(Message msg) 位置 D:\测试\DY-3000(BX1)xinmokuai\DYitj\xaml\Jiaotijin\JtjMeasureWindow.xaml.cs:行号 908

15:58:45
System.Threading.ThreadInterruptedException: 线程已从等待状态中断。
   在 System.Threading.WaitHandle.WaitOneNative(SafeHandle waitableSafeHandle, UInt32 millisecondsTimeout, Boolean hasThreadAffinity, Boolean exitContext)
   在 System.Threading.WaitHandle.InternalWaitOne(SafeHandle waitableSafeHandle, Int64 millisecondsTimeout, Boolean hasThreadAffinity, Boolean exitContext)
   在 System.Threading.WaitHandle.WaitOne(TimeSpan timeout, Boolean exitContext)
   在 System.Windows.Threading.DispatcherOperation.DispatcherOperationEvent.WaitOne()
   在 System.Windows.Threading.DispatcherOperation.Wait(TimeSpan timeout)
   在 System.Windows.Threading.Dispatcher.InvokeImpl(DispatcherOperation operation, CancellationToken cancellationToken, TimeSpan timeout)
   在 System.Windows.Threading.Dispatcher.LegacyInvokeImpl(DispatcherPriority priority, TimeSpan timeout, Delegate method, Object args, Int32 numArgs)
   在 System.Windows.Threading.Dispatcher.Invoke(Delegate method, Object[] args)
   在 AIO.JtjMeasureWindow.UpdateCAMThread.HandleMessage(Message msg) 位置 D:\测试\DY-3000(BX1)xinmokuai\DYitj\xaml\Jiaotijin\JtjMeasureWindow.xaml.cs:行号 908

15:59:09
System.Threading.ThreadInterruptedException: 线程已从等待状态中断。
   在 System.Threading.WaitHandle.WaitOneNative(SafeHandle waitableSafeHandle, UInt32 millisecondsTimeout, Boolean hasThreadAffinity, Boolean exitContext)
   在 System.Threading.WaitHandle.InternalWaitOne(SafeHandle waitableSafeHandle, Int64 millisecondsTimeout, Boolean hasThreadAffinity, Boolean exitContext)
   在 System.Threading.WaitHandle.WaitOne(TimeSpan timeout, Boolean exitContext)
   在 System.Windows.Threading.DispatcherOperation.DispatcherOperationEvent.WaitOne()
   在 System.Windows.Threading.DispatcherOperation.Wait(TimeSpan timeout)
   在 System.Windows.Threading.Dispatcher.InvokeImpl(DispatcherOperation operation, CancellationToken cancellationToken, TimeSpan timeout)
   在 System.Windows.Threading.Dispatcher.LegacyInvokeImpl(DispatcherPriority priority, TimeSpan timeout, Delegate method, Object args, Int32 numArgs)
   在 System.Windows.Threading.Dispatcher.Invoke(Delegate method, Object[] args)
   在 AIO.JtjMeasureWindow.UpdateCAMThread.HandleMessage(Message msg) 位置 D:\测试\DY-3000(BX1)xinmokuai\DYitj\xaml\Jiaotijin\JtjMeasureWindow.xaml.cs:行号 908

16:35:19
System.Threading.ThreadInterruptedException: 线程已从等待状态中断。
   在 System.Threading.WaitHandle.WaitOneNative(SafeHandle waitableSafeHandle, UInt32 millisecondsTimeout, Boolean hasThreadAffinity, Boolean exitContext)
   在 System.Threading.WaitHandle.InternalWaitOne(SafeHandle waitableSafeHandle, Int64 millisecondsTimeout, Boolean hasThreadAffinity, Boolean exitContext)
   在 System.Threading.WaitHandle.WaitOne(TimeSpan timeout, Boolean exitContext)
   在 System.Windows.Threading.DispatcherOperation.DispatcherOperationEvent.WaitOne()
   在 System.Windows.Threading.DispatcherOperation.Wait(TimeSpan timeout)
   在 System.Windows.Threading.Dispatcher.InvokeImpl(DispatcherOperation operation, CancellationToken cancellationToken, TimeSpan timeout)
   在 System.Windows.Threading.Dispatcher.LegacyInvokeImpl(DispatcherPriority priority, TimeSpan timeout, Delegate method, Object args, Int32 numArgs)
   在 System.Windows.Threading.Dispatcher.Invoke(Delegate method, Object[] args)
   在 AIO.JtjMeasureWindow.UpdateCAMThread.HandleMessage(Message msg) 位置 D:\测试\DY-3000(BX1)xinmokuai\DYitj\xaml\Jiaotijin\JtjMeasureWindow.xaml.cs:行号 908

16:37:44
System.Threading.ThreadInterruptedException: 线程已从等待状态中断。
   在 System.Threading.WaitHandle.WaitOneNative(SafeHandle waitableSafeHandle, UInt32 millisecondsTimeout, Boolean hasThreadAffinity, Boolean exitContext)
   在 System.Threading.WaitHandle.InternalWaitOne(SafeHandle waitableSafeHandle, Int64 millisecondsTimeout, Boolean hasThreadAffinity, Boolean exitContext)
   在 System.Threading.WaitHandle.WaitOne(TimeSpan timeout, Boolean exitContext)
   在 System.Windows.Threading.DispatcherOperation.DispatcherOperationEvent.WaitOne()
   在 System.Windows.Threading.DispatcherOperation.Wait(TimeSpan timeout)
   在 System.Windows.Threading.Dispatcher.InvokeImpl(DispatcherOperation operation, CancellationToken cancellationToken, TimeSpan timeout)
   在 System.Windows.Threading.Dispatcher.LegacyInvokeImpl(DispatcherPriority priority, TimeSpan timeout, Delegate method, Object args, Int32 numArgs)
   在 System.Windows.Threading.Dispatcher.Invoke(Delegate method, Object[] args)
   在 AIO.JtjMeasureWindow.UpdateCAMThread.HandleMessage(Message msg) 位置 D:\测试\DY-3000(BX1)xinmokuai\DYitj\xaml\Jiaotijin\JtjMeasureWindow.xaml.cs:行号 908

16:39:58
System.Threading.ThreadInterruptedException: 线程已从等待状态中断。
   在 System.Threading.WaitHandle.WaitOneNative(SafeHandle waitableSafeHandle, UInt32 millisecondsTimeout, Boolean hasThreadAffinity, Boolean exitContext)
   在 System.Threading.WaitHandle.InternalWaitOne(SafeHandle waitableSafeHandle, Int64 millisecondsTimeout, Boolean hasThreadAffinity, Boolean exitContext)
   在 System.Threading.WaitHandle.WaitOne(TimeSpan timeout, Boolean exitContext)
   在 System.Windows.Threading.DispatcherOperation.DispatcherOperationEvent.WaitOne()
   在 System.Windows.Threading.DispatcherOperation.Wait(TimeSpan timeout)
   在 System.Windows.Threading.Dispatcher.InvokeImpl(DispatcherOperation operation, CancellationToken cancellationToken, TimeSpan timeout)
   在 System.Windows.Threading.Dispatcher.LegacyInvokeImpl(DispatcherPriority priority, TimeSpan timeout, Delegate method, Object args, Int32 numArgs)
   在 System.Windows.Threading.Dispatcher.Invoke(Delegate method, Object[] args)
   在 AIO.JtjMeasureWindow.UpdateCAMThread.HandleMessage(Message msg) 位置 D:\测试\DY-3000(BX1)xinmokuai\DYitj\xaml\Jiaotijin\JtjMeasureWindow.xaml.cs:行号 908

16:41:13
System.Threading.ThreadInterruptedException: 线程已从等待状态中断。
   在 System.Threading.WaitHandle.WaitOneNative(SafeHandle waitableSafeHandle, UInt32 millisecondsTimeout, Boolean hasThreadAffinity, Boolean exitContext)
   在 System.Threading.WaitHandle.InternalWaitOne(SafeHandle waitableSafeHandle, Int64 millisecondsTimeout, Boolean hasThreadAffinity, Boolean exitContext)
   在 System.Threading.WaitHandle.WaitOne(TimeSpan timeout, Boolean exitContext)
   在 System.Windows.Threading.DispatcherOperation.DispatcherOperationEvent.WaitOne()
   在 System.Windows.Threading.DispatcherOperation.Wait(TimeSpan timeout)
   在 System.Windows.Threading.Dispatcher.InvokeImpl(DispatcherOperation operation, CancellationToken cancellationToken, TimeSpan timeout)
   在 System.Windows.Threading.Dispatcher.LegacyInvokeImpl(DispatcherPriority priority, TimeSpan timeout, Delegate method, Object args, Int32 numArgs)
   在 System.Windows.Threading.Dispatcher.Invoke(Delegate method, Object[] args)
   在 AIO.JtjMeasureWindow.UpdateCAMThread.HandleMessage(Message msg) 位置 D:\测试\DY-3000(BX1)xinmokuai\DYitj\xaml\Jiaotijin\JtjMeasureWindow.xaml.cs:行号 908

16:45:57
System.Threading.ThreadInterruptedException: 线程已从等待状态中断。
   在 System.Threading.WaitHandle.WaitOneNative(SafeHandle waitableSafeHandle, UInt32 millisecondsTimeout, Boolean hasThreadAffinity, Boolean exitContext)
   在 System.Threading.WaitHandle.InternalWaitOne(SafeHandle waitableSafeHandle, Int64 millisecondsTimeout, Boolean hasThreadAffinity, Boolean exitContext)
   在 System.Threading.WaitHandle.WaitOne(TimeSpan timeout, Boolean exitContext)
   在 System.Windows.Threading.DispatcherOperation.DispatcherOperationEvent.WaitOne()
   在 System.Windows.Threading.DispatcherOperation.Wait(TimeSpan timeout)
   在 System.Windows.Threading.Dispatcher.InvokeImpl(DispatcherOperation operation, CancellationToken cancellationToken, TimeSpan timeout)
   在 System.Windows.Threading.Dispatcher.LegacyInvokeImpl(DispatcherPriority priority, TimeSpan timeout, Delegate method, Object args, Int32 numArgs)
   在 System.Windows.Threading.Dispatcher.Invoke(Delegate method, Object[] args)
   在 AIO.JtjMeasureWindow.UpdateCAMThread.HandleMessage(Message msg) 位置 D:\测试\DY-3000(BX1)xinmokuai\DYitj\xaml\Jiaotijin\JtjMeasureWindow.xaml.cs:行号 908

16:48:34
System.Threading.ThreadInterruptedException: 线程已从等待状态中断。
   在 System.Threading.WaitHandle.WaitOneNative(SafeHandle waitableSafeHandle, UInt32 millisecondsTimeout, Boolean hasThreadAffinity, Boolean exitContext)
   在 System.Threading.WaitHandle.InternalWaitOne(SafeHandle waitableSafeHandle, Int64 millisecondsTimeout, Boolean hasThreadAffinity, Boolean exitContext)
   在 System.Threading.WaitHandle.WaitOne(TimeSpan timeout, Boolean exitContext)
   在 System.Windows.Threading.DispatcherOperation.DispatcherOperationEvent.WaitOne()
   在 System.Windows.Threading.DispatcherOperation.Wait(TimeSpan timeout)
   在 System.Windows.Threading.Dispatcher.InvokeImpl(DispatcherOperation operation, CancellationToken cancellationToken, TimeSpan timeout)
   在 System.Windows.Threading.Dispatcher.LegacyInvokeImpl(DispatcherPriority priority, TimeSpan timeout, Delegate method, Object args, Int32 numArgs)
   在 System.Windows.Threading.Dispatcher.Invoke(Delegate method, Object[] args)
   在 AIO.JtjMeasureWindow.UpdateCAMThread.HandleMessage(Message msg) 位置 D:\测试\DY-3000(BX1)xinmokuai\DYitj\xaml\Jiaotijin\JtjMeasureWindow.xaml.cs:行号 908

